[2024-09-18 13:37:05,903][train.py][line:76][INFO] ---------------args---------------
Namespace(data_path='./data/Pymatgen_Wrapped/2', train_name='AtLSmall', model_path=None, learning_rate=0.0005, min_learning_rate=1e-06, start_scheduler_step=10, weight_decay=1e-05, momentum=0.99, batch_size=512, class_num=230, epoch_num=200, model_save_path='/data/ylh/MyExps/MOFV2/checkpoints/AtLSmall', device='4,5,6,7', scheduler_T=None, num_workers=20, log_name='log/train//train_AtLSmall_2024_09_18_13:37:01.log')
[2024-09-18 13:37:05,905][train.py][line:77][INFO] ---------------model---------------
DataParallel(
  (module): AtLSmall(
    (embed): Embedding(8501, 15, padding_idx=0)
    (att): TransformerEncoder(
      (positionEnbeding): PositionEmbedding()
      (encoder_layers): ModuleList(
        (0-7): 8 x EncoderLayer(
          (mha): MultiHeadAttention(
            (WQ): Linear(in_features=160, out_features=160, bias=True)
            (WK): Linear(in_features=160, out_features=160, bias=True)
            (WV): Linear(in_features=160, out_features=160, bias=True)
            (scaled_dot_product_attn): ScaledDotProductAttention()
            (linear): Linear(in_features=160, out_features=160, bias=True)
          )
          (dropout1): Dropout(p=0.1, inplace=False)
          (layernorm1): LayerNorm((160,), eps=1e-06, elementwise_affine=True)
          (ffn): FeedForwardNetwork(
            (linear1): Linear(in_features=160, out_features=256, bias=True)
            (linear2): Linear(in_features=256, out_features=160, bias=True)
            (relu): LeakyReLU(negative_slope=0.01)
          )
          (dropout2): Dropout(p=0.1, inplace=False)
          (layernorm2): LayerNorm((160,), eps=1e-06, elementwise_affine=True)
        )
      )
    )
    (cls): Sequential(
      (0): Linear(in_features=160, out_features=200, bias=True)
      (1): Linear(in_features=200, out_features=230, bias=True)
    )
  )
)
[2024-09-18 13:37:05,905][train.py][line:78][INFO] ---------------device---------------
cuda:4
[2024-09-18 13:37:05,905][train.py][line:79][INFO] ---------------optimizer---------------
AdamW (
Parameter Group 0
    amsgrad: False
    betas: (0.9, 0.999)
    capturable: False
    differentiable: False
    eps: 1e-08
    foreach: None
    fused: None
    initial_lr: 0.0005
    lr: 0.0005
    maximize: False
    weight_decay: 1e-05
)
[2024-09-18 13:37:05,905][train.py][line:80][INFO] ---------------lossfn---------------
CrossEntropyLoss()
[2024-09-18 13:37:05,905][train.py][line:81][INFO] ---------------seed---------------
3407
[2024-09-18 13:37:05,908][train.py][line:93][INFO] ---------------epoch 1---------------
lr: [0.0005]
[2024-09-18 13:39:57,300][train.py][line:111][INFO] [training]total_num: 141865.0,error: 3.570664770953305
[2024-09-18 13:41:38,783][train.py][line:154][INFO] [testing]total_number: 141865,error: 3.4351902099756093,total_acc: 0.13309131562709808
[2024-09-18 13:41:39,295][train.py][line:93][INFO] ---------------epoch 2---------------
lr: [0.0005]
[2024-09-18 13:44:24,449][train.py][line:111][INFO] [training]total_num: 141865.0,error: 3.3821092118750085
[2024-09-18 13:46:04,524][train.py][line:154][INFO] [testing]total_number: 141865,error: 3.3300015234447025,total_acc: 0.15729743242263794
[2024-09-18 13:46:04,591][train.py][line:93][INFO] ---------------epoch 3---------------
lr: [0.0005]
[2024-09-18 13:48:50,417][train.py][line:111][INFO] [training]total_num: 141865.0,error: 3.205292881785573
[2024-09-18 13:50:30,488][train.py][line:154][INFO] [testing]total_number: 141865,error: 3.086044982596711,total_acc: 0.1949106603860855
[2024-09-18 13:50:30,570][train.py][line:93][INFO] ---------------epoch 4---------------
lr: [0.0005]
[2024-09-18 13:53:15,220][train.py][line:111][INFO] [training]total_num: 141865.0,error: 3.07229926369407
[2024-09-18 13:54:55,712][train.py][line:154][INFO] [testing]total_number: 141865,error: 2.9467279252472456,total_acc: 0.21981461346149445
[2024-09-18 13:54:55,782][train.py][line:93][INFO] ---------------epoch 5---------------
lr: [0.0005]
[2024-09-18 13:57:42,377][train.py][line:111][INFO] [training]total_num: 141865.0,error: 2.970225963559184
[2024-09-18 13:59:24,977][train.py][line:154][INFO] [testing]total_number: 141865,error: 2.8688930364755483,total_acc: 0.2318965196609497
[2024-09-18 13:59:25,051][train.py][line:93][INFO] ---------------epoch 6---------------
lr: [0.0005]
[2024-09-18 14:02:11,867][train.py][line:111][INFO] [training]total_num: 141865.0,error: 2.8760572171711423
[2024-09-18 14:03:52,243][train.py][line:154][INFO] [testing]total_number: 141865,error: 2.7415819468198124,total_acc: 0.25460121035575867
[2024-09-18 14:03:52,315][train.py][line:93][INFO] ---------------epoch 7---------------
lr: [0.0005]
[2024-09-18 14:06:38,863][train.py][line:111][INFO] [training]total_num: 141865.0,error: 2.763915071120629
[2024-09-18 14:08:18,748][train.py][line:154][INFO] [testing]total_number: 141865,error: 2.6089320833032783,total_acc: 0.27232933044433594
[2024-09-18 14:08:18,819][train.py][line:93][INFO] ---------------epoch 8---------------
lr: [0.0005]
[2024-09-18 14:11:04,240][train.py][line:111][INFO] [training]total_num: 141865.0,error: 2.6275507111649414
[2024-09-18 14:12:45,490][train.py][line:154][INFO] [testing]total_number: 141865,error: 2.4971518908347283,total_acc: 0.29173511266708374
[2024-09-18 14:12:45,575][train.py][line:93][INFO] ---------------epoch 9---------------
lr: [0.0005]
[2024-09-18 14:15:30,759][train.py][line:111][INFO] [training]total_num: 141865.0,error: 2.4833857229539564
[2024-09-18 14:17:11,195][train.py][line:154][INFO] [testing]total_number: 141865,error: 2.320882418772557,total_acc: 0.326211541891098
[2024-09-18 14:17:11,261][train.py][line:93][INFO] ---------------epoch 10---------------
lr: [0.0005]
[2024-09-18 14:19:57,848][train.py][line:111][INFO] [training]total_num: 141865.0,error: 2.3703291933019677
[2024-09-18 14:21:37,953][train.py][line:154][INFO] [testing]total_number: 141865,error: 2.2317729550641734,total_acc: 0.3471962809562683
[2024-09-18 14:21:38,021][train.py][line:93][INFO] ---------------epoch 11---------------
lr: [0.0005]
[2024-09-18 14:24:23,239][train.py][line:111][INFO] [training]total_num: 141865.0,error: 2.2462992109618822
[2024-09-18 14:26:04,458][train.py][line:154][INFO] [testing]total_number: 141865,error: 2.096605870690379,total_acc: 0.3765410780906677
[2024-09-18 14:26:04,527][train.py][line:93][INFO] ---------------epoch 12---------------
lr: [0.0004999317915222613]
[2024-09-18 14:28:51,322][train.py][line:111][INFO] [training]total_num: 141865.0,error: 2.1628873969291473
[2024-09-18 14:30:32,261][train.py][line:154][INFO] [testing]total_number: 141865,error: 1.9880377612747513,total_acc: 0.4005145728588104
[2024-09-18 14:30:32,331][train.py][line:93][INFO] ---------------epoch 13---------------
lr: [0.0004997613017942846]
[2024-09-18 14:33:18,004][train.py][line:111][INFO] [training]total_num: 141865.0,error: 2.0571781797008915
[2024-09-18 14:34:57,784][train.py][line:154][INFO] [testing]total_number: 141865,error: 1.907272532686487,total_acc: 0.41907447576522827
[2024-09-18 14:34:57,851][train.py][line:93][INFO] ---------------epoch 14---------------
lr: [0.000499522685157993]
[2024-09-18 14:37:42,833][train.py][line:111][INFO] [training]total_num: 141865.0,error: 1.9675416875552465
[2024-09-18 14:39:23,141][train.py][line:154][INFO] [testing]total_number: 141865,error: 1.7868259599158813,total_acc: 0.4497656226158142
[2024-09-18 14:39:23,216][train.py][line:93][INFO] ---------------epoch 15---------------
lr: [0.0004992160068449682]
[2024-09-18 14:42:09,162][train.py][line:111][INFO] [training]total_num: 141865.0,error: 1.8846322248032044
[2024-09-18 14:43:49,767][train.py][line:154][INFO] [testing]total_number: 141865,error: 1.703350702782611,total_acc: 0.4696789085865021
[2024-09-18 14:43:49,840][train.py][line:93][INFO] ---------------epoch 16---------------
lr: [0.000498841350694172]
[2024-09-18 14:46:35,567][train.py][line:111][INFO] [training]total_num: 141865.0,error: 1.8122251525625481
[2024-09-18 14:48:16,559][train.py][line:154][INFO] [testing]total_number: 141865,error: 1.644764477556402,total_acc: 0.48439714312553406
[2024-09-18 14:48:16,640][train.py][line:93][INFO] ---------------epoch 17---------------
lr: [0.0004983988191290262]
[2024-09-18 14:51:02,638][train.py][line:111][INFO] [training]total_num: 141865.0,error: 1.7318944818490034
[2024-09-18 14:52:43,292][train.py][line:154][INFO] [testing]total_number: 141865,error: 1.5521276272260225,total_acc: 0.5054876208305359
[2024-09-18 14:52:43,357][train.py][line:93][INFO] ---------------epoch 18---------------
lr: [0.0004978885331294088]
[2024-09-18 14:55:31,332][train.py][line:111][INFO] [training]total_num: 141865.0,error: 1.6651265383600355
[2024-09-18 14:57:15,539][train.py][line:154][INFO] [testing]total_number: 141865,error: 1.497234440766848,total_acc: 0.5222499966621399
[2024-09-18 14:57:15,612][train.py][line:93][INFO] ---------------epoch 19---------------
lr: [0.0004973106321985789]
[2024-09-18 15:00:04,625][train.py][line:111][INFO] [training]total_num: 141865.0,error: 1.593067265890695
[2024-09-18 15:01:47,006][train.py][line:154][INFO] [testing]total_number: 141865,error: 1.3961534937778552,total_acc: 0.5531244277954102
[2024-09-18 15:01:47,079][train.py][line:93][INFO] ---------------epoch 20---------------
lr: [0.0004966652743250365]
[2024-09-18 15:04:36,611][train.py][line:111][INFO] [training]total_num: 141865.0,error: 1.529406789716307
[2024-09-18 15:06:19,874][train.py][line:154][INFO] [testing]total_number: 141865,error: 1.3477242030463852,total_acc: 0.5650935769081116
[2024-09-18 15:06:19,943][train.py][line:93][INFO] ---------------epoch 21---------------
lr: [0.0004959526359393291]
[2024-09-18 15:09:07,941][train.py][line:111][INFO] [training]total_num: 141865.0,error: 1.4654874168075882
[2024-09-18 15:10:51,597][train.py][line:154][INFO] [testing]total_number: 141865,error: 1.3164443840513695,total_acc: 0.5759137272834778
[2024-09-18 15:10:51,675][train.py][line:93][INFO] ---------------epoch 22---------------
lr: [0.0004951729118658162]
[2024-09-18 15:13:41,557][train.py][line:111][INFO] [training]total_num: 141865.0,error: 1.4023295624272807
[2024-09-18 15:15:25,826][train.py][line:154][INFO] [testing]total_number: 141865,error: 1.2472040711582957,total_acc: 0.5902090072631836
[2024-09-18 15:15:25,894][train.py][line:93][INFO] ---------------epoch 23---------------
lr: [0.0004943263152694054]
[2024-09-18 15:18:15,064][train.py][line:111][INFO] [training]total_num: 141865.0,error: 1.3449843859339095
[2024-09-18 15:20:00,045][train.py][line:154][INFO] [testing]total_number: 141865,error: 1.2132496319033883,total_acc: 0.6029958128929138
[2024-09-18 15:20:00,123][train.py][line:93][INFO] ---------------epoch 24---------------
lr: [0.0004934130775972739]
[2024-09-18 15:22:50,196][train.py][line:111][INFO] [training]total_num: 141865.0,error: 1.2982281075490938
[2024-09-18 15:24:34,578][train.py][line:154][INFO] [testing]total_number: 141865,error: 1.1295023929405879,total_acc: 0.6274345517158508
[2024-09-18 15:24:34,652][train.py][line:93][INFO] ---------------epoch 25---------------
lr: [0.000492433448515592]
[2024-09-18 15:27:21,919][train.py][line:111][INFO] [training]total_num: 141865.0,error: 1.240984721825673
[2024-09-18 15:29:02,912][train.py][line:154][INFO] [testing]total_number: 141865,error: 1.0946936353103265,total_acc: 0.6394248008728027
[2024-09-18 15:29:03,001][train.py][line:93][INFO] ---------------epoch 26---------------
lr: [0.000491387695841266]
[2024-09-18 15:31:48,303][train.py][line:111][INFO] [training]total_num: 141865.0,error: 1.199895215618027
[2024-09-18 15:33:28,742][train.py][line:154][INFO] [testing]total_number: 141865,error: 1.0003497440081377,total_acc: 0.6662601828575134
[2024-09-18 15:33:29,239][train.py][line:93][INFO] ---------------epoch 27---------------
lr: [0.0004902761054687187]
[2024-09-18 15:36:14,686][train.py][line:111][INFO] [training]total_num: 141865.0,error: 1.148945791321201
[2024-09-18 15:37:55,525][train.py][line:154][INFO] [testing]total_number: 141865,error: 0.9639100957583714,total_acc: 0.6791738867759705
[2024-09-18 15:37:55,607][train.py][line:93][INFO] ---------------epoch 28---------------
lr: [0.0004890989812917273]
[2024-09-18 15:40:41,645][train.py][line:111][INFO] [training]total_num: 141865.0,error: 1.096667814713258
[2024-09-18 15:42:25,479][train.py][line:154][INFO] [testing]total_number: 141865,error: 0.9524516340319094,total_acc: 0.6772565245628357
[2024-09-18 15:42:25,546][train.py][line:93][INFO] ---------------epoch 29---------------
lr: [0.0004878566451203403]
[2024-09-18 15:45:14,910][train.py][line:111][INFO] [training]total_num: 141865.0,error: 1.0658832152823468
[2024-09-18 15:46:59,124][train.py][line:154][INFO] [testing]total_number: 141865,error: 0.8613942125877301,total_acc: 0.708955705165863
[2024-09-18 15:46:59,192][train.py][line:93][INFO] ---------------epoch 30---------------
lr: [0.0004865494365928982]
[2024-09-18 15:49:48,275][train.py][line:111][INFO] [training]total_num: 141865.0,error: 1.0148193246417947
[2024-09-18 15:51:32,422][train.py][line:154][INFO] [testing]total_number: 141865,error: 0.8098105174469781,total_acc: 0.727459192276001
[2024-09-18 15:51:32,513][train.py][line:93][INFO] ---------------epoch 31---------------
lr: [0.00048517771308317654]
[2024-09-18 15:54:21,819][train.py][line:111][INFO] [training]total_num: 141865.0,error: 0.9791205898448304
[2024-09-18 15:56:05,369][train.py][line:154][INFO] [testing]total_number: 141865,error: 0.8162599857245292,total_acc: 0.7229408025741577
[2024-09-18 15:56:05,386][train.py][line:93][INFO] ---------------epoch 32---------------
lr: [0.0004837418496026844]
[2024-09-18 15:58:54,066][train.py][line:111][INFO] [training]total_num: 141865.0,error: 0.9315638064921319
[2024-09-18 16:00:37,490][train.py][line:154][INFO] [testing]total_number: 141865,error: 0.7709378741837881,total_acc: 0.7361787557601929
[2024-09-18 16:00:37,555][train.py][line:93][INFO] ---------------epoch 33---------------
lr: [0.0004822422386981366]
[2024-09-18 16:03:26,408][train.py][line:111][INFO] [training]total_num: 141865.0,error: 0.8990920852947902
[2024-09-18 16:05:10,129][train.py][line:154][INFO] [testing]total_number: 141865,error: 0.6968336320006764,total_acc: 0.7626616954803467
[2024-09-18 16:05:10,197][train.py][line:93][INFO] ---------------epoch 34---------------
lr: [0.00048067929034413575]
[2024-09-18 16:07:59,203][train.py][line:111][INFO] [training]total_num: 141865.0,error: 0.8606398830880652
[2024-09-18 16:09:43,336][train.py][line:154][INFO] [testing]total_number: 141865,error: 0.6604865132928728,total_acc: 0.7745814919471741
[2024-09-18 16:09:43,404][train.py][line:93][INFO] ---------------epoch 35---------------
lr: [0.0004790534318310878]
[2024-09-18 16:12:32,168][train.py][line:111][INFO] [training]total_num: 141865.0,error: 0.8334740114795578
[2024-09-18 16:14:15,501][train.py][line:154][INFO] [testing]total_number: 141865,error: 0.6311381898976706,total_acc: 0.7823141813278198
[2024-09-18 16:14:15,572][train.py][line:93][INFO] ---------------epoch 36---------------
lr: [0.00047736510764838266]
[2024-09-18 16:17:04,531][train.py][line:111][INFO] [training]total_num: 141865.0,error: 0.8065541411613251
[2024-09-18 16:18:48,272][train.py][line:154][INFO] [testing]total_number: 141865,error: 0.5905116485965836,total_acc: 0.7979064583778381
[2024-09-18 16:18:48,337][train.py][line:93][INFO] ---------------epoch 37---------------
lr: [0.0004756147793628757]
[2024-09-18 16:21:37,473][train.py][line:111][INFO] [training]total_num: 141865.0,error: 0.7677950808009901
[2024-09-18 16:23:21,071][train.py][line:154][INFO] [testing]total_number: 141865,error: 0.6459607864384884,total_acc: 0.7768018841743469
[2024-09-18 16:23:21,091][train.py][line:93][INFO] ---------------epoch 38---------------
lr: [0.0004738029254926969]
[2024-09-18 16:26:09,515][train.py][line:111][INFO] [training]total_num: 141865.0,error: 0.7278695276358744
[2024-09-18 16:27:53,751][train.py][line:154][INFO] [testing]total_number: 141865,error: 0.6059249227905606,total_acc: 0.7911394834518433
[2024-09-18 16:27:53,770][train.py][line:93][INFO] ---------------epoch 39---------------
lr: [0.00047193004137642856]
[2024-09-18 16:30:43,587][train.py][line:111][INFO] [training]total_num: 141865.0,error: 0.7157319069325507
[2024-09-18 16:32:28,478][train.py][line:154][INFO] [testing]total_number: 141865,error: 0.5547823977845532,total_acc: 0.807803213596344
[2024-09-18 16:32:28,550][train.py][line:93][INFO] ---------------epoch 40---------------
lr: [0.00046999663903768315]
[2024-09-18 16:35:17,914][train.py][line:111][INFO] [training]total_num: 141865.0,error: 0.6845641763477058
[2024-09-18 16:37:02,488][train.py][line:154][INFO] [testing]total_number: 141865,error: 0.5104326290058923,total_acc: 0.8234166502952576
[2024-09-18 16:37:02,559][train.py][line:93][INFO] ---------------epoch 41---------------
lr: [0.00046800324704511905]
[2024-09-18 16:39:52,439][train.py][line:111][INFO] [training]total_num: 141865.0,error: 0.6593492422904168
[2024-09-18 16:41:37,293][train.py][line:154][INFO] [testing]total_number: 141865,error: 0.46831567236385147,total_acc: 0.838106632232666
[2024-09-18 16:41:37,363][train.py][line:93][INFO] ---------------epoch 42---------------
lr: [0.0004659504103679344]
[2024-09-18 16:44:27,562][train.py][line:111][INFO] [training]total_num: 141865.0,error: 0.6359534880498072
[2024-09-18 16:46:11,875][train.py][line:154][INFO] [testing]total_number: 141865,error: 0.49961020792280875,total_acc: 0.8271032571792603
[2024-09-18 16:46:11,890][train.py][line:93][INFO] ---------------epoch 43---------------
lr: [0.00046383869022687647]
[2024-09-18 16:49:01,180][train.py][line:111][INFO] [training]total_num: 141865.0,error: 0.6177361272014938
[2024-09-18 16:50:46,561][train.py][line:154][INFO] [testing]total_number: 141865,error: 0.46320942393341263,total_acc: 0.8389525413513184
[2024-09-18 16:50:46,631][train.py][line:93][INFO] ---------------epoch 44---------------
lr: [0.0004616686639408072]
[2024-09-18 16:53:35,827][train.py][line:111][INFO] [training]total_num: 141865.0,error: 0.579602703868926
[2024-09-18 16:55:20,990][train.py][line:154][INFO] [testing]total_number: 141865,error: 0.46456398934751125,total_acc: 0.8394953012466431
[2024-09-18 16:55:21,061][train.py][line:93][INFO] ---------------epoch 45---------------
lr: [0.0004594409247688692]
[2024-09-18 16:58:10,872][train.py][line:111][INFO] [training]total_num: 141865.0,error: 0.5830267365579005
[2024-09-18 16:59:54,976][train.py][line:154][INFO] [testing]total_number: 141865,error: 0.4140403904281296,total_acc: 0.8567934036254883
[2024-09-18 16:59:55,046][train.py][line:93][INFO] ---------------epoch 46---------------
lr: [0.00045715608174829315]
[2024-09-18 17:02:44,687][train.py][line:111][INFO] [training]total_num: 141865.0,error: 0.5446984771039937
[2024-09-18 17:04:28,516][train.py][line:154][INFO] [testing]total_number: 141865,error: 0.38385183400624284,total_acc: 0.8658725023269653
[2024-09-18 17:04:28,585][train.py][line:93][INFO] ---------------epoch 47---------------
lr: [0.0004548147595278903]
[2024-09-18 17:07:18,466][train.py][line:111][INFO] [training]total_num: 141865.0,error: 0.5437646309187362
[2024-09-18 17:09:00,623][train.py][line:154][INFO] [testing]total_number: 141865,error: 0.3808138305907483,total_acc: 0.8683677911758423
[2024-09-18 17:09:00,692][train.py][line:93][INFO] ---------------epoch 48---------------
lr: [0.0004524175981972792]
[2024-09-18 17:11:46,765][train.py][line:111][INFO] [training]total_num: 141865.0,error: 0.5202320753694414
[2024-09-18 17:13:28,855][train.py][line:154][INFO] [testing]total_number: 141865,error: 0.3504999997419911,total_acc: 0.8789764642715454
[2024-09-18 17:13:28,949][train.py][line:93][INFO] ---------------epoch 49---------------
lr: [0.0004499652531118895]
[2024-09-18 17:16:15,731][train.py][line:111][INFO] [training]total_num: 141865.0,error: 0.5067697491470751
[2024-09-18 17:17:55,401][train.py][line:154][INFO] [testing]total_number: 141865,error: 0.3190282885428075,total_acc: 0.8908892273902893
[2024-09-18 17:17:55,470][train.py][line:93][INFO] ---------------epoch 50---------------
lr: [0.00044745839471379206]
[2024-09-18 17:20:41,468][train.py][line:111][INFO] [training]total_num: 141865.0,error: 0.4820562863683367
[2024-09-18 17:22:25,292][train.py][line:154][INFO] [testing]total_number: 141865,error: 0.3054099935595389,total_acc: 0.8945969939231873
[2024-09-18 17:22:25,364][train.py][line:93][INFO] ---------------epoch 51---------------
lr: [0.00044489770834840584]
[2024-09-18 17:25:14,045][train.py][line:111][INFO] [training]total_num: 141865.0,error: 0.45862333809995987
[2024-09-18 17:26:58,309][train.py][line:154][INFO] [testing]total_number: 141865,error: 0.31631306267076437,total_acc: 0.8907623291015625
[2024-09-18 17:26:58,794][train.py][line:93][INFO] ---------------epoch 52---------------
lr: [0.00044228389407712805]
[2024-09-18 17:29:48,558][train.py][line:111][INFO] [training]total_num: 141865.0,error: 0.4526937465359281
[2024-09-18 17:31:33,303][train.py][line:154][INFO] [testing]total_number: 141865,error: 0.30103821466331715,total_acc: 0.8955345153808594
[2024-09-18 17:31:33,373][train.py][line:93][INFO] ---------------epoch 53---------------
lr: [0.0004396176664859441]
[2024-09-18 17:34:23,544][train.py][line:111][INFO] [training]total_num: 141865.0,error: 0.42878650389351214
[2024-09-18 17:36:07,564][train.py][line:154][INFO] [testing]total_number: 141865,error: 0.2784053790871497,total_acc: 0.904345691204071
[2024-09-18 17:36:07,647][train.py][line:93][INFO] ---------------epoch 54---------------
lr: [0.00043689975449006323]
[2024-09-18 17:38:56,659][train.py][line:111][INFO] [training]total_num: 141865.0,error: 0.41699699984563815
[2024-09-18 17:40:41,295][train.py][line:154][INFO] [testing]total_number: 141865,error: 0.2725661711676137,total_acc: 0.904761552810669
[2024-09-18 17:40:41,360][train.py][line:93][INFO] ---------------epoch 55---------------
lr: [0.0004341309011346395]
[2024-09-18 17:43:30,677][train.py][line:111][INFO] [training]total_num: 141865.0,error: 0.4254973834002768
[2024-09-18 17:45:15,899][train.py][line:154][INFO] [testing]total_number: 141865,error: 0.27896642638044755,total_acc: 0.9033658504486084
[2024-09-18 17:45:15,914][train.py][line:93][INFO] ---------------epoch 56---------------
lr: [0.0004313118633916278]
[2024-09-18 17:48:05,036][train.py][line:111][INFO] [training]total_num: 141865.0,error: 0.39592846300635304
[2024-09-18 17:49:47,434][train.py][line:154][INFO] [testing]total_number: 141865,error: 0.2508034235895514,total_acc: 0.913114607334137
[2024-09-18 17:49:47,503][train.py][line:93][INFO] ---------------epoch 57---------------
lr: [0.0004284434119528334]
[2024-09-18 17:52:33,690][train.py][line:111][INFO] [training]total_num: 141865.0,error: 0.37728378025593456
[2024-09-18 17:54:15,986][train.py][line:154][INFO] [testing]total_number: 141865,error: 0.24791611243899053,total_acc: 0.9154830574989319
[2024-09-18 17:54:16,052][train.py][line:93][INFO] ---------------epoch 58---------------
lr: [0.00042552633101921]
[2024-09-18 17:57:01,418][train.py][line:111][INFO] [training]total_num: 141865.0,error: 0.38769371630428556
[2024-09-18 17:58:41,865][train.py][line:154][INFO] [testing]total_number: 141865,error: 0.2785973733851126,total_acc: 0.9036478400230408
[2024-09-18 17:58:41,893][train.py][line:93][INFO] ---------------epoch 59---------------
lr: [0.0004225614180864647]
[2024-09-18 18:01:27,455][train.py][line:111][INFO] [training]total_num: 141865.0,error: 0.3909261554896415
[2024-09-18 18:03:08,471][train.py][line:154][INFO] [testing]total_number: 141865,error: 0.24608364443366343,total_acc: 0.9144538640975952
[2024-09-18 18:03:08,563][train.py][line:93][INFO] ---------------epoch 60---------------
lr: [0.00041954948372702856]
[2024-09-18 18:05:53,866][train.py][line:111][INFO] [training]total_num: 141865.0,error: 0.34786151500640217
[2024-09-18 18:07:35,351][train.py][line:154][INFO] [testing]total_number: 141865,error: 0.21054341913676344,total_acc: 0.9278539419174194
[2024-09-18 18:07:35,419][train.py][line:93][INFO] ---------------epoch 61---------------
lr: [0.0004164913513684506]
[2024-09-18 18:10:22,130][train.py][line:111][INFO] [training]total_num: 141865.0,error: 0.34055122477816535
[2024-09-18 18:12:03,263][train.py][line:154][INFO] [testing]total_number: 141865,error: 0.21529475150147934,total_acc: 0.9269093871116638
[2024-09-18 18:12:03,277][train.py][line:93][INFO] ---------------epoch 62---------------
lr: [0.0004133878570682792]
[2024-09-18 18:14:49,552][train.py][line:111][INFO] [training]total_num: 141865.0,error: 0.3230796219273047
[2024-09-18 18:16:30,813][train.py][line:154][INFO] [testing]total_number: 141865,error: 0.20638390280097932,total_acc: 0.9291439056396484
[2024-09-18 18:16:30,883][train.py][line:93][INFO] ---------------epoch 63---------------
lr: [0.00041023984928548966]
[2024-09-18 18:19:17,188][train.py][line:111][INFO] [training]total_num: 141865.0,error: 0.33301115286100164
[2024-09-18 18:20:58,976][train.py][line:154][INFO] [testing]total_number: 141865,error: 0.20881878727903733,total_acc: 0.9287421107292175
[2024-09-18 18:20:58,997][train.py][line:93][INFO] ---------------epoch 64---------------
lr: [0.00040704818864852055]
[2024-09-18 18:23:47,022][train.py][line:111][INFO] [training]total_num: 141865.0,error: 0.3411629449029069
[2024-09-18 18:25:30,275][train.py][line:154][INFO] [testing]total_number: 141865,error: 0.2092148931110864,total_acc: 0.9278045892715454
[2024-09-18 18:25:30,290][train.py][line:93][INFO] ---------------epoch 65---------------
lr: [0.0004038137477199838]
[2024-09-18 18:28:19,628][train.py][line:111][INFO] [training]total_num: 141865.0,error: 0.30889091150952386
[2024-09-18 18:30:03,765][train.py][line:154][INFO] [testing]total_number: 141865,error: 0.17700337503965086,total_acc: 0.9400909543037415
[2024-09-18 18:30:03,844][train.py][line:93][INFO] ---------------epoch 66---------------
lr: [0.00040053741075811173]
