[2024-07-01 10:16:52,582][train.py][line:62][INFO] ---------------args---------------
Namespace(data_path='./data/Clean_Pymatgen_Wrapped/0/', train_name='ResTcn', model_path=None, learning_rate=0.001, min_learning_rate=1e-05, start_scheduler_step=50, weight_decay=1e-05, momentum=0.99, batch_size=128, class_num=230, epoch_num=200, model_save_path='./checkpoints/ResTcn_2', device='1', scheduler_T=None, num_workers=20, log_name='log/train//train_ResTcn_2024_07_01_10:16:49.log')
[2024-07-01 10:16:52,585][train.py][line:63][INFO] ---------------model---------------
ExplorerV1(
  (conv): ResTcn(
    (conv): ModuleList(
      (0): Sequential(
        (0): ResBlock1D(
          (pre): Conv1d(2, 16, kernel_size=(1,), stride=(1,), bias=False)
          (conv): Sequential(
            (0): Conv1d(16, 16, kernel_size=(3,), stride=(1,), padding=(1,), bias=False)
            (1): BatchNorm1d(16, eps=1e-05, momentum=0.1, affine=True, track_running_stats=True)
            (2): LeakyReLU(negative_slope=0.01)
            (3): Conv1d(16, 16, kernel_size=(3,), stride=(1,), padding=(1,), bias=False)
            (4): BatchNorm1d(16, eps=1e-05, momentum=0.1, affine=True, track_running_stats=True)
          )
          (relu): LeakyReLU(negative_slope=0.01)
        )
        (1): AvgPool1d(kernel_size=(2,), stride=(2,), padding=(0,))
      )
      (1): Sequential(
        (0): ResBlock1D(
          (pre): Identity()
          (conv): Sequential(
            (0): Conv1d(16, 16, kernel_size=(3,), stride=(1,), padding=(1,), bias=False)
            (1): BatchNorm1d(16, eps=1e-05, momentum=0.1, affine=True, track_running_stats=True)
            (2): LeakyReLU(negative_slope=0.01)
            (3): Conv1d(16, 16, kernel_size=(3,), stride=(1,), padding=(1,), bias=False)
            (4): BatchNorm1d(16, eps=1e-05, momentum=0.1, affine=True, track_running_stats=True)
          )
          (relu): LeakyReLU(negative_slope=0.01)
        )
        (1): AvgPool1d(kernel_size=(2,), stride=(2,), padding=(0,))
      )
      (2): Sequential(
        (0): ResBlock1D(
          (pre): Conv1d(16, 32, kernel_size=(1,), stride=(1,), bias=False)
          (conv): Sequential(
            (0): Conv1d(32, 32, kernel_size=(3,), stride=(1,), padding=(1,), bias=False)
            (1): BatchNorm1d(32, eps=1e-05, momentum=0.1, affine=True, track_running_stats=True)
            (2): LeakyReLU(negative_slope=0.01)
            (3): Conv1d(32, 32, kernel_size=(3,), stride=(1,), padding=(1,), bias=False)
            (4): BatchNorm1d(32, eps=1e-05, momentum=0.1, affine=True, track_running_stats=True)
          )
          (relu): LeakyReLU(negative_slope=0.01)
        )
        (1): AvgPool1d(kernel_size=(2,), stride=(2,), padding=(0,))
      )
      (3): Sequential(
        (0): ResBlock1D(
          (pre): Identity()
          (conv): Sequential(
            (0): Conv1d(32, 32, kernel_size=(3,), stride=(1,), padding=(1,), bias=False)
            (1): BatchNorm1d(32, eps=1e-05, momentum=0.1, affine=True, track_running_stats=True)
            (2): LeakyReLU(negative_slope=0.01)
            (3): Conv1d(32, 32, kernel_size=(3,), stride=(1,), padding=(1,), bias=False)
            (4): BatchNorm1d(32, eps=1e-05, momentum=0.1, affine=True, track_running_stats=True)
          )
          (relu): LeakyReLU(negative_slope=0.01)
        )
        (1): AvgPool1d(kernel_size=(2,), stride=(2,), padding=(0,))
      )
      (4): Sequential(
        (0): ResBlock1D(
          (pre): Conv1d(32, 64, kernel_size=(1,), stride=(1,), bias=False)
          (conv): Sequential(
            (0): Conv1d(64, 64, kernel_size=(3,), stride=(1,), padding=(1,), bias=False)
            (1): BatchNorm1d(64, eps=1e-05, momentum=0.1, affine=True, track_running_stats=True)
            (2): LeakyReLU(negative_slope=0.01)
            (3): Conv1d(64, 64, kernel_size=(3,), stride=(1,), padding=(1,), bias=False)
            (4): BatchNorm1d(64, eps=1e-05, momentum=0.1, affine=True, track_running_stats=True)
          )
          (relu): LeakyReLU(negative_slope=0.01)
        )
        (1): AvgPool1d(kernel_size=(2,), stride=(2,), padding=(0,))
      )
      (5): Sequential(
        (0): ResBlock1D(
          (pre): Identity()
          (conv): Sequential(
            (0): Conv1d(64, 64, kernel_size=(3,), stride=(1,), padding=(1,), bias=False)
            (1): BatchNorm1d(64, eps=1e-05, momentum=0.1, affine=True, track_running_stats=True)
            (2): LeakyReLU(negative_slope=0.01)
            (3): Conv1d(64, 64, kernel_size=(3,), stride=(1,), padding=(1,), bias=False)
            (4): BatchNorm1d(64, eps=1e-05, momentum=0.1, affine=True, track_running_stats=True)
          )
          (relu): LeakyReLU(negative_slope=0.01)
        )
        (1): AvgPool1d(kernel_size=(2,), stride=(2,), padding=(0,))
      )
      (6): Sequential(
        (0): ResBlock1D(
          (pre): Conv1d(64, 128, kernel_size=(1,), stride=(1,), bias=False)
          (conv): Sequential(
            (0): Conv1d(128, 128, kernel_size=(3,), stride=(1,), padding=(1,), bias=False)
            (1): BatchNorm1d(128, eps=1e-05, momentum=0.1, affine=True, track_running_stats=True)
            (2): LeakyReLU(negative_slope=0.01)
            (3): Conv1d(128, 128, kernel_size=(3,), stride=(1,), padding=(1,), bias=False)
            (4): BatchNorm1d(128, eps=1e-05, momentum=0.1, affine=True, track_running_stats=True)
          )
          (relu): LeakyReLU(negative_slope=0.01)
        )
        (1): AvgPool1d(kernel_size=(2,), stride=(2,), padding=(0,))
      )
      (7): Sequential(
        (0): ResBlock1D(
          (pre): Identity()
          (conv): Sequential(
            (0): Conv1d(128, 128, kernel_size=(3,), stride=(1,), padding=(1,), bias=False)
            (1): BatchNorm1d(128, eps=1e-05, momentum=0.1, affine=True, track_running_stats=True)
            (2): LeakyReLU(negative_slope=0.01)
            (3): Conv1d(128, 128, kernel_size=(3,), stride=(1,), padding=(1,), bias=False)
            (4): BatchNorm1d(128, eps=1e-05, momentum=0.1, affine=True, track_running_stats=True)
          )
          (relu): LeakyReLU(negative_slope=0.01)
        )
        (1): AvgPool1d(kernel_size=(2,), stride=(2,), padding=(0,))
      )
      (8): Sequential(
        (0): ResBlock1D(
          (pre): Conv1d(128, 256, kernel_size=(1,), stride=(1,), bias=False)
          (conv): Sequential(
            (0): Conv1d(256, 256, kernel_size=(3,), stride=(1,), padding=(1,), bias=False)
            (1): BatchNorm1d(256, eps=1e-05, momentum=0.1, affine=True, track_running_stats=True)
            (2): LeakyReLU(negative_slope=0.01)
            (3): Conv1d(256, 256, kernel_size=(3,), stride=(1,), padding=(1,), bias=False)
            (4): BatchNorm1d(256, eps=1e-05, momentum=0.1, affine=True, track_running_stats=True)
          )
          (relu): LeakyReLU(negative_slope=0.01)
        )
        (1): AvgPool1d(kernel_size=(2,), stride=(2,), padding=(0,))
      )
      (9): Sequential(
        (0): ResBlock1D(
          (pre): Identity()
          (conv): Sequential(
            (0): Conv1d(256, 256, kernel_size=(3,), stride=(1,), padding=(1,), bias=False)
            (1): BatchNorm1d(256, eps=1e-05, momentum=0.1, affine=True, track_running_stats=True)
            (2): LeakyReLU(negative_slope=0.01)
            (3): Conv1d(256, 256, kernel_size=(3,), stride=(1,), padding=(1,), bias=False)
            (4): BatchNorm1d(256, eps=1e-05, momentum=0.1, affine=True, track_running_stats=True)
          )
          (relu): LeakyReLU(negative_slope=0.01)
        )
        (1): AvgPool1d(kernel_size=(2,), stride=(2,), padding=(0,))
      )
      (10): Sequential(
        (0): ResBlock1D(
          (pre): Conv1d(256, 512, kernel_size=(1,), stride=(1,), bias=False)
          (conv): Sequential(
            (0): Conv1d(512, 512, kernel_size=(3,), stride=(1,), padding=(1,), bias=False)
            (1): BatchNorm1d(512, eps=1e-05, momentum=0.1, affine=True, track_running_stats=True)
            (2): LeakyReLU(negative_slope=0.01)
            (3): Conv1d(512, 512, kernel_size=(3,), stride=(1,), padding=(1,), bias=False)
            (4): BatchNorm1d(512, eps=1e-05, momentum=0.1, affine=True, track_running_stats=True)
          )
          (relu): LeakyReLU(negative_slope=0.01)
        )
        (1): AvgPool1d(kernel_size=(2,), stride=(2,), padding=(0,))
      )
      (11): Sequential(
        (0): ResBlock1D(
          (pre): Identity()
          (conv): Sequential(
            (0): Conv1d(512, 512, kernel_size=(3,), stride=(1,), padding=(1,), bias=False)
            (1): BatchNorm1d(512, eps=1e-05, momentum=0.1, affine=True, track_running_stats=True)
            (2): LeakyReLU(negative_slope=0.01)
            (3): Conv1d(512, 512, kernel_size=(3,), stride=(1,), padding=(1,), bias=False)
            (4): BatchNorm1d(512, eps=1e-05, momentum=0.1, affine=True, track_running_stats=True)
          )
          (relu): LeakyReLU(negative_slope=0.01)
        )
        (1): AvgPool1d(kernel_size=(2,), stride=(2,), padding=(0,))
      )
      (12): Sequential(
        (0): ResBlock1D(
          (pre): Conv1d(512, 1024, kernel_size=(1,), stride=(1,), bias=False)
          (conv): Sequential(
            (0): Conv1d(1024, 1024, kernel_size=(3,), stride=(1,), padding=(1,), bias=False)
            (1): BatchNorm1d(1024, eps=1e-05, momentum=0.1, affine=True, track_running_stats=True)
            (2): LeakyReLU(negative_slope=0.01)
            (3): Conv1d(1024, 1024, kernel_size=(3,), stride=(1,), padding=(1,), bias=False)
            (4): BatchNorm1d(1024, eps=1e-05, momentum=0.1, affine=True, track_running_stats=True)
          )
          (relu): LeakyReLU(negative_slope=0.01)
        )
        (1): AvgPool1d(kernel_size=(2,), stride=(2,), padding=(0,))
      )
    )
  )
  (mlp): Sequential(
    (0): Linear(in_features=1024, out_features=512, bias=True)
    (1): Linear(in_features=512, out_features=230, bias=True)
  )
)
[2024-07-01 10:16:52,585][train.py][line:64][INFO] ---------------device---------------
cuda:1
[2024-07-01 10:16:52,586][train.py][line:65][INFO] ---------------optimizer---------------
AdamW (
Parameter Group 0
    amsgrad: False
    betas: (0.9, 0.999)
    capturable: False
    differentiable: False
    eps: 1e-08
    foreach: None
    fused: None
    initial_lr: 0.001
    lr: 0.001
    maximize: False
    weight_decay: 1e-05
)
[2024-07-01 10:16:52,586][train.py][line:66][INFO] ---------------lossfn---------------
CrossEntropyLoss()
[2024-07-01 10:16:52,612][train.py][line:78][INFO] ---------------epoch 1---------------
lr: [0.001]
[2024-07-01 10:19:45,542][train.py][line:95][INFO] [training]total_num: 142619.0,error: 3.6204443251637386
[2024-07-01 10:21:48,327][train.py][line:132][INFO] [testing]total_number: 142619,error: 3.9238569274688375,total_acc: 0.06614125519990921
[2024-07-01 10:21:48,622][train.py][line:78][INFO] ---------------epoch 2---------------
lr: [0.001]
[2024-07-01 10:24:38,467][train.py][line:95][INFO] [training]total_num: 142619.0,error: 4.138167509376532
[2024-07-01 10:26:43,495][train.py][line:132][INFO] [testing]total_number: 142619,error: 3.7696929709311644,total_acc: 0.06538399308919907
[2024-07-01 10:26:43,763][train.py][line:78][INFO] ---------------epoch 3---------------
lr: [0.001]
[2024-07-01 10:29:33,401][train.py][line:95][INFO] [training]total_num: 142619.0,error: 3.776405625757055
[2024-07-01 10:31:37,355][train.py][line:132][INFO] [testing]total_number: 142619,error: 3.7760520884073374,total_acc: 0.06538399308919907
[2024-07-01 10:31:37,358][train.py][line:78][INFO] ---------------epoch 4---------------
lr: [0.001]
[2024-07-01 10:34:28,903][train.py][line:95][INFO] [training]total_num: 142619.0,error: 3.774026963294963
[2024-07-01 10:36:31,728][train.py][line:132][INFO] [testing]total_number: 142619,error: 3.7680222267231116,total_acc: 0.06538399308919907
[2024-07-01 10:36:31,963][train.py][line:78][INFO] ---------------epoch 5---------------
lr: [0.001]
[2024-07-01 10:39:23,375][train.py][line:95][INFO] [training]total_num: 142619.0,error: 8448694.598383922
[2024-07-01 10:41:25,783][train.py][line:132][INFO] [testing]total_number: 142619,error: 430.121860647912,total_acc: 0.032099511474370956
[2024-07-01 10:41:25,786][train.py][line:78][INFO] ---------------epoch 6---------------
lr: [0.001]
[2024-07-01 10:44:15,227][train.py][line:95][INFO] [training]total_num: 142619.0,error: 125.04730207391417
[2024-07-01 10:46:18,099][train.py][line:132][INFO] [testing]total_number: 142619,error: 29.61147627425131,total_acc: 0.055721890181303024
[2024-07-01 10:46:18,103][train.py][line:78][INFO] ---------------epoch 7---------------
lr: [0.001]
[2024-07-01 10:49:09,248][train.py][line:95][INFO] [training]total_num: 142619.0,error: 19.584235160837668
[2024-07-01 10:51:13,280][train.py][line:132][INFO] [testing]total_number: 142619,error: 12.303040499858538,total_acc: 0.06708082556724548
[2024-07-01 10:51:13,582][train.py][line:78][INFO] ---------------epoch 8---------------
lr: [0.001]
[2024-07-01 10:54:05,834][train.py][line:95][INFO] [training]total_num: 142619.0,error: 8.576483535933766
[2024-07-01 10:56:07,557][train.py][line:132][INFO] [testing]total_number: 142619,error: 11.226312903120892,total_acc: 0.0014023376861587167
[2024-07-01 10:56:07,561][train.py][line:78][INFO] ---------------epoch 9---------------
lr: [0.001]
[2024-07-01 10:58:56,317][train.py][line:95][INFO] [training]total_num: 142619.0,error: 8.243780223451926
[2024-07-01 11:00:59,424][train.py][line:132][INFO] [testing]total_number: 142619,error: 5.983799528595024,total_acc: 0.03482004627585411
[2024-07-01 11:00:59,428][train.py][line:78][INFO] ---------------epoch 10---------------
lr: [0.001]
[2024-07-01 11:03:46,861][train.py][line:95][INFO] [training]total_num: 142619.0,error: 6.4173130581610875
[2024-07-01 11:05:51,384][train.py][line:132][INFO] [testing]total_number: 142619,error: 6.082189147875666,total_acc: 0.03465176373720169
[2024-07-01 11:05:51,387][train.py][line:78][INFO] ---------------epoch 11---------------
lr: [0.001]
[2024-07-01 11:08:41,761][train.py][line:95][INFO] [training]total_num: 142619.0,error: 5.962715456090822
[2024-07-01 11:10:48,078][train.py][line:132][INFO] [testing]total_number: 142619,error: 6.2331225556516525,total_acc: 0.049804024398326874
[2024-07-01 11:10:48,082][train.py][line:78][INFO] ---------------epoch 12---------------
lr: [0.001]
[2024-07-01 11:13:37,781][train.py][line:95][INFO] [training]total_num: 142619.0,error: 78.77358006031027
[2024-07-01 11:15:43,199][train.py][line:132][INFO] [testing]total_number: 142619,error: 4.651985767115427,total_acc: 0.06498432904481888
[2024-07-01 11:15:43,203][train.py][line:78][INFO] ---------------epoch 13---------------
lr: [0.001]
[2024-07-01 11:18:33,874][train.py][line:95][INFO] [training]total_num: 142619.0,error: 4.300093406966441
[2024-07-01 11:20:38,902][train.py][line:132][INFO] [testing]total_number: 142619,error: 4.229247547888526,total_acc: 0.06472489982843399
[2024-07-01 11:20:38,907][train.py][line:78][INFO] ---------------epoch 14---------------
lr: [0.001]
[2024-07-01 11:23:30,548][train.py][line:95][INFO] [training]total_num: 142619.0,error: 4.013914598904609
[2024-07-01 11:25:32,762][train.py][line:132][INFO] [testing]total_number: 142619,error: 4.303633696566957,total_acc: 0.06536296010017395
[2024-07-01 11:25:32,766][train.py][line:78][INFO] ---------------epoch 15---------------
lr: [0.001]
[2024-07-01 11:28:24,183][train.py][line:95][INFO] [training]total_num: 142619.0,error: 4.078120146374448
[2024-07-01 11:30:27,263][train.py][line:132][INFO] [testing]total_number: 142619,error: 4.3085198903898725,total_acc: 0.0658467635512352
[2024-07-01 11:30:27,266][train.py][line:78][INFO] ---------------epoch 16---------------
lr: [0.001]
[2024-07-01 11:33:17,536][train.py][line:95][INFO] [training]total_num: 142619.0,error: 3.875879087331105
[2024-07-01 11:35:21,837][train.py][line:132][INFO] [testing]total_number: 142619,error: 4.22069090860753,total_acc: 0.036551933735609055
[2024-07-01 11:35:21,840][train.py][line:78][INFO] ---------------epoch 17---------------
lr: [0.001]
[2024-07-01 11:38:12,800][train.py][line:95][INFO] [training]total_num: 142619.0,error: 3.875485370495568
[2024-07-01 11:40:18,210][train.py][line:132][INFO] [testing]total_number: 142619,error: 4.653423328550106,total_acc: 0.06538399308919907
[2024-07-01 11:40:18,214][train.py][line:78][INFO] ---------------epoch 18---------------
lr: [0.001]
[2024-07-01 11:43:06,126][train.py][line:95][INFO] [training]total_num: 142619.0,error: 3.846980366343265
[2024-07-01 11:45:12,856][train.py][line:132][INFO] [testing]total_number: 142619,error: 3.7717479809034717,total_acc: 0.06764175742864609
[2024-07-01 11:45:13,137][train.py][line:78][INFO] ---------------epoch 19---------------
lr: [0.001]
[2024-07-01 11:48:00,250][train.py][line:95][INFO] [training]total_num: 142619.0,error: 3.820649564109488
[2024-07-01 11:50:03,990][train.py][line:132][INFO] [testing]total_number: 142619,error: 3.792921924883603,total_acc: 0.06607814878225327
[2024-07-01 11:50:03,996][train.py][line:78][INFO] ---------------epoch 20---------------
lr: [0.001]
[2024-07-01 11:52:51,967][train.py][line:95][INFO] [training]total_num: 142619.0,error: 3.8114665666240857
[2024-07-01 11:54:54,234][train.py][line:132][INFO] [testing]total_number: 142619,error: 3.939528826973503,total_acc: 0.06538399308919907
[2024-07-01 11:54:54,237][train.py][line:78][INFO] ---------------epoch 21---------------
lr: [0.001]
[2024-07-01 11:57:47,913][train.py][line:95][INFO] [training]total_num: 142619.0,error: 150853.0519247007
[2024-07-01 11:59:50,215][train.py][line:132][INFO] [testing]total_number: 142619,error: 4.863363417902085,total_acc: 0.06538399308919907
[2024-07-01 11:59:50,219][train.py][line:78][INFO] ---------------epoch 22---------------
lr: [0.001]
[2024-07-01 12:02:44,881][train.py][line:95][INFO] [training]total_num: 142619.0,error: 4.351126055253586
[2024-07-01 12:04:49,272][train.py][line:132][INFO] [testing]total_number: 142619,error: 4.110903012136113,total_acc: 0.06538399308919907
[2024-07-01 12:04:49,276][train.py][line:78][INFO] ---------------epoch 23---------------
lr: [0.001]
[2024-07-01 12:07:38,862][train.py][line:95][INFO] [training]total_num: 142619.0,error: 4.026272250308372
[2024-07-01 12:09:47,509][train.py][line:132][INFO] [testing]total_number: 142619,error: 3.9411728570170825,total_acc: 0.06608516722917557
[2024-07-01 12:09:47,514][train.py][line:78][INFO] ---------------epoch 24---------------
lr: [0.001]
[2024-07-01 12:12:39,830][train.py][line:95][INFO] [training]total_num: 142619.0,error: 4.436225686336588
[2024-07-01 12:14:48,026][train.py][line:132][INFO] [testing]total_number: 142619,error: 3.9056664752291548,total_acc: 0.06579768657684326
[2024-07-01 12:14:48,030][train.py][line:78][INFO] ---------------epoch 25---------------
lr: [0.001]
[2024-07-01 12:17:34,252][train.py][line:95][INFO] [training]total_num: 142619.0,error: 3.8653238024448324
[2024-07-01 12:19:33,049][train.py][line:132][INFO] [testing]total_number: 142619,error: 3.8184929159416847,total_acc: 0.06608516722917557
[2024-07-01 12:19:33,062][train.py][line:78][INFO] ---------------epoch 26---------------
lr: [0.001]
[2024-07-01 12:22:11,172][train.py][line:95][INFO] [training]total_num: 142619.0,error: 3.824786379084474
[2024-07-01 12:24:08,432][train.py][line:132][INFO] [testing]total_number: 142619,error: 3.8123165267690244,total_acc: 0.06608516722917557
[2024-07-01 12:24:08,436][train.py][line:78][INFO] ---------------epoch 27---------------
lr: [0.001]
[2024-07-01 12:26:50,237][train.py][line:95][INFO] [training]total_num: 142619.0,error: 3.819221901329435
[2024-07-01 12:28:46,509][train.py][line:132][INFO] [testing]total_number: 142619,error: 3.9346443534837703,total_acc: 0.06538399308919907
[2024-07-01 12:28:46,513][train.py][line:78][INFO] ---------------epoch 28---------------
lr: [0.001]
[2024-07-01 12:31:27,259][train.py][line:95][INFO] [training]total_num: 142619.0,error: 312.8880655330905
[2024-07-01 12:33:18,152][train.py][line:132][INFO] [testing]total_number: 142619,error: 7.0237970686502145,total_acc: 0.04263106733560562
[2024-07-01 12:33:18,155][train.py][line:78][INFO] ---------------epoch 29---------------
lr: [0.001]
[2024-07-01 12:35:58,931][train.py][line:95][INFO] [training]total_num: 142619.0,error: 4.156579327729582
[2024-07-01 12:37:52,997][train.py][line:132][INFO] [testing]total_number: 142619,error: 3.8116948598315066,total_acc: 0.06634459644556046
[2024-07-01 12:37:53,000][train.py][line:78][INFO] ---------------epoch 30---------------
lr: [0.001]
[2024-07-01 12:40:35,954][train.py][line:95][INFO] [training]total_num: 142619.0,error: 3.853145108736993
[2024-07-01 12:42:29,155][train.py][line:132][INFO] [testing]total_number: 142619,error: 3.7674522707067384,total_acc: 0.06635861843824387
[2024-07-01 12:42:29,387][train.py][line:78][INFO] ---------------epoch 31---------------
lr: [0.001]
[2024-07-01 12:45:12,503][train.py][line:95][INFO] [training]total_num: 142619.0,error: 3.830400228709322
[2024-07-01 12:47:08,543][train.py][line:132][INFO] [testing]total_number: 142619,error: 3.9756612942785052,total_acc: 0.0672491043806076
[2024-07-01 12:47:08,548][train.py][line:78][INFO] ---------------epoch 32---------------
lr: [0.001]
[2024-07-01 12:49:50,287][train.py][line:95][INFO] [training]total_num: 142619.0,error: 3.8029208390154827
[2024-07-01 12:51:46,702][train.py][line:132][INFO] [testing]total_number: 142619,error: 3.8443179696824443,total_acc: 0.06637264043092728
[2024-07-01 12:51:46,707][train.py][line:78][INFO] ---------------epoch 33---------------
lr: [0.001]
[2024-07-01 12:54:23,901][train.py][line:95][INFO] [training]total_num: 142619.0,error: 3.797762478369563
[2024-07-01 12:56:17,979][train.py][line:132][INFO] [testing]total_number: 142619,error: 3.820763714578881,total_acc: 0.06616930663585663
[2024-07-01 12:56:17,982][train.py][line:78][INFO] ---------------epoch 34---------------
lr: [0.001]
[2024-07-01 12:58:53,921][train.py][line:95][INFO] [training]total_num: 142619.0,error: 3.7807893878425243
[2024-07-01 13:00:44,192][train.py][line:132][INFO] [testing]total_number: 142619,error: 3.768777650453666,total_acc: 0.06530686467885971
[2024-07-01 13:00:44,196][train.py][line:78][INFO] ---------------epoch 35---------------
lr: [0.001]
[2024-07-01 13:03:21,936][train.py][line:95][INFO] [training]total_num: 142619.0,error: 3.7763895649955943
[2024-07-01 13:05:15,066][train.py][line:132][INFO] [testing]total_number: 142619,error: 3.756355395973199,total_acc: 0.07208716869354248
[2024-07-01 13:05:15,307][train.py][line:78][INFO] ---------------epoch 36---------------
lr: [0.001]
[2024-07-01 13:07:53,185][train.py][line:95][INFO] [training]total_num: 142619.0,error: 121490.69787490963
[2024-07-01 13:09:43,488][train.py][line:132][INFO] [testing]total_number: 142619,error: 15.841966152609073,total_acc: 0.018230389803647995
[2024-07-01 13:09:43,491][train.py][line:78][INFO] ---------------epoch 37---------------
lr: [0.001]
[2024-07-01 13:12:17,671][train.py][line:95][INFO] [training]total_num: 142619.0,error: 6.485637678168094
[2024-07-01 13:14:07,516][train.py][line:132][INFO] [testing]total_number: 142619,error: 4.777219046426383,total_acc: 0.065152607858181
[2024-07-01 13:14:07,524][train.py][line:78][INFO] ---------------epoch 38---------------
lr: [0.001]
[2024-07-01 13:16:44,246][train.py][line:95][INFO] [training]total_num: 142619.0,error: 128.0067965131805
[2024-07-01 13:18:34,536][train.py][line:132][INFO] [testing]total_number: 142619,error: 4.474771763336022,total_acc: 0.06545411050319672
[2024-07-01 13:18:34,540][train.py][line:78][INFO] ---------------epoch 39---------------
lr: [0.001]
[2024-07-01 13:21:12,836][train.py][line:95][INFO] [training]total_num: 142619.0,error: 4.124079258581926
[2024-07-01 13:23:06,901][train.py][line:132][INFO] [testing]total_number: 142619,error: 3.939331211822269,total_acc: 0.06531387567520142
[2024-07-01 13:23:06,904][train.py][line:78][INFO] ---------------epoch 40---------------
lr: [0.001]
[2024-07-01 13:25:42,923][train.py][line:95][INFO] [training]total_num: 142619.0,error: 3.902277484888784
[2024-07-01 13:27:34,672][train.py][line:132][INFO] [testing]total_number: 142619,error: 3.8607729538609123,total_acc: 0.060637082904577255
[2024-07-01 13:27:34,675][train.py][line:78][INFO] ---------------epoch 41---------------
lr: [0.001]
[2024-07-01 13:30:11,422][train.py][line:95][INFO] [training]total_num: 142619.0,error: 6286.826530085228
[2024-07-01 13:32:04,977][train.py][line:132][INFO] [testing]total_number: 142619,error: 4.1404919417462365,total_acc: 0.036285486072301865
[2024-07-01 13:32:04,980][train.py][line:78][INFO] ---------------epoch 42---------------
lr: [0.001]
[2024-07-01 13:34:41,506][train.py][line:95][INFO] [training]total_num: 142619.0,error: 4.189966987038161
[2024-07-01 13:36:33,219][train.py][line:132][INFO] [testing]total_number: 142619,error: 3.913188823370637,total_acc: 0.06660402566194534
[2024-07-01 13:36:33,222][train.py][line:78][INFO] ---------------epoch 43---------------
lr: [0.001]
[2024-07-01 13:39:06,572][train.py][line:95][INFO] [training]total_num: 142619.0,error: 3.969811816679397
[2024-07-01 13:40:55,636][train.py][line:132][INFO] [testing]total_number: 142619,error: 3.910789444402683,total_acc: 0.06371521204710007
[2024-07-01 13:40:55,644][train.py][line:78][INFO] ---------------epoch 44---------------
lr: [0.001]
[2024-07-01 13:43:33,408][train.py][line:95][INFO] [training]total_num: 142619.0,error: 3.92282240459733
[2024-07-01 13:45:28,385][train.py][line:132][INFO] [testing]total_number: 142619,error: 4.611338738701408,total_acc: 0.0661342442035675
[2024-07-01 13:45:28,391][train.py][line:78][INFO] ---------------epoch 45---------------
lr: [0.001]
[2024-07-01 13:48:05,281][train.py][line:95][INFO] [training]total_num: 142619.0,error: 3.8989242211859234
[2024-07-01 13:49:56,830][train.py][line:132][INFO] [testing]total_number: 142619,error: 3.8485687999324147,total_acc: 0.0661272332072258
[2024-07-01 13:49:56,834][train.py][line:78][INFO] ---------------epoch 46---------------
lr: [0.001]
[2024-07-01 13:52:30,983][train.py][line:95][INFO] [training]total_num: 142619.0,error: 3.8518856255032325
[2024-07-01 13:54:23,002][train.py][line:132][INFO] [testing]total_number: 142619,error: 3.8414690471552215,total_acc: 0.06858833879232407
[2024-07-01 13:54:23,005][train.py][line:78][INFO] ---------------epoch 47---------------
lr: [0.001]
[2024-07-01 13:57:00,926][train.py][line:95][INFO] [training]total_num: 142619.0,error: 6.837820194145758
[2024-07-01 13:58:53,158][train.py][line:132][INFO] [testing]total_number: 142619,error: 3.7893606630153136,total_acc: 0.06467581540346146
[2024-07-01 13:58:53,161][train.py][line:78][INFO] ---------------epoch 48---------------
lr: [0.001]
[2024-07-01 14:01:30,207][train.py][line:95][INFO] [training]total_num: 142619.0,error: 3.8005917502745112
[2024-07-01 14:03:26,115][train.py][line:132][INFO] [testing]total_number: 142619,error: 3.883818909329975,total_acc: 0.06526479870080948
[2024-07-01 14:03:26,119][train.py][line:78][INFO] ---------------epoch 49---------------
lr: [0.001]
[2024-07-01 14:06:02,134][train.py][line:95][INFO] [training]total_num: 142619.0,error: 3.805324160352702
[2024-07-01 14:07:55,443][train.py][line:132][INFO] [testing]total_number: 142619,error: 3.7743659512605925,total_acc: 0.0666811540722847
[2024-07-01 14:07:55,448][train.py][line:78][INFO] ---------------epoch 50---------------
lr: [0.001]
[2024-07-01 14:10:32,142][train.py][line:95][INFO] [training]total_num: 142619.0,error: 3.7940256909045287
[2024-07-01 14:12:29,686][train.py][line:132][INFO] [testing]total_number: 142619,error: 4.108594580766509,total_acc: 0.06608516722917557
[2024-07-01 14:12:29,689][train.py][line:78][INFO] ---------------epoch 51---------------
lr: [0.001]
[2024-07-01 14:15:06,832][train.py][line:95][INFO] [training]total_num: 142619.0,error: 3.781248677518679
[2024-07-01 14:16:53,605][train.py][line:132][INFO] [testing]total_number: 142619,error: 3.798546374836687,total_acc: 0.07700236141681671
[2024-07-01 14:16:53,937][train.py][line:78][INFO] ---------------epoch 52---------------
lr: [0.0009997828885447823]
[2024-07-01 14:19:30,516][train.py][line:95][INFO] [training]total_num: 142619.0,error: 3.7659903661291607
[2024-07-01 14:21:19,666][train.py][line:132][INFO] [testing]total_number: 142619,error: 3.743679384930316,total_acc: 0.07928115874528885
[2024-07-01 14:21:19,992][train.py][line:78][INFO] ---------------epoch 53---------------
lr: [0.0009992402706004066]
[2024-07-01 14:23:56,514][train.py][line:95][INFO] [training]total_num: 142619.0,error: 1758588.3778475227
[2024-07-01 14:25:45,598][train.py][line:132][INFO] [testing]total_number: 142619,error: 219.10783360319948,total_acc: 0.03125109523534775
[2024-07-01 14:25:45,602][train.py][line:78][INFO] ---------------epoch 54---------------
lr: [0.000998480957731648]
[2024-07-01 14:28:22,509][train.py][line:95][INFO] [training]total_num: 142619.0,error: 111.96666089763357
[2024-07-01 14:30:09,563][train.py][line:132][INFO] [testing]total_number: 142619,error: 61.672937410740765,total_acc: 0.01068581361323595
[2024-07-01 14:30:09,567][train.py][line:78][INFO] ---------------epoch 55---------------
lr: [0.0009975052829668848]
[2024-07-01 14:32:44,563][train.py][line:95][INFO] [training]total_num: 142619.0,error: 55.072699435649476
[2024-07-01 14:34:34,636][train.py][line:132][INFO] [testing]total_number: 142619,error: 23.458205457531914,total_acc: 0.054985661059617996
[2024-07-01 14:34:34,647][train.py][line:78][INFO] ---------------epoch 56---------------
lr: [0.0009963136742379493]
[2024-07-01 14:37:08,243][train.py][line:95][INFO] [training]total_num: 142619.0,error: 22.55918697261894
[2024-07-01 14:38:59,241][train.py][line:132][INFO] [testing]total_number: 142619,error: 11.659392640843505,total_acc: 0.05528015270829201
[2024-07-01 14:38:59,249][train.py][line:78][INFO] ---------------epoch 57---------------
lr: [0.0009949066541924097]
[2024-07-01 14:41:33,935][train.py][line:95][INFO] [training]total_num: 142619.0,error: 11.380926872532584
[2024-07-01 14:43:25,277][train.py][line:132][INFO] [testing]total_number: 142619,error: 8.375020195161115,total_acc: 0.016407351940870285
[2024-07-01 14:43:25,280][train.py][line:78][INFO] ---------------epoch 58---------------
lr: [0.0009932848399643046]
[2024-07-01 14:46:00,202][train.py][line:95][INFO] [training]total_num: 142619.0,error: 10.368560865403893
[2024-07-01 14:47:51,553][train.py][line:132][INFO] [testing]total_number: 142619,error: 5.415316342680628,total_acc: 0.06536296010017395
[2024-07-01 14:47:51,558][train.py][line:78][INFO] ---------------epoch 59---------------
lr: [0.000991448942903436]
[2024-07-01 14:50:28,243][train.py][line:95][INFO] [training]total_num: 142619.0,error: 5.527693416025428
[2024-07-01 14:52:17,633][train.py][line:132][INFO] [testing]total_number: 142619,error: 5.474354337120558,total_acc: 0.008392991498112679
[2024-07-01 14:52:17,640][train.py][line:78][INFO] ---------------epoch 60---------------
lr: [0.0009893997682633299]
[2024-07-01 14:54:52,409][train.py][line:95][INFO] [training]total_num: 142619.0,error: 7.377133150042201
[2024-07-01 14:56:41,826][train.py][line:132][INFO] [testing]total_number: 142619,error: 5.095383891716638,total_acc: 0.06564342975616455
[2024-07-01 14:56:41,829][train.py][line:78][INFO] ---------------epoch 61---------------
lr: [0.0009871382148480153]
[2024-07-01 14:59:16,808][train.py][line:95][INFO] [training]total_num: 142619.0,error: 4.363677390513976
[2024-07-01 15:01:05,712][train.py][line:132][INFO] [testing]total_number: 142619,error: 10.435676470647039,total_acc: 0.01705242693424225
[2024-07-01 15:01:05,716][train.py][line:78][INFO] ---------------epoch 62---------------
lr: [0.0009846652746177626]
[2024-07-01 15:03:39,967][train.py][line:95][INFO] [training]total_num: 142619.0,error: 8409.124850162594
[2024-07-01 15:05:31,812][train.py][line:132][INFO] [testing]total_number: 142619,error: 4.743144846296854,total_acc: 0.0625162124633789
[2024-07-01 15:05:31,816][train.py][line:78][INFO] ---------------epoch 63---------------
lr: [0.000981982032253963]
[2024-07-01 15:08:05,151][train.py][line:95][INFO] [training]total_num: 142619.0,error: 4.598447635234395
[2024-07-01 15:09:56,155][train.py][line:132][INFO] [testing]total_number: 142619,error: 3.965505280064241,total_acc: 0.06512456387281418
[2024-07-01 15:09:56,159][train.py][line:78][INFO] ---------------epoch 64---------------
lr: [0.000979089664683336]
[2024-07-01 15:12:30,766][train.py][line:95][INFO] [training]total_num: 142619.0,error: 4.309271699393872
[2024-07-01 15:14:21,934][train.py][line:132][INFO] [testing]total_number: 142619,error: 4.360100715647237,total_acc: 0.025929223746061325
[2024-07-01 15:14:21,938][train.py][line:78][INFO] ---------------epoch 65---------------
lr: [0.0009759894405616768]
[2024-07-01 15:16:55,691][train.py][line:95][INFO] [training]total_num: 142619.0,error: 4.064902360976317
[2024-07-01 15:18:46,651][train.py][line:132][INFO] [testing]total_number: 142619,error: 3.9364740202867807,total_acc: 0.07591555267572403
[2024-07-01 15:18:46,655][train.py][line:78][INFO] ---------------epoch 66---------------
lr: [0.0009726827197173674]
[2024-07-01 15:21:22,435][train.py][line:95][INFO] [training]total_num: 142619.0,error: 3.86989232472011
[2024-07-01 15:23:13,182][train.py][line:132][INFO] [testing]total_number: 142619,error: 4.012373888941839,total_acc: 0.06565745174884796
[2024-07-01 15:23:13,185][train.py][line:78][INFO] ---------------epoch 67---------------
lr: [0.0009691709525548918]
[2024-07-01 15:25:50,059][train.py][line:95][INFO] [training]total_num: 142619.0,error: 5.143250147780235
[2024-07-01 15:27:40,231][train.py][line:132][INFO] [testing]total_number: 142619,error: 3.7690479949730515,total_acc: 0.0698854997754097
[2024-07-01 15:27:40,234][train.py][line:78][INFO] ---------------epoch 68---------------
lr: [0.0009654556794186298]
[2024-07-01 15:30:17,398][train.py][line:95][INFO] [training]total_num: 142619.0,error: 3.797980418234515
[2024-07-01 15:32:05,448][train.py][line:132][INFO] [testing]total_number: 142619,error: 3.79185210101757,total_acc: 0.0645916759967804
[2024-07-01 15:32:05,451][train.py][line:78][INFO] ---------------epoch 69---------------
lr: [0.0009615385299171921]
[2024-07-01 15:34:38,643][train.py][line:95][INFO] [training]total_num: 142619.0,error: 3.8111843657430904
[2024-07-01 15:36:28,563][train.py][line:132][INFO] [testing]total_number: 142619,error: 3.755289674745538,total_acc: 0.07178566604852676
[2024-07-01 15:36:28,566][train.py][line:78][INFO] ---------------epoch 70---------------
lr: [0.0009574212222086046]
[2024-07-01 15:39:04,126][train.py][line:95][INFO] [training]total_num: 142619.0,error: 3.805601909221211
[2024-07-01 15:40:53,547][train.py][line:132][INFO] [testing]total_number: 142619,error: 3.8044166830315285,total_acc: 0.0717015266418457
[2024-07-01 15:40:53,550][train.py][line:78][INFO] ---------------epoch 71---------------
lr: [0.00095310556224665]
[2024-07-01 15:43:28,241][train.py][line:95][INFO] [training]total_num: 142619.0,error: 1537.9427439161395
[2024-07-01 15:45:19,700][train.py][line:132][INFO] [testing]total_number: 142619,error: 5.867878580803834,total_acc: 0.06609217822551727
[2024-07-01 15:45:19,704][train.py][line:78][INFO] ---------------epoch 72---------------
lr: [0.0009485934429887017]
[2024-07-01 15:47:53,365][train.py][line:95][INFO] [training]total_num: 142619.0,error: 4.101922834055347
[2024-07-01 15:49:45,689][train.py][line:132][INFO] [testing]total_number: 142619,error: 3.849863998520071,total_acc: 0.06588182598352432
[2024-07-01 15:49:45,692][train.py][line:78][INFO] ---------------epoch 73---------------
lr: [0.0009438868435653896]
[2024-07-01 15:52:22,047][train.py][line:95][INFO] [training]total_num: 142619.0,error: 3.80916801886429
[2024-07-01 15:54:13,833][train.py][line:132][INFO] [testing]total_number: 142619,error: 3.78673836915353,total_acc: 0.06639368087053299
[2024-07-01 15:54:13,836][train.py][line:78][INFO] ---------------epoch 74---------------
lr: [0.0009389878284124728]
[2024-07-01 15:56:51,919][train.py][line:95][INFO] [training]total_num: 142619.0,error: 3.7840551694791427
[2024-07-01 15:58:41,004][train.py][line:132][INFO] [testing]total_number: 142619,error: 3.7945430280867636,total_acc: 0.06614125519990921
[2024-07-01 15:58:41,008][train.py][line:78][INFO] ---------------epoch 75---------------
lr: [0.0009338985463652897]
[2024-07-01 16:01:26,069][train.py][line:95][INFO] [training]total_num: 142619.0,error: 3.783614900632452
[2024-07-01 16:03:22,972][train.py][line:132][INFO] [testing]total_number: 142619,error: 3.784138310906346,total_acc: 0.06548216193914413
[2024-07-01 16:03:22,975][train.py][line:78][INFO] ---------------epoch 76---------------
lr: [0.0009286212297161887]
[2024-07-01 16:05:59,599][train.py][line:95][INFO] [training]total_num: 142619.0,error: 3.7833627912686856
[2024-07-01 16:07:50,095][train.py][line:132][INFO] [testing]total_number: 142619,error: 3.8099900568712184,total_acc: 0.06608516722917557
[2024-07-01 16:07:50,098][train.py][line:78][INFO] ---------------epoch 77---------------
lr: [0.0009231581932353523]
[2024-07-01 16:10:27,382][train.py][line:95][INFO] [training]total_num: 142619.0,error: 3.797718536425431
[2024-07-01 16:12:15,754][train.py][line:132][INFO] [testing]total_number: 142619,error: 3.7882674839494523,total_acc: 0.06538399308919907
[2024-07-01 16:12:15,758][train.py][line:78][INFO] ---------------epoch 78---------------
lr: [0.0009175118331554408]
[2024-07-01 16:14:50,775][train.py][line:95][INFO] [training]total_num: 142619.0,error: 22.85560694543235
[2024-07-01 16:16:43,156][train.py][line:132][INFO] [testing]total_number: 142619,error: 3.7892591343126623,total_acc: 0.06614125519990921
[2024-07-01 16:16:43,175][train.py][line:78][INFO] ---------------epoch 79---------------
lr: [0.000911684626120506]
[2024-07-01 16:19:17,156][train.py][line:95][INFO] [training]total_num: 142619.0,error: 3.796512956477173
[2024-07-01 16:21:10,830][train.py][line:132][INFO] [testing]total_number: 142619,error: 3.8108858286968768,total_acc: 0.06538399308919907
[2024-07-01 16:21:10,833][train.py][line:78][INFO] ---------------epoch 80---------------
lr: [0.0009056791280996308]
[2024-07-01 16:23:45,143][train.py][line:95][INFO] [training]total_num: 142619.0,error: 3.7912149705142957
[2024-07-01 16:25:35,881][train.py][line:132][INFO] [testing]total_number: 142619,error: 3.7781190188906884,total_acc: 0.06538399308919907
[2024-07-01 16:25:35,884][train.py][line:78][INFO] ---------------epoch 81---------------
lr: [0.0008994979732657738]
[2024-07-01 16:28:10,989][train.py][line:95][INFO] [training]total_num: 142619.0,error: 3.7877299323821676
