[2024-08-26 18:57:08,901][train.py][line:70][INFO] ---------------args---------------
Namespace(data_path='./data/Pymatgen_Wrapped_Short/0/', train_name='ShortConv', model_path=None, learning_rate=0.0005, min_learning_rate=0.0001, start_scheduler_step=0, weight_decay=1e-06, momentum=0.99, batch_size=4096, class_num=230, epoch_num=200, model_save_path='./checkpoints/ShortConv', device='0,1', scheduler_T=None, num_workers=20, log_name='log/train//train_ShortConv_2024_08_26_18:57:04.log')
[2024-08-26 18:57:08,902][train.py][line:71][INFO] ---------------model---------------
DataParallel(
  (module): ShortConv(
    (conv): Sequential(
      (0): ResBlock1D(
        (pre): Conv1d(2, 32, kernel_size=(1,), stride=(1,), bias=False)
        (conv): Sequential(
          (0): Conv1d(32, 32, kernel_size=(3,), stride=(1,), padding=(1,), bias=False)
          (1): BatchNorm1d(32, eps=1e-05, momentum=0.1, affine=True, track_running_stats=True)
          (2): LeakyReLU(negative_slope=0.01)
          (3): Conv1d(32, 32, kernel_size=(3,), stride=(1,), padding=(1,), bias=False)
          (4): BatchNorm1d(32, eps=1e-05, momentum=0.1, affine=True, track_running_stats=True)
        )
        (relu): LeakyReLU(negative_slope=0.01)
      )
      (1): AvgPool1d(kernel_size=(2,), stride=(2,), padding=(0,))
      (2): ResBlock1D(
        (pre): Identity()
        (conv): Sequential(
          (0): Conv1d(32, 32, kernel_size=(3,), stride=(1,), padding=(1,), bias=False)
          (1): BatchNorm1d(32, eps=1e-05, momentum=0.1, affine=True, track_running_stats=True)
          (2): LeakyReLU(negative_slope=0.01)
          (3): Conv1d(32, 32, kernel_size=(3,), stride=(1,), padding=(1,), bias=False)
          (4): BatchNorm1d(32, eps=1e-05, momentum=0.1, affine=True, track_running_stats=True)
        )
        (relu): LeakyReLU(negative_slope=0.01)
      )
      (3): AvgPool1d(kernel_size=(2,), stride=(2,), padding=(1,))
      (4): ResBlock1D(
        (pre): Conv1d(32, 64, kernel_size=(1,), stride=(1,), bias=False)
        (conv): Sequential(
          (0): Conv1d(64, 64, kernel_size=(3,), stride=(1,), padding=(1,), bias=False)
          (1): BatchNorm1d(64, eps=1e-05, momentum=0.1, affine=True, track_running_stats=True)
          (2): LeakyReLU(negative_slope=0.01)
          (3): Conv1d(64, 64, kernel_size=(3,), stride=(1,), padding=(1,), bias=False)
          (4): BatchNorm1d(64, eps=1e-05, momentum=0.1, affine=True, track_running_stats=True)
        )
        (relu): LeakyReLU(negative_slope=0.01)
      )
      (5): AvgPool1d(kernel_size=(2,), stride=(2,), padding=(1,))
      (6): ResBlock1D(
        (pre): Conv1d(64, 128, kernel_size=(1,), stride=(1,), bias=False)
        (conv): Sequential(
          (0): Conv1d(128, 128, kernel_size=(3,), stride=(1,), padding=(1,), bias=False)
          (1): BatchNorm1d(128, eps=1e-05, momentum=0.1, affine=True, track_running_stats=True)
          (2): LeakyReLU(negative_slope=0.01)
          (3): Conv1d(128, 128, kernel_size=(3,), stride=(1,), padding=(1,), bias=False)
          (4): BatchNorm1d(128, eps=1e-05, momentum=0.1, affine=True, track_running_stats=True)
        )
        (relu): LeakyReLU(negative_slope=0.01)
      )
      (7): AvgPool1d(kernel_size=(2,), stride=(2,), padding=(1,))
      (8): ResBlock1D(
        (pre): Identity()
        (conv): Sequential(
          (0): Conv1d(128, 128, kernel_size=(3,), stride=(1,), padding=(1,), bias=False)
          (1): BatchNorm1d(128, eps=1e-05, momentum=0.1, affine=True, track_running_stats=True)
          (2): LeakyReLU(negative_slope=0.01)
          (3): Conv1d(128, 128, kernel_size=(3,), stride=(1,), padding=(1,), bias=False)
          (4): BatchNorm1d(128, eps=1e-05, momentum=0.1, affine=True, track_running_stats=True)
        )
        (relu): LeakyReLU(negative_slope=0.01)
      )
      (9): AvgPool1d(kernel_size=(2,), stride=(2,), padding=(0,))
      (10): ResBlock1D(
        (pre): Conv1d(128, 256, kernel_size=(1,), stride=(1,), bias=False)
        (conv): Sequential(
          (0): Conv1d(256, 256, kernel_size=(3,), stride=(1,), padding=(1,), bias=False)
          (1): BatchNorm1d(256, eps=1e-05, momentum=0.1, affine=True, track_running_stats=True)
          (2): LeakyReLU(negative_slope=0.01)
          (3): Conv1d(256, 256, kernel_size=(3,), stride=(1,), padding=(1,), bias=False)
          (4): BatchNorm1d(256, eps=1e-05, momentum=0.1, affine=True, track_running_stats=True)
        )
        (relu): LeakyReLU(negative_slope=0.01)
      )
      (11): AvgPool1d(kernel_size=(2,), stride=(2,), padding=(1,))
      (12): ResBlock1D(
        (pre): Identity()
        (conv): Sequential(
          (0): Conv1d(256, 256, kernel_size=(3,), stride=(1,), padding=(1,), bias=False)
          (1): BatchNorm1d(256, eps=1e-05, momentum=0.1, affine=True, track_running_stats=True)
          (2): LeakyReLU(negative_slope=0.01)
          (3): Conv1d(256, 256, kernel_size=(3,), stride=(1,), padding=(1,), bias=False)
          (4): BatchNorm1d(256, eps=1e-05, momentum=0.1, affine=True, track_running_stats=True)
        )
        (relu): LeakyReLU(negative_slope=0.01)
      )
      (13): AvgPool1d(kernel_size=(2,), stride=(2,), padding=(0,))
      (14): ResBlock1D(
        (pre): Conv1d(256, 512, kernel_size=(1,), stride=(1,), bias=False)
        (conv): Sequential(
          (0): Conv1d(512, 512, kernel_size=(3,), stride=(1,), padding=(1,), bias=False)
          (1): BatchNorm1d(512, eps=1e-05, momentum=0.1, affine=True, track_running_stats=True)
          (2): LeakyReLU(negative_slope=0.01)
          (3): Conv1d(512, 512, kernel_size=(3,), stride=(1,), padding=(1,), bias=False)
          (4): BatchNorm1d(512, eps=1e-05, momentum=0.1, affine=True, track_running_stats=True)
        )
        (relu): LeakyReLU(negative_slope=0.01)
      )
      (15): AvgPool1d(kernel_size=(2,), stride=(2,), padding=(1,))
      (16): ResBlock1D(
        (pre): Identity()
        (conv): Sequential(
          (0): Conv1d(512, 512, kernel_size=(3,), stride=(1,), padding=(1,), bias=False)
          (1): BatchNorm1d(512, eps=1e-05, momentum=0.1, affine=True, track_running_stats=True)
          (2): LeakyReLU(negative_slope=0.01)
          (3): Conv1d(512, 512, kernel_size=(3,), stride=(1,), padding=(1,), bias=False)
          (4): BatchNorm1d(512, eps=1e-05, momentum=0.1, affine=True, track_running_stats=True)
        )
        (relu): LeakyReLU(negative_slope=0.01)
      )
      (17): AvgPool1d(kernel_size=(2,), stride=(2,), padding=(0,))
      (18): ResBlock1D(
        (pre): Conv1d(512, 1024, kernel_size=(1,), stride=(1,), bias=False)
        (conv): Sequential(
          (0): Conv1d(1024, 1024, kernel_size=(3,), stride=(1,), padding=(1,), bias=False)
          (1): BatchNorm1d(1024, eps=1e-05, momentum=0.1, affine=True, track_running_stats=True)
          (2): LeakyReLU(negative_slope=0.01)
          (3): Conv1d(1024, 1024, kernel_size=(3,), stride=(1,), padding=(1,), bias=False)
          (4): BatchNorm1d(1024, eps=1e-05, momentum=0.1, affine=True, track_running_stats=True)
        )
        (relu): LeakyReLU(negative_slope=0.01)
      )
      (19): AvgPool1d(kernel_size=(2,), stride=(2,), padding=(0,))
    )
    (mlp): Linear(in_features=1024, out_features=230, bias=True)
  )
)
[2024-08-26 18:57:08,902][train.py][line:72][INFO] ---------------device---------------
cuda:0
[2024-08-26 18:57:08,902][train.py][line:73][INFO] ---------------optimizer---------------
AdamW (
Parameter Group 0
    amsgrad: False
    betas: (0.9, 0.999)
    capturable: False
    differentiable: False
    eps: 1e-08
    foreach: None
    fused: None
    initial_lr: 0.0005
    lr: 0.0005
    maximize: False
    weight_decay: 1e-06
)
[2024-08-26 18:57:08,902][train.py][line:74][INFO] ---------------lossfn---------------
CrossEntropyLoss()
[2024-08-26 18:57:08,902][train.py][line:75][INFO] ---------------seed---------------
3407
[2024-08-26 18:57:08,906][train.py][line:87][INFO] ---------------epoch 1---------------
lr: [0.0005]
