[2024-09-16 12:58:12,670][train.py][line:72][INFO] ---------------args---------------
Namespace(data_path='./data/Pymatgen_Wrapped/0', train_name='ConvAttV2', model_path=None, learning_rate=0.001, min_learning_rate=1e-06, start_scheduler_step=0, weight_decay=1e-06, momentum=0.99, batch_size=128, class_num=230, epoch_num=200, model_save_path='/data/ylh/MyExps/MOFV2/checkpoints/ConvAttV2', device='4,5,6,7', scheduler_T=None, num_workers=20, log_name='log/train//train_ConvAttV2_2024_09_16_12:58:08.log')
[2024-09-16 12:58:12,673][train.py][line:73][INFO] ---------------model---------------
DataParallel(
  (module): ConvAttV2(
    (conv): Sequential(
      (0): ResBlock1D(
        (pre): Conv1d(2, 32, kernel_size=(1,), stride=(1,), bias=False)
        (conv): Sequential(
          (0): Conv1d(32, 32, kernel_size=(3,), stride=(1,), padding=(1,), bias=False)
          (1): BatchNorm1d(32, eps=1e-05, momentum=0.1, affine=True, track_running_stats=True)
          (2): LeakyReLU(negative_slope=0.01)
          (3): Conv1d(32, 32, kernel_size=(3,), stride=(1,), padding=(1,), bias=False)
          (4): BatchNorm1d(32, eps=1e-05, momentum=0.1, affine=True, track_running_stats=True)
        )
        (relu): LeakyReLU(negative_slope=0.01)
      )
      (1): AvgPool1d(kernel_size=(2,), stride=(2,), padding=(0,))
      (2): ResBlock1D(
        (pre): Identity()
        (conv): Sequential(
          (0): Conv1d(32, 32, kernel_size=(3,), stride=(1,), padding=(1,), bias=False)
          (1): BatchNorm1d(32, eps=1e-05, momentum=0.1, affine=True, track_running_stats=True)
          (2): LeakyReLU(negative_slope=0.01)
          (3): Conv1d(32, 32, kernel_size=(3,), stride=(1,), padding=(1,), bias=False)
          (4): BatchNorm1d(32, eps=1e-05, momentum=0.1, affine=True, track_running_stats=True)
        )
        (relu): LeakyReLU(negative_slope=0.01)
      )
      (3): AvgPool1d(kernel_size=(2,), stride=(2,), padding=(0,))
      (4): ResBlock1D(
        (pre): Conv1d(32, 64, kernel_size=(1,), stride=(1,), bias=False)
        (conv): Sequential(
          (0): Conv1d(64, 64, kernel_size=(3,), stride=(1,), padding=(1,), bias=False)
          (1): BatchNorm1d(64, eps=1e-05, momentum=0.1, affine=True, track_running_stats=True)
          (2): LeakyReLU(negative_slope=0.01)
          (3): Conv1d(64, 64, kernel_size=(3,), stride=(1,), padding=(1,), bias=False)
          (4): BatchNorm1d(64, eps=1e-05, momentum=0.1, affine=True, track_running_stats=True)
        )
        (relu): LeakyReLU(negative_slope=0.01)
      )
      (5): AvgPool1d(kernel_size=(2,), stride=(2,), padding=(1,))
      (6): ResBlock1D(
        (pre): Identity()
        (conv): Sequential(
          (0): Conv1d(64, 64, kernel_size=(3,), stride=(1,), padding=(1,), bias=False)
          (1): BatchNorm1d(64, eps=1e-05, momentum=0.1, affine=True, track_running_stats=True)
          (2): LeakyReLU(negative_slope=0.01)
          (3): Conv1d(64, 64, kernel_size=(3,), stride=(1,), padding=(1,), bias=False)
          (4): BatchNorm1d(64, eps=1e-05, momentum=0.1, affine=True, track_running_stats=True)
        )
        (relu): LeakyReLU(negative_slope=0.01)
      )
      (7): AvgPool1d(kernel_size=(2,), stride=(2,), padding=(1,))
    )
    (att): TransformerEncoder(
      (positionEnbeding): PositionEmbedding()
      (encoder_layers): ModuleList(
        (0-47): 48 x EncoderLayer(
          (mha): MultiHeadAttention(
            (WQ): Linear(in_features=64, out_features=64, bias=True)
            (WK): Linear(in_features=64, out_features=64, bias=True)
            (WV): Linear(in_features=64, out_features=64, bias=True)
            (scaled_dot_product_attn): ScaledDotProductAttention()
            (linear): Linear(in_features=64, out_features=64, bias=True)
          )
          (dropout1): Dropout(p=0, inplace=False)
          (layernorm1): LayerNorm((64,), eps=1e-06, elementwise_affine=True)
          (ffn): FeedForwardNetwork(
            (linear1): Linear(in_features=64, out_features=256, bias=True)
            (linear2): Linear(in_features=256, out_features=64, bias=True)
            (relu): LeakyReLU(negative_slope=0.01)
          )
          (dropout2): Dropout(p=0, inplace=False)
          (layernorm2): LayerNorm((64,), eps=1e-06, elementwise_affine=True)
        )
      )
    )
    (cls): Sequential(
      (0): Linear(in_features=64, out_features=128, bias=True)
      (1): Linear(in_features=128, out_features=230, bias=True)
    )
  )
)
[2024-09-16 12:58:12,673][train.py][line:74][INFO] ---------------device---------------
cuda:4
[2024-09-16 12:58:12,673][train.py][line:75][INFO] ---------------optimizer---------------
AdamW (
Parameter Group 0
    amsgrad: False
    betas: (0.9, 0.999)
    capturable: False
    differentiable: False
    eps: 1e-08
    foreach: None
    fused: None
    initial_lr: 0.001
    lr: 0.001
    maximize: False
    weight_decay: 1e-06
)
[2024-09-16 12:58:12,673][train.py][line:76][INFO] ---------------lossfn---------------
CrossEntropyLoss()
[2024-09-16 12:58:12,674][train.py][line:77][INFO] ---------------seed---------------
3407
[2024-09-16 12:58:12,692][train.py][line:89][INFO] ---------------epoch 1---------------
lr: [0.001]
[2024-09-16 13:14:56,454][train.py][line:107][INFO] [training]total_num: 142618.0,error: 3.7946355122851396
[2024-09-16 13:20:46,425][train.py][line:150][INFO] [testing]total_number: 142618,error: 3.7788450337133264,total_acc: 0.06608562916517258
[2024-09-16 13:20:47,055][train.py][line:89][INFO] ---------------epoch 2---------------
lr: [0.0009998767596502603]
[2024-09-16 13:30:52,619][train.py][line:107][INFO] [training]total_num: 142618.0,error: 3.776344049685596
[2024-09-16 13:39:08,324][train.py][line:150][INFO] [testing]total_number: 142618,error: 3.773126036484049,total_acc: 0.06493569910526276
[2024-09-16 13:39:08,510][train.py][line:89][INFO] ---------------epoch 3---------------
lr: [0.0009995687100869909]
[2024-09-16 13:56:02,959][train.py][line:107][INFO] [training]total_num: 142618.0,error: 3.77081565911937
[2024-09-16 14:04:14,731][train.py][line:150][INFO] [testing]total_number: 142618,error: 3.7722286644929683,total_acc: 0.06614172458648682
[2024-09-16 14:04:14,904][train.py][line:89][INFO] ---------------epoch 4---------------
lr: [0.0009991375531879113]
[2024-09-16 14:21:11,769][train.py][line:107][INFO] [training]total_num: 142618.0,error: 3.770257774875983
[2024-09-16 14:29:51,823][train.py][line:150][INFO] [testing]total_number: 142618,error: 3.7709574382074553,total_acc: 0.06608562916517258
[2024-09-16 14:29:52,021][train.py][line:89][INFO] ---------------epoch 5---------------
lr: [0.000998583395328906]
[2024-09-16 14:48:02,990][train.py][line:107][INFO] [training]total_num: 142618.0,error: 3.7707735827885167
[2024-09-16 14:56:18,763][train.py][line:150][INFO] [testing]total_number: 142618,error: 3.771467302579634,total_acc: 0.06608562916517258
[2024-09-16 14:56:18,769][train.py][line:89][INFO] ---------------epoch 6---------------
lr: [0.000997906373234505]
[2024-09-16 15:14:30,700][train.py][line:107][INFO] [training]total_num: 142618.0,error: 3.771244264220176
[2024-09-16 15:23:12,893][train.py][line:150][INFO] [testing]total_number: 142618,error: 3.771059155993051,total_acc: 0.06608562916517258
[2024-09-16 15:23:12,901][train.py][line:89][INFO] ---------------epoch 7---------------
lr: [0.0009971066539441438]
[2024-09-16 15:35:13,394][train.py][line:107][INFO] [training]total_num: 142618.0,error: 3.7702411168850727
[2024-09-16 15:41:15,364][train.py][line:150][INFO] [testing]total_number: 142618,error: 3.771175499605519,total_acc: 0.06538445502519608
[2024-09-16 15:41:15,372][train.py][line:89][INFO] ---------------epoch 8---------------
lr: [0.0009961844347709525]
[2024-09-16 15:52:11,781][train.py][line:107][INFO] [training]total_num: 142618.0,error: 3.769572002864455
[2024-09-16 15:57:18,359][train.py][line:150][INFO] [testing]total_number: 142618,error: 3.7711261198810484,total_acc: 0.06614172458648682
[2024-09-16 15:57:18,366][train.py][line:89][INFO] ---------------epoch 9---------------
lr: [0.000995139943253065]
[2024-09-16 16:07:04,340][train.py][line:107][INFO] [training]total_num: 142618.0,error: 3.767972071401398
[2024-09-16 16:13:10,549][train.py][line:150][INFO] [testing]total_number: 142618,error: 3.769054260524692,total_acc: 0.06614172458648682
[2024-09-16 16:13:10,719][train.py][line:89][INFO] ---------------epoch 10---------------
lr: [0.0009939734370974804]
[2024-09-16 16:27:08,433][train.py][line:107][INFO] [training]total_num: 142618.0,error: 3.7675987095989374
[2024-09-16 16:33:49,250][train.py][line:150][INFO] [testing]total_number: 142618,error: 3.7698887541110047,total_acc: 0.06538445502519608
[2024-09-16 16:33:49,256][train.py][line:89][INFO] ---------------epoch 11---------------
lr: [0.0009926852041164747]
[2024-09-16 16:50:54,537][train.py][line:107][INFO] [training]total_num: 142618.0,error: 3.7688961424654104
[2024-09-16 16:59:14,792][train.py][line:150][INFO] [testing]total_number: 142618,error: 3.7706719337571695,total_acc: 0.06608562916517258
[2024-09-16 16:59:14,799][train.py][line:89][INFO] ---------------epoch 12---------------
lr: [0.0009912755621565839]
[2024-09-16 17:16:10,227][train.py][line:107][INFO] [training]total_num: 142618.0,error: 3.7645485227681306
[2024-09-16 17:24:09,137][train.py][line:150][INFO] [testing]total_number: 142618,error: 3.770323951792273,total_acc: 0.06538445502519608
[2024-09-16 17:24:09,144][train.py][line:89][INFO] ---------------epoch 13---------------
lr: [0.0009897448590201828]
[2024-09-16 17:40:58,846][train.py][line:107][INFO] [training]total_num: 142618.0,error: 3.7667977619509627
[2024-09-16 17:49:16,564][train.py][line:150][INFO] [testing]total_number: 142618,error: 3.7688550523878095,total_acc: 0.06588228791952133
[2024-09-16 17:49:16,745][train.py][line:89][INFO] ---------------epoch 14---------------
lr: [0.000988093472379664]
[2024-09-16 18:06:33,012][train.py][line:107][INFO] [training]total_num: 142618.0,error: 3.765599998416579
[2024-09-16 18:15:03,119][train.py][line:150][INFO] [testing]total_number: 142618,error: 3.7685855386948943,total_acc: 0.06608562916517258
[2024-09-16 18:15:03,311][train.py][line:89][INFO] ---------------epoch 15---------------
lr: [0.0009863218096842561]
[2024-09-16 18:32:38,331][train.py][line:107][INFO] [training]total_num: 142618.0,error: 3.7682377682815322
[2024-09-16 18:41:05,392][train.py][line:150][INFO] [testing]total_number: 142618,error: 3.770707476530439,total_acc: 0.06608562916517258
[2024-09-16 18:41:05,399][train.py][line:89][INFO] ---------------epoch 16---------------
lr: [0.000984430308059486]
[2024-09-16 18:58:36,214][train.py][line:107][INFO] [training]total_num: 142618.0,error: 3.7640707287623383
[2024-09-16 19:06:58,101][train.py][line:150][INFO] [testing]total_number: 142618,error: 3.7697161545029974,total_acc: 0.06608562916517258
[2024-09-16 19:06:58,109][train.py][line:89][INFO] ---------------epoch 17---------------
lr: [0.0009824194341993262]
[2024-09-16 19:23:55,113][train.py][line:107][INFO] [training]total_num: 142618.0,error: 3.766514503754867
[2024-09-16 19:31:56,421][train.py][line:150][INFO] [testing]total_number: 142618,error: 3.7705663232117916,total_acc: 0.06608562916517258
[2024-09-16 19:31:56,428][train.py][line:89][INFO] ---------------epoch 18---------------
lr: [0.0009802896842510422]
[2024-09-16 19:48:15,503][train.py][line:107][INFO] [training]total_num: 142618.0,error: 3.767205075447604
[2024-09-16 19:56:05,274][train.py][line:150][INFO] [testing]total_number: 142618,error: 3.7686849317406805,total_acc: 0.06608562916517258
[2024-09-16 19:56:05,281][train.py][line:89][INFO] ---------------epoch 19---------------
lr: [0.000978041583692774]
[2024-09-16 20:12:18,317][train.py][line:107][INFO] [training]total_num: 142618.0,error: 3.763707478911663
[2024-09-16 20:20:13,642][train.py][line:150][INFO] [testing]total_number: 142618,error: 3.7689807279615564,total_acc: 0.06608562916517258
[2024-09-16 20:20:13,649][train.py][line:89][INFO] ---------------epoch 20---------------
lr: [0.0009756756872038815]
[2024-09-16 20:36:50,621][train.py][line:107][INFO] [training]total_num: 142618.0,error: 3.762568923786031
[2024-09-16 20:45:16,218][train.py][line:150][INFO] [testing]total_number: 142618,error: 3.7679239305227124,total_acc: 0.06538445502519608
[2024-09-16 20:45:16,405][train.py][line:89][INFO] ---------------epoch 21---------------
lr: [0.0009731925785280833]
[2024-09-16 21:02:45,415][train.py][line:107][INFO] [training]total_num: 142618.0,error: 3.766181060034507
[2024-09-16 21:11:09,441][train.py][line:150][INFO] [testing]total_number: 142618,error: 3.7671230074147153,total_acc: 0.06608562916517258
[2024-09-16 21:11:09,751][train.py][line:89][INFO] ---------------epoch 22---------------
lr: [0.0009705928703294251]
[2024-09-16 21:28:40,061][train.py][line:107][INFO] [training]total_num: 142618.0,error: 3.7653439844617194
[2024-09-16 21:37:04,783][train.py][line:150][INFO] [testing]total_number: 142618,error: 3.767561965847608,total_acc: 0.06538445502519608
[2024-09-16 21:37:04,790][train.py][line:89][INFO] ---------------epoch 23---------------
lr: [0.0009678772040411141]
[2024-09-16 21:52:27,543][train.py][line:107][INFO] [training]total_num: 142618.0,error: 3.7639435228247926
[2024-09-16 21:58:10,017][train.py][line:150][INFO] [testing]total_number: 142618,error: 3.7697221809715535,total_acc: 0.06538445502519608
[2024-09-16 21:58:10,023][train.py][line:89][INFO] ---------------epoch 24---------------
lr: [0.0009650462497072505]
[2024-09-16 22:14:25,468][train.py][line:107][INFO] [training]total_num: 142618.0,error: 3.7653036491999927
[2024-09-16 22:22:56,443][train.py][line:150][INFO] [testing]total_number: 142618,error: 3.768418908859632,total_acc: 0.06608562916517258
[2024-09-16 22:22:56,451][train.py][line:89][INFO] ---------------epoch 25---------------
lr: [0.0009621007058175043]
[2024-09-16 22:40:47,097][train.py][line:107][INFO] [training]total_num: 142618.0,error: 3.7630995614611162
[2024-09-16 22:49:17,244][train.py][line:150][INFO] [testing]total_number: 142618,error: 3.7686007731555304,total_acc: 0.06608562916517258
[2024-09-16 22:49:17,253][train.py][line:89][INFO] ---------------epoch 26---------------
lr: [0.0009590412991347725]
[2024-09-16 23:07:12,565][train.py][line:107][INFO] [training]total_num: 142618.0,error: 3.763519277166453
[2024-09-16 23:15:49,063][train.py][line:150][INFO] [testing]total_number: 142618,error: 3.766960303341274,total_acc: 0.06588228791952133
[2024-09-16 23:15:49,785][train.py][line:89][INFO] ---------------epoch 27---------------
lr: [0.0009558687845158569]
[2024-09-16 23:33:33,866][train.py][line:107][INFO] [training]total_num: 142618.0,error: 3.7634236512188375
[2024-09-16 23:41:54,695][train.py][line:150][INFO] [testing]total_number: 142618,error: 3.7673854114952188,total_acc: 0.06538445502519608
[2024-09-16 23:41:54,703][train.py][line:89][INFO] ---------------epoch 28---------------
lr: [0.0009525839447252157]
[2024-09-16 23:58:39,450][train.py][line:107][INFO] [training]total_num: 142618.0,error: 3.7626450755687126
[2024-09-17 00:06:45,870][train.py][line:150][INFO] [testing]total_number: 142618,error: 3.7670693960249055,total_acc: 0.06614172458648682
[2024-09-17 00:06:45,877][train.py][line:89][INFO] ---------------epoch 29---------------
lr: [0.0009491875902418239]
[2024-09-17 00:23:12,246][train.py][line:107][INFO] [training]total_num: 142618.0,error: 3.762903832289214
[2024-09-17 00:28:47,124][train.py][line:150][INFO] [testing]total_number: 142618,error: 3.7691884755876703,total_acc: 0.06608562916517258
[2024-09-17 00:28:47,132][train.py][line:89][INFO] ---------------epoch 30---------------
lr: [0.0009456805590591994]
[2024-09-17 00:39:23,260][train.py][line:107][INFO] [training]total_num: 142618.0,error: 3.764084018641271
[2024-09-17 00:45:03,150][train.py][line:150][INFO] [testing]total_number: 142618,error: 3.7669699979018825,total_acc: 0.06608562916517258
[2024-09-17 00:45:03,160][train.py][line:89][INFO] ---------------epoch 31---------------
lr: [0.0009420637164786383]
[2024-09-17 00:56:08,631][train.py][line:107][INFO] [training]total_num: 142618.0,error: 3.764736890581295
[2024-09-17 01:01:57,568][train.py][line:150][INFO] [testing]total_number: 142618,error: 3.767670790072342,total_acc: 0.06608562916517258
[2024-09-17 01:01:57,575][train.py][line:89][INFO] ---------------epoch 32---------------
lr: [0.0009383379548957131]
[2024-09-17 01:12:52,585][train.py][line:107][INFO] [training]total_num: 142618.0,error: 3.763479989507924
[2024-09-17 01:18:42,733][train.py][line:150][INFO] [testing]total_number: 142618,error: 3.7683992612224397,total_acc: 0.06538445502519608
[2024-09-17 01:18:42,740][train.py][line:89][INFO] ---------------epoch 33---------------
lr: [0.0009345041935800839]
[2024-09-17 01:29:38,605][train.py][line:107][INFO] [training]total_num: 142618.0,error: 3.764118646031052
[2024-09-17 01:35:27,730][train.py][line:150][INFO] [testing]total_number: 142618,error: 3.7692342925727527,total_acc: 0.06608562916517258
[2024-09-17 01:35:27,739][train.py][line:89][INFO] ---------------epoch 34---------------
lr: [0.0009305633784486847]
[2024-09-17 01:46:15,344][train.py][line:107][INFO] [training]total_num: 142618.0,error: 3.7635494583776383
[2024-09-17 01:51:47,176][train.py][line:150][INFO] [testing]total_number: 142618,error: 3.768720516612705,total_acc: 0.06614172458648682
[2024-09-17 01:51:47,186][train.py][line:89][INFO] ---------------epoch 35---------------
lr: [0.0009265164818323249]
[2024-09-17 02:02:16,266][train.py][line:107][INFO] [training]total_num: 142618.0,error: 3.762724056853165
[2024-09-17 02:07:55,918][train.py][line:150][INFO] [testing]total_number: 142618,error: 3.7687359550090203,total_acc: 0.06608562916517258
[2024-09-17 02:07:55,928][train.py][line:89][INFO] ---------------epoch 36---------------
lr: [0.0009223645022357832]
[2024-09-17 02:18:35,159][train.py][line:107][INFO] [training]total_num: 142618.0,error: 3.7630227534455756
[2024-09-17 02:24:18,013][train.py][line:150][INFO] [testing]total_number: 142618,error: 3.7671308984984946,total_acc: 0.06608562916517258
[2024-09-17 02:24:18,022][train.py][line:89][INFO] ---------------epoch 37---------------
lr: [0.000918108464091438]
[2024-09-17 02:35:17,279][train.py][line:107][INFO] [training]total_num: 142618.0,error: 3.7634377796880525
[2024-09-17 02:41:03,221][train.py][line:150][INFO] [testing]total_number: 142618,error: 3.7678924637128532,total_acc: 0.06538445502519608
[2024-09-17 02:41:03,230][train.py][line:89][INFO] ---------------epoch 38---------------
lr: [0.000913749417506502]
[2024-09-17 02:51:42,338][train.py][line:107][INFO] [training]total_num: 142618.0,error: 3.763928417622144
[2024-09-17 02:57:25,153][train.py][line:150][INFO] [testing]total_number: 142618,error: 3.767775859891998,total_acc: 0.06614172458648682
[2024-09-17 02:57:25,161][train.py][line:89][INFO] ---------------epoch 39---------------
lr: [0.0009092884380039211]
[2024-09-17 03:08:12,845][train.py][line:107][INFO] [training]total_num: 142618.0,error: 3.763450232880668
[2024-09-17 03:13:57,718][train.py][line:150][INFO] [testing]total_number: 142618,error: 3.7671350550630396,total_acc: 0.06608562916517258
[2024-09-17 03:13:57,727][train.py][line:89][INFO] ---------------epoch 40---------------
lr: [0.0009047266262570048]
[2024-09-17 03:25:02,490][train.py][line:107][INFO] [training]total_num: 142618.0,error: 3.7625723925965384
[2024-09-17 03:30:46,499][train.py][line:150][INFO] [testing]total_number: 142618,error: 3.767315218273051,total_acc: 0.06608562916517258
[2024-09-17 03:30:46,505][train.py][line:89][INFO] ---------------epoch 41---------------
lr: [0.0009000651078178469]
[2024-09-17 03:41:35,074][train.py][line:107][INFO] [training]total_num: 142618.0,error: 3.7637154205562586
[2024-09-17 03:47:18,525][train.py][line:150][INFO] [testing]total_number: 142618,error: 3.7670981530711622,total_acc: 0.06608562916517258
[2024-09-17 03:47:18,531][train.py][line:89][INFO] ---------------epoch 42---------------
lr: [0.0008953050328396111]
[2024-09-17 03:58:14,323][train.py][line:107][INFO] [training]total_num: 142618.0,error: 3.7619218889759405
[2024-09-17 04:03:55,209][train.py][line:150][INFO] [testing]total_number: 142618,error: 3.76815951917694,total_acc: 0.06588228791952133
[2024-09-17 04:03:55,216][train.py][line:89][INFO] ---------------epoch 43---------------
lr: [0.0008904475757927453]
[2024-09-17 04:14:15,285][train.py][line:107][INFO] [training]total_num: 142618.0,error: 3.762576731941609
[2024-09-17 04:19:50,904][train.py][line:150][INFO] [testing]total_number: 142618,error: 3.7676522890444657,total_acc: 0.06608562916517258
[2024-09-17 04:19:50,912][train.py][line:89][INFO] ---------------epoch 44---------------
lr: [0.0008854939351751976]
[2024-09-17 04:30:36,759][train.py][line:107][INFO] [training]total_num: 142618.0,error: 3.762822867074474
[2024-09-17 04:36:09,462][train.py][line:150][INFO] [testing]total_number: 142618,error: 3.767013917058151,total_acc: 0.06608562916517258
[2024-09-17 04:36:09,471][train.py][line:89][INFO] ---------------epoch 45---------------
lr: [0.0008804453332166981]
[2024-09-17 04:46:56,394][train.py][line:107][INFO] [training]total_num: 142618.0,error: 3.7632296432302184
[2024-09-17 04:52:36,294][train.py][line:150][INFO] [testing]total_number: 142618,error: 3.766697352188503,total_acc: 0.06608562916517258
[2024-09-17 04:52:36,493][train.py][line:89][INFO] ---------------epoch 46---------------
lr: [0.0008753030155771943]
[2024-09-17 05:03:25,402][train.py][line:107][INFO] [training]total_num: 142618.0,error: 3.7613434499623826
[2024-09-17 05:09:01,437][train.py][line:150][INFO] [testing]total_number: 142618,error: 3.7662564491739077,total_acc: 0.06608562916517258
[2024-09-17 05:09:01,647][train.py][line:89][INFO] ---------------epoch 47---------------
lr: [0.0008700682510394966]
[2024-09-17 05:19:20,712][train.py][line:107][INFO] [training]total_num: 142618.0,error: 3.7637524600566334
[2024-09-17 05:24:55,312][train.py][line:150][INFO] [testing]total_number: 142618,error: 3.7667537063439545,total_acc: 0.06538445502519608
[2024-09-17 05:24:55,319][train.py][line:89][INFO] ---------------epoch 48---------------
lr: [0.0008647423311962241]
[2024-09-17 05:35:40,605][train.py][line:107][INFO] [training]total_num: 142618.0,error: 3.762828631430679
[2024-09-17 05:41:25,076][train.py][line:150][INFO] [testing]total_number: 142618,error: 3.7672117926319193,total_acc: 0.06608562916517258
[2024-09-17 05:41:25,086][train.py][line:89][INFO] ---------------epoch 49---------------
lr: [0.0008593265701311212]
[2024-09-17 05:51:58,574][train.py][line:107][INFO] [training]total_num: 142618.0,error: 3.7639015639050406
[2024-09-17 05:57:34,886][train.py][line:150][INFO] [testing]total_number: 142618,error: 3.7665275097316413,total_acc: 0.06608562916517258
[2024-09-17 05:57:34,894][train.py][line:89][INFO] ---------------epoch 50---------------
lr: [0.0008538223040948214]
[2024-09-17 06:07:53,600][train.py][line:107][INFO] [training]total_num: 142618.0,error: 3.7632472857819685
[2024-09-17 06:13:24,142][train.py][line:150][INFO] [testing]total_number: 142618,error: 3.7667830216747102,total_acc: 0.06608562916517258
[2024-09-17 06:13:24,148][train.py][line:89][INFO] ---------------epoch 51---------------
lr: [0.0008482308911751464]
[2024-09-17 06:23:50,830][train.py][line:107][INFO] [training]total_num: 142618.0,error: 3.7620272039838247
[2024-09-17 06:29:21,768][train.py][line:150][INFO] [testing]total_number: 142618,error: 3.7658940755696877,total_acc: 0.06608562916517258
[2024-09-17 06:29:22,436][train.py][line:89][INFO] ---------------epoch 52---------------
lr: [0.0008425537109620152]
[2024-09-17 06:39:57,468][train.py][line:107][INFO] [training]total_num: 142618.0,error: 3.7603909165434004
[2024-09-17 06:45:27,366][train.py][line:150][INFO] [testing]total_number: 142618,error: 3.767516186307147,total_acc: 0.06608562916517258
[2024-09-17 06:45:27,372][train.py][line:89][INFO] ---------------epoch 53---------------
lr: [0.0008367921642070463]
[2024-09-17 06:55:50,669][train.py][line:107][INFO] [training]total_num: 142618.0,error: 3.760938618811444
[2024-09-17 07:01:18,353][train.py][line:150][INFO] [testing]total_number: 142618,error: 3.7666064759959346,total_acc: 0.06608562916517258
[2024-09-17 07:01:18,361][train.py][line:89][INFO] ---------------epoch 54---------------
lr: [0.0008309476724779399]
[2024-09-17 07:11:46,701][train.py][line:107][INFO] [training]total_num: 142618.0,error: 3.7623555691980535
[2024-09-17 07:17:30,447][train.py][line:150][INFO] [testing]total_number: 142618,error: 3.7680001015565834,total_acc: 0.06608562916517258
[2024-09-17 07:17:30,454][train.py][line:89][INFO] ---------------epoch 55---------------
lr: [0.0008250216778077255]
[2024-09-17 07:28:12,113][train.py][line:107][INFO] [training]total_num: 142618.0,error: 3.762159323417305
[2024-09-17 07:33:52,298][train.py][line:150][INFO] [testing]total_number: 142618,error: 3.768061745135046,total_acc: 0.06608562916517258
[2024-09-17 07:33:52,306][train.py][line:89][INFO] ---------------epoch 56---------------
lr: [0.000819015642338956]
[2024-09-17 07:44:27,136][train.py][line:107][INFO] [training]total_num: 142618.0,error: 3.761873279299055
[2024-09-17 07:50:07,544][train.py][line:150][INFO] [testing]total_number: 142618,error: 3.7655790768160475,total_acc: 0.06538445502519608
[2024-09-17 07:50:07,749][train.py][line:89][INFO] ---------------epoch 57---------------
lr: [0.0008129310479629428]
[2024-09-17 08:00:43,654][train.py][line:107][INFO] [training]total_num: 142618.0,error: 3.7618519049782404
[2024-09-17 08:06:26,839][train.py][line:150][INFO] [testing]total_number: 142618,error: 3.7663765490954177,total_acc: 0.06608562916517258
[2024-09-17 08:06:26,846][train.py][line:89][INFO] ---------------epoch 58---------------
lr: [0.000806769395954118]
[2024-09-17 08:17:03,338][train.py][line:107][INFO] [training]total_num: 142618.0,error: 3.761685919105848
[2024-09-17 08:22:44,009][train.py][line:150][INFO] [testing]total_number: 142618,error: 3.7667945677343466,total_acc: 0.06538445502519608
[2024-09-17 08:22:44,016][train.py][line:89][INFO] ---------------epoch 59---------------
lr: [0.000800532206599612]
[2024-09-17 08:33:15,456][train.py][line:107][INFO] [training]total_num: 142618.0,error: 3.7640774427733805
[2024-09-17 08:38:56,980][train.py][line:150][INFO] [testing]total_number: 142618,error: 3.766853709927468,total_acc: 0.06608562916517258
[2024-09-17 08:38:56,988][train.py][line:89][INFO] ---------------epoch 60---------------
lr: [0.0007942210188241431]
[2024-09-17 08:49:29,059][train.py][line:107][INFO] [training]total_num: 142618.0,error: 3.762856119802385
[2024-09-17 08:55:10,102][train.py][line:150][INFO] [testing]total_number: 142618,error: 3.766966910518792,total_acc: 0.06588228791952133
[2024-09-17 08:55:10,112][train.py][line:89][INFO] ---------------epoch 61---------------
lr: [0.0007878373898103046]
[2024-09-17 09:05:54,439][train.py][line:107][INFO] [training]total_num: 142618.0,error: 3.7611751541587877
[2024-09-17 09:11:39,848][train.py][line:150][INFO] [testing]total_number: 142618,error: 3.765765104234589,total_acc: 0.06588228791952133
[2024-09-17 09:11:39,855][train.py][line:89][INFO] ---------------epoch 62---------------
lr: [0.0007813828946143487]
[2024-09-17 09:22:25,592][train.py][line:107][INFO] [training]total_num: 142618.0,error: 3.764151060591785
[2024-09-17 09:27:55,766][train.py][line:150][INFO] [testing]total_number: 142618,error: 3.766565864871007,total_acc: 0.06538445502519608
[2024-09-17 09:27:55,773][train.py][line:89][INFO] ---------------epoch 63---------------
lr: [0.0007748591257775623]
[2024-09-17 09:38:17,421][train.py][line:107][INFO] [training]total_num: 142618.0,error: 3.7625298935857194
[2024-09-17 09:43:48,096][train.py][line:150][INFO] [testing]total_number: 142618,error: 3.7667967166748317,total_acc: 0.06608562916517258
[2024-09-17 09:43:48,103][train.py][line:89][INFO] ---------------epoch 64---------------
lr: [0.0007682676929333235]
[2024-09-17 09:54:08,254][train.py][line:107][INFO] [training]total_num: 142618.0,error: 3.7621715026506832
[2024-09-17 09:59:48,996][train.py][line:150][INFO] [testing]total_number: 142618,error: 3.765916199417588,total_acc: 0.06608562916517258
[2024-09-17 09:59:49,004][train.py][line:89][INFO] ---------------epoch 65---------------
lr: [0.0007616102224099463]
[2024-09-17 10:10:27,221][train.py][line:107][INFO] [training]total_num: 142618.0,error: 3.763131629711987
[2024-09-17 10:16:04,427][train.py][line:150][INFO] [testing]total_number: 142618,error: 3.7657937364654406,total_acc: 0.06608562916517258
[2024-09-17 10:16:04,436][train.py][line:89][INFO] ---------------epoch 66---------------
lr: [0.0007548883568294011]
[2024-09-17 10:26:50,119][train.py][line:107][INFO] [training]total_num: 142618.0,error: 3.763341871107587
[2024-09-17 10:32:32,959][train.py][line:150][INFO] [testing]total_number: 142618,error: 3.7661495346248732,total_acc: 0.06614172458648682
[2024-09-17 10:32:32,967][train.py][line:89][INFO] ---------------epoch 67---------------
lr: [0.0007481037547020173]
[2024-09-17 10:43:18,366][train.py][line:107][INFO] [training]total_num: 142618.0,error: 3.760958256505714
[2024-09-17 10:48:52,666][train.py][line:150][INFO] [testing]total_number: 142618,error: 3.7657881322537468,total_acc: 0.06608562916517258
[2024-09-17 10:48:52,673][train.py][line:89][INFO] ---------------epoch 68---------------
lr: [0.0007412580900172655]
[2024-09-17 10:59:13,313][train.py][line:107][INFO] [training]total_num: 142618.0,error: 3.761891170846961
[2024-09-17 11:04:53,612][train.py][line:150][INFO] [testing]total_number: 142618,error: 3.766828509062502,total_acc: 0.06608562916517258
[2024-09-17 11:04:53,619][train.py][line:89][INFO] ---------------epoch 69---------------
lr: [0.0007343530518307187]
[2024-09-17 11:15:33,161][train.py][line:107][INFO] [training]total_num: 142618.0,error: 3.762446257532859
[2024-09-17 11:21:10,065][train.py][line:150][INFO] [testing]total_number: 142618,error: 3.7656330110334992,total_acc: 0.06608562916517258
[2024-09-17 11:21:10,071][train.py][line:89][INFO] ---------------epoch 70---------------
lr: [0.0007273903438472989]
[2024-09-17 11:31:37,063][train.py][line:107][INFO] [training]total_num: 142618.0,error: 3.7622477633824047
[2024-09-17 11:37:18,680][train.py][line:150][INFO] [testing]total_number: 142618,error: 3.7668019121689613,total_acc: 0.06614172458648682
[2024-09-17 11:37:18,690][train.py][line:89][INFO] ---------------epoch 71---------------
lr: [0.0007203716840009035]
