[2024-07-18 16:24:29,685][train.py][line:64][INFO] ---------------args---------------
Namespace(data_path='./data/Pymatgen_Wrapped/1/', train_name='ExploreV1_Res_hkl_Mam_BigWD', model_path=None, learning_rate=1e-05, min_learning_rate=1e-06, start_scheduler_step=0, weight_decay=0.0005, momentum=0.99, batch_size=256, class_num=230, epoch_num=60, model_save_path='./checkpoints/ExploreV1_Res_hkl_Mam_BigWD', device='0', scheduler_T=None, num_workers=20, log_name='log/train//train_ExploreV1_Res_hkl_Mam_BigWD_2024_07_18_16:24:24.log')
[2024-07-18 16:24:29,687][train.py][line:65][INFO] ---------------model---------------
ExplorerV1(
  (predict_hkl_block): BiMamba(
    (layers): ModuleList(
      (0-3): 4 x ResidualBlock(
        (mixer): MambaBlock(
          (in_proj): Linear(in_features=2, out_features=8, bias=False)
          (conv1d): Conv1d(4, 4, kernel_size=(4,), stride=(1,), padding=(3,), groups=4)
          (x_proj): Linear(in_features=4, out_features=33, bias=False)
          (dt_proj): Linear(in_features=1, out_features=4, bias=True)
          (out_proj): Linear(in_features=4, out_features=2, bias=False)
        )
        (norm): RMSNorm()
      )
    )
    (norm_f): RMSNorm()
  )
  (project): Linear(in_features=2, out_features=3, bias=True)
  (conv): ResTcn(
    (conv): Sequential(
      (0): ResBlock1D(
        (pre): Conv1d(3, 32, kernel_size=(1,), stride=(1,), bias=False)
        (conv): Sequential(
          (0): Conv1d(32, 32, kernel_size=(3,), stride=(1,), padding=(1,), bias=False)
          (1): BatchNorm1d(32, eps=1e-05, momentum=0.1, affine=True, track_running_stats=True)
          (2): LeakyReLU(negative_slope=0.01)
          (3): Conv1d(32, 32, kernel_size=(3,), stride=(1,), padding=(1,), bias=False)
          (4): BatchNorm1d(32, eps=1e-05, momentum=0.1, affine=True, track_running_stats=True)
        )
        (relu): LeakyReLU(negative_slope=0.01)
      )
      (1): MaxPool1d(kernel_size=2, stride=2, padding=0, dilation=1, ceil_mode=False)
      (2): ResBlock1D(
        (pre): Identity()
        (conv): Sequential(
          (0): Conv1d(32, 32, kernel_size=(3,), stride=(1,), padding=(1,), bias=False)
          (1): BatchNorm1d(32, eps=1e-05, momentum=0.1, affine=True, track_running_stats=True)
          (2): LeakyReLU(negative_slope=0.01)
          (3): Conv1d(32, 32, kernel_size=(3,), stride=(1,), padding=(1,), bias=False)
          (4): BatchNorm1d(32, eps=1e-05, momentum=0.1, affine=True, track_running_stats=True)
        )
        (relu): LeakyReLU(negative_slope=0.01)
      )
      (3): MaxPool1d(kernel_size=2, stride=2, padding=0, dilation=1, ceil_mode=False)
      (4): ResBlock1D(
        (pre): Conv1d(32, 64, kernel_size=(1,), stride=(1,), bias=False)
        (conv): Sequential(
          (0): Conv1d(64, 64, kernel_size=(3,), stride=(1,), padding=(1,), bias=False)
          (1): BatchNorm1d(64, eps=1e-05, momentum=0.1, affine=True, track_running_stats=True)
          (2): LeakyReLU(negative_slope=0.01)
          (3): Conv1d(64, 64, kernel_size=(3,), stride=(1,), padding=(1,), bias=False)
          (4): BatchNorm1d(64, eps=1e-05, momentum=0.1, affine=True, track_running_stats=True)
        )
        (relu): LeakyReLU(negative_slope=0.01)
      )
      (5): MaxPool1d(kernel_size=2, stride=2, padding=0, dilation=1, ceil_mode=False)
      (6): ResBlock1D(
        (pre): Conv1d(64, 128, kernel_size=(1,), stride=(1,), bias=False)
        (conv): Sequential(
          (0): Conv1d(128, 128, kernel_size=(3,), stride=(1,), padding=(1,), bias=False)
          (1): BatchNorm1d(128, eps=1e-05, momentum=0.1, affine=True, track_running_stats=True)
          (2): LeakyReLU(negative_slope=0.01)
          (3): Conv1d(128, 128, kernel_size=(3,), stride=(1,), padding=(1,), bias=False)
          (4): BatchNorm1d(128, eps=1e-05, momentum=0.1, affine=True, track_running_stats=True)
        )
        (relu): LeakyReLU(negative_slope=0.01)
      )
      (7): MaxPool1d(kernel_size=2, stride=2, padding=0, dilation=1, ceil_mode=False)
      (8): ResBlock1D(
        (pre): Identity()
        (conv): Sequential(
          (0): Conv1d(128, 128, kernel_size=(3,), stride=(1,), padding=(1,), bias=False)
          (1): BatchNorm1d(128, eps=1e-05, momentum=0.1, affine=True, track_running_stats=True)
          (2): LeakyReLU(negative_slope=0.01)
          (3): Conv1d(128, 128, kernel_size=(3,), stride=(1,), padding=(1,), bias=False)
          (4): BatchNorm1d(128, eps=1e-05, momentum=0.1, affine=True, track_running_stats=True)
        )
        (relu): LeakyReLU(negative_slope=0.01)
      )
      (9): AvgPool1d(kernel_size=(2,), stride=(2,), padding=(1,))
      (10): ResBlock1D(
        (pre): Conv1d(128, 256, kernel_size=(1,), stride=(1,), bias=False)
        (conv): Sequential(
          (0): Conv1d(256, 256, kernel_size=(3,), stride=(1,), padding=(1,), bias=False)
          (1): BatchNorm1d(256, eps=1e-05, momentum=0.1, affine=True, track_running_stats=True)
          (2): LeakyReLU(negative_slope=0.01)
          (3): Conv1d(256, 256, kernel_size=(3,), stride=(1,), padding=(1,), bias=False)
          (4): BatchNorm1d(256, eps=1e-05, momentum=0.1, affine=True, track_running_stats=True)
        )
        (relu): LeakyReLU(negative_slope=0.01)
      )
      (11): AvgPool1d(kernel_size=(2,), stride=(2,), padding=(0,))
      (12): ResBlock1D(
        (pre): Identity()
        (conv): Sequential(
          (0): Conv1d(256, 256, kernel_size=(3,), stride=(1,), padding=(1,), bias=False)
          (1): BatchNorm1d(256, eps=1e-05, momentum=0.1, affine=True, track_running_stats=True)
          (2): LeakyReLU(negative_slope=0.01)
          (3): Conv1d(256, 256, kernel_size=(3,), stride=(1,), padding=(1,), bias=False)
          (4): BatchNorm1d(256, eps=1e-05, momentum=0.1, affine=True, track_running_stats=True)
        )
        (relu): LeakyReLU(negative_slope=0.01)
      )
      (13): AvgPool1d(kernel_size=(2,), stride=(2,), padding=(1,))
      (14): ResBlock1D(
        (pre): Conv1d(256, 512, kernel_size=(1,), stride=(1,), bias=False)
        (conv): Sequential(
          (0): Conv1d(512, 512, kernel_size=(3,), stride=(1,), padding=(1,), bias=False)
          (1): BatchNorm1d(512, eps=1e-05, momentum=0.1, affine=True, track_running_stats=True)
          (2): LeakyReLU(negative_slope=0.01)
          (3): Conv1d(512, 512, kernel_size=(3,), stride=(1,), padding=(1,), bias=False)
          (4): BatchNorm1d(512, eps=1e-05, momentum=0.1, affine=True, track_running_stats=True)
        )
        (relu): LeakyReLU(negative_slope=0.01)
      )
      (15): AvgPool1d(kernel_size=(2,), stride=(2,), padding=(1,))
      (16): ResBlock1D(
        (pre): Identity()
        (conv): Sequential(
          (0): Conv1d(512, 512, kernel_size=(3,), stride=(1,), padding=(1,), bias=False)
          (1): BatchNorm1d(512, eps=1e-05, momentum=0.1, affine=True, track_running_stats=True)
          (2): LeakyReLU(negative_slope=0.01)
          (3): Conv1d(512, 512, kernel_size=(3,), stride=(1,), padding=(1,), bias=False)
          (4): BatchNorm1d(512, eps=1e-05, momentum=0.1, affine=True, track_running_stats=True)
        )
        (relu): LeakyReLU(negative_slope=0.01)
      )
      (17): AvgPool1d(kernel_size=(2,), stride=(2,), padding=(0,))
      (18): ResBlock1D(
        (pre): Conv1d(512, 1024, kernel_size=(1,), stride=(1,), bias=False)
        (conv): Sequential(
          (0): Conv1d(1024, 1024, kernel_size=(3,), stride=(1,), padding=(1,), bias=False)
          (1): BatchNorm1d(1024, eps=1e-05, momentum=0.1, affine=True, track_running_stats=True)
          (2): LeakyReLU(negative_slope=0.01)
          (3): Conv1d(1024, 1024, kernel_size=(3,), stride=(1,), padding=(1,), bias=False)
          (4): BatchNorm1d(1024, eps=1e-05, momentum=0.1, affine=True, track_running_stats=True)
        )
        (relu): LeakyReLU(negative_slope=0.01)
      )
      (19): AvgPool1d(kernel_size=(2,), stride=(2,), padding=(0,))
      (20): Dropout(p=0.1, inplace=False)
      (21): ResBlock1D(
        (pre): Identity()
        (conv): Sequential(
          (0): Conv1d(1024, 1024, kernel_size=(3,), stride=(1,), padding=(1,), bias=False)
          (1): BatchNorm1d(1024, eps=1e-05, momentum=0.1, affine=True, track_running_stats=True)
          (2): LeakyReLU(negative_slope=0.01)
          (3): Conv1d(1024, 1024, kernel_size=(3,), stride=(1,), padding=(1,), bias=False)
          (4): BatchNorm1d(1024, eps=1e-05, momentum=0.1, affine=True, track_running_stats=True)
        )
        (relu): LeakyReLU(negative_slope=0.01)
      )
      (22): AvgPool1d(kernel_size=(2,), stride=(2,), padding=(0,))
      (23): Dropout(p=0.1, inplace=False)
      (24): ResBlock1D(
        (pre): Identity()
        (conv): Sequential(
          (0): Conv1d(1024, 1024, kernel_size=(3,), stride=(1,), padding=(1,), bias=False)
          (1): BatchNorm1d(1024, eps=1e-05, momentum=0.1, affine=True, track_running_stats=True)
          (2): LeakyReLU(negative_slope=0.01)
          (3): Conv1d(1024, 1024, kernel_size=(3,), stride=(1,), padding=(1,), bias=False)
          (4): BatchNorm1d(1024, eps=1e-05, momentum=0.1, affine=True, track_running_stats=True)
        )
        (relu): LeakyReLU(negative_slope=0.01)
      )
      (25): AvgPool1d(kernel_size=(2,), stride=(2,), padding=(0,))
      (26): Dropout(p=0.1, inplace=False)
      (27): ResBlock1D(
        (pre): Identity()
        (conv): Sequential(
          (0): Conv1d(1024, 1024, kernel_size=(3,), stride=(1,), padding=(1,), bias=False)
          (1): BatchNorm1d(1024, eps=1e-05, momentum=0.1, affine=True, track_running_stats=True)
          (2): LeakyReLU(negative_slope=0.01)
          (3): Conv1d(1024, 1024, kernel_size=(3,), stride=(1,), padding=(1,), bias=False)
          (4): BatchNorm1d(1024, eps=1e-05, momentum=0.1, affine=True, track_running_stats=True)
        )
        (relu): LeakyReLU(negative_slope=0.01)
      )
      (28): AvgPool1d(kernel_size=(2,), stride=(2,), padding=(0,))
      (29): Flatten(start_dim=1, end_dim=-1)
      (30): Linear(in_features=1024, out_features=230, bias=True)
    )
  )
)
[2024-07-18 16:24:29,687][train.py][line:66][INFO] ---------------device---------------
cuda:0
[2024-07-18 16:24:29,687][train.py][line:67][INFO] ---------------optimizer---------------
AdamW (
Parameter Group 0
    amsgrad: False
    betas: (0.9, 0.999)
    capturable: False
    differentiable: False
    eps: 1e-08
    foreach: None
    fused: None
    initial_lr: 1e-05
    lr: 1e-05
    maximize: False
    weight_decay: 0.0005
)
[2024-07-18 16:24:29,687][train.py][line:68][INFO] ---------------lossfn---------------
CrossEntropyLoss()
[2024-07-18 16:24:29,687][train.py][line:69][INFO] ---------------seed---------------
3407
[2024-07-18 16:24:29,691][train.py][line:81][INFO] ---------------epoch 1---------------
lr: [1e-05]
[2024-07-18 16:31:43,883][train.py][line:100][INFO] [training]total_num: 141865.0,error: 3.7830693212403
[2024-07-18 16:34:37,380][train.py][line:139][INFO] [testing]total_number: 141865,error: 7.833962416520452,total_acc: 0.03588622808456421
[2024-07-18 16:34:37,795][train.py][line:81][INFO] ---------------epoch 2---------------
lr: [9.98767003868489e-06]
[2024-07-18 16:41:44,622][train.py][line:100][INFO] [training]total_num: 141865.0,error: 3.2992455158884266
[2024-07-18 16:44:50,703][train.py][line:139][INFO] [testing]total_number: 141865,error: 7.678483961300533,total_acc: 0.050259049981832504
[2024-07-18 16:44:51,104][train.py][line:81][INFO] ---------------epoch 3---------------
lr: [9.956902141528585e-06]
