[2024-07-03 15:52:19,560][train.py][line:73][INFO] ---------------args---------------
Namespace(data_path='../MOF/data/Pymatgen_Wrapped/1/', train_name='ResTcn_8500_mayraw', model_path=None, learning_rate=0.0005, min_learning_rate=1e-05, start_scheduler_step=50, weight_decay=0, momentum=0.99, batch_size=512, class_num=230, epoch_num=500, model_save_path='./checkpoints/ResTcn_8500_mayraw', device='2', scheduler_T=None, num_workers=20, log_name='log/train//train_ResTcn_8500_mayraw_2024_07_03_15:52:17.log')
[2024-07-03 15:52:19,561][train.py][line:74][INFO] ---------------model---------------
RES_TCN(
  (TCN): Sequential(
    (0): ResBlock1D(
      (pre): Conv1d(2, 32, kernel_size=(1,), stride=(1,), bias=False)
      (conv): Sequential(
        (0): Conv1d(32, 32, kernel_size=(3,), stride=(1,), padding=(1,), bias=False)
        (1): BatchNorm1d(32, eps=1e-05, momentum=0.1, affine=True, track_running_stats=True)
        (2): LeakyReLU(negative_slope=0.01)
        (3): Conv1d(32, 32, kernel_size=(3,), stride=(1,), padding=(1,), bias=False)
        (4): BatchNorm1d(32, eps=1e-05, momentum=0.1, affine=True, track_running_stats=True)
      )
      (relu): LeakyReLU(negative_slope=0.01)
    )
    (1): MaxPool1d(kernel_size=2, stride=2, padding=0, dilation=1, ceil_mode=False)
    (2): ResBlock1D(
      (pre): Identity()
      (conv): Sequential(
        (0): Conv1d(32, 32, kernel_size=(3,), stride=(1,), padding=(1,), bias=False)
        (1): BatchNorm1d(32, eps=1e-05, momentum=0.1, affine=True, track_running_stats=True)
        (2): LeakyReLU(negative_slope=0.01)
        (3): Conv1d(32, 32, kernel_size=(3,), stride=(1,), padding=(1,), bias=False)
        (4): BatchNorm1d(32, eps=1e-05, momentum=0.1, affine=True, track_running_stats=True)
      )
      (relu): LeakyReLU(negative_slope=0.01)
    )
    (3): MaxPool1d(kernel_size=2, stride=2, padding=0, dilation=1, ceil_mode=False)
    (4): ResBlock1D(
      (pre): Conv1d(32, 64, kernel_size=(1,), stride=(1,), bias=False)
      (conv): Sequential(
        (0): Conv1d(64, 64, kernel_size=(3,), stride=(1,), padding=(1,), bias=False)
        (1): BatchNorm1d(64, eps=1e-05, momentum=0.1, affine=True, track_running_stats=True)
        (2): LeakyReLU(negative_slope=0.01)
        (3): Conv1d(64, 64, kernel_size=(3,), stride=(1,), padding=(1,), bias=False)
        (4): BatchNorm1d(64, eps=1e-05, momentum=0.1, affine=True, track_running_stats=True)
      )
      (relu): LeakyReLU(negative_slope=0.01)
    )
    (5): MaxPool1d(kernel_size=2, stride=2, padding=0, dilation=1, ceil_mode=False)
    (6): ResBlock1D(
      (pre): Conv1d(64, 128, kernel_size=(1,), stride=(1,), bias=False)
      (conv): Sequential(
        (0): Conv1d(128, 128, kernel_size=(3,), stride=(1,), padding=(1,), bias=False)
        (1): BatchNorm1d(128, eps=1e-05, momentum=0.1, affine=True, track_running_stats=True)
        (2): LeakyReLU(negative_slope=0.01)
        (3): Conv1d(128, 128, kernel_size=(3,), stride=(1,), padding=(1,), bias=False)
        (4): BatchNorm1d(128, eps=1e-05, momentum=0.1, affine=True, track_running_stats=True)
      )
      (relu): LeakyReLU(negative_slope=0.01)
    )
    (7): MaxPool1d(kernel_size=2, stride=2, padding=0, dilation=1, ceil_mode=False)
    (8): ResBlock1D(
      (pre): Identity()
      (conv): Sequential(
        (0): Conv1d(128, 128, kernel_size=(3,), stride=(1,), padding=(1,), bias=False)
        (1): BatchNorm1d(128, eps=1e-05, momentum=0.1, affine=True, track_running_stats=True)
        (2): LeakyReLU(negative_slope=0.01)
        (3): Conv1d(128, 128, kernel_size=(3,), stride=(1,), padding=(1,), bias=False)
        (4): BatchNorm1d(128, eps=1e-05, momentum=0.1, affine=True, track_running_stats=True)
      )
      (relu): LeakyReLU(negative_slope=0.01)
    )
    (9): AvgPool1d(kernel_size=(2,), stride=(2,), padding=(1,))
    (10): ResBlock1D(
      (pre): Conv1d(128, 256, kernel_size=(1,), stride=(1,), bias=False)
      (conv): Sequential(
        (0): Conv1d(256, 256, kernel_size=(3,), stride=(1,), padding=(1,), bias=False)
        (1): BatchNorm1d(256, eps=1e-05, momentum=0.1, affine=True, track_running_stats=True)
        (2): LeakyReLU(negative_slope=0.01)
        (3): Conv1d(256, 256, kernel_size=(3,), stride=(1,), padding=(1,), bias=False)
        (4): BatchNorm1d(256, eps=1e-05, momentum=0.1, affine=True, track_running_stats=True)
      )
      (relu): LeakyReLU(negative_slope=0.01)
    )
    (11): AvgPool1d(kernel_size=(2,), stride=(2,), padding=(0,))
    (12): ResBlock1D(
      (pre): Identity()
      (conv): Sequential(
        (0): Conv1d(256, 256, kernel_size=(3,), stride=(1,), padding=(1,), bias=False)
        (1): BatchNorm1d(256, eps=1e-05, momentum=0.1, affine=True, track_running_stats=True)
        (2): LeakyReLU(negative_slope=0.01)
        (3): Conv1d(256, 256, kernel_size=(3,), stride=(1,), padding=(1,), bias=False)
        (4): BatchNorm1d(256, eps=1e-05, momentum=0.1, affine=True, track_running_stats=True)
      )
      (relu): LeakyReLU(negative_slope=0.01)
    )
    (13): AvgPool1d(kernel_size=(2,), stride=(2,), padding=(1,))
    (14): ResBlock1D(
      (pre): Conv1d(256, 512, kernel_size=(1,), stride=(1,), bias=False)
      (conv): Sequential(
        (0): Conv1d(512, 512, kernel_size=(3,), stride=(1,), padding=(1,), bias=False)
        (1): BatchNorm1d(512, eps=1e-05, momentum=0.1, affine=True, track_running_stats=True)
        (2): LeakyReLU(negative_slope=0.01)
        (3): Conv1d(512, 512, kernel_size=(3,), stride=(1,), padding=(1,), bias=False)
        (4): BatchNorm1d(512, eps=1e-05, momentum=0.1, affine=True, track_running_stats=True)
      )
      (relu): LeakyReLU(negative_slope=0.01)
    )
    (15): AvgPool1d(kernel_size=(2,), stride=(2,), padding=(1,))
    (16): ResBlock1D(
      (pre): Identity()
      (conv): Sequential(
        (0): Conv1d(512, 512, kernel_size=(3,), stride=(1,), padding=(1,), bias=False)
        (1): BatchNorm1d(512, eps=1e-05, momentum=0.1, affine=True, track_running_stats=True)
        (2): LeakyReLU(negative_slope=0.01)
        (3): Conv1d(512, 512, kernel_size=(3,), stride=(1,), padding=(1,), bias=False)
        (4): BatchNorm1d(512, eps=1e-05, momentum=0.1, affine=True, track_running_stats=True)
      )
      (relu): LeakyReLU(negative_slope=0.01)
    )
    (17): AvgPool1d(kernel_size=(2,), stride=(2,), padding=(0,))
    (18): ResBlock1D(
      (pre): Conv1d(512, 1024, kernel_size=(1,), stride=(1,), bias=False)
      (conv): Sequential(
        (0): Conv1d(1024, 1024, kernel_size=(3,), stride=(1,), padding=(1,), bias=False)
        (1): BatchNorm1d(1024, eps=1e-05, momentum=0.1, affine=True, track_running_stats=True)
        (2): LeakyReLU(negative_slope=0.01)
        (3): Conv1d(1024, 1024, kernel_size=(3,), stride=(1,), padding=(1,), bias=False)
        (4): BatchNorm1d(1024, eps=1e-05, momentum=0.1, affine=True, track_running_stats=True)
      )
      (relu): LeakyReLU(negative_slope=0.01)
    )
    (19): AvgPool1d(kernel_size=(2,), stride=(2,), padding=(0,))
    (20): Dropout(p=0, inplace=False)
    (21): ResBlock1D(
      (pre): Identity()
      (conv): Sequential(
        (0): Conv1d(1024, 1024, kernel_size=(3,), stride=(1,), padding=(1,), bias=False)
        (1): BatchNorm1d(1024, eps=1e-05, momentum=0.1, affine=True, track_running_stats=True)
        (2): LeakyReLU(negative_slope=0.01)
        (3): Conv1d(1024, 1024, kernel_size=(3,), stride=(1,), padding=(1,), bias=False)
        (4): BatchNorm1d(1024, eps=1e-05, momentum=0.1, affine=True, track_running_stats=True)
      )
      (relu): LeakyReLU(negative_slope=0.01)
    )
    (22): AvgPool1d(kernel_size=(2,), stride=(2,), padding=(0,))
    (23): Dropout(p=0, inplace=False)
    (24): ResBlock1D(
      (pre): Identity()
      (conv): Sequential(
        (0): Conv1d(1024, 1024, kernel_size=(3,), stride=(1,), padding=(1,), bias=False)
        (1): BatchNorm1d(1024, eps=1e-05, momentum=0.1, affine=True, track_running_stats=True)
        (2): LeakyReLU(negative_slope=0.01)
        (3): Conv1d(1024, 1024, kernel_size=(3,), stride=(1,), padding=(1,), bias=False)
        (4): BatchNorm1d(1024, eps=1e-05, momentum=0.1, affine=True, track_running_stats=True)
      )
      (relu): LeakyReLU(negative_slope=0.01)
    )
    (25): AvgPool1d(kernel_size=(2,), stride=(2,), padding=(0,))
    (26): Dropout(p=0, inplace=False)
    (27): ResBlock1D(
      (pre): Identity()
      (conv): Sequential(
        (0): Conv1d(1024, 1024, kernel_size=(3,), stride=(1,), padding=(1,), bias=False)
        (1): BatchNorm1d(1024, eps=1e-05, momentum=0.1, affine=True, track_running_stats=True)
        (2): LeakyReLU(negative_slope=0.01)
        (3): Conv1d(1024, 1024, kernel_size=(3,), stride=(1,), padding=(1,), bias=False)
        (4): BatchNorm1d(1024, eps=1e-05, momentum=0.1, affine=True, track_running_stats=True)
      )
      (relu): LeakyReLU(negative_slope=0.01)
    )
    (28): AvgPool1d(kernel_size=(2,), stride=(2,), padding=(0,))
    (29): Flatten(start_dim=1, end_dim=-1)
    (30): Linear(in_features=1024, out_features=230, bias=True)
  )
)
[2024-07-03 15:52:19,561][train.py][line:75][INFO] ---------------device---------------
cuda:2
[2024-07-03 15:52:19,561][train.py][line:76][INFO] ---------------optimizer---------------
AdamW (
Parameter Group 0
    amsgrad: False
    betas: (0.9, 0.999)
    capturable: False
    differentiable: False
    eps: 1e-08
    foreach: None
    fused: None
    initial_lr: 0.0005
    lr: 0.0005
    maximize: False
    weight_decay: 0
)
[2024-07-03 15:52:19,562][train.py][line:77][INFO] ---------------lossfn---------------
CrossEntropyLoss()
[2024-07-03 15:52:19,562][train.py][line:78][INFO] ---------------seed---------------
3407
[2024-07-03 15:52:19,566][train.py][line:90][INFO] ---------------epoch 1---------------
lr: [0.0005]
[2024-07-03 15:54:06,287][train.py][line:108][INFO] [training]total_num: 142617.0,error: 3.2358683306020457
[2024-07-03 15:55:19,176][train.py][line:146][INFO] [testing]total_number: 142617,error: 10.950840616559649,total_acc: 0.07948561757802963
[2024-07-03 15:55:19,558][train.py][line:90][INFO] ---------------epoch 2---------------
lr: [0.0005]
[2024-07-03 15:56:58,716][train.py][line:108][INFO] [training]total_num: 142617.0,error: 2.7035628565541514
[2024-07-03 15:57:53,032][train.py][line:146][INFO] [testing]total_number: 142617,error: 5.783297455394185,total_acc: 0.10022648423910141
[2024-07-03 15:57:53,434][train.py][line:90][INFO] ---------------epoch 3---------------
lr: [0.0005]
[2024-07-03 15:59:24,207][train.py][line:108][INFO] [training]total_num: 142617.0,error: 2.3889023565745853
[2024-07-03 16:00:20,565][train.py][line:146][INFO] [testing]total_number: 142617,error: 75.9446522372586,total_acc: 0.004725944250822067
[2024-07-03 16:00:20,577][train.py][line:90][INFO] ---------------epoch 4---------------
lr: [0.0005]
[2024-07-03 16:01:52,894][train.py][line:108][INFO] [training]total_num: 142617.0,error: 2.196843630367226
[2024-07-03 16:02:45,153][train.py][line:146][INFO] [testing]total_number: 142617,error: 12.211678371562824,total_acc: 0.08613979816436768
[2024-07-03 16:02:45,164][train.py][line:90][INFO] ---------------epoch 5---------------
lr: [0.0005]
[2024-07-03 16:04:16,122][train.py][line:108][INFO] [training]total_num: 142617.0,error: 1.9828998617358975
[2024-07-03 16:05:09,568][train.py][line:146][INFO] [testing]total_number: 142617,error: 11.844250792389984,total_acc: 0.10695779323577881
[2024-07-03 16:05:09,915][train.py][line:90][INFO] ---------------epoch 6---------------
lr: [0.0005]
[2024-07-03 16:06:41,152][train.py][line:108][INFO] [training]total_num: 142617.0,error: 1.8808785126759455
[2024-07-03 16:07:39,445][train.py][line:146][INFO] [testing]total_number: 142617,error: 35.57077827987138,total_acc: 0.006934657227247953
[2024-07-03 16:07:39,545][train.py][line:90][INFO] ---------------epoch 7---------------
lr: [0.0005]
[2024-07-03 16:09:11,826][train.py][line:108][INFO] [training]total_num: 142617.0,error: 1.8005562412155258
[2024-07-03 16:10:07,518][train.py][line:146][INFO] [testing]total_number: 142617,error: 27.47833629421421,total_acc: 0.008421155624091625
[2024-07-03 16:10:07,532][train.py][line:90][INFO] ---------------epoch 8---------------
lr: [0.0005]
[2024-07-03 16:11:41,000][train.py][line:108][INFO] [training]total_num: 142617.0,error: 1.6316178766163913
[2024-07-03 16:12:39,722][train.py][line:146][INFO] [testing]total_number: 142617,error: 15.401882014908157,total_acc: 0.035150088369846344
[2024-07-03 16:12:39,741][train.py][line:90][INFO] ---------------epoch 9---------------
lr: [0.0005]
[2024-07-03 16:14:13,357][train.py][line:108][INFO] [training]total_num: 142617.0,error: 1.6078532392328435
[2024-07-03 16:15:15,802][train.py][line:146][INFO] [testing]total_number: 142617,error: 7.942955168810758,total_acc: 0.050898559391498566
[2024-07-03 16:15:15,813][train.py][line:90][INFO] ---------------epoch 10---------------
lr: [0.0005]
[2024-07-03 16:16:46,885][train.py][line:108][INFO] [training]total_num: 142617.0,error: 1.410305350393682
[2024-07-03 16:17:40,419][train.py][line:146][INFO] [testing]total_number: 142617,error: 17.530020306994032,total_acc: 0.035486653447151184
[2024-07-03 16:17:40,434][train.py][line:90][INFO] ---------------epoch 11---------------
lr: [0.0005]
[2024-07-03 16:19:11,359][train.py][line:108][INFO] [training]total_num: 142617.0,error: 1.3628338942160974
[2024-07-03 16:20:07,748][train.py][line:146][INFO] [testing]total_number: 142617,error: 3.429993203469923,total_acc: 0.23191484808921814
[2024-07-03 16:20:08,128][train.py][line:90][INFO] ---------------epoch 12---------------
lr: [0.0005]
[2024-07-03 16:21:40,444][train.py][line:108][INFO] [training]total_num: 142617.0,error: 1.4786937299308243
[2024-07-03 16:22:42,754][train.py][line:146][INFO] [testing]total_number: 142617,error: 6.244971176961085,total_acc: 0.1010468602180481
[2024-07-03 16:22:42,772][train.py][line:90][INFO] ---------------epoch 13---------------
lr: [0.0005]
[2024-07-03 16:24:15,554][train.py][line:108][INFO] [training]total_num: 142617.0,error: 1.3460816699308116
[2024-07-03 16:25:08,685][train.py][line:146][INFO] [testing]total_number: 142617,error: 3.50514126657606,total_acc: 0.26266855001449585
[2024-07-03 16:25:09,046][train.py][line:90][INFO] ---------------epoch 14---------------
lr: [0.0005]
[2024-07-03 16:26:40,103][train.py][line:108][INFO] [training]total_num: 142617.0,error: 1.23747700119352
[2024-07-03 16:27:35,456][train.py][line:146][INFO] [testing]total_number: 142617,error: 2.7743551514365454,total_acc: 0.3391110599040985
[2024-07-03 16:27:35,797][train.py][line:90][INFO] ---------------epoch 15---------------
lr: [0.0005]
[2024-07-03 16:29:07,777][train.py][line:108][INFO] [training]total_num: 142617.0,error: 1.1432287749293801
[2024-07-03 16:30:02,207][train.py][line:146][INFO] [testing]total_number: 142617,error: 7.594823362110378,total_acc: 0.08128063380718231
[2024-07-03 16:30:02,221][train.py][line:90][INFO] ---------------epoch 16---------------
lr: [0.0005]
[2024-07-03 16:31:33,479][train.py][line:108][INFO] [training]total_num: 142617.0,error: 1.1011258878491141
[2024-07-03 16:32:28,476][train.py][line:146][INFO] [testing]total_number: 142617,error: 6.814853641536686,total_acc: 0.13789379596710205
[2024-07-03 16:32:28,489][train.py][line:90][INFO] ---------------epoch 17---------------
lr: [0.0005]
[2024-07-03 16:34:01,528][train.py][line:108][INFO] [training]total_num: 142617.0,error: 1.0783039083430817
[2024-07-03 16:34:57,069][train.py][line:146][INFO] [testing]total_number: 142617,error: 10.034671926831866,total_acc: 0.06257318705320358
[2024-07-03 16:34:57,081][train.py][line:90][INFO] ---------------epoch 18---------------
lr: [0.0005]
[2024-07-03 16:36:30,125][train.py][line:108][INFO] [training]total_num: 142617.0,error: 0.9844482755744374
[2024-07-03 16:37:33,655][train.py][line:146][INFO] [testing]total_number: 142617,error: 7.302744266870138,total_acc: 0.07988528907299042
[2024-07-03 16:37:33,666][train.py][line:90][INFO] ---------------epoch 19---------------
lr: [0.0005]
[2024-07-03 16:39:06,290][train.py][line:108][INFO] [training]total_num: 142617.0,error: 0.933363783609617
[2024-07-03 16:40:00,608][train.py][line:146][INFO] [testing]total_number: 142617,error: 2.733490141955289,total_acc: 0.3428833782672882
[2024-07-03 16:40:00,952][train.py][line:90][INFO] ---------------epoch 20---------------
lr: [0.0005]
[2024-07-03 16:41:45,289][train.py][line:108][INFO] [training]total_num: 142617.0,error: 0.9281563469163188
[2024-07-03 16:43:04,970][train.py][line:146][INFO] [testing]total_number: 142617,error: 22.89973574418288,total_acc: 0.018377892673015594
[2024-07-03 16:43:04,981][train.py][line:90][INFO] ---------------epoch 21---------------
lr: [0.0005]
[2024-07-03 16:44:38,834][train.py][line:108][INFO] [training]total_num: 142617.0,error: 0.8286869684299389
[2024-07-03 16:45:35,696][train.py][line:146][INFO] [testing]total_number: 142617,error: 3.17117167686249,total_acc: 0.23276327550411224
[2024-07-03 16:45:35,709][train.py][line:90][INFO] ---------------epoch 22---------------
lr: [0.0005]
[2024-07-03 16:47:08,065][train.py][line:108][INFO] [training]total_num: 142617.0,error: 0.8240256701316033
[2024-07-03 16:48:03,552][train.py][line:146][INFO] [testing]total_number: 142617,error: 4.022417071815971,total_acc: 0.2310103327035904
[2024-07-03 16:48:03,563][train.py][line:90][INFO] ---------------epoch 23---------------
lr: [0.0005]
[2024-07-03 16:49:38,587][train.py][line:108][INFO] [training]total_num: 142617.0,error: 0.7198536339756492
[2024-07-03 16:50:58,720][train.py][line:146][INFO] [testing]total_number: 142617,error: 6.916802561366475,total_acc: 0.21510758996009827
[2024-07-03 16:50:58,889][train.py][line:90][INFO] ---------------epoch 24---------------
lr: [0.0005]
[2024-07-03 16:52:52,495][train.py][line:108][INFO] [training]total_num: 142617.0,error: 0.6661922998361655
[2024-07-03 16:53:52,410][train.py][line:146][INFO] [testing]total_number: 142617,error: 4.9887856236704575,total_acc: 0.2474459558725357
[2024-07-03 16:53:52,501][train.py][line:90][INFO] ---------------epoch 25---------------
lr: [0.0005]
[2024-07-03 16:55:29,182][train.py][line:108][INFO] [training]total_num: 142617.0,error: 0.823802131456095
[2024-07-03 16:56:27,269][train.py][line:146][INFO] [testing]total_number: 142617,error: 7.741372768695538,total_acc: 0.11048472672700882
[2024-07-03 16:56:27,281][train.py][line:90][INFO] ---------------epoch 26---------------
lr: [0.0005]
[2024-07-03 16:58:01,327][train.py][line:108][INFO] [training]total_num: 142617.0,error: 0.8239579321621181
[2024-07-03 16:58:59,503][train.py][line:146][INFO] [testing]total_number: 142617,error: 4.873103947072596,total_acc: 0.1633535921573639
[2024-07-03 16:58:59,540][train.py][line:90][INFO] ---------------epoch 27---------------
lr: [0.0005]
[2024-07-03 17:00:33,398][train.py][line:108][INFO] [training]total_num: 142617.0,error: 0.6409441324380728
[2024-07-03 17:01:30,993][train.py][line:146][INFO] [testing]total_number: 142617,error: 1.721841699176735,total_acc: 0.5277701616287231
[2024-07-03 17:01:31,349][train.py][line:90][INFO] ---------------epoch 28---------------
lr: [0.0005]
[2024-07-03 17:03:06,746][train.py][line:108][INFO] [training]total_num: 142617.0,error: 0.5636969260819309
[2024-07-03 17:04:04,315][train.py][line:146][INFO] [testing]total_number: 142617,error: 23.151180280672087,total_acc: 0.0176837258040905
[2024-07-03 17:04:04,327][train.py][line:90][INFO] ---------------epoch 29---------------
lr: [0.0005]
[2024-07-03 17:05:42,156][train.py][line:108][INFO] [training]total_num: 142617.0,error: 0.5010452519555192
[2024-07-03 17:06:38,516][train.py][line:146][INFO] [testing]total_number: 142617,error: 17.69749487363375,total_acc: 0.041650012135505676
[2024-07-03 17:06:38,526][train.py][line:90][INFO] ---------------epoch 30---------------
lr: [0.0005]
[2024-07-03 17:08:19,002][train.py][line:108][INFO] [training]total_num: 142617.0,error: 0.4629834994569525
[2024-07-03 17:09:17,796][train.py][line:146][INFO] [testing]total_number: 142617,error: 10.590541202705223,total_acc: 0.16623544692993164
[2024-07-03 17:09:17,808][train.py][line:90][INFO] ---------------epoch 31---------------
lr: [0.0005]
[2024-07-03 17:10:52,639][train.py][line:108][INFO] [training]total_num: 142617.0,error: 0.4521651225281762
[2024-07-03 17:11:51,377][train.py][line:146][INFO] [testing]total_number: 142617,error: 1.5597075882491531,total_acc: 0.5632988810539246
[2024-07-03 17:11:51,712][train.py][line:90][INFO] ---------------epoch 32---------------
lr: [0.0005]
[2024-07-03 17:13:27,588][train.py][line:108][INFO] [training]total_num: 142617.0,error: 0.5475221037656277
[2024-07-03 17:14:30,819][train.py][line:146][INFO] [testing]total_number: 142617,error: 10.030218961355569,total_acc: 0.06973221898078918
[2024-07-03 17:14:30,831][train.py][line:90][INFO] ---------------epoch 33---------------
lr: [0.0005]
[2024-07-03 17:16:05,518][train.py][line:108][INFO] [training]total_num: 142617.0,error: 0.42631639925749987
[2024-07-03 17:17:00,424][train.py][line:146][INFO] [testing]total_number: 142617,error: 2.751233599402688,total_acc: 0.4790172278881073
[2024-07-03 17:17:00,436][train.py][line:90][INFO] ---------------epoch 34---------------
lr: [0.0005]
[2024-07-03 17:18:36,245][train.py][line:108][INFO] [training]total_num: 142617.0,error: 0.40470287370515035
[2024-07-03 17:19:33,582][train.py][line:146][INFO] [testing]total_number: 142617,error: 11.755492313758477,total_acc: 0.10880189388990402
[2024-07-03 17:19:33,593][train.py][line:90][INFO] ---------------epoch 35---------------
lr: [0.0005]
[2024-07-03 17:21:06,564][train.py][line:108][INFO] [training]total_num: 142617.0,error: 0.3117752365403242
[2024-07-03 17:22:07,928][train.py][line:146][INFO] [testing]total_number: 142617,error: 11.976759873903715,total_acc: 0.15191036462783813
[2024-07-03 17:22:07,940][train.py][line:90][INFO] ---------------epoch 36---------------
lr: [0.0005]
[2024-07-03 17:23:44,591][train.py][line:108][INFO] [training]total_num: 142617.0,error: 0.2858457215182431
[2024-07-03 17:24:42,983][train.py][line:146][INFO] [testing]total_number: 142617,error: 0.9706618100196331,total_acc: 0.6986263990402222
[2024-07-03 17:24:43,365][train.py][line:90][INFO] ---------------epoch 37---------------
lr: [0.0005]
[2024-07-03 17:26:18,958][train.py][line:108][INFO] [training]total_num: 142617.0,error: 0.26031691476806895
[2024-07-03 17:27:17,569][train.py][line:146][INFO] [testing]total_number: 142617,error: 11.67744229390071,total_acc: 0.10614442825317383
[2024-07-03 17:27:17,626][train.py][line:90][INFO] ---------------epoch 38---------------
lr: [0.0005]
[2024-07-03 17:28:53,008][train.py][line:108][INFO] [training]total_num: 142617.0,error: 0.25375893347330025
[2024-07-03 17:29:49,367][train.py][line:146][INFO] [testing]total_number: 142617,error: 14.541761545034555,total_acc: 0.08363659679889679
[2024-07-03 17:29:49,377][train.py][line:90][INFO] ---------------epoch 39---------------
lr: [0.0005]
[2024-07-03 17:31:22,687][train.py][line:108][INFO] [training]total_num: 142617.0,error: 0.2583978823223314
[2024-07-03 17:32:20,072][train.py][line:146][INFO] [testing]total_number: 142617,error: 7.632373774801935,total_acc: 0.21658708155155182
[2024-07-03 17:32:20,082][train.py][line:90][INFO] ---------------epoch 40---------------
lr: [0.0005]
[2024-07-03 17:33:57,874][train.py][line:108][INFO] [training]total_num: 142617.0,error: 0.2804457565079202
[2024-07-03 17:35:10,234][train.py][line:146][INFO] [testing]total_number: 142617,error: 10.526556525197062,total_acc: 0.20594319701194763
[2024-07-03 17:35:10,314][train.py][line:90][INFO] ---------------epoch 41---------------
lr: [0.0005]
[2024-07-03 17:36:55,198][train.py][line:108][INFO] [training]total_num: 142617.0,error: 0.1979218946991267
[2024-07-03 17:38:02,687][train.py][line:146][INFO] [testing]total_number: 142617,error: 1.658459981004675,total_acc: 0.6537790298461914
[2024-07-03 17:38:02,791][train.py][line:90][INFO] ---------------epoch 42---------------
lr: [0.0005]
[2024-07-03 17:39:44,566][train.py][line:108][INFO] [training]total_num: 142617.0,error: 0.18364961799624915
[2024-07-03 17:40:55,841][train.py][line:146][INFO] [testing]total_number: 142617,error: 9.011980040090068,total_acc: 0.16986754536628723
[2024-07-03 17:40:55,854][train.py][line:90][INFO] ---------------epoch 43---------------
lr: [0.0005]
[2024-07-03 17:42:38,661][train.py][line:108][INFO] [training]total_num: 142617.0,error: 0.16708710312947528
[2024-07-03 17:43:49,361][train.py][line:146][INFO] [testing]total_number: 142617,error: 1.7663239986746462,total_acc: 0.6454489827156067
[2024-07-03 17:43:49,427][train.py][line:90][INFO] ---------------epoch 44---------------
lr: [0.0005]
[2024-07-03 17:45:31,355][train.py][line:108][INFO] [training]total_num: 142617.0,error: 0.16236396691390684
[2024-07-03 17:46:35,144][train.py][line:146][INFO] [testing]total_number: 142617,error: 9.916906520203277,total_acc: 0.09749889373779297
[2024-07-03 17:46:35,239][train.py][line:90][INFO] ---------------epoch 45---------------
lr: [0.0005]
[2024-07-03 17:48:13,792][train.py][line:108][INFO] [training]total_num: 142617.0,error: 0.13393630050904268
[2024-07-03 17:49:14,139][train.py][line:146][INFO] [testing]total_number: 142617,error: 3.3583239692074436,total_acc: 0.44804617762565613
[2024-07-03 17:49:14,250][train.py][line:90][INFO] ---------------epoch 46---------------
lr: [0.0005]
[2024-07-03 17:50:54,189][train.py][line:108][INFO] [training]total_num: 142617.0,error: 0.14126232078859022
[2024-07-03 17:52:00,291][train.py][line:146][INFO] [testing]total_number: 142617,error: 17.33306560983191,total_acc: 0.06940967589616776
[2024-07-03 17:52:00,302][train.py][line:90][INFO] ---------------epoch 47---------------
lr: [0.0005]
[2024-07-03 17:53:47,396][train.py][line:108][INFO] [training]total_num: 142617.0,error: 0.13503001716274482
[2024-07-03 17:55:14,597][train.py][line:146][INFO] [testing]total_number: 142617,error: 8.777935639961616,total_acc: 0.35699111223220825
[2024-07-03 17:55:14,668][train.py][line:90][INFO] ---------------epoch 48---------------
lr: [0.0005]
[2024-07-03 17:57:00,301][train.py][line:108][INFO] [training]total_num: 142617.0,error: 0.19217418827168592
[2024-07-03 17:58:13,098][train.py][line:146][INFO] [testing]total_number: 142617,error: 0.914937072492146,total_acc: 0.7506818771362305
[2024-07-03 17:58:13,533][train.py][line:90][INFO] ---------------epoch 49---------------
lr: [0.0005]
[2024-07-03 17:59:55,981][train.py][line:108][INFO] [training]total_num: 142617.0,error: 0.11650225715516331
[2024-07-03 18:01:02,734][train.py][line:146][INFO] [testing]total_number: 142617,error: 1.7165767012776194,total_acc: 0.6963335275650024
[2024-07-03 18:01:02,813][train.py][line:90][INFO] ---------------epoch 50---------------
lr: [0.0005]
[2024-07-03 18:02:49,416][train.py][line:108][INFO] [training]total_num: 142617.0,error: 0.10664315323729615
[2024-07-03 18:04:03,010][train.py][line:146][INFO] [testing]total_number: 142617,error: 8.871107758341969,total_acc: 0.19204582273960114
[2024-07-03 18:04:03,117][train.py][line:90][INFO] ---------------epoch 51---------------
lr: [0.0005]
[2024-07-03 18:05:44,312][train.py][line:108][INFO] [training]total_num: 142617.0,error: 0.11723796450174771
[2024-07-03 18:06:49,721][train.py][line:146][INFO] [testing]total_number: 142617,error: 9.437676653161748,total_acc: 0.2340884953737259
[2024-07-03 18:06:49,755][train.py][line:90][INFO] ---------------epoch 52---------------
lr: [0.0004999880591183915]
[2024-07-03 18:08:30,218][train.py][line:108][INFO] [training]total_num: 142617.0,error: 0.1354592024915285
[2024-07-03 18:09:33,586][train.py][line:146][INFO] [testing]total_number: 142617,error: 8.019897939441922,total_acc: 0.1128476932644844
[2024-07-03 18:09:33,599][train.py][line:90][INFO] ---------------epoch 53---------------
lr: [0.0004999582078964576]
[2024-07-03 18:11:08,157][train.py][line:108][INFO] [training]total_num: 142617.0,error: 0.11001366104644078
[2024-07-03 18:12:07,477][train.py][line:146][INFO] [testing]total_number: 142617,error: 0.5206595342476051,total_acc: 0.8574714064598083
[2024-07-03 18:12:07,801][train.py][line:90][INFO] ---------------epoch 54---------------
lr: [0.0004999164183390102]
[2024-07-03 18:13:47,414][train.py][line:108][INFO] [training]total_num: 142617.0,error: 0.08606366059006927
[2024-07-03 18:15:14,320][train.py][line:146][INFO] [testing]total_number: 142617,error: 1.623584756901214,total_acc: 0.6778154373168945
[2024-07-03 18:15:14,417][train.py][line:90][INFO] ---------------epoch 55---------------
lr: [0.0004998626924827923]
[2024-07-03 18:17:11,907][train.py][line:108][INFO] [training]total_num: 142617.0,error: 0.13153983793267005
[2024-07-03 18:18:27,168][train.py][line:146][INFO] [testing]total_number: 142617,error: 5.6356418332853515,total_acc: 0.32749250531196594
[2024-07-03 18:18:27,237][train.py][line:90][INFO] ---------------epoch 56---------------
lr: [0.0004997970329463054]
[2024-07-03 18:20:12,927][train.py][line:108][INFO] [training]total_num: 142617.0,error: 0.12714040438299412
[2024-07-03 18:21:27,261][train.py][line:146][INFO] [testing]total_number: 142617,error: 19.99912167262364,total_acc: 0.04851455241441727
[2024-07-03 18:21:27,340][train.py][line:90][INFO] ---------------epoch 57---------------
lr: [0.0004997194429296807]
[2024-07-03 18:23:05,494][train.py][line:108][INFO] [training]total_num: 142617.0,error: 0.16578268879777067
[2024-07-03 18:24:02,488][train.py][line:146][INFO] [testing]total_number: 142617,error: 12.46516946979336,total_acc: 0.1532706469297409
[2024-07-03 18:24:02,501][train.py][line:90][INFO] ---------------epoch 58---------------
lr: [0.0004996299262145255]
[2024-07-03 18:25:34,182][train.py][line:108][INFO] [training]total_num: 142617.0,error: 0.10432909258439407
[2024-07-03 18:26:28,591][train.py][line:146][INFO] [testing]total_number: 142617,error: 0.9494628076786762,total_acc: 0.7751880884170532
[2024-07-03 18:26:28,603][train.py][line:90][INFO] ---------------epoch 59---------------
lr: [0.0004995284871637365]
[2024-07-03 18:28:00,029][train.py][line:108][INFO] [training]total_num: 142617.0,error: 0.07784290839690011
[2024-07-03 18:28:55,110][train.py][line:146][INFO] [testing]total_number: 142617,error: 1.7780789307781033,total_acc: 0.6394609212875366
[2024-07-03 18:28:55,121][train.py][line:90][INFO] ---------------epoch 60---------------
lr: [0.000499415130721289]
[2024-07-03 18:30:27,169][train.py][line:108][INFO] [training]total_num: 142617.0,error: 0.055673692779211734
[2024-07-03 18:31:22,878][train.py][line:146][INFO] [testing]total_number: 142617,error: 9.959977810199444,total_acc: 0.21734435856342316
[2024-07-03 18:31:22,890][train.py][line:90][INFO] ---------------epoch 61---------------
lr: [0.0004992898624119944]
[2024-07-03 18:32:55,780][train.py][line:108][INFO] [training]total_num: 142617.0,error: 0.06959052770105484
[2024-07-03 18:33:50,849][train.py][line:146][INFO] [testing]total_number: 142617,error: 2.9460423342831485,total_acc: 0.6254584193229675
[2024-07-03 18:33:50,862][train.py][line:90][INFO] ---------------epoch 62---------------
lr: [0.0004991526883412325]
[2024-07-03 18:35:23,366][train.py][line:108][INFO] [training]total_num: 142617.0,error: 0.08096219310081089
[2024-07-03 18:36:20,234][train.py][line:146][INFO] [testing]total_number: 142617,error: 2.5889395233634467,total_acc: 0.5516102313995361
[2024-07-03 18:36:20,247][train.py][line:90][INFO] ---------------epoch 63---------------
lr: [0.0004990036151946523]
[2024-07-03 18:37:52,877][train.py][line:108][INFO] [training]total_num: 142617.0,error: 0.0714156013698532
[2024-07-03 18:38:48,898][train.py][line:146][INFO] [testing]total_number: 142617,error: 3.2842171567303318,total_acc: 0.47262948751449585
[2024-07-03 18:38:48,910][train.py][line:90][INFO] ---------------epoch 64---------------
lr: [0.0004988426502378474]
[2024-07-03 18:40:21,130][train.py][line:108][INFO] [training]total_num: 142617.0,error: 0.08847684254283672
[2024-07-03 18:41:15,440][train.py][line:146][INFO] [testing]total_number: 142617,error: 4.096841850480833,total_acc: 0.45200082659721375
[2024-07-03 18:41:15,453][train.py][line:90][INFO] ---------------epoch 65---------------
lr: [0.0004986698013160015]
[2024-07-03 18:42:47,120][train.py][line:108][INFO] [training]total_num: 142617.0,error: 0.07488500980751497
[2024-07-03 18:43:42,610][train.py][line:146][INFO] [testing]total_number: 142617,error: 6.213897226573704,total_acc: 0.3317977488040924
[2024-07-03 18:43:42,630][train.py][line:90][INFO] ---------------epoch 66---------------
lr: [0.0004984850768535059]
[2024-07-03 18:45:14,024][train.py][line:108][INFO] [training]total_num: 142617.0,error: 0.06895062641950546
[2024-07-03 18:46:08,437][train.py][line:146][INFO] [testing]total_number: 142617,error: 9.040069950210464,total_acc: 0.2102344036102295
[2024-07-03 18:46:08,449][train.py][line:90][INFO] ---------------epoch 67---------------
lr: [0.0004982884858535486]
[2024-07-03 18:47:41,711][train.py][line:108][INFO] [training]total_num: 142617.0,error: 0.0699937868459554
[2024-07-03 18:48:36,830][train.py][line:146][INFO] [testing]total_number: 142617,error: 2.3258533807067603,total_acc: 0.5949290990829468
[2024-07-03 18:48:36,842][train.py][line:90][INFO] ---------------epoch 68---------------
lr: [0.0004980800378976763]
[2024-07-03 18:50:08,684][train.py][line:108][INFO] [training]total_num: 142617.0,error: 0.07185980681512323
[2024-07-03 18:51:05,403][train.py][line:146][INFO] [testing]total_number: 142617,error: 8.330577268467083,total_acc: 0.2683340609073639
[2024-07-03 18:51:05,415][train.py][line:90][INFO] ---------------epoch 69---------------
lr: [0.0004978597431453272]
[2024-07-03 18:52:37,649][train.py][line:108][INFO] [training]total_num: 142617.0,error: 0.06563117086783156
[2024-07-03 18:53:34,114][train.py][line:146][INFO] [testing]total_number: 142617,error: 12.702337695168449,total_acc: 0.24571403861045837
[2024-07-03 18:53:34,130][train.py][line:90][INFO] ---------------epoch 70---------------
lr: [0.0004976276123333348]
[2024-07-03 18:55:07,890][train.py][line:108][INFO] [training]total_num: 142617.0,error: 0.053172338363173956
[2024-07-03 18:56:02,325][train.py][line:146][INFO] [testing]total_number: 142617,error: 2.5161209214817393,total_acc: 0.6079429388046265
[2024-07-03 18:56:02,338][train.py][line:90][INFO] ---------------epoch 71---------------
lr: [0.0004973836567754066]
[2024-07-03 18:57:34,854][train.py][line:108][INFO] [training]total_num: 142617.0,error: 0.06514525787996037
[2024-07-03 18:58:33,677][train.py][line:146][INFO] [testing]total_number: 142617,error: 1.002967479137274,total_acc: 0.7828940153121948
[2024-07-03 18:58:33,693][train.py][line:90][INFO] ---------------epoch 72---------------
lr: [0.0004971278883615706]
[2024-07-03 19:00:05,396][train.py][line:108][INFO] [training]total_num: 142617.0,error: 0.07311386362343401
[2024-07-03 19:01:04,226][train.py][line:146][INFO] [testing]total_number: 142617,error: 5.440130168741399,total_acc: 0.41647207736968994
[2024-07-03 19:01:04,277][train.py][line:90][INFO] ---------------epoch 73---------------
lr: [0.0004968603195575968]
[2024-07-03 19:02:36,488][train.py][line:108][INFO] [training]total_num: 142617.0,error: 0.052880090003559636
[2024-07-03 19:03:31,293][train.py][line:146][INFO] [testing]total_number: 142617,error: 3.9304447132390696,total_acc: 0.5768316388130188
[2024-07-03 19:03:31,306][train.py][line:90][INFO] ---------------epoch 74---------------
lr: [0.00049658096340439]
[2024-07-03 19:05:03,679][train.py][line:108][INFO] [training]total_num: 142617.0,error: 0.048053890212693
[2024-07-03 19:06:00,619][train.py][line:146][INFO] [testing]total_number: 142617,error: 1.5760082702536684,total_acc: 0.6861594319343567
[2024-07-03 19:06:00,663][train.py][line:90][INFO] ---------------epoch 75---------------
lr: [0.0004962898335173531]
[2024-07-03 19:07:34,145][train.py][line:108][INFO] [training]total_num: 142617.0,error: 0.04607885738287668
[2024-07-03 19:08:30,516][train.py][line:146][INFO] [testing]total_number: 142617,error: 0.5541252857530033,total_acc: 0.8667269945144653
[2024-07-03 19:08:30,856][train.py][line:90][INFO] ---------------epoch 76---------------
lr: [0.0004959869440857252]
[2024-07-03 19:10:03,507][train.py][line:108][INFO] [training]total_num: 142617.0,error: 0.06686412360701528
[2024-07-03 19:11:01,214][train.py][line:146][INFO] [testing]total_number: 142617,error: 7.51519632006025,total_acc: 0.30168211460113525
[2024-07-03 19:11:01,229][train.py][line:90][INFO] ---------------epoch 77---------------
lr: [0.0004956723098718878]
[2024-07-03 19:12:32,816][train.py][line:108][INFO] [training]total_num: 142617.0,error: 0.05909175369107015
[2024-07-03 19:13:28,148][train.py][line:146][INFO] [testing]total_number: 142617,error: 4.930182976322574,total_acc: 0.5348731279373169
[2024-07-03 19:13:28,160][train.py][line:90][INFO] ---------------epoch 78---------------
lr: [0.0004953459462106472]
[2024-07-03 19:15:00,288][train.py][line:108][INFO] [training]total_num: 142617.0,error: 0.05867381917534174
[2024-07-03 19:15:55,132][train.py][line:146][INFO] [testing]total_number: 142617,error: 1.2305860990410917,total_acc: 0.7790936827659607
[2024-07-03 19:15:55,143][train.py][line:90][INFO] ---------------epoch 79---------------
lr: [0.000495007869008486]
[2024-07-03 19:17:26,465][train.py][line:108][INFO] [training]total_num: 142617.0,error: 0.04261988485427378
[2024-07-03 19:18:24,591][train.py][line:146][INFO] [testing]total_number: 142617,error: 0.8931400200703761,total_acc: 0.8160527944564819
[2024-07-03 19:18:24,602][train.py][line:90][INFO] ---------------epoch 80---------------
lr: [0.0004946580947427887]
[2024-07-03 19:19:57,494][train.py][line:108][INFO] [training]total_num: 142617.0,error: 0.05758161022217124
[2024-07-03 19:20:55,890][train.py][line:146][INFO] [testing]total_number: 142617,error: 11.453338299597894,total_acc: 0.20836926996707916
[2024-07-03 19:20:55,956][train.py][line:90][INFO] ---------------epoch 81---------------
lr: [0.0004942966404610379]
[2024-07-03 19:22:29,632][train.py][line:108][INFO] [training]total_num: 142617.0,error: 0.07509814351276084
[2024-07-03 19:23:35,017][train.py][line:146][INFO] [testing]total_number: 142617,error: 16.40090876359206,total_acc: 0.14771030843257904
[2024-07-03 19:23:35,159][train.py][line:90][INFO] ---------------epoch 82---------------
lr: [0.0004939235237799835]
[2024-07-03 19:25:12,738][train.py][line:108][INFO] [training]total_num: 142617.0,error: 0.03053742312904369
[2024-07-03 19:26:07,256][train.py][line:146][INFO] [testing]total_number: 142617,error: 3.310826408279526,total_acc: 0.5616441369056702
[2024-07-03 19:26:07,270][train.py][line:90][INFO] ---------------epoch 83---------------
lr: [0.0004935387628847844]
[2024-07-03 19:27:39,301][train.py][line:108][INFO] [training]total_num: 142617.0,error: 0.049047956940021134
[2024-07-03 19:28:37,902][train.py][line:146][INFO] [testing]total_number: 142617,error: 0.6462576336168743,total_acc: 0.8495691418647766
[2024-07-03 19:28:37,915][train.py][line:90][INFO] ---------------epoch 84---------------
lr: [0.0004931423765281222]
[2024-07-03 19:30:09,890][train.py][line:108][INFO] [training]total_num: 142617.0,error: 0.04572956358453819
[2024-07-03 19:31:06,513][train.py][line:146][INFO] [testing]total_number: 142617,error: 0.3051517867072896,total_acc: 0.9082297086715698
[2024-07-03 19:31:06,909][train.py][line:90][INFO] ---------------epoch 85---------------
lr: [0.000492734384029287]
[2024-07-03 19:32:46,738][train.py][line:108][INFO] [training]total_num: 142617.0,error: 0.04825509750525226
[2024-07-03 19:34:13,368][train.py][line:146][INFO] [testing]total_number: 142617,error: 20.681769137615923,total_acc: 0.09382472187280655
[2024-07-03 19:34:13,498][train.py][line:90][INFO] ---------------epoch 86---------------
lr: [0.0004923148052732353]
[2024-07-03 19:36:12,170][train.py][line:108][INFO] [training]total_num: 142617.0,error: 0.0430116892395007
[2024-07-03 19:37:18,034][train.py][line:146][INFO] [testing]total_number: 142617,error: 21.574385156164634,total_acc: 0.11836597323417664
[2024-07-03 19:37:18,046][train.py][line:90][INFO] ---------------epoch 87---------------
lr: [0.0004918836607096226]
[2024-07-03 19:38:53,037][train.py][line:108][INFO] [training]total_num: 142617.0,error: 0.03172326153730388
[2024-07-03 19:39:52,815][train.py][line:146][INFO] [testing]total_number: 142617,error: 20.441334170895022,total_acc: 0.09720440208911896
[2024-07-03 19:39:52,829][train.py][line:90][INFO] ---------------epoch 88---------------
lr: [0.0004914409713518043]
[2024-07-03 19:41:27,066][train.py][line:108][INFO] [training]total_num: 142617.0,error: 0.042739062605855554
[2024-07-03 19:42:40,833][train.py][line:146][INFO] [testing]total_number: 142617,error: 6.3285667446109795,total_acc: 0.38812342286109924
[2024-07-03 19:42:40,931][train.py][line:90][INFO] ---------------epoch 89---------------
lr: [0.0004909867587758132]
[2024-07-03 19:45:09,973][train.py][line:108][INFO] [training]total_num: 142617.0,error: 0.04144502857087792
[2024-07-03 19:46:46,848][train.py][line:146][INFO] [testing]total_number: 142617,error: 14.536083148075985,total_acc: 0.17955783009529114
[2024-07-03 19:46:46,947][train.py][line:90][INFO] ---------------epoch 90---------------
lr: [0.0004905210451193079]
[2024-07-03 19:49:01,746][train.py][line:108][INFO] [training]total_num: 142617.0,error: 0.038135558347237274
[2024-07-03 19:51:00,301][train.py][line:146][INFO] [testing]total_number: 142617,error: 17.255115485691523,total_acc: 0.14731062948703766
[2024-07-03 19:51:00,418][train.py][line:90][INFO] ---------------epoch 91---------------
lr: [0.0004900438530804925]
[2024-07-03 19:53:23,031][train.py][line:108][INFO] [training]total_num: 142617.0,error: 0.06121666337708597
[2024-07-03 19:54:43,824][train.py][line:146][INFO] [testing]total_number: 142617,error: 15.190062372834532,total_acc: 0.1702251434326172
[2024-07-03 19:54:43,873][train.py][line:90][INFO] ---------------epoch 92---------------
lr: [0.0004895552059170119]
[2024-07-03 19:56:26,391][train.py][line:108][INFO] [training]total_num: 142617.0,error: 0.040716932480829165
[2024-07-03 19:57:33,690][train.py][line:146][INFO] [testing]total_number: 142617,error: 15.017531238235794,total_acc: 0.16495227813720703
[2024-07-03 19:57:33,740][train.py][line:90][INFO] ---------------epoch 93---------------
lr: [0.0004890551274448175]
[2024-07-03 19:59:11,331][train.py][line:108][INFO] [training]total_num: 142617.0,error: 0.035792334018262116
[2024-07-03 20:00:10,733][train.py][line:146][INFO] [testing]total_number: 142617,error: 2.936775351737763,total_acc: 0.6645210385322571
[2024-07-03 20:00:10,751][train.py][line:90][INFO] ---------------epoch 94---------------
lr: [0.0004885436420370062]
[2024-07-03 20:01:45,873][train.py][line:108][INFO] [training]total_num: 142617.0,error: 0.04999853534806337
[2024-07-03 20:02:42,966][train.py][line:146][INFO] [testing]total_number: 142617,error: 19.83898655684678,total_acc: 0.08531241118907928
[2024-07-03 20:02:42,980][train.py][line:90][INFO] ---------------epoch 95---------------
lr: [0.00048802077462263316]
