[2024-09-25 16:14:29,122][train.py][line:80][INFO] ---------------args---------------
Namespace(data_path='./data/Pymatgen_Wrapped/0', train_name='HopeV1_AttOnly', model_path=None, learning_rate=0.0005, min_learning_rate=1e-06, start_scheduler_step=20, weight_decay=1e-06, momentum=0.99, batch_size=384, class_num=230, epoch_num=200, model_save_path='/data/ylh/MyExps/MOFV2/checkpoints/HopeV1AttOnly', device='2', scheduler_T=None, num_workers=20, log_name='log/train//train_HopeV1_AttOnly_2024_09_25_16:14:23.log')
[2024-09-25 16:14:29,123][train.py][line:81][INFO] ---------------model---------------
HopeV1AttOnly(
  (att): AttentionModule(
    (embed): Embedding(850, 47)
    (patch_conv): PatchConvModule(
      (conv): Sequential(
        (0): Conv2d(1, 2, kernel_size=(1, 3), stride=(1, 1), padding=(0, 1))
        (1): AvgPool2d(kernel_size=(1, 2), stride=(1, 2), padding=0)
        (2): Conv2d(2, 4, kernel_size=(1, 3), stride=(1, 1), padding=(0, 1))
        (3): AvgPool2d(kernel_size=(1, 2), stride=(1, 2), padding=(0, 1))
        (4): Conv2d(4, 8, kernel_size=(1, 3), stride=(1, 1), padding=(0, 1))
        (5): AvgPool2d(kernel_size=(1, 2), stride=(1, 2), padding=(0, 1))
        (6): Conv2d(8, 16, kernel_size=(1, 3), stride=(1, 1), padding=(0, 1))
        (7): AvgPool2d(kernel_size=(1, 2), stride=(1, 2), padding=0)
      )
    )
    (att): TransformerEncoder(
      (positionEnbeding): PositionEmbedding()
      (encoder_layers): ModuleList(
        (0-7): 8 x EncoderLayer(
          (mha): MultiHeadAttention(
            (WQ): Linear(in_features=64, out_features=64, bias=True)
            (WK): Linear(in_features=64, out_features=64, bias=True)
            (WV): Linear(in_features=64, out_features=64, bias=True)
            (scaled_dot_product_attn): ScaledDotProductAttention()
            (linear): Linear(in_features=64, out_features=64, bias=True)
          )
          (dropout1): Dropout(p=0.2, inplace=False)
          (layernorm1): LayerNorm((64,), eps=1e-06, elementwise_affine=True)
          (ffn): FeedForwardNetwork(
            (linear1): Linear(in_features=64, out_features=256, bias=True)
            (linear2): Linear(in_features=256, out_features=64, bias=True)
            (relu): LeakyReLU(negative_slope=0.01)
          )
          (dropout2): Dropout(p=0.2, inplace=False)
          (layernorm2): LayerNorm((64,), eps=1e-06, elementwise_affine=True)
        )
      )
    )
  )
  (cls): Sequential(
    (0): Linear(in_features=64, out_features=128, bias=True)
    (1): Linear(in_features=128, out_features=230, bias=True)
  )
)
[2024-09-25 16:14:29,123][train.py][line:82][INFO] ---------------device---------------
cuda:2
[2024-09-25 16:14:29,124][train.py][line:83][INFO] ---------------optimizer---------------
AdamW (
Parameter Group 0
    amsgrad: False
    betas: (0.9, 0.999)
    capturable: False
    differentiable: False
    eps: 1e-08
    foreach: None
    fused: None
    initial_lr: 0.0005
    lr: 0.0005
    maximize: False
    weight_decay: 1e-06
)
[2024-09-25 16:14:29,124][train.py][line:84][INFO] ---------------lossfn---------------
CrossEntropyLoss()
[2024-09-25 16:14:29,124][train.py][line:85][INFO] ---------------seed---------------
3407
[2024-09-25 16:14:29,127][train.py][line:97][INFO] ---------------epoch 1---------------
lr: [0.0005]
[2024-09-25 16:21:04,110][train.py][line:115][INFO] [training]total_num: 142618.0,error: 3.698504555070555
[2024-09-25 16:23:32,145][train.py][line:158][INFO] [testing]total_number: 142618,error: 3.5734502749009565,total_acc: 0.11163387447595596
[2024-09-25 16:23:32,791][train.py][line:97][INFO] ---------------epoch 2---------------
lr: [0.0005]
[2024-09-25 16:28:09,311][train.py][line:115][INFO] [training]total_num: 142618.0,error: 3.4929158408920484
[2024-09-25 16:30:30,141][train.py][line:158][INFO] [testing]total_number: 142618,error: 3.4158014997259363,total_acc: 0.14712028205394745
[2024-09-25 16:30:30,180][train.py][line:97][INFO] ---------------epoch 3---------------
lr: [0.0005]
[2024-09-25 16:35:21,572][train.py][line:115][INFO] [training]total_num: 142618.0,error: 3.23796327578557
[2024-09-25 16:37:27,809][train.py][line:158][INFO] [testing]total_number: 142618,error: 3.3812495714658266,total_acc: 0.13885344564914703
[2024-09-25 16:37:27,852][train.py][line:97][INFO] ---------------epoch 4---------------
lr: [0.0005]
[2024-09-25 16:41:54,306][train.py][line:115][INFO] [training]total_num: 142618.0,error: 3.036244659919243
[2024-09-25 16:45:44,952][train.py][line:158][INFO] [testing]total_number: 142618,error: 3.1335868042784853,total_acc: 0.17910081148147583
[2024-09-25 16:45:45,109][train.py][line:97][INFO] ---------------epoch 5---------------
lr: [0.0005]
[2024-09-25 16:51:45,553][train.py][line:115][INFO] [training]total_num: 142618.0,error: 2.9353455401086186
[2024-09-25 16:55:49,476][train.py][line:158][INFO] [testing]total_number: 142618,error: 2.9776142671510772,total_acc: 0.20242886245250702
[2024-09-25 16:55:49,572][train.py][line:97][INFO] ---------------epoch 6---------------
lr: [0.0005]
[2024-09-25 17:01:51,396][train.py][line:115][INFO] [training]total_num: 142618.0,error: 2.8610231043456436
[2024-09-25 17:05:51,023][train.py][line:158][INFO] [testing]total_number: 142618,error: 2.8469722091377556,total_acc: 0.23229186236858368
[2024-09-25 17:05:51,120][train.py][line:97][INFO] ---------------epoch 7---------------
lr: [0.0005]
[2024-09-25 17:10:59,414][train.py][line:115][INFO] [training]total_num: 142618.0,error: 2.808839512490607
[2024-09-25 17:13:09,879][train.py][line:158][INFO] [testing]total_number: 142618,error: 3.2017625752981607,total_acc: 0.17818227410316467
[2024-09-25 17:13:09,884][train.py][line:97][INFO] ---------------epoch 8---------------
lr: [0.0005]
[2024-09-25 17:17:42,183][train.py][line:115][INFO] [training]total_num: 142618.0,error: 2.7833825674923984
[2024-09-25 17:19:50,189][train.py][line:158][INFO] [testing]total_number: 142618,error: 2.917295555015663,total_acc: 0.23387651145458221
[2024-09-25 17:19:50,235][train.py][line:97][INFO] ---------------epoch 9---------------
lr: [0.0005]
[2024-09-25 17:24:19,703][train.py][line:115][INFO] [training]total_num: 142618.0,error: 2.7254584430100084
[2024-09-25 17:26:23,667][train.py][line:158][INFO] [testing]total_number: 142618,error: 2.7903471599925647,total_acc: 0.24579645693302155
[2024-09-25 17:26:23,708][train.py][line:97][INFO] ---------------epoch 10---------------
lr: [0.0005]
[2024-09-25 17:30:52,445][train.py][line:115][INFO] [training]total_num: 142618.0,error: 2.693297758969394
[2024-09-25 17:32:57,327][train.py][line:158][INFO] [testing]total_number: 142618,error: 2.7681590817191384,total_acc: 0.24745824933052063
[2024-09-25 17:32:57,366][train.py][line:97][INFO] ---------------epoch 11---------------
lr: [0.0005]
[2024-09-25 17:37:26,041][train.py][line:115][INFO] [training]total_num: 142618.0,error: 2.675317401390571
[2024-09-25 17:39:33,207][train.py][line:158][INFO] [testing]total_number: 142618,error: 2.665896579197475,total_acc: 0.27218863368034363
[2024-09-25 17:39:33,245][train.py][line:97][INFO] ---------------epoch 12---------------
lr: [0.0005]
[2024-09-25 17:44:03,192][train.py][line:115][INFO] [training]total_num: 142618.0,error: 2.6359193739952977
[2024-09-25 17:46:10,402][train.py][line:158][INFO] [testing]total_number: 142618,error: 2.6078642919466093,total_acc: 0.2823416292667389
[2024-09-25 17:46:10,441][train.py][line:97][INFO] ---------------epoch 13---------------
lr: [0.0005]
[2024-09-25 17:50:41,226][train.py][line:115][INFO] [training]total_num: 142618.0,error: 2.6128759421311414
[2024-09-25 17:52:49,421][train.py][line:158][INFO] [testing]total_number: 142618,error: 2.6189184876231404,total_acc: 0.2811005711555481
[2024-09-25 17:52:49,429][train.py][line:97][INFO] ---------------epoch 14---------------
lr: [0.0005]
[2024-09-25 17:57:20,845][train.py][line:115][INFO] [training]total_num: 142618.0,error: 2.5953086729173536
[2024-09-25 17:59:32,563][train.py][line:158][INFO] [testing]total_number: 142618,error: 2.6358291161524785,total_acc: 0.28118470311164856
[2024-09-25 17:59:32,569][train.py][line:97][INFO] ---------------epoch 15---------------
lr: [0.0005]
[2024-09-25 18:04:07,849][train.py][line:115][INFO] [training]total_num: 142618.0,error: 2.5981757164001467
[2024-09-25 18:06:18,999][train.py][line:158][INFO] [testing]total_number: 142618,error: 2.7040977199356275,total_acc: 0.258887380361557
[2024-09-25 18:06:19,004][train.py][line:97][INFO] ---------------epoch 16---------------
lr: [0.0005]
[2024-09-25 18:10:53,875][train.py][line:115][INFO] [training]total_num: 142618.0,error: 2.544510896484573
[2024-09-25 18:13:05,713][train.py][line:158][INFO] [testing]total_number: 142618,error: 2.6385484150477816,total_acc: 0.2735629379749298
[2024-09-25 18:13:05,722][train.py][line:97][INFO] ---------------epoch 17---------------
lr: [0.0005]
[2024-09-25 18:17:39,783][train.py][line:115][INFO] [training]total_num: 142618.0,error: 2.54028593533999
[2024-09-25 18:19:51,538][train.py][line:158][INFO] [testing]total_number: 142618,error: 2.5197932373393668,total_acc: 0.2975851595401764
[2024-09-25 18:19:51,578][train.py][line:97][INFO] ---------------epoch 18---------------
lr: [0.0005]
[2024-09-25 18:24:26,447][train.py][line:115][INFO] [training]total_num: 142618.0,error: 2.530377519904793
[2024-09-25 18:26:38,804][train.py][line:158][INFO] [testing]total_number: 142618,error: 2.5539164190168506,total_acc: 0.28534266352653503
[2024-09-25 18:26:38,810][train.py][line:97][INFO] ---------------epoch 19---------------
lr: [0.0005]
[2024-09-25 18:31:12,098][train.py][line:115][INFO] [training]total_num: 142618.0,error: 2.4887974503752472
[2024-09-25 18:33:19,665][train.py][line:158][INFO] [testing]total_number: 142618,error: 2.765770572191709,total_acc: 0.24946360290050507
[2024-09-25 18:33:19,673][train.py][line:97][INFO] ---------------epoch 20---------------
lr: [0.0005]
[2024-09-25 18:37:49,809][train.py][line:115][INFO] [training]total_num: 142618.0,error: 2.4878595640132954
[2024-09-25 18:39:56,580][train.py][line:158][INFO] [testing]total_number: 142618,error: 2.5291475032831165,total_acc: 0.29163220524787903
[2024-09-25 18:39:56,587][train.py][line:97][INFO] ---------------epoch 21---------------
lr: [0.0005]
[2024-09-25 18:44:26,719][train.py][line:115][INFO] [training]total_num: 142618.0,error: 2.4718813304777267
[2024-09-25 18:46:33,774][train.py][line:158][INFO] [testing]total_number: 142618,error: 2.8971605926365047,total_acc: 0.23350489139556885
[2024-09-25 18:46:33,781][train.py][line:97][INFO] ---------------epoch 22---------------
lr: [0.0004999240027768357]
[2024-09-25 18:51:05,357][train.py][line:115][INFO] [training]total_num: 142618.0,error: 2.4737547543141747
[2024-09-25 18:53:13,224][train.py][line:158][INFO] [testing]total_number: 142618,error: 2.9624504207016584,total_acc: 0.22626176476478577
[2024-09-25 18:53:13,230][train.py][line:97][INFO] ---------------epoch 23---------------
lr: [0.000499734048781872]
[2024-09-25 18:57:43,648][train.py][line:115][INFO] [training]total_num: 142618.0,error: 2.4592297225803526
[2024-09-25 18:59:55,396][train.py][line:158][INFO] [testing]total_number: 142618,error: 2.851347399377204,total_acc: 0.23518069088459015
[2024-09-25 18:59:55,402][train.py][line:97][INFO] ---------------epoch 24---------------
lr: [0.0004994681988241439]
[2024-09-25 19:04:29,767][train.py][line:115][INFO] [training]total_num: 142618.0,error: 2.4344331146834732
[2024-09-25 19:06:42,422][train.py][line:158][INFO] [testing]total_number: 142618,error: 2.5799280166625977,total_acc: 0.2916952967643738
[2024-09-25 19:06:42,429][train.py][line:97][INFO] ---------------epoch 25---------------
lr: [0.0004991265338788343]
[2024-09-25 19:11:16,398][train.py][line:115][INFO] [training]total_num: 142618.0,error: 2.421464778850605
[2024-09-25 19:13:26,692][train.py][line:158][INFO] [testing]total_number: 142618,error: 2.768334282837905,total_acc: 0.2617762088775635
[2024-09-25 19:13:26,698][train.py][line:97][INFO] ---------------epoch 26---------------
lr: [0.0004987091580151018]
[2024-09-25 19:17:56,663][train.py][line:115][INFO] [training]total_num: 142618.0,error: 2.4186094228323403
[2024-09-25 19:20:04,464][train.py][line:158][INFO] [testing]total_number: 142618,error: 2.487686975900229,total_acc: 0.3067074418067932
[2024-09-25 19:20:05,076][train.py][line:97][INFO] ---------------epoch 27---------------
lr: [0.0004982161983643807]
[2024-09-25 19:24:35,320][train.py][line:115][INFO] [training]total_num: 142618.0,error: 2.3914475632952406
[2024-09-25 19:26:42,301][train.py][line:158][INFO] [testing]total_number: 142618,error: 2.495195163999285,total_acc: 0.3027668297290802
[2024-09-25 19:26:42,363][train.py][line:97][INFO] ---------------epoch 28---------------
lr: [0.0004976478050816523]
[2024-09-25 19:31:12,311][train.py][line:115][INFO] [training]total_num: 142618.0,error: 2.387248573055515
[2024-09-25 19:33:19,120][train.py][line:158][INFO] [testing]total_number: 142618,error: 2.346865169413678,total_acc: 0.3358552157878876
[2024-09-25 19:33:19,168][train.py][line:97][INFO] ---------------epoch 29---------------
lr: [0.0004970041512997057]
[2024-09-25 19:37:49,678][train.py][line:115][INFO] [training]total_num: 142618.0,error: 2.361808459170453
[2024-09-25 19:39:56,314][train.py][line:158][INFO] [testing]total_number: 142618,error: 2.46761719189681,total_acc: 0.3061324656009674
[2024-09-25 19:39:56,319][train.py][line:97][INFO] ---------------epoch 30---------------
lr: [0.0004962854330763975]
[2024-09-25 19:44:26,336][train.py][line:115][INFO] [training]total_num: 142618.0,error: 2.3700250579165174
[2024-09-25 19:46:34,287][train.py][line:158][INFO] [testing]total_number: 142618,error: 2.4012031366298725,total_acc: 0.33176037669181824
[2024-09-25 19:46:34,294][train.py][line:97][INFO] ---------------epoch 31---------------
lr: [0.0004954918693349295]
[2024-09-25 19:51:05,167][train.py][line:115][INFO] [training]total_num: 142618.0,error: 2.358133047586912
[2024-09-25 19:53:11,915][train.py][line:158][INFO] [testing]total_number: 142618,error: 2.571389503912492,total_acc: 0.2819700241088867
[2024-09-25 19:53:11,922][train.py][line:97][INFO] ---------------epoch 32---------------
lr: [0.0004946237017971607]
[2024-09-25 19:57:42,126][train.py][line:115][INFO] [training]total_num: 142618.0,error: 2.3275072351678627
[2024-09-25 19:59:48,572][train.py][line:158][INFO] [testing]total_number: 142618,error: 2.511294681375677,total_acc: 0.3035661578178406
[2024-09-25 19:59:48,577][train.py][line:97][INFO] ---------------epoch 33---------------
lr: [0.0004936811949099748]
[2024-09-25 20:04:18,462][train.py][line:115][INFO] [training]total_num: 142618.0,error: 2.32494888367591
[2024-09-25 20:06:27,127][train.py][line:158][INFO] [testing]total_number: 142618,error: 2.5019206022287346,total_acc: 0.2921791076660156
[2024-09-25 20:06:27,133][train.py][line:97][INFO] ---------------epoch 34---------------
lr: [0.000492664635764726]
[2024-09-25 20:10:56,585][train.py][line:115][INFO] [training]total_num: 142618.0,error: 2.3279490953916078
[2024-09-25 20:13:03,457][train.py][line:158][INFO] [testing]total_number: 142618,error: 2.390677515252844,total_acc: 0.3230658173561096
[2024-09-25 20:13:03,463][train.py][line:97][INFO] ---------------epoch 35---------------
lr: [0.0004915743340097848]
[2024-09-25 20:17:34,329][train.py][line:115][INFO] [training]total_num: 142618.0,error: 2.2901073759252375
[2024-09-25 20:19:46,445][train.py][line:158][INFO] [testing]total_number: 142618,error: 2.3421875151720912,total_acc: 0.3294254541397095
[2024-09-25 20:19:46,511][train.py][line:97][INFO] ---------------epoch 36---------------
lr: [0.0004904106217562173]
[2024-09-25 20:24:19,702][train.py][line:115][INFO] [training]total_num: 142618.0,error: 2.292428807778792
[2024-09-25 20:26:29,963][train.py][line:158][INFO] [testing]total_number: 142618,error: 2.3527769051588976,total_acc: 0.3329944312572479
[2024-09-25 20:26:29,969][train.py][line:97][INFO] ---------------epoch 37---------------
lr: [0.0004891738534766159]
[2024-09-25 20:31:04,367][train.py][line:115][INFO] [training]total_num: 142618.0,error: 2.2843005499282443
[2024-09-25 20:33:13,068][train.py][line:158][INFO] [testing]total_number: 142618,error: 2.3531570468630107,total_acc: 0.333948016166687
[2024-09-25 20:33:13,074][train.py][line:97][INFO] ---------------epoch 38---------------
lr: [0.00048786440589712403]
[2024-09-25 20:37:45,119][train.py][line:115][INFO] [training]total_num: 142618.0,error: 2.252882650301054
[2024-09-25 20:39:53,535][train.py][line:158][INFO] [testing]total_number: 142618,error: 2.6004831989090165,total_acc: 0.28465551137924194
[2024-09-25 20:39:53,541][train.py][line:97][INFO] ---------------epoch 39---------------
lr: [0.00048648267788267924]
[2024-09-25 20:44:27,967][train.py][line:115][INFO] [training]total_num: 142618.0,error: 2.2516709222422016
[2024-09-25 20:46:37,593][train.py][line:158][INFO] [testing]total_number: 142618,error: 2.3034921389121514,total_acc: 0.3476629853248596
[2024-09-25 20:46:37,664][train.py][line:97][INFO] ---------------epoch 40---------------
lr: [0.000485029090315513]
[2024-09-25 20:51:07,420][train.py][line:115][INFO] [training]total_num: 142618.0,error: 2.2549691596588533
[2024-09-25 20:53:16,022][train.py][line:158][INFO] [testing]total_number: 142618,error: 2.3502019253644075,total_acc: 0.335175096988678
[2024-09-25 20:53:16,028][train.py][line:97][INFO] ---------------epoch 41---------------
lr: [0.00048350408596694444]
[2024-09-25 20:57:47,993][train.py][line:115][INFO] [training]total_num: 142618.0,error: 2.2310780392064675
[2024-09-25 20:59:56,999][train.py][line:158][INFO] [testing]total_number: 142618,error: 2.202029992698075,total_acc: 0.36407044529914856
[2024-09-25 20:59:57,037][train.py][line:97][INFO] ---------------epoch 42---------------
lr: [0.00048190812936250597]
[2024-09-25 21:04:28,806][train.py][line:115][INFO] [training]total_num: 142618.0,error: 2.2300337494193734
[2024-09-25 21:06:39,990][train.py][line:158][INFO] [testing]total_number: 142618,error: 2.257516785720726,total_acc: 0.35500428080558777
[2024-09-25 21:06:39,997][train.py][line:97][INFO] ---------------epoch 43---------------
lr: [0.0004802417066404422]
[2024-09-25 21:11:13,811][train.py][line:115][INFO] [training]total_num: 142618.0,error: 2.2134920467029917
[2024-09-25 21:13:25,260][train.py][line:158][INFO] [testing]total_number: 142618,error: 2.6288744400073956,total_acc: 0.2841506600379944
[2024-09-25 21:13:25,267][train.py][line:97][INFO] ---------------epoch 44---------------
lr: [0.00047850532540362554]
[2024-09-25 21:17:59,650][train.py][line:115][INFO] [training]total_num: 142618.0,error: 2.2065841213449255
[2024-09-25 21:20:09,518][train.py][line:158][INFO] [testing]total_number: 142618,error: 2.3625652703371913,total_acc: 0.3289065957069397
[2024-09-25 21:20:09,525][train.py][line:97][INFO] ---------------epoch 45---------------
lr: [0.0004766995145649335]
[2024-09-25 21:24:44,422][train.py][line:115][INFO] [training]total_num: 142618.0,error: 2.1912202104345546
[2024-09-25 21:26:54,844][train.py][line:158][INFO] [testing]total_number: 142618,error: 2.3994815151412765,total_acc: 0.32591256499290466
[2024-09-25 21:26:54,850][train.py][line:97][INFO] ---------------epoch 46---------------
lr: [0.00047482482418613556]
[2024-09-25 21:31:29,003][train.py][line:115][INFO] [training]total_num: 142618.0,error: 2.1737166983740672
[2024-09-25 21:33:40,223][train.py][line:158][INFO] [testing]total_number: 142618,error: 2.2419875457689358,total_acc: 0.3534757196903229
[2024-09-25 21:33:40,232][train.py][line:97][INFO] ---------------epoch 47---------------
lr: [0.00047288182531033486]
[2024-09-25 21:38:12,195][train.py][line:115][INFO] [training]total_num: 142618.0,error: 2.1773487475011257
[2024-09-25 21:40:19,437][train.py][line:158][INFO] [testing]total_number: 142618,error: 2.3357611900800235,total_acc: 0.3313256502151489
[2024-09-25 21:40:19,443][train.py][line:97][INFO] ---------------epoch 48---------------
lr: [0.00047087110978802333]
[2024-09-25 21:44:50,235][train.py][line:115][INFO] [training]total_num: 142618.0,error: 2.1603141444069998
[2024-09-25 21:46:56,213][train.py][line:158][INFO] [testing]total_number: 142618,error: 2.2787288582170167,total_acc: 0.36001765727996826
[2024-09-25 21:46:56,220][train.py][line:97][INFO] ---------------epoch 49---------------
lr: [0.0004687932900967943]
[2024-09-25 21:51:25,230][train.py][line:115][INFO] [training]total_num: 142618.0,error: 2.1430045728559617
[2024-09-25 21:53:32,054][train.py][line:158][INFO] [testing]total_number: 142618,error: 2.1565113494922588,total_acc: 0.37496668100357056
[2024-09-25 21:53:32,140][train.py][line:97][INFO] ---------------epoch 50---------------
lr: [0.00046664899915477406]
[2024-09-25 21:58:01,490][train.py][line:115][INFO] [training]total_num: 142618.0,error: 2.1498968616708534
[2024-09-25 22:00:07,613][train.py][line:158][INFO] [testing]total_number: 142618,error: 2.1838821993245707,total_acc: 0.3753383159637451
[2024-09-25 22:00:07,660][train.py][line:97][INFO] ---------------epoch 51---------------
lr: [0.0004644388901278275]
[2024-09-25 22:04:36,683][train.py][line:115][INFO] [training]total_num: 142618.0,error: 2.134753582384679
[2024-09-25 22:06:43,726][train.py][line:158][INFO] [testing]total_number: 142618,error: 2.2751733169927224,total_acc: 0.3505728542804718
[2024-09-25 22:06:44,324][train.py][line:97][INFO] ---------------epoch 52---------------
lr: [0.0004621636362305937]
[2024-09-25 22:11:14,684][train.py][line:115][INFO] [training]total_num: 142618.0,error: 2.128670341318304
[2024-09-25 22:13:20,663][train.py][line:158][INFO] [testing]total_number: 142618,error: 2.160707375291106,total_acc: 0.37680375576019287
[2024-09-25 22:13:20,721][train.py][line:97][INFO] ---------------epoch 53---------------
lr: [0.00045982393052141696]
[2024-09-25 22:17:51,560][train.py][line:115][INFO] [training]total_num: 142618.0,error: 2.1232480854183047
[2024-09-25 22:19:57,925][train.py][line:158][INFO] [testing]total_number: 142618,error: 2.259792774993104,total_acc: 0.3494860529899597
[2024-09-25 22:19:57,931][train.py][line:97][INFO] ---------------epoch 54---------------
lr: [0.0004574204856912319]
[2024-09-25 22:24:28,409][train.py][line:115][INFO] [training]total_num: 142618.0,error: 2.110949595872458
[2024-09-25 22:26:36,209][train.py][line:158][INFO] [testing]total_number: 142618,error: 2.2635727578943428,total_acc: 0.35079023241996765
[2024-09-25 22:26:36,216][train.py][line:97][INFO] ---------------epoch 55---------------
lr: [0.00045495403384646744]
[2024-09-25 22:31:05,887][train.py][line:115][INFO] [training]total_num: 142618.0,error: 2.09885675287866
[2024-09-25 22:33:13,391][train.py][line:158][INFO] [testing]total_number: 142618,error: 2.165784480974272,total_acc: 0.37568891048431396
[2024-09-25 22:33:13,397][train.py][line:97][INFO] ---------------epoch 56---------------
lr: [0.00045242532628603867]
[2024-09-25 22:37:43,076][train.py][line:115][INFO] [training]total_num: 142618.0,error: 2.107369474311928
[2024-09-25 22:39:49,670][train.py][line:158][INFO] [testing]total_number: 142618,error: 2.3664205071213957,total_acc: 0.33247557282447815
[2024-09-25 22:39:49,678][train.py][line:97][INFO] ---------------epoch 57---------------
lr: [0.0004498351332724905]
[2024-09-25 22:44:18,577][train.py][line:115][INFO] [training]total_num: 142618.0,error: 2.100888307992514
[2024-09-25 22:46:27,707][train.py][line:158][INFO] [testing]total_number: 142618,error: 2.1646056230966146,total_acc: 0.3724074065685272
[2024-09-25 22:46:27,713][train.py][line:97][INFO] ---------------epoch 58---------------
lr: [0.0004471842437973658]
[2024-09-25 22:51:00,531][train.py][line:115][INFO] [training]total_num: 142618.0,error: 2.0845701230036746
[2024-09-25 22:53:10,809][train.py][line:158][INFO] [testing]total_number: 142618,error: 2.093049571730874,total_acc: 0.38807862997055054
[2024-09-25 22:53:10,898][train.py][line:97][INFO] ---------------epoch 59---------------
lr: [0.0004444734653408679]
[2024-09-25 22:57:41,424][train.py][line:115][INFO] [training]total_num: 142618.0,error: 2.0492080834004787
[2024-09-25 22:59:47,616][train.py][line:158][INFO] [testing]total_number: 142618,error: 2.140690939147751,total_acc: 0.3796154856681824
[2024-09-25 22:59:47,621][train.py][line:97][INFO] ---------------epoch 60---------------
lr: [0.00044170362362589154]
[2024-09-25 23:04:19,312][train.py][line:115][INFO] [training]total_num: 142618.0,error: 2.0589661167813587
[2024-09-25 23:06:32,194][train.py][line:158][INFO] [testing]total_number: 142618,error: 2.056428749220712,total_acc: 0.39861026406288147
[2024-09-25 23:06:32,267][train.py][line:97][INFO] ---------------epoch 61---------------
lr: [0.00043887556236649644]
[2024-09-25 23:11:08,483][train.py][line:115][INFO] [training]total_num: 142618.0,error: 2.0348889960871115
[2024-09-25 23:13:17,704][train.py][line:158][INFO] [testing]total_number: 142618,error: 2.0285447486035237,total_acc: 0.4069191813468933
[2024-09-25 23:13:17,745][train.py][line:97][INFO] ---------------epoch 62---------------
lr: [0.00043599014301090095]
[2024-09-25 23:20:02,300][train.py][line:115][INFO] [training]total_num: 142618.0,error: 2.058377141766734
[2024-09-25 23:24:59,521][train.py][line:158][INFO] [testing]total_number: 142618,error: 2.2958366691292107,total_acc: 0.3426986634731293
[2024-09-25 23:24:59,653][train.py][line:97][INFO] ---------------epoch 63---------------
lr: [0.0004330482444790727]
[2024-09-25 23:30:11,247][train.py][line:115][INFO] [training]total_num: 142618.0,error: 2.037329458261465
[2024-09-25 23:33:36,230][train.py][line:158][INFO] [testing]total_number: 142618,error: 2.350535388116713,total_acc: 0.33845657110214233
[2024-09-25 23:33:36,282][train.py][line:97][INFO] ---------------epoch 64---------------
lr: [0.0004300507628949988]
[2024-09-25 23:38:20,184][train.py][line:115][INFO] [training]total_num: 142618.0,error: 2.0214065517698017
[2024-09-25 23:40:52,478][train.py][line:158][INFO] [testing]total_number: 142618,error: 2.165531864104333,total_acc: 0.37344515323638916
[2024-09-25 23:40:52,524][train.py][line:97][INFO] ---------------epoch 65---------------
lr: [0.00042699861131371313]
[2024-09-25 23:45:30,790][train.py][line:115][INFO] [training]total_num: 142618.0,error: 2.0400369043474074
[2024-09-25 23:47:50,101][train.py][line:158][INFO] [testing]total_number: 142618,error: 2.0320040925756677,total_acc: 0.4088965058326721
[2024-09-25 23:47:50,874][train.py][line:97][INFO] ---------------epoch 66---------------
lr: [0.00042389271944316865]
[2024-09-25 23:52:28,253][train.py][line:115][INFO] [training]total_num: 142618.0,error: 2.006103708527305
[2024-09-25 23:54:49,984][train.py][line:158][INFO] [testing]total_number: 142618,error: 2.1377329606514475,total_acc: 0.37735068798065186
[2024-09-25 23:54:50,019][train.py][line:97][INFO] ---------------epoch 67---------------
lr: [0.0004207340333610344]
[2024-09-25 23:59:29,881][train.py][line:115][INFO] [training]total_num: 142618.0,error: 2.005312951818689
[2024-09-26 00:02:07,730][train.py][line:158][INFO] [testing]total_number: 142618,error: 2.2158262494322543,total_acc: 0.3663632869720459
[2024-09-26 00:02:07,739][train.py][line:97][INFO] ---------------epoch 68---------------
lr: [0.0004175235152265077]
[2024-09-26 00:06:46,845][train.py][line:115][INFO] [training]total_num: 142618.0,error: 2.0017371186962376
[2024-09-26 00:09:09,462][train.py][line:158][INFO] [testing]total_number: 142618,error: 2.2069990690652426,total_acc: 0.37230923771858215
[2024-09-26 00:09:09,470][train.py][line:97][INFO] ---------------epoch 69---------------
lr: [0.00041426214298722735]
[2024-09-26 00:13:50,045][train.py][line:115][INFO] [training]total_num: 142618.0,error: 1.988318761912259
[2024-09-26 00:16:09,440][train.py][line:158][INFO] [testing]total_number: 142618,error: 2.1473222633460898,total_acc: 0.37861278653144836
[2024-09-26 00:16:09,447][train.py][line:97][INFO] ---------------epoch 70---------------
lr: [0.00041095091008137705]
[2024-09-26 00:20:49,489][train.py][line:115][INFO] [training]total_num: 142618.0,error: 1.9860256021673028
[2024-09-26 00:23:11,999][train.py][line:158][INFO] [testing]total_number: 142618,error: 2.1492007642597346,total_acc: 0.3816278576850891
[2024-09-26 00:23:12,006][train.py][line:97][INFO] ---------------epoch 71---------------
lr: [0.00040759082513507]
[2024-09-26 00:27:47,913][train.py][line:115][INFO] [training]total_num: 142618.0,error: 1.9765663026215194
[2024-09-26 00:30:17,232][train.py][line:158][INFO] [testing]total_number: 142618,error: 2.0831942942235377,total_acc: 0.39734116196632385
[2024-09-26 00:30:17,249][train.py][line:97][INFO] ---------------epoch 72---------------
lr: [0.0004041829116551075]
[2024-09-26 00:34:58,377][train.py][line:115][INFO] [training]total_num: 142618.0,error: 1.9629883193350457
[2024-09-26 00:37:19,602][train.py][line:158][INFO] [testing]total_number: 142618,error: 2.0345682822264632,total_acc: 0.40826544165611267
[2024-09-26 00:37:19,618][train.py][line:97][INFO] ---------------epoch 73---------------
lr: [0.0004007282077172034]
[2024-09-26 00:41:54,415][train.py][line:115][INFO] [training]total_num: 142618.0,error: 1.9731638069276687
[2024-09-26 00:44:15,677][train.py][line:158][INFO] [testing]total_number: 142618,error: 2.0193459575826473,total_acc: 0.41062837839126587
[2024-09-26 00:44:15,719][train.py][line:97][INFO] ---------------epoch 74---------------
lr: [0.0003972277656497729]
[2024-09-26 00:48:50,920][train.py][line:115][INFO] [training]total_num: 142618.0,error: 1.9509181973222014
[2024-09-26 00:51:06,370][train.py][line:158][INFO] [testing]total_number: 142618,error: 2.016538468893472,total_acc: 0.4158310890197754
[2024-09-26 00:51:06,428][train.py][line:97][INFO] ---------------epoch 75---------------
lr: [0.00039368265171337594]
[2024-09-26 00:55:42,414][train.py][line:115][INFO] [training]total_num: 142618.0,error: 1.94588805607387
[2024-09-26 00:58:02,461][train.py][line:158][INFO] [testing]total_number: 142618,error: 2.18570917581583,total_acc: 0.3711382746696472
[2024-09-26 00:58:02,467][train.py][line:97][INFO] ---------------epoch 76---------------
lr: [0.00039009394577592095]
[2024-09-26 01:02:40,659][train.py][line:115][INFO] [training]total_num: 142618.0,error: 1.9346259467013471
[2024-09-26 01:05:24,652][train.py][line:158][INFO] [testing]total_number: 142618,error: 2.0820981926732247,total_acc: 0.4031188189983368
[2024-09-26 01:05:25,241][train.py][line:97][INFO] ---------------epoch 77---------------
lr: [0.00038646274098371933]
[2024-09-26 01:10:03,771][train.py][line:115][INFO] [training]total_num: 142618.0,error: 1.935036011175676
[2024-09-26 01:12:26,512][train.py][line:158][INFO] [testing]total_number: 142618,error: 2.069939288226041,total_acc: 0.4037218391895294
[2024-09-26 01:12:26,518][train.py][line:97][INFO] ---------------epoch 78---------------
lr: [0.00038279014342849774]
[2024-09-26 01:17:03,988][train.py][line:115][INFO] [training]total_num: 142618.0,error: 1.9274394663897427
[2024-09-26 01:19:25,736][train.py][line:158][INFO] [testing]total_number: 142618,error: 1.9987362217593503,total_acc: 0.41925984621047974
[2024-09-26 01:19:25,775][train.py][line:97][INFO] ---------------epoch 79---------------
lr: [0.0003790772718104655]
[2024-09-26 01:24:02,917][train.py][line:115][INFO] [training]total_num: 142618.0,error: 1.9267612172411634
[2024-09-26 01:26:24,716][train.py][line:158][INFO] [testing]total_number: 142618,error: 2.1167409011295866,total_acc: 0.39437517523765564
[2024-09-26 01:26:24,725][train.py][line:97][INFO] ---------------epoch 80---------------
lr: [0.0003753252570975422]
[2024-09-26 01:31:00,819][train.py][line:115][INFO] [training]total_num: 142618.0,error: 1.9115933213915144
[2024-09-26 01:33:20,450][train.py][line:158][INFO] [testing]total_number: 142618,error: 2.0172580291698505,total_acc: 0.4095766246318817
[2024-09-26 01:33:20,455][train.py][line:97][INFO] ---------------epoch 81---------------
lr: [0.00037153524218084606]
[2024-09-26 01:37:55,797][train.py][line:115][INFO] [training]total_num: 142618.0,error: 1.8928716990854833
[2024-09-26 01:40:16,902][train.py][line:158][INFO] [testing]total_number: 142618,error: 2.0008234599968056,total_acc: 0.41355228424072266
[2024-09-26 01:40:16,936][train.py][line:97][INFO] ---------------epoch 82---------------
lr: [0.00036770838152655315]
[2024-09-26 01:44:53,696][train.py][line:115][INFO] [training]total_num: 142618.0,error: 1.895439785486692
[2024-09-26 01:47:16,003][train.py][line:158][INFO] [testing]total_number: 142618,error: 1.9553052134328075,total_acc: 0.4201643466949463
[2024-09-26 01:47:16,090][train.py][line:97][INFO] ---------------epoch 83---------------
lr: [0.00036384584082422715]
[2024-09-26 01:51:51,467][train.py][line:115][INFO] [training]total_num: 142618.0,error: 1.9031169309244527
[2024-09-26 01:54:31,142][train.py][line:158][INFO] [testing]total_number: 142618,error: 2.1419361795697895,total_acc: 0.38611534237861633
[2024-09-26 01:54:31,150][train.py][line:97][INFO] ---------------epoch 84---------------
lr: [0.00035994879663173304]
[2024-09-26 01:59:15,532][train.py][line:115][INFO] [training]total_num: 142618.0,error: 1.8749215881545822
[2024-09-26 02:01:43,322][train.py][line:158][INFO] [testing]total_number: 142618,error: 2.1410650519581584,total_acc: 0.3806251585483551
[2024-09-26 02:01:43,329][train.py][line:97][INFO] ---------------epoch 85---------------
lr: [0.00035601843601683726]
[2024-09-26 02:06:21,781][train.py][line:115][INFO] [training]total_num: 142618.0,error: 1.8674098435934487
[2024-09-26 02:08:49,276][train.py][line:158][INFO] [testing]total_number: 142618,error: 1.9173884580661724,total_acc: 0.43729403614997864
[2024-09-26 02:08:49,333][train.py][line:97][INFO] ---------------epoch 86---------------
lr: [0.0003520559561956082]
[2024-09-26 02:13:29,989][train.py][line:115][INFO] [training]total_num: 142618.0,error: 1.8875568544709838
[2024-09-26 02:18:07,427][train.py][line:158][INFO] [testing]total_number: 142618,error: 2.0418900852079513,total_acc: 0.408700168132782
[2024-09-26 02:18:07,497][train.py][line:97][INFO] ---------------epoch 87---------------
lr: [0.0003480625641677233]
[2024-09-26 02:22:53,819][train.py][line:115][INFO] [training]total_num: 142618.0,error: 1.8729187559771847
[2024-09-26 02:25:16,780][train.py][line:158][INFO] [testing]total_number: 142618,error: 1.9590409235520796,total_acc: 0.4346155524253845
[2024-09-26 02:25:16,800][train.py][line:97][INFO] ---------------epoch 88---------------
lr: [0.00034403947634879746]
[2024-09-26 02:29:56,602][train.py][line:115][INFO] [training]total_num: 142618.0,error: 1.8654964129646103
[2024-09-26 02:32:28,227][train.py][line:158][INFO] [testing]total_number: 142618,error: 1.999332349950617,total_acc: 0.41491255164146423
[2024-09-26 02:32:28,245][train.py][line:97][INFO] ---------------epoch 89---------------
lr: [0.00033998791819984]
[2024-09-26 02:37:07,505][train.py][line:115][INFO] [training]total_num: 142618.0,error: 1.8512829594797902
[2024-09-26 02:39:48,440][train.py][line:158][INFO] [testing]total_number: 142618,error: 2.170052016555489,total_acc: 0.37523314356803894
[2024-09-26 02:39:48,453][train.py][line:97][INFO] ---------------epoch 90---------------
lr: [0.00033590912385396014]
[2024-09-26 02:44:26,247][train.py][line:115][INFO] [training]total_num: 142618.0,error: 1.8466631449662245
[2024-09-26 02:46:46,969][train.py][line:158][INFO] [testing]total_number: 142618,error: 1.9900505589200306,total_acc: 0.4178294539451599
[2024-09-26 02:46:47,000][train.py][line:97][INFO] ---------------epoch 91---------------
lr: [0.0003318043357404249]
[2024-09-26 02:51:22,900][train.py][line:115][INFO] [training]total_num: 142618.0,error: 1.8428750524273168
[2024-09-26 02:53:48,999][train.py][line:158][INFO] [testing]total_number: 142618,error: 1.8463098971874683,total_acc: 0.45422738790512085
[2024-09-26 02:53:49,043][train.py][line:97][INFO] ---------------epoch 92---------------
lr: [0.0003276748042061949]
[2024-09-26 02:58:24,426][train.py][line:115][INFO] [training]total_num: 142618.0,error: 1.8232718780443267
[2024-09-26 03:00:53,534][train.py][line:158][INFO] [testing]total_number: 142618,error: 1.8856136860785546,total_acc: 0.4422583281993866
[2024-09-26 03:00:53,572][train.py][line:97][INFO] ---------------epoch 93---------------
lr: [0.00032352178713504384]
[2024-09-26 03:05:31,486][train.py][line:115][INFO] [training]total_num: 142618.0,error: 1.8210260818530988
[2024-09-26 03:08:22,270][train.py][line:158][INFO] [testing]total_number: 142618,error: 2.1145287349626614,total_acc: 0.3915003836154938
[2024-09-26 03:08:22,318][train.py][line:97][INFO] ---------------epoch 94---------------
lr: [0.0003193465495643832]
[2024-09-26 03:13:01,124][train.py][line:115][INFO] [training]total_num: 142618.0,error: 1.8293858704628883
[2024-09-26 03:15:45,882][train.py][line:158][INFO] [testing]total_number: 142618,error: 1.869471687465519,total_acc: 0.45125439763069153
[2024-09-26 03:15:45,925][train.py][line:97][INFO] ---------------epoch 95---------------
lr: [0.00031515036329990735]
[2024-09-26 03:20:27,747][train.py][line:115][INFO] [training]total_num: 142618.0,error: 1.822306134484031
[2024-09-26 03:23:05,871][train.py][line:158][INFO] [testing]total_number: 142618,error: 1.948306124241321,total_acc: 0.43425095081329346
[2024-09-26 03:23:05,895][train.py][line:97][INFO] ---------------epoch 96---------------
lr: [0.00031093450652817613]
[2024-09-26 03:27:45,210][train.py][line:115][INFO] [training]total_num: 142618.0,error: 1.8203298915516246
[2024-09-26 03:30:20,282][train.py][line:158][INFO] [testing]total_number: 142618,error: 1.933466250555856,total_acc: 0.4354429244995117
[2024-09-26 03:30:20,303][train.py][line:97][INFO] ---------------epoch 97---------------
lr: [0.0003067002634272525]
[2024-09-26 03:34:58,267][train.py][line:115][INFO] [training]total_num: 142618.0,error: 1.803646040272403
[2024-09-26 03:37:29,900][train.py][line:158][INFO] [testing]total_number: 142618,error: 1.8588069934349556,total_acc: 0.4503779411315918
[2024-09-26 03:37:29,919][train.py][line:97][INFO] ---------------epoch 98---------------
lr: [0.00030244892377551504]
[2024-09-26 03:42:09,168][train.py][line:115][INFO] [training]total_num: 142618.0,error: 1.792796766603148
[2024-09-26 03:44:34,775][train.py][line:158][INFO] [testing]total_number: 142618,error: 1.9598170243300401,total_acc: 0.44345733523368835
[2024-09-26 03:44:34,784][train.py][line:97][INFO] ---------------epoch 99---------------
lr: [0.0002981817825587642]
[2024-09-26 03:49:12,349][train.py][line:115][INFO] [training]total_num: 142618.0,error: 1.7865208678431326
[2024-09-26 03:51:33,750][train.py][line:158][INFO] [testing]total_number: 142618,error: 1.9061005744067105,total_acc: 0.43734312057495117
[2024-09-26 03:51:33,760][train.py][line:97][INFO] ---------------epoch 100---------------
lr: [0.00029390013957573946]
[2024-09-26 03:56:10,674][train.py][line:115][INFO] [training]total_num: 142618.0,error: 1.7840600828071693
[2024-09-26 03:58:29,820][train.py][line:158][INFO] [testing]total_number: 142618,error: 1.9171027149472917,total_acc: 0.43058380484580994
[2024-09-26 03:58:29,848][train.py][line:97][INFO] ---------------epoch 101---------------
lr: [0.0002896052990421721]
[2024-09-26 04:03:07,644][train.py][line:115][INFO] [training]total_num: 142618.0,error: 1.7611546773415108
[2024-09-26 04:05:27,847][train.py][line:158][INFO] [testing]total_number: 142618,error: 1.958685679095132,total_acc: 0.43476980924606323
[2024-09-26 04:05:28,389][train.py][line:97][INFO] ---------------epoch 102---------------
lr: [0.0002852985691934896]
[2024-09-26 04:10:05,285][train.py][line:115][INFO] [training]total_num: 142618.0,error: 1.7778251072029014
[2024-09-26 04:12:20,864][train.py][line:158][INFO] [testing]total_number: 142618,error: 1.9023589886628187,total_acc: 0.43741321563720703
[2024-09-26 04:12:20,870][train.py][line:97][INFO] ---------------epoch 103---------------
lr: [0.00028098126188629593]
[2024-09-26 04:16:55,760][train.py][line:115][INFO] [training]total_num: 142618.0,error: 1.7670238844760053
[2024-09-26 04:19:14,467][train.py][line:158][INFO] [testing]total_number: 142618,error: 1.9328420255091283,total_acc: 0.44148704409599304
[2024-09-26 04:19:14,509][train.py][line:97][INFO] ---------------epoch 104---------------
lr: [0.00027665469219874606]
[2024-09-26 04:23:49,816][train.py][line:115][INFO] [training]total_num: 142618.0,error: 1.753291393564893
[2024-09-26 04:26:10,416][train.py][line:158][INFO] [testing]total_number: 142618,error: 1.8990181514195033,total_acc: 0.4433942437171936
[2024-09-26 04:26:10,422][train.py][line:97][INFO] ---------------epoch 105---------------
lr: [0.00027232017802994034]
[2024-09-26 04:30:45,780][train.py][line:115][INFO] [training]total_num: 142618.0,error: 1.7723618330893578
[2024-09-26 04:33:06,998][train.py][line:158][INFO] [testing]total_number: 142618,error: 1.9712490252086095,total_acc: 0.42374032735824585
[2024-09-26 04:33:07,029][train.py][line:97][INFO] ---------------epoch 106---------------
lr: [0.0002679790396984551]
[2024-09-26 04:37:42,161][train.py][line:115][INFO] [training]total_num: 142618.0,error: 1.7634082602216052
[2024-09-26 04:40:06,439][train.py][line:158][INFO] [testing]total_number: 142618,error: 1.9171409408767501,total_acc: 0.4339914917945862
[2024-09-26 04:40:06,460][train.py][line:97][INFO] ---------------epoch 107---------------
lr: [0.00026363259954013864]
[2024-09-26 04:44:54,186][train.py][line:115][INFO] [training]total_num: 142618.0,error: 1.7498887795906561
[2024-09-26 04:47:54,688][train.py][line:158][INFO] [testing]total_number: 142618,error: 1.8225719532409272,total_acc: 0.462424099445343
[2024-09-26 04:47:54,795][train.py][line:97][INFO] ---------------epoch 108---------------
lr: [0.0002592821815052879]
[2024-09-26 04:52:40,621][train.py][line:115][INFO] [training]total_num: 142618.0,error: 1.744487893426573
[2024-09-26 04:55:37,235][train.py][line:158][INFO] [testing]total_number: 142618,error: 1.8253012486866542,total_acc: 0.46721312403678894
[2024-09-26 04:55:37,309][train.py][line:97][INFO] ---------------epoch 109---------------
lr: [0.0002549291107553342]
[2024-09-26 05:00:24,027][train.py][line:115][INFO] [training]total_num: 142618.0,error: 1.743498943997668
[2024-09-26 05:03:52,640][train.py][line:158][INFO] [testing]total_number: 142618,error: 1.825260080145551,total_acc: 0.4681386649608612
[2024-09-26 05:03:52,715][train.py][line:97][INFO] ---------------epoch 110---------------
lr: [0.0002505747132591567]
[2024-09-26 05:08:34,016][train.py][line:115][INFO] [training]total_num: 142618.0,error: 1.7362230220398345
[2024-09-26 05:11:46,417][train.py][line:158][INFO] [testing]total_number: 142618,error: 1.813375954504137,total_acc: 0.46776002645492554
[2024-09-26 05:11:46,501][train.py][line:97][INFO] ---------------epoch 111---------------
lr: [0.00024622031538914976]
[2024-09-26 05:16:28,697][train.py][line:115][INFO] [training]total_num: 142618.0,error: 1.721783279443716
[2024-09-26 05:19:09,625][train.py][line:158][INFO] [testing]total_number: 142618,error: 1.9673347200666156,total_acc: 0.42486220598220825
[2024-09-26 05:19:09,656][train.py][line:97][INFO] ---------------epoch 112---------------
lr: [0.00024186724351716332]
[2024-09-26 05:23:49,982][train.py][line:115][INFO] [training]total_num: 142618.0,error: 1.716485712280521
[2024-09-26 05:26:21,488][train.py][line:158][INFO] [testing]total_number: 142618,error: 1.8694054180925543,total_acc: 0.4454486668109894
[2024-09-26 05:26:21,511][train.py][line:97][INFO] ---------------epoch 113---------------
lr: [0.00023751682361044382]
[2024-09-26 05:31:04,433][train.py][line:115][INFO] [training]total_num: 142618.0,error: 1.7176226445606777
[2024-09-26 05:33:40,786][train.py][line:158][INFO] [testing]total_number: 142618,error: 1.7860712391989573,total_acc: 0.4739864468574524
[2024-09-26 05:33:40,893][train.py][line:97][INFO] ---------------epoch 114---------------
lr: [0.00023317038082769343]
[2024-09-26 05:38:21,988][train.py][line:115][INFO] [training]total_num: 142618.0,error: 1.7115133164765
[2024-09-26 05:41:08,093][train.py][line:158][INFO] [testing]total_number: 142618,error: 1.8241768143393777,total_acc: 0.46806854009628296
[2024-09-26 05:41:08,122][train.py][line:97][INFO] ---------------epoch 115---------------
lr: [0.00022882923911537605]
[2024-09-26 05:45:48,633][train.py][line:115][INFO] [training]total_num: 142618.0,error: 1.697083263892632
[2024-09-26 05:48:46,463][train.py][line:158][INFO] [testing]total_number: 142618,error: 1.9019221711468386,total_acc: 0.45757898688316345
[2024-09-26 05:48:46,511][train.py][line:97][INFO] ---------------epoch 116---------------
lr: [0.00022449472080438747]
[2024-09-26 05:53:24,087][train.py][line:115][INFO] [training]total_num: 142618.0,error: 1.7288949025141729
[2024-09-26 05:55:57,816][train.py][line:158][INFO] [testing]total_number: 142618,error: 1.9675931716894175,total_acc: 0.4351694881916046
[2024-09-26 05:55:57,823][train.py][line:97][INFO] ---------------epoch 117---------------
lr: [0.000220168146207216]
[2024-09-26 06:00:36,327][train.py][line:115][INFO] [training]total_num: 142618.0,error: 1.694452498175881
[2024-09-26 06:03:05,627][train.py][line:158][INFO] [testing]total_number: 142618,error: 1.802845902566786,total_acc: 0.467311292886734
[2024-09-26 06:03:05,652][train.py][line:97][INFO] ---------------epoch 118---------------
lr: [0.0002158508332157144]
[2024-09-26 06:07:44,824][train.py][line:115][INFO] [training]total_num: 142618.0,error: 1.6963446798262658
[2024-09-26 06:10:14,437][train.py][line:158][INFO] [testing]total_number: 142618,error: 1.8504383384407341,total_acc: 0.45661136507987976
[2024-09-26 06:10:14,461][train.py][line:97][INFO] ---------------epoch 119---------------
lr: [0.00021154409689960686]
[2024-09-26 06:14:52,056][train.py][line:115][INFO] [training]total_num: 142618.0,error: 1.6827522234483199
[2024-09-26 06:17:29,652][train.py][line:158][INFO] [testing]total_number: 142618,error: 1.8035803519286118,total_acc: 0.4679844081401825
[2024-09-26 06:17:29,667][train.py][line:97][INFO] ---------------epoch 120---------------
lr: [0.00020724924910585048]
[2024-09-26 06:22:10,309][train.py][line:115][INFO] [training]total_num: 142618.0,error: 1.666505621934866
[2024-09-26 06:24:59,538][train.py][line:158][INFO] [testing]total_number: 142618,error: 1.7645159400902786,total_acc: 0.4787474274635315
[2024-09-26 06:24:59,575][train.py][line:97][INFO] ---------------epoch 121---------------
lr: [0.00020296759805897598]
[2024-09-26 06:29:38,373][train.py][line:115][INFO] [training]total_num: 142618.0,error: 1.6709259061070232
[2024-09-26 06:32:05,458][train.py][line:158][INFO] [testing]total_number: 142618,error: 1.8097639438393829,total_acc: 0.47506627440452576
[2024-09-26 06:32:05,482][train.py][line:97][INFO] ---------------epoch 122---------------
lr: [0.00019870044796252575]
[2024-09-26 06:36:45,961][train.py][line:115][INFO] [training]total_num: 142618.0,error: 1.6725638340045879
[2024-09-26 06:39:19,379][train.py][line:158][INFO] [testing]total_number: 142618,error: 1.7930963695823372,total_acc: 0.4745473861694336
[2024-09-26 06:39:19,385][train.py][line:97][INFO] ---------------epoch 123---------------
lr: [0.00019444909860171508]
[2024-09-26 06:43:59,780][train.py][line:115][INFO] [training]total_num: 142618.0,error: 1.6605440387478123
[2024-09-26 06:46:23,050][train.py][line:158][INFO] [testing]total_number: 142618,error: 1.9284616925499656,total_acc: 0.4395027160644531
[2024-09-26 06:46:23,057][train.py][line:97][INFO] ---------------epoch 124---------------
lr: [0.00019021484494743075]
[2024-09-26 06:51:05,409][train.py][line:115][INFO] [training]total_num: 142618.0,error: 1.6716887282086657
[2024-09-26 06:53:30,536][train.py][line:158][INFO] [testing]total_number: 142618,error: 1.7992030970461956,total_acc: 0.4783687889575958
[2024-09-26 06:53:30,559][train.py][line:97][INFO] ---------------epoch 125---------------
lr: [0.0001859989767616938]
[2024-09-26 06:58:09,914][train.py][line:115][INFO] [training]total_num: 142618.0,error: 1.6530687737774539
[2024-09-26 07:01:26,071][train.py][line:158][INFO] [testing]total_number: 142618,error: 1.9008163831450722,total_acc: 0.45616260170936584
[2024-09-26 07:01:26,105][train.py][line:97][INFO] ---------------epoch 126---------------
lr: [0.0001818027782047009]
[2024-09-26 07:06:03,700][train.py][line:115][INFO] [training]total_num: 142618.0,error: 1.6595442548974768
[2024-09-26 07:08:25,715][train.py][line:158][INFO] [testing]total_number: 142618,error: 1.8998922583344695,total_acc: 0.462781697511673
[2024-09-26 07:08:26,333][train.py][line:97][INFO] ---------------epoch 127---------------
lr: [0.00017762752744356641]
[2024-09-26 07:13:06,238][train.py][line:115][INFO] [training]total_num: 142618.0,error: 1.64713017445106
[2024-09-26 07:15:25,661][train.py][line:158][INFO] [testing]total_number: 142618,error: 2.046884690167068,total_acc: 0.4289570748806
[2024-09-26 07:15:25,704][train.py][line:97][INFO] ---------------epoch 128---------------
lr: [0.00017347449626288285]
[2024-09-26 07:20:02,218][train.py][line:115][INFO] [training]total_num: 142618.0,error: 1.6461763518197197
[2024-09-26 07:22:33,424][train.py][line:158][INFO] [testing]total_number: 142618,error: 1.8034931794389502,total_acc: 0.46907123923301697
[2024-09-26 07:22:33,430][train.py][line:97][INFO] ---------------epoch 129---------------
lr: [0.00016934494967721814]
[2024-09-26 07:27:09,831][train.py][line:115][INFO] [training]total_num: 142618.0,error: 1.6327030119957862
[2024-09-26 07:29:31,961][train.py][line:158][INFO] [testing]total_number: 142618,error: 1.8661106493565944,total_acc: 0.4640999138355255
[2024-09-26 07:29:31,967][train.py][line:97][INFO] ---------------epoch 130---------------
lr: [0.00016524014554566586]
[2024-09-26 07:34:09,465][train.py][line:115][INFO] [training]total_num: 142618.0,error: 1.6289313372079428
[2024-09-26 07:36:29,519][train.py][line:158][INFO] [testing]total_number: 142618,error: 1.7332391667675662,total_acc: 0.4850369393825531
[2024-09-26 07:36:29,568][train.py][line:97][INFO] ---------------epoch 131---------------
lr: [0.00016116133418856617]
[2024-09-26 07:41:06,858][train.py][line:115][INFO] [training]total_num: 142618.0,error: 1.6367028180654948
[2024-09-26 07:43:25,592][train.py][line:158][INFO] [testing]total_number: 142618,error: 1.7649404753338207,total_acc: 0.47796210646629333
[2024-09-26 07:43:25,624][train.py][line:97][INFO] ---------------epoch 132---------------
lr: [0.00015710975800651338]
[2024-09-26 07:48:23,059][train.py][line:115][INFO] [training]total_num: 142618.0,error: 1.6294229343339994
[2024-09-26 07:51:43,575][train.py][line:158][INFO] [testing]total_number: 142618,error: 1.7724228267545823,total_acc: 0.4725700914859772
[2024-09-26 07:51:43,657][train.py][line:97][INFO] ---------------epoch 133---------------
lr: [0.00015308665110176365]
[2024-09-26 07:56:34,348][train.py][line:115][INFO] [training]total_num: 142618.0,error: 1.613306893466355
[2024-09-26 07:59:08,636][train.py][line:158][INFO] [testing]total_number: 142618,error: 1.736025205525485,total_acc: 0.48454612493515015
[2024-09-26 07:59:08,643][train.py][line:97][INFO] ---------------epoch 134---------------
lr: [0.0001490932389021592]
[2024-09-26 08:03:50,012][train.py][line:115][INFO] [training]total_num: 142618.0,error: 1.6113152457522106
[2024-09-26 08:07:10,537][train.py][line:158][INFO] [testing]total_number: 142618,error: 1.8200448646173848,total_acc: 0.46751463413238525
[2024-09-26 08:07:10,588][train.py][line:97][INFO] ---------------epoch 135---------------
lr: [0.00014513073778767992]
[2024-09-26 08:11:54,600][train.py][line:115][INFO] [training]total_num: 142618.0,error: 1.6155110139351387
[2024-09-26 08:14:37,361][train.py][line:158][INFO] [testing]total_number: 142618,error: 1.7945732903170895,total_acc: 0.4787263870239258
[2024-09-26 08:14:37,395][train.py][line:97][INFO] ---------------epoch 136---------------
lr: [0.00014120035471973776]
[2024-09-26 08:19:21,009][train.py][line:115][INFO] [training]total_num: 142618.0,error: 1.6000550333555643
[2024-09-26 08:21:52,266][train.py][line:158][INFO] [testing]total_number: 142618,error: 1.7836530369597596,total_acc: 0.4870072603225708
[2024-09-26 08:21:52,344][train.py][line:97][INFO] ---------------epoch 137---------------
lr: [0.00013730328687332143]
[2024-09-26 08:26:33,934][train.py][line:115][INFO] [training]total_num: 142618.0,error: 1.599173153220833
[2024-09-26 08:29:04,133][train.py][line:158][INFO] [testing]total_number: 142618,error: 1.8389494369556378,total_acc: 0.46876269578933716
[2024-09-26 08:29:04,178][train.py][line:97][INFO] ---------------epoch 138---------------
lr: [0.00013344072127210565]
[2024-09-26 08:33:55,911][train.py][line:115][INFO] [training]total_num: 142618.0,error: 1.6043957877468753
[2024-09-26 08:36:28,003][train.py][line:158][INFO] [testing]total_number: 142618,error: 1.793114752274055,total_acc: 0.4834803342819214
[2024-09-26 08:36:28,046][train.py][line:97][INFO] ---------------epoch 139---------------
lr: [0.00012961383442662992]
[2024-09-26 08:41:08,813][train.py][line:115][INFO] [training]total_num: 142618.0,error: 1.5903372188667197
[2024-09-26 08:43:54,648][train.py][line:158][INFO] [testing]total_number: 142618,error: 1.8304182218266771,total_acc: 0.4737270176410675
[2024-09-26 08:43:54,708][train.py][line:97][INFO] ---------------epoch 140---------------
lr: [0.00012582379197565905]
[2024-09-26 08:48:43,330][train.py][line:115][INFO] [training]total_num: 142618.0,error: 1.5910746885584546
[2024-09-26 08:51:39,341][train.py][line:158][INFO] [testing]total_number: 142618,error: 1.7375876973201703,total_acc: 0.4918874204158783
[2024-09-26 08:51:39,398][train.py][line:97][INFO] ---------------epoch 141---------------
lr: [0.00012207174833082964]
[2024-09-26 08:56:20,626][train.py][line:115][INFO] [training]total_num: 142618.0,error: 1.581010159424373
[2024-09-26 08:59:14,154][train.py][line:158][INFO] [testing]total_number: 142618,error: 1.7224777427586642,total_acc: 0.4953932762145996
[2024-09-26 08:59:14,236][train.py][line:97][INFO] ---------------epoch 142---------------
lr: [0.00011835884632468603]
[2024-09-26 09:04:01,170][train.py][line:115][INFO] [training]total_num: 142618.0,error: 1.577963594027928
[2024-09-26 09:06:53,138][train.py][line:158][INFO] [testing]total_number: 142618,error: 1.695977878260922,total_acc: 0.49673253297805786
[2024-09-26 09:06:53,201][train.py][line:97][INFO] ---------------epoch 143---------------
lr: [0.00011468621686221606]
[2024-09-26 09:11:33,429][train.py][line:115][INFO] [training]total_num: 142618.0,error: 1.58551693272281
[2024-09-26 09:14:12,078][train.py][line:158][INFO] [testing]total_number: 142618,error: 1.7344261259227605,total_acc: 0.49434852600097656
[2024-09-26 09:14:12,087][train.py][line:97][INFO] ---------------epoch 144---------------
lr: [0.00011105497857597966]
[2024-09-26 09:19:21,805][train.py][line:115][INFO] [training]total_num: 142618.0,error: 1.5715839992869984
[2024-09-26 09:22:21,355][train.py][line:158][INFO] [testing]total_number: 142618,error: 1.664043384093743,total_acc: 0.5054060220718384
[2024-09-26 09:22:21,469][train.py][line:97][INFO] ---------------epoch 145---------------
lr: [0.00010746623748494166]
[2024-09-26 09:27:04,964][train.py][line:115][INFO] [training]total_num: 142618.0,error: 1.5770589543627453
[2024-09-26 09:29:44,327][train.py][line:158][INFO] [testing]total_number: 142618,error: 1.717452017517833,total_acc: 0.4921889305114746
[2024-09-26 09:29:44,358][train.py][line:97][INFO] ---------------epoch 146---------------
lr: [0.0001039210866570976]
[2024-09-26 09:34:24,876][train.py][line:115][INFO] [training]total_num: 142618.0,error: 1.5695553730060527
[2024-09-26 09:37:45,822][train.py][line:158][INFO] [testing]total_number: 142618,error: 1.728205549407315,total_acc: 0.49673953652381897
[2024-09-26 09:37:45,828][train.py][line:97][INFO] ---------------epoch 147---------------
lr: [0.00010042060587599802]
[2024-09-26 09:42:25,732][train.py][line:115][INFO] [training]total_num: 142618.0,error: 1.5609222021969882
[2024-09-26 09:45:00,913][train.py][line:158][INFO] [testing]total_number: 142618,error: 1.730116736114799,total_acc: 0.49981069564819336
[2024-09-26 09:45:00,941][train.py][line:97][INFO] ---------------epoch 148---------------
lr: [9.696586131126162e-05]
[2024-09-26 09:49:40,179][train.py][line:115][INFO] [training]total_num: 142618.0,error: 1.5545612660321322
[2024-09-26 09:52:27,711][train.py][line:158][INFO] [testing]total_number: 142618,error: 1.6923234532405804,total_acc: 0.5026434063911438
[2024-09-26 09:52:27,734][train.py][line:97][INFO] ---------------epoch 149---------------
lr: [9.355790519317168e-05]
[2024-09-26 09:57:07,825][train.py][line:115][INFO] [training]total_num: 142618.0,error: 1.5443057368328046
[2024-09-26 09:59:36,059][train.py][line:158][INFO] [testing]total_number: 142618,error: 1.6580297614072825,total_acc: 0.509627103805542
[2024-09-26 09:59:36,124][train.py][line:97][INFO] ---------------epoch 150---------------
lr: [9.019777549144637e-05]
[2024-09-26 10:04:14,954][train.py][line:115][INFO] [training]total_num: 142618.0,error: 1.5558923702735405
[2024-09-26 10:06:46,451][train.py][line:158][INFO] [testing]total_number: 142618,error: 1.6804123797974029,total_acc: 0.505742609500885
[2024-09-26 10:06:46,479][train.py][line:97][INFO] ---------------epoch 151---------------
lr: [8.68864955982719e-05]
[2024-09-26 10:11:25,734][train.py][line:115][INFO] [training]total_num: 142618.0,error: 1.54767531264912
[2024-09-26 10:13:54,234][train.py][line:158][INFO] [testing]total_number: 142618,error: 1.7077613479131228,total_acc: 0.4968166649341583
[2024-09-26 10:13:54,830][train.py][line:97][INFO] ---------------epoch 152---------------
lr: [8.36250740156828e-05]
[2024-09-26 10:18:34,790][train.py][line:115][INFO] [training]total_num: 142618.0,error: 1.560205818770768
[2024-09-26 10:20:59,141][train.py][line:158][INFO] [testing]total_number: 142618,error: 1.6680526707079504,total_acc: 0.5079863667488098
[2024-09-26 10:20:59,157][train.py][line:97][INFO] ---------------epoch 153---------------
lr: [8.041450404737077e-05]
[2024-09-26 10:25:35,568][train.py][line:115][INFO] [training]total_num: 142618.0,error: 1.5318987162082227
[2024-09-26 10:27:54,015][train.py][line:158][INFO] [testing]total_number: 142618,error: 1.7572024333012568,total_acc: 0.4920276403427124
[2024-09-26 10:27:54,051][train.py][line:97][INFO] ---------------epoch 154---------------
lr: [7.725576349500202e-05]
[2024-09-26 10:32:30,456][train.py][line:115][INFO] [training]total_num: 142618.0,error: 1.5383559422059492
[2024-09-26 10:34:51,777][train.py][line:158][INFO] [testing]total_number: 142618,error: 1.6535195711371187,total_acc: 0.5105246305465698
[2024-09-26 10:34:51,858][train.py][line:97][INFO] ---------------epoch 155---------------
lr: [7.41498143591182e-05]
[2024-09-26 10:39:28,046][train.py][line:115][INFO] [training]total_num: 142618.0,error: 1.5314153346148405
[2024-09-26 10:41:52,642][train.py][line:158][INFO] [testing]total_number: 142618,error: 1.6563056521601491,total_acc: 0.5088979005813599
[2024-09-26 10:41:52,666][train.py][line:97][INFO] ---------------epoch 156---------------
lr: [7.109760254468865e-05]
[2024-09-26 10:46:31,359][train.py][line:115][INFO] [training]total_num: 142618.0,error: 1.5307845519734669
[2024-09-26 10:48:52,985][train.py][line:158][INFO] [testing]total_number: 142618,error: 1.693480539631534,total_acc: 0.5031272172927856
[2024-09-26 10:48:53,004][train.py][line:97][INFO] ---------------epoch 157---------------
lr: [6.810005757138204e-05]
[2024-09-26 10:53:33,573][train.py][line:115][INFO] [training]total_num: 142618.0,error: 1.5359100600341697
[2024-09-26 10:56:05,405][train.py][line:158][INFO] [testing]total_number: 142618,error: 1.705962045161755,total_acc: 0.5041089057922363
[2024-09-26 10:56:05,411][train.py][line:97][INFO] ---------------epoch 158---------------
lr: [6.515809228861368e-05]
[2024-09-26 11:00:42,025][train.py][line:115][INFO] [training]total_num: 142618.0,error: 1.5238623310993245
[2024-09-26 11:03:07,241][train.py][line:158][INFO] [testing]total_number: 142618,error: 1.760621981651752,total_acc: 0.496473103761673
[2024-09-26 11:03:07,258][train.py][line:97][INFO] ---------------epoch 159---------------
lr: [6.227260259542327e-05]
[2024-09-26 11:07:45,652][train.py][line:115][INFO] [training]total_num: 142618.0,error: 1.524367238019968
[2024-09-26 11:10:05,805][train.py][line:158][INFO] [testing]total_number: 142618,error: 1.6975769111088344,total_acc: 0.5074955224990845
[2024-09-26 11:10:05,811][train.py][line:97][INFO] ---------------epoch 160---------------
lr: [5.9444467165226366e-05]
[2024-09-26 11:14:42,495][train.py][line:115][INFO] [training]total_num: 142618.0,error: 1.5158155035662961
[2024-09-26 11:17:03,928][train.py][line:158][INFO] [testing]total_number: 142618,error: 1.7687143895533177,total_acc: 0.4883675277233124
[2024-09-26 11:17:03,942][train.py][line:97][INFO] ---------------epoch 161---------------
lr: [5.6674547175475766e-05]
[2024-09-26 11:21:43,077][train.py][line:115][INFO] [training]total_num: 142618.0,error: 1.5210219810535381
[2024-09-26 11:24:03,631][train.py][line:158][INFO] [testing]total_number: 142618,error: 1.7486478387535394,total_acc: 0.4983171820640564
[2024-09-26 11:24:03,638][train.py][line:97][INFO] ---------------epoch 162---------------
lr: [5.396368604225347e-05]
[2024-09-26 11:28:39,707][train.py][line:115][INFO] [training]total_num: 142618.0,error: 1.513469254660916
[2024-09-26 11:31:01,849][train.py][line:158][INFO] [testing]total_number: 142618,error: 1.6502242275646755,total_acc: 0.5147246718406677
[2024-09-26 11:31:01,889][train.py][line:97][INFO] ---------------epoch 163---------------
lr: [5.131270915980899e-05]
[2024-09-26 11:35:35,248][train.py][line:115][INFO] [training]total_num: 142618.0,error: 1.5034813531033404
[2024-09-26 11:37:55,423][train.py][line:158][INFO] [testing]total_number: 142618,error: 1.6498358929312074,total_acc: 0.5132171511650085
[2024-09-26 11:37:55,462][train.py][line:97][INFO] ---------------epoch 164---------------
lr: [4.872242364503396e-05]
[2024-09-26 11:42:31,006][train.py][line:115][INFO] [training]total_num: 142618.0,error: 1.5124692566983111
[2024-09-26 11:44:54,496][train.py][line:158][INFO] [testing]total_number: 142618,error: 1.6442987677338836,total_acc: 0.5135186314582825
[2024-09-26 11:44:54,573][train.py][line:97][INFO] ---------------epoch 165---------------
lr: [4.619361808684973e-05]
[2024-09-26 11:49:33,818][train.py][line:115][INFO] [training]total_num: 142618.0,error: 1.5051832397262772
[2024-09-26 11:51:54,437][train.py][line:158][INFO] [testing]total_number: 142618,error: 1.7004096113242113,total_acc: 0.5067383050918579
[2024-09-26 11:51:54,443][train.py][line:97][INFO] ---------------epoch 166---------------
lr: [4.3727062300457704e-05]
[2024-09-26 11:56:30,931][train.py][line:115][INFO] [training]total_num: 142618.0,error: 1.5019078753211281
[2024-09-26 11:58:57,562][train.py][line:158][INFO] [testing]total_number: 142618,error: 1.6576327707860377,total_acc: 0.5144371390342712
[2024-09-26 11:58:57,582][train.py][line:97][INFO] ---------------epoch 167---------------
lr: [4.1323507086374705e-05]
[2024-09-26 12:03:33,022][train.py][line:115][INFO] [training]total_num: 142618.0,error: 1.4949795239931578
[2024-09-26 12:05:56,104][train.py][line:158][INFO] [testing]total_number: 142618,error: 1.666266552504007,total_acc: 0.5118778944015503
[2024-09-26 12:05:56,110][train.py][line:97][INFO] ---------------epoch 168---------------
lr: [3.898368399413465e-05]
[2024-09-26 12:10:31,374][train.py][line:115][INFO] [training]total_num: 142618.0,error: 1.5028480248017744
[2024-09-26 12:12:51,593][train.py][line:158][INFO] [testing]total_number: 142618,error: 1.7100879054564935,total_acc: 0.5056935548782349
[2024-09-26 12:12:51,635][train.py][line:97][INFO] ---------------epoch 169---------------
lr: [3.670830509049358e-05]
[2024-09-26 12:17:28,749][train.py][line:115][INFO] [training]total_num: 142618.0,error: 1.50130820614951
[2024-09-26 12:19:46,300][train.py][line:158][INFO] [testing]total_number: 142618,error: 1.6663212305539614,total_acc: 0.5111556649208069
[2024-09-26 12:19:46,307][train.py][line:97][INFO] ---------------epoch 170---------------
lr: [3.449806273191426e-05]
[2024-09-26 12:24:22,867][train.py][line:115][INFO] [training]total_num: 142618.0,error: 1.4970161620672646
[2024-09-26 12:26:45,553][train.py][line:158][INFO] [testing]total_number: 142618,error: 1.6675270972313818,total_acc: 0.5120040774345398
[2024-09-26 12:26:45,578][train.py][line:97][INFO] ---------------epoch 171---------------
lr: [3.2353629341032386e-05]
[2024-09-26 12:31:20,699][train.py][line:115][INFO] [training]total_num: 142618.0,error: 1.4942675810355646
[2024-09-26 12:33:52,785][train.py][line:158][INFO] [testing]total_number: 142618,error: 1.6888184784294722,total_acc: 0.507600724697113
[2024-09-26 12:33:52,792][train.py][line:97][INFO] ---------------epoch 172---------------
lr: [3.027565718670365e-05]
[2024-09-26 12:38:29,502][train.py][line:115][INFO] [training]total_num: 142618.0,error: 1.4852550325455605
[2024-09-26 12:40:57,499][train.py][line:158][INFO] [testing]total_number: 142618,error: 1.6754706430744815,total_acc: 0.5116254687309265
[2024-09-26 12:40:57,538][train.py][line:97][INFO] ---------------epoch 173---------------
lr: [2.8264778167105788e-05]
[2024-09-26 12:45:36,417][train.py][line:115][INFO] [training]total_num: 142618.0,error: 1.489615910858303
[2024-09-26 12:47:57,160][train.py][line:158][INFO] [testing]total_number: 142618,error: 1.6545937223867937,total_acc: 0.5146615505218506
[2024-09-26 12:47:57,166][train.py][line:97][INFO] ---------------epoch 174---------------
lr: [2.632160359520212e-05]
[2024-09-26 12:52:33,194][train.py][line:115][INFO] [training]total_num: 142618.0,error: 1.48651946488913
[2024-09-26 12:54:54,959][train.py][line:158][INFO] [testing]total_number: 142618,error: 1.6728491320238486,total_acc: 0.5089189410209656
[2024-09-26 12:54:54,982][train.py][line:97][INFO] ---------------epoch 175---------------
lr: [2.4446723985646122e-05]
[2024-09-26 12:59:31,499][train.py][line:115][INFO] [training]total_num: 142618.0,error: 1.4794316827476799
[2024-09-26 13:01:58,740][train.py][line:158][INFO] [testing]total_number: 142618,error: 1.6845105643396254,total_acc: 0.5125089287757874
[2024-09-26 13:01:58,747][train.py][line:97][INFO] ---------------epoch 176---------------
lr: [2.264070884190901e-05]
[2024-09-26 13:06:32,907][train.py][line:115][INFO] [training]total_num: 142618.0,error: 1.4807657040558853
[2024-09-26 13:08:56,754][train.py][line:158][INFO] [testing]total_number: 142618,error: 1.6564863180185294,total_acc: 0.5168001055717468
[2024-09-26 13:08:57,326][train.py][line:97][INFO] ---------------epoch 177---------------
lr: [2.0904106442007137e-05]
[2024-09-26 13:14:36,151][train.py][line:115][INFO] [training]total_num: 142618.0,error: 1.479347453488932
[2024-09-26 13:17:41,049][train.py][line:158][INFO] [testing]total_number: 142618,error: 1.6245517071191367,total_acc: 0.5228793025016785
[2024-09-26 13:17:41,132][train.py][line:97][INFO] ---------------epoch 178---------------
lr: [1.9237443620650328e-05]
[2024-09-26 13:22:33,524][train.py][line:115][INFO] [training]total_num: 142618.0,error: 1.4819565410737867
[2024-09-26 13:25:16,088][train.py][line:158][INFO] [testing]total_number: 142618,error: 1.654328716420508,total_acc: 0.5182936191558838
[2024-09-26 13:25:16,104][train.py][line:97][INFO] ---------------epoch 179---------------
lr: [1.7641225544862225e-05]
[2024-09-26 13:29:59,514][train.py][line:115][INFO] [training]total_num: 142618.0,error: 1.4743584758275514
[2024-09-26 13:33:19,961][train.py][line:158][INFO] [testing]total_number: 142618,error: 1.648832948950978,total_acc: 0.519499659538269
[2024-09-26 13:33:19,993][train.py][line:97][INFO] ---------------epoch 180---------------
lr: [1.6115935479045787e-05]
[2024-09-26 13:38:02,368][train.py][line:115][INFO] [training]total_num: 142618.0,error: 1.4784696681158884
[2024-09-26 13:40:42,804][train.py][line:158][INFO] [testing]total_number: 142618,error: 1.678989657953188,total_acc: 0.5141076445579529
[2024-09-26 13:40:42,849][train.py][line:97][INFO] ---------------epoch 181---------------
lr: [1.4662034533931444e-05]
[2024-09-26 13:45:23,761][train.py][line:115][INFO] [training]total_num: 142618.0,error: 1.4753235213168256
[2024-09-26 13:47:50,671][train.py][line:158][INFO] [testing]total_number: 142618,error: 1.661021713777022,total_acc: 0.5189176797866821
[2024-09-26 13:47:50,694][train.py][line:97][INFO] ---------------epoch 182---------------
lr: [1.3279961391630694e-05]
[2024-09-26 13:52:30,594][train.py][line:115][INFO] [training]total_num: 142618.0,error: 1.4702067344219654
[2024-09-26 13:55:03,769][train.py][line:158][INFO] [testing]total_number: 142618,error: 1.6630720132357115,total_acc: 0.5183146595954895
[2024-09-26 13:55:03,777][train.py][line:97][INFO] ---------------epoch 183---------------
lr: [1.1970131995769989e-05]
[2024-09-26 13:59:36,525][train.py][line:115][INFO] [training]total_num: 142618.0,error: 1.4734329731433422
[2024-09-26 14:02:56,831][train.py][line:158][INFO] [testing]total_number: 142618,error: 1.668078024820848,total_acc: 0.5181043148040771
[2024-09-26 14:02:56,838][train.py][line:97][INFO] ---------------epoch 184---------------
lr: [1.073293919083198e-05]
[2024-09-26 14:07:40,742][train.py][line:115][INFO] [training]total_num: 142618.0,error: 1.4719603866725772
[2024-09-26 14:10:40,314][train.py][line:158][INFO] [testing]total_number: 142618,error: 1.6689600391821429,total_acc: 0.5177887678146362
[2024-09-26 14:10:40,367][train.py][line:97][INFO] ---------------epoch 185---------------
lr: [9.568752287463847e-06]
[2024-09-26 14:15:18,069][train.py][line:115][INFO] [training]total_num: 142618.0,error: 1.474765418102215
[2024-09-26 14:18:10,400][train.py][line:158][INFO] [testing]total_number: 142618,error: 1.6514280904423106,total_acc: 0.5197100043296814
[2024-09-26 14:18:10,407][train.py][line:97][INFO] ---------------epoch 186---------------
lr: [8.477916519071137e-06]
[2024-09-26 14:22:52,040][train.py][line:115][INFO] [training]total_num: 142618.0,error: 1.4632974980713485
[2024-09-26 14:25:25,733][train.py][line:158][INFO] [testing]total_number: 142618,error: 1.652900531384852,total_acc: 0.5179150104522705
[2024-09-26 14:25:25,785][train.py][line:97][INFO] ---------------epoch 187---------------
lr: [7.460752336842978e-06]
[2024-09-26 14:30:01,913][train.py][line:115][INFO] [training]total_num: 142618.0,error: 1.4690757398481493
[2024-09-26 14:32:18,555][train.py][line:158][INFO] [testing]total_number: 142618,error: 1.6636276370519167,total_acc: 0.5167720913887024
[2024-09-26 14:32:18,626][train.py][line:97][INFO] ---------------epoch 188---------------
lr: [6.517554460732774e-06]
[2024-09-26 14:36:53,124][train.py][line:115][INFO] [training]total_num: 142618.0,error: 1.4667649101901363
[2024-09-26 14:39:09,407][train.py][line:158][INFO] [testing]total_number: 142618,error: 1.6519444185417969,total_acc: 0.5188055038452148
[2024-09-26 14:39:09,414][train.py][line:97][INFO] ---------------epoch 189---------------
lr: [5.648590554252063e-06]
[2024-09-26 14:43:43,631][train.py][line:115][INFO] [training]total_num: 142618.0,error: 1.4645503208234714
[2024-09-26 14:46:08,488][train.py][line:158][INFO] [testing]total_number: 142618,error: 1.6652968470152323,total_acc: 0.516428530216217
[2024-09-26 14:46:08,514][train.py][line:97][INFO] ---------------epoch 190---------------
lr: [4.854099304908166e-06]
[2024-09-26 14:50:46,553][train.py][line:115][INFO] [training]total_num: 142618.0,error: 1.4657369629129187
[2024-09-26 14:53:07,968][train.py][line:158][INFO] [testing]total_number: 142618,error: 1.6585549704440228,total_acc: 0.5168702602386475
[2024-09-26 14:53:07,974][train.py][line:97][INFO] ---------------epoch 191---------------
lr: [4.1342875375810455e-06]
[2024-09-26 14:57:45,220][train.py][line:115][INFO] [training]total_num: 142618.0,error: 1.4606836754006225
[2024-09-26 15:00:04,751][train.py][line:158][INFO] [testing]total_number: 142618,error: 1.6643868502084311,total_acc: 0.5168421864509583
[2024-09-26 15:00:04,761][train.py][line:97][INFO] ---------------epoch 192---------------
lr: [3.489325698632525e-06]
[2024-09-26 15:04:40,197][train.py][line:115][INFO] [training]total_num: 142618.0,error: 1.461360396502854
[2024-09-26 15:06:58,894][train.py][line:158][INFO] [testing]total_number: 142618,error: 1.6446577663545485,total_acc: 0.5207056403160095
[2024-09-26 15:06:58,900][train.py][line:97][INFO] ---------------epoch 193---------------
lr: [2.9193404791850082e-06]
[2024-09-26 15:11:33,977][train.py][line:115][INFO] [training]total_num: 142618.0,error: 1.469490882638213
[2024-09-26 15:13:57,508][train.py][line:158][INFO] [testing]total_number: 142618,error: 1.6572250084443525,total_acc: 0.518454909324646
[2024-09-26 15:13:57,515][train.py][line:97][INFO] ---------------epoch 194---------------
lr: [2.424402160553415e-06]
[2024-09-26 15:18:30,745][train.py][line:115][INFO] [training]total_num: 142618.0,error: 1.4595196682137328
[2024-09-26 15:20:48,672][train.py][line:158][INFO] [testing]total_number: 142618,error: 1.6569153671140795,total_acc: 0.5183637142181396
[2024-09-26 15:20:48,679][train.py][line:97][INFO] ---------------epoch 195---------------
lr: [2.004501622996026e-06]
[2024-09-26 15:25:23,820][train.py][line:115][INFO] [training]total_num: 142618.0,error: 1.4603270352660835
[2024-09-26 15:27:47,858][train.py][line:158][INFO] [testing]total_number: 142618,error: 1.652187504861262,total_acc: 0.5199764370918274
[2024-09-26 15:27:47,914][train.py][line:97][INFO] ---------------epoch 196---------------
lr: [1.6595055653027913e-06]
[2024-09-26 15:32:28,312][train.py][line:115][INFO] [training]total_num: 142618.0,error: 1.4584639598796894
[2024-09-26 15:34:50,591][train.py][line:158][INFO] [testing]total_number: 142618,error: 1.6580517567597426,total_acc: 0.5197100043296814
[2024-09-26 15:34:50,631][train.py][line:97][INFO] ---------------epoch 197---------------
lr: [1.3890613397548872e-06]
[2024-09-26 15:39:28,084][train.py][line:115][INFO] [training]total_num: 142618.0,error: 1.4558907403574362
[2024-09-26 15:41:47,770][train.py][line:158][INFO] [testing]total_number: 142618,error: 1.6606030524551094,total_acc: 0.5194154977798462
[2024-09-26 15:41:47,776][train.py][line:97][INFO] ---------------epoch 198---------------
lr: [1.192370413891204e-06]
[2024-09-26 15:46:25,688][train.py][line:115][INFO] [training]total_num: 142618.0,error: 1.455358752956638
[2024-09-26 15:48:55,968][train.py][line:158][INFO] [testing]total_number: 142618,error: 1.6569541957471279,total_acc: 0.5199904441833496
[2024-09-26 15:48:55,974][train.py][line:97][INFO] ---------------epoch 199---------------
lr: [1.0675590895972085e-06]
[2024-09-26 15:53:33,737][train.py][line:115][INFO] [training]total_num: 142618.0,error: 1.4606727832323545
[2024-09-26 15:55:52,555][train.py][line:158][INFO] [testing]total_number: 142618,error: 1.6476110692148085,total_acc: 0.5212525725364685
[2024-09-26 15:55:52,562][train.py][line:97][INFO] ---------------epoch 200---------------
lr: [1.0095007381243103e-06]
[2024-09-26 16:00:29,270][train.py][line:115][INFO] [training]total_num: 142618.0,error: 1.4541013951425428
[2024-09-26 16:02:49,517][train.py][line:158][INFO] [testing]total_number: 142618,error: 1.6562413768334823,total_acc: 0.5194646120071411
