[2024-10-23 21:27:18,484][train_con.py][line:89][INFO] ---------------args---------------
Namespace(data_path='./data/Pymatgen_Wrapped/0', train_name='HopeV1_SupConLoss', model_path=None, learning_rate=0.0005, min_learning_rate=1e-06, start_scheduler_step=10, weight_decay=1e-05, momentum=0.99, batch_size=128, class_num=230, epoch_num=120, model_save_path='/data/ylh/MyExps/MOFV2/checkpoints/HopeV1_SupConLoss', device='2', scheduler_T=None, num_workers=20, log_name='log/train//train_HopeV1_SupConLoss_2024_10_23_21:27:11.log')
[2024-10-23 21:27:18,486][train_con.py][line:90][INFO] ---------------model---------------
HopeV1_Con(
  (conv_module): ResTcn(
    (intensity_norm): BatchNorm1d(1, eps=1e-05, momentum=0.1, affine=True, track_running_stats=True)
    (TCN): Sequential(
      (0): ResBlock1D(
        (pre): Conv1d(2, 32, kernel_size=(1,), stride=(1,), bias=False)
        (conv): Sequential(
          (0): Conv1d(32, 32, kernel_size=(3,), stride=(1,), padding=(1,), bias=False)
          (1): BatchNorm1d(32, eps=1e-05, momentum=0.1, affine=True, track_running_stats=True)
          (2): LeakyReLU(negative_slope=0.01)
          (3): Conv1d(32, 32, kernel_size=(3,), stride=(1,), padding=(1,), bias=False)
          (4): BatchNorm1d(32, eps=1e-05, momentum=0.1, affine=True, track_running_stats=True)
        )
        (relu): LeakyReLU(negative_slope=0.01)
      )
      (1): MaxPool1d(kernel_size=2, stride=2, padding=0, dilation=1, ceil_mode=False)
      (2): ResBlock1D(
        (pre): Identity()
        (conv): Sequential(
          (0): Conv1d(32, 32, kernel_size=(3,), stride=(1,), padding=(1,), bias=False)
          (1): BatchNorm1d(32, eps=1e-05, momentum=0.1, affine=True, track_running_stats=True)
          (2): LeakyReLU(negative_slope=0.01)
          (3): Conv1d(32, 32, kernel_size=(3,), stride=(1,), padding=(1,), bias=False)
          (4): BatchNorm1d(32, eps=1e-05, momentum=0.1, affine=True, track_running_stats=True)
        )
        (relu): LeakyReLU(negative_slope=0.01)
      )
      (3): MaxPool1d(kernel_size=2, stride=2, padding=0, dilation=1, ceil_mode=False)
      (4): ResBlock1D(
        (pre): Conv1d(32, 64, kernel_size=(1,), stride=(1,), bias=False)
        (conv): Sequential(
          (0): Conv1d(64, 64, kernel_size=(3,), stride=(1,), padding=(1,), bias=False)
          (1): BatchNorm1d(64, eps=1e-05, momentum=0.1, affine=True, track_running_stats=True)
          (2): LeakyReLU(negative_slope=0.01)
          (3): Conv1d(64, 64, kernel_size=(3,), stride=(1,), padding=(1,), bias=False)
          (4): BatchNorm1d(64, eps=1e-05, momentum=0.1, affine=True, track_running_stats=True)
        )
        (relu): LeakyReLU(negative_slope=0.01)
      )
      (5): MaxPool1d(kernel_size=2, stride=2, padding=0, dilation=1, ceil_mode=False)
      (6): ResBlock1D(
        (pre): Conv1d(64, 128, kernel_size=(1,), stride=(1,), bias=False)
        (conv): Sequential(
          (0): Conv1d(128, 128, kernel_size=(3,), stride=(1,), padding=(1,), bias=False)
          (1): BatchNorm1d(128, eps=1e-05, momentum=0.1, affine=True, track_running_stats=True)
          (2): LeakyReLU(negative_slope=0.01)
          (3): Conv1d(128, 128, kernel_size=(3,), stride=(1,), padding=(1,), bias=False)
          (4): BatchNorm1d(128, eps=1e-05, momentum=0.1, affine=True, track_running_stats=True)
        )
        (relu): LeakyReLU(negative_slope=0.01)
      )
      (7): MaxPool1d(kernel_size=2, stride=2, padding=0, dilation=1, ceil_mode=False)
      (8): ResBlock1D(
        (pre): Identity()
        (conv): Sequential(
          (0): Conv1d(128, 128, kernel_size=(3,), stride=(1,), padding=(1,), bias=False)
          (1): BatchNorm1d(128, eps=1e-05, momentum=0.1, affine=True, track_running_stats=True)
          (2): LeakyReLU(negative_slope=0.01)
          (3): Conv1d(128, 128, kernel_size=(3,), stride=(1,), padding=(1,), bias=False)
          (4): BatchNorm1d(128, eps=1e-05, momentum=0.1, affine=True, track_running_stats=True)
        )
        (relu): LeakyReLU(negative_slope=0.01)
      )
      (9): AvgPool1d(kernel_size=(2,), stride=(2,), padding=(1,))
      (10): ResBlock1D(
        (pre): Conv1d(128, 256, kernel_size=(1,), stride=(1,), bias=False)
        (conv): Sequential(
          (0): Conv1d(256, 256, kernel_size=(3,), stride=(1,), padding=(1,), bias=False)
          (1): BatchNorm1d(256, eps=1e-05, momentum=0.1, affine=True, track_running_stats=True)
          (2): LeakyReLU(negative_slope=0.01)
          (3): Conv1d(256, 256, kernel_size=(3,), stride=(1,), padding=(1,), bias=False)
          (4): BatchNorm1d(256, eps=1e-05, momentum=0.1, affine=True, track_running_stats=True)
        )
        (relu): LeakyReLU(negative_slope=0.01)
      )
      (11): AvgPool1d(kernel_size=(2,), stride=(2,), padding=(0,))
      (12): ResBlock1D(
        (pre): Identity()
        (conv): Sequential(
          (0): Conv1d(256, 256, kernel_size=(3,), stride=(1,), padding=(1,), bias=False)
          (1): BatchNorm1d(256, eps=1e-05, momentum=0.1, affine=True, track_running_stats=True)
          (2): LeakyReLU(negative_slope=0.01)
          (3): Conv1d(256, 256, kernel_size=(3,), stride=(1,), padding=(1,), bias=False)
          (4): BatchNorm1d(256, eps=1e-05, momentum=0.1, affine=True, track_running_stats=True)
        )
        (relu): LeakyReLU(negative_slope=0.01)
      )
      (13): AvgPool1d(kernel_size=(2,), stride=(2,), padding=(1,))
      (14): ResBlock1D(
        (pre): Conv1d(256, 512, kernel_size=(1,), stride=(1,), bias=False)
        (conv): Sequential(
          (0): Conv1d(512, 512, kernel_size=(3,), stride=(1,), padding=(1,), bias=False)
          (1): BatchNorm1d(512, eps=1e-05, momentum=0.1, affine=True, track_running_stats=True)
          (2): LeakyReLU(negative_slope=0.01)
          (3): Conv1d(512, 512, kernel_size=(3,), stride=(1,), padding=(1,), bias=False)
          (4): BatchNorm1d(512, eps=1e-05, momentum=0.1, affine=True, track_running_stats=True)
        )
        (relu): LeakyReLU(negative_slope=0.01)
      )
      (15): AvgPool1d(kernel_size=(2,), stride=(2,), padding=(1,))
      (16): ResBlock1D(
        (pre): Identity()
        (conv): Sequential(
          (0): Conv1d(512, 512, kernel_size=(3,), stride=(1,), padding=(1,), bias=False)
          (1): BatchNorm1d(512, eps=1e-05, momentum=0.1, affine=True, track_running_stats=True)
          (2): LeakyReLU(negative_slope=0.01)
          (3): Conv1d(512, 512, kernel_size=(3,), stride=(1,), padding=(1,), bias=False)
          (4): BatchNorm1d(512, eps=1e-05, momentum=0.1, affine=True, track_running_stats=True)
        )
        (relu): LeakyReLU(negative_slope=0.01)
      )
      (17): AvgPool1d(kernel_size=(2,), stride=(2,), padding=(0,))
      (18): ResBlock1D(
        (pre): Conv1d(512, 1024, kernel_size=(1,), stride=(1,), bias=False)
        (conv): Sequential(
          (0): Conv1d(1024, 1024, kernel_size=(3,), stride=(1,), padding=(1,), bias=False)
          (1): BatchNorm1d(1024, eps=1e-05, momentum=0.1, affine=True, track_running_stats=True)
          (2): LeakyReLU(negative_slope=0.01)
          (3): Conv1d(1024, 1024, kernel_size=(3,), stride=(1,), padding=(1,), bias=False)
          (4): BatchNorm1d(1024, eps=1e-05, momentum=0.1, affine=True, track_running_stats=True)
        )
        (relu): LeakyReLU(negative_slope=0.01)
      )
      (19): AvgPool1d(kernel_size=(2,), stride=(2,), padding=(0,))
      (20): Dropout(p=0.25, inplace=False)
      (21): ResBlock1D(
        (pre): Identity()
        (conv): Sequential(
          (0): Conv1d(1024, 1024, kernel_size=(3,), stride=(1,), padding=(1,), bias=False)
          (1): BatchNorm1d(1024, eps=1e-05, momentum=0.1, affine=True, track_running_stats=True)
          (2): LeakyReLU(negative_slope=0.01)
          (3): Conv1d(1024, 1024, kernel_size=(3,), stride=(1,), padding=(1,), bias=False)
          (4): BatchNorm1d(1024, eps=1e-05, momentum=0.1, affine=True, track_running_stats=True)
        )
        (relu): LeakyReLU(negative_slope=0.01)
      )
      (22): AvgPool1d(kernel_size=(2,), stride=(2,), padding=(0,))
      (23): Dropout(p=0.25, inplace=False)
      (24): ResBlock1D(
        (pre): Identity()
        (conv): Sequential(
          (0): Conv1d(1024, 1024, kernel_size=(3,), stride=(1,), padding=(1,), bias=False)
          (1): BatchNorm1d(1024, eps=1e-05, momentum=0.1, affine=True, track_running_stats=True)
          (2): LeakyReLU(negative_slope=0.01)
          (3): Conv1d(1024, 1024, kernel_size=(3,), stride=(1,), padding=(1,), bias=False)
          (4): BatchNorm1d(1024, eps=1e-05, momentum=0.1, affine=True, track_running_stats=True)
        )
        (relu): LeakyReLU(negative_slope=0.01)
      )
      (25): AvgPool1d(kernel_size=(2,), stride=(2,), padding=(0,))
      (26): Dropout(p=0.25, inplace=False)
      (27): ResBlock1D(
        (pre): Identity()
        (conv): Sequential(
          (0): Conv1d(1024, 1024, kernel_size=(3,), stride=(1,), padding=(1,), bias=False)
          (1): BatchNorm1d(1024, eps=1e-05, momentum=0.1, affine=True, track_running_stats=True)
          (2): LeakyReLU(negative_slope=0.01)
          (3): Conv1d(1024, 1024, kernel_size=(3,), stride=(1,), padding=(1,), bias=False)
          (4): BatchNorm1d(1024, eps=1e-05, momentum=0.1, affine=True, track_running_stats=True)
        )
        (relu): LeakyReLU(negative_slope=0.01)
      )
      (28): AvgPool1d(kernel_size=(2,), stride=(2,), padding=(0,))
      (29): Flatten(start_dim=1, end_dim=-1)
    )
  )
  (att): AttentionModule(
    (embed): Embedding(850, 15)
    (patch_conv): PatchConvModule(
      (conv): Sequential(
        (0): Conv2d(1, 2, kernel_size=(1, 3), stride=(1, 1), padding=(0, 1))
        (1): AvgPool2d(kernel_size=(1, 2), stride=(1, 2), padding=0)
        (2): Conv2d(2, 4, kernel_size=(1, 3), stride=(1, 1), padding=(0, 1))
        (3): AvgPool2d(kernel_size=(1, 2), stride=(1, 2), padding=(0, 1))
        (4): Conv2d(4, 8, kernel_size=(1, 3), stride=(1, 1), padding=(0, 1))
        (5): AvgPool2d(kernel_size=(1, 2), stride=(1, 2), padding=(0, 1))
        (6): Conv2d(8, 16, kernel_size=(1, 3), stride=(1, 1), padding=(0, 1))
        (7): AvgPool2d(kernel_size=(1, 2), stride=(1, 2), padding=0)
      )
    )
    (att): TransformerEncoder(
      (positionEnbeding): PositionEmbedding()
      (encoder_layers): ModuleList(
        (0-7): 8 x EncoderLayer(
          (mha): MultiHeadAttention(
            (WQ): Linear(in_features=32, out_features=32, bias=True)
            (WK): Linear(in_features=32, out_features=32, bias=True)
            (WV): Linear(in_features=32, out_features=32, bias=True)
            (scaled_dot_product_attn): ScaledDotProductAttention()
            (linear): Linear(in_features=32, out_features=32, bias=True)
          )
          (dropout1): Dropout(p=0.25, inplace=False)
          (layernorm1): LayerNorm((32,), eps=1e-06, elementwise_affine=True)
          (ffn): FeedForwardNetwork(
            (linear1): Linear(in_features=32, out_features=256, bias=True)
            (linear2): Linear(in_features=256, out_features=32, bias=True)
            (relu): LeakyReLU(negative_slope=0.01)
          )
          (dropout2): Dropout(p=0.25, inplace=False)
          (layernorm2): LayerNorm((32,), eps=1e-06, elementwise_affine=True)
        )
      )
    )
  )
  (cls_sp): Sequential(
    (0): Linear(in_features=1056, out_features=230, bias=True)
  )
  (cls_cs): Sequential(
    (0): Linear(in_features=1056, out_features=7, bias=True)
  )
  (cls_lt): Sequential(
    (0): Linear(in_features=1056, out_features=6, bias=True)
  )
)
[2024-10-23 21:27:18,487][train_con.py][line:91][INFO] ---------------device---------------
cuda:2
[2024-10-23 21:27:18,487][train_con.py][line:92][INFO] ---------------optimizer---------------
AdamW (
Parameter Group 0
    amsgrad: False
    betas: (0.9, 0.999)
    capturable: False
    differentiable: False
    eps: 1e-08
    foreach: None
    fused: None
    initial_lr: 0.0005
    lr: 0.0005
    maximize: False
    weight_decay: 1e-05
)
[2024-10-23 21:27:18,487][train_con.py][line:93][INFO] ---------------lossfn---------------
SupConLoss()
[2024-10-23 21:27:18,487][train_con.py][line:94][INFO] ---------------seed---------------
3407
[2024-10-23 21:27:18,490][train_con.py][line:106][INFO] ---------------epoch 1---------------
lr: [0.0005]
[2024-10-23 21:49:45,553][train_con.py][line:136][INFO] [training]total_num: 142618.0,error: 0.004415031273154329,error_sp: 0.3852222285216084,error_cs: 0.45862102930325793,error_lt: 0.48066609734280935
[2024-10-23 21:56:58,949][train_con.py][line:179][INFO] [testing]total_number: 0,error: 0.38784861939148557
[2024-10-23 21:56:59,906][train_con.py][line:106][INFO] ---------------epoch 2---------------
lr: [0.0005]
[2024-10-23 22:19:26,012][train_con.py][line:136][INFO] [training]total_num: 142618.0,error: 0.0043087435847837495,error_sp: 0.3700487387846716,error_cs: 0.44075039694186535,error_lt: 0.4818239105334828
[2024-10-23 22:26:40,330][train_con.py][line:179][INFO] [testing]total_number: 0,error: 0.37355232587499015
[2024-10-23 22:26:40,741][train_con.py][line:106][INFO] ---------------epoch 3---------------
lr: [0.0005]
[2024-10-23 22:50:49,759][train_con.py][line:136][INFO] [training]total_num: 142618.0,error: 0.004265410999045232,error_sp: 0.36227146975411817,error_cs: 0.43458232191038426,error_lt: 0.48276948107748613
[2024-10-23 22:58:11,022][train_con.py][line:179][INFO] [testing]total_number: 0,error: 0.3606401533549511
[2024-10-23 22:58:11,420][train_con.py][line:106][INFO] ---------------epoch 4---------------
lr: [0.0005]
[2024-10-23 23:20:39,132][train_con.py][line:136][INFO] [training]total_num: 142618.0,error: 0.004222145802180259,error_sp: 0.35363128589600085,error_cs: 0.4300968874553293,error_lt: 0.48291553366522716
[2024-10-23 23:28:15,140][train_con.py][line:179][INFO] [testing]total_number: 0,error: 0.35516867152982934
[2024-10-23 23:28:15,541][train_con.py][line:106][INFO] ---------------epoch 5---------------
lr: [0.0005]
[2024-10-23 23:50:42,551][train_con.py][line:136][INFO] [training]total_num: 142618.0,error: 0.004186532950192399,error_sp: 0.3470113113268007,error_cs: 0.42673141512600005,error_lt: 0.48221712767707636
[2024-10-23 23:57:59,776][train_con.py][line:179][INFO] [testing]total_number: 0,error: 0.3780600828149198
[2024-10-23 23:57:59,784][train_con.py][line:106][INFO] ---------------epoch 6---------------
lr: [0.0005]
[2024-10-24 00:20:37,544][train_con.py][line:136][INFO] [training]total_num: 142618.0,error: 0.004152657473753202,error_sp: 0.3410961870087547,error_cs: 0.4237142101313651,error_lt: 0.48098681475752314
[2024-10-24 00:28:00,873][train_con.py][line:179][INFO] [testing]total_number: 0,error: 0.354217554501257
[2024-10-24 00:28:01,263][train_con.py][line:106][INFO] ---------------epoch 7---------------
lr: [0.0005]
[2024-10-24 00:50:26,749][train_con.py][line:136][INFO] [training]total_num: 142618.0,error: 0.004125947745565652,error_sp: 0.33685714795940885,error_cs: 0.4212280721556537,error_lt: 0.47969907286850455
[2024-10-24 00:57:44,293][train_con.py][line:179][INFO] [testing]total_number: 0,error: 0.35219978868710117
[2024-10-24 00:57:44,671][train_con.py][line:106][INFO] ---------------epoch 8---------------
lr: [0.0005]
[2024-10-24 01:20:10,523][train_con.py][line:136][INFO] [training]total_num: 142618.0,error: 0.004091459309608703,error_sp: 0.33150406681602784,error_cs: 0.4182123498728345,error_lt: 0.47772135049395575
[2024-10-24 01:27:26,264][train_con.py][line:179][INFO] [testing]total_number: 0,error: 0.3808605794223834
[2024-10-24 01:27:26,272][train_con.py][line:106][INFO] ---------------epoch 9---------------
lr: [0.0005]
[2024-10-24 01:49:51,719][train_con.py][line:136][INFO] [training]total_num: 142618.0,error: 0.004055973327699669,error_sp: 0.32605037879208704,error_cs: 0.4149512043280631,error_lt: 0.4757903880161211
[2024-10-24 01:57:08,622][train_con.py][line:179][INFO] [testing]total_number: 0,error: 0.40147649197977203
[2024-10-24 01:57:08,630][train_con.py][line:106][INFO] ---------------epoch 10---------------
lr: [0.0005]
[2024-10-24 02:19:33,291][train_con.py][line:136][INFO] [training]total_num: 142618.0,error: 0.004025378999855624,error_sp: 0.32063144105945207,error_cs: 0.4127457924352458,error_lt: 0.4742364367104888
[2024-10-24 02:26:47,756][train_con.py][line:179][INFO] [testing]total_number: 0,error: 0.3476350219604603
[2024-10-24 02:26:48,133][train_con.py][line:106][INFO] ---------------epoch 11---------------
lr: [0.0005]
[2024-10-24 02:49:29,732][train_con.py][line:136][INFO] [training]total_num: 142618.0,error: 0.0039912499783861435,error_sp: 0.3144067350242819,error_cs: 0.41079998842730603,error_lt: 0.47216824198202845
[2024-10-24 02:56:52,605][train_con.py][line:179][INFO] [testing]total_number: 0,error: 0.3042072941678863
[2024-10-24 02:56:53,268][train_con.py][line:106][INFO] ---------------epoch 12---------------
lr: [0.0004997965249680259]
[2024-10-24 03:19:19,130][train_con.py][line:136][INFO] [training]total_num: 142618.0,error: 0.003960737132693756,error_sp: 0.30855870642224137,error_cs: 0.4092155976986187,error_lt: 0.4704468073629127
[2024-10-24 03:26:36,665][train_con.py][line:179][INFO] [testing]total_number: 0,error: 0.3234659820504176
[2024-10-24 03:26:36,675][train_con.py][line:106][INFO] ---------------epoch 13---------------
lr: [0.0004992881174058898]
[2024-10-24 03:49:02,648][train_con.py][line:136][INFO] [training]total_num: 142618.0,error: 0.0039346378764340915,error_sp: 0.30378806765729227,error_cs: 0.40761855670384,error_lt: 0.4689847106624728
[2024-10-24 03:56:20,249][train_con.py][line:179][INFO] [testing]total_number: 0,error: 0.3315279766381739
[2024-10-24 03:56:20,258][train_con.py][line:106][INFO] ---------------epoch 14---------------
lr: [0.0004985769605169176]
[2024-10-24 04:18:45,064][train_con.py][line:136][INFO] [training]total_num: 142618.0,error: 0.003907915571673104,error_sp: 0.2993404621980628,error_cs: 0.4057459622198433,error_lt: 0.46728822175072904
[2024-10-24 04:26:01,751][train_con.py][line:179][INFO] [testing]total_number: 0,error: 0.3326998773793679
[2024-10-24 04:26:01,759][train_con.py][line:106][INFO] ---------------epoch 15---------------
lr: [0.0004976636342292746]
[2024-10-24 04:48:28,317][train_con.py][line:136][INFO] [training]total_num: 142618.0,error: 0.00388681043706712,error_sp: 0.29560908070949715,error_cs: 0.4042708841222731,error_lt: 0.46616313820035454
[2024-10-24 04:55:43,585][train_con.py][line:179][INFO] [testing]total_number: 0,error: 0.3806841309515374
[2024-10-24 04:55:43,592][train_con.py][line:106][INFO] ---------------epoch 16---------------
lr: [0.0004965488833632431]
[2024-10-24 05:18:09,005][train_con.py][line:136][INFO] [training]total_num: 142618.0,error: 0.003864958188488266,error_sp: 0.29182063986835693,error_cs: 0.40294911915365317,error_lt: 0.4647176709710335
[2024-10-24 05:25:27,488][train_con.py][line:179][INFO] [testing]total_number: 0,error: 0.2912860696915514
[2024-10-24 05:25:27,863][train_con.py][line:106][INFO] ---------------epoch 17---------------
lr: [0.0004952336170236509]
[2024-10-24 05:47:53,818][train_con.py][line:136][INFO] [training]total_num: 142618.0,error: 0.003840927829070987,error_sp: 0.2879014411608969,error_cs: 0.4011020498299028,error_lt: 0.4632748299689026
[2024-10-24 05:55:08,710][train_con.py][line:179][INFO] [testing]total_number: 0,error: 0.35515476334526036
[2024-10-24 05:55:08,717][train_con.py][line:106][INFO] ---------------epoch 18---------------
lr: [0.0004937189078583101]
[2024-10-24 06:17:33,936][train_con.py][line:136][INFO] [training]total_num: 142618.0,error: 0.0038231739030817084,error_sp: 0.28499380664068613,error_cs: 0.39977885379448547,error_lt: 0.46217948359626526
[2024-10-24 06:24:51,287][train_con.py][line:179][INFO] [testing]total_number: 0,error: 0.3168043417702392
[2024-10-24 06:24:51,293][train_con.py][line:106][INFO] ---------------epoch 19---------------
lr: [0.0004920059911830646]
[2024-10-24 06:47:17,335][train_con.py][line:136][INFO] [training]total_num: 142618.0,error: 0.0038051106641647514,error_sp: 0.28160452485223364,error_cs: 0.39871174420999445,error_lt: 0.4612169015587381
[2024-10-24 06:54:36,023][train_con.py][line:179][INFO] [testing]total_number: 0,error: 0.2778788369459686
[2024-10-24 06:54:36,644][train_con.py][line:106][INFO] ---------------epoch 20---------------
lr: [0.000490096263974162]
[2024-10-24 07:17:02,177][train_con.py][line:136][INFO] [training]total_num: 142618.0,error: 0.003784699200325296,error_sp: 0.2782458696504452,error_cs: 0.39722207654019637,error_lt: 0.45994179044662586
[2024-10-24 07:24:17,601][train_con.py][line:179][INFO] [testing]total_number: 0,error: 0.3188847362162164
[2024-10-24 07:24:17,608][train_con.py][line:106][INFO] ---------------epoch 21---------------
lr: [0.000487991283728773]
[2024-10-24 07:46:43,077][train_con.py][line:136][INFO] [training]total_num: 142618.0,error: 0.0037714018960158606,error_sp: 0.2762736624855459,error_cs: 0.3960683778020906,error_lt: 0.4590785002935853
[2024-10-24 07:54:00,453][train_con.py][line:179][INFO] [testing]total_number: 0,error: 0.33862141221960035
[2024-10-24 07:54:00,460][train_con.py][line:106][INFO] ---------------epoch 22---------------
lr: [0.00048569276719458496]
[2024-10-24 08:16:25,803][train_con.py][line:136][INFO] [training]total_num: 142618.0,error: 0.0037488794452556224,error_sp: 0.2722446114856158,error_cs: 0.39470619177437505,error_lt: 0.45771300448922847
[2024-10-24 08:23:40,977][train_con.py][line:179][INFO] [testing]total_number: 0,error: 0.3233580446926862
[2024-10-24 08:23:40,985][train_con.py][line:106][INFO] ---------------epoch 23---------------
lr: [0.0004832025889695062]
[2024-10-24 08:46:06,791][train_con.py][line:136][INFO] [training]total_num: 142618.0,error: 0.0037387540362925726,error_sp: 0.2705609235886117,error_cs: 0.3941725991210159,error_lt: 0.45689266014384716
[2024-10-24 08:53:23,937][train_con.py][line:179][INFO] [testing]total_number: 0,error: 0.33959071792351425
[2024-10-24 08:53:23,944][train_con.py][line:106][INFO] ---------------epoch 24---------------
lr: [0.00048052277997262424]
[2024-10-24 09:15:48,814][train_con.py][line:136][INFO] [training]total_num: 142618.0,error: 0.0037278197292559107,error_sp: 0.26868499031566423,error_cs: 0.3935222908947038,error_lt: 0.45613860970275427
[2024-10-24 09:23:04,429][train_con.py][line:179][INFO] [testing]total_number: 0,error: 0.2640759712242139
[2024-10-24 09:23:04,802][train_con.py][line:106][INFO] ---------------epoch 25---------------
lr: [0.0004776555257876631]
[2024-10-24 09:45:30,407][train_con.py][line:136][INFO] [training]total_num: 142618.0,error: 0.0037122134766115838,error_sp: 0.2659670033697915,error_cs: 0.3922625989012731,error_lt: 0.45543441246490934
[2024-10-24 09:52:47,006][train_con.py][line:179][INFO] [testing]total_number: 0,error: 0.25559330235889055
[2024-10-24 09:52:47,388][train_con.py][line:106][INFO] ---------------epoch 26---------------
lr: [0.0004746031648802909]
[2024-10-24 10:15:12,333][train_con.py][line:136][INFO] [training]total_num: 142618.0,error: 0.0036990912746846308,error_sp: 0.2635374763565668,error_cs: 0.39181998715849187,error_lt: 0.45436989291907415
[2024-10-24 10:22:30,078][train_con.py][line:179][INFO] [testing]total_number: 0,error: 0.3126669098038851
[2024-10-24 10:22:30,600][train_con.py][line:106][INFO] ---------------epoch 27---------------
lr: [0.0004713681866907318]
[2024-10-24 10:44:55,957][train_con.py][line:136][INFO] [training]total_num: 142618.0,error: 0.003681522012525424,error_sp: 0.26016858176963725,error_cs: 0.3906222257264018,error_lt: 0.4536657705572504
[2024-10-24 10:52:14,292][train_con.py][line:179][INFO] [testing]total_number: 0,error: 0.2460456363370885
[2024-10-24 10:52:14,668][train_con.py][line:106][INFO] ---------------epoch 28---------------
lr: [0.00046795322960323796]
[2024-10-24 11:14:40,892][train_con.py][line:136][INFO] [training]total_num: 142618.0,error: 0.003670569512160113,error_sp: 0.2583769583659777,error_cs: 0.389739410649281,error_lt: 0.4530544597275403
[2024-10-24 11:21:59,008][train_con.py][line:179][INFO] [testing]total_number: 0,error: 0.29853043164115833
[2024-10-24 11:21:59,015][train_con.py][line:106][INFO] ---------------epoch 29---------------
lr: [0.00046436107879407575]
[2024-10-24 11:44:24,526][train_con.py][line:136][INFO] [training]total_num: 142618.0,error: 0.003657939384783145,error_sp: 0.25620414985520656,error_cs: 0.3889778620549399,error_lt: 0.45219977516036386
[2024-10-24 11:51:42,308][train_con.py][line:179][INFO] [testing]total_number: 0,error: 0.26446684983913465
[2024-10-24 11:51:42,314][train_con.py][line:106][INFO] ---------------epoch 30---------------
lr: [0.0004605946639597827]
[2024-10-24 12:14:07,616][train_con.py][line:136][INFO] [training]total_num: 142618.0,error: 0.0036497491779807416,error_sp: 0.2544375299157933,error_cs: 0.38883491325875563,error_lt: 0.45165228558094395
[2024-10-24 12:21:24,015][train_con.py][line:179][INFO] [testing]total_number: 0,error: 0.34734432985997876
[2024-10-24 12:21:24,022][train_con.py][line:106][INFO] ---------------epoch 31---------------
lr: [0.00045665705692754695]
[2024-10-24 12:43:48,356][train_con.py][line:136][INFO] [training]total_num: 142618.0,error: 0.003641912840805062,error_sp: 0.25288006665966845,error_cs: 0.38847051531790416,error_lt: 0.4512232427006817
[2024-10-24 12:51:03,151][train_con.py][line:179][INFO] [testing]total_number: 0,error: 0.23837218547327496
[2024-10-24 12:51:03,536][train_con.py][line:106][INFO] ---------------epoch 32---------------
lr: [0.0004525514691496573]
[2024-10-24 13:13:28,762][train_con.py][line:136][INFO] [training]total_num: 142618.0,error: 0.003627823882557769,error_sp: 0.25039971415234435,error_cs: 0.3873494936098752,error_lt: 0.4505979293542513
[2024-10-24 13:20:46,377][train_con.py][line:179][INFO] [testing]total_number: 0,error: 0.3703376540274565
[2024-10-24 13:20:46,384][train_con.py][line:106][INFO] ---------------epoch 33---------------
lr: [0.00044828124908406856]
[2024-10-24 13:43:12,381][train_con.py][line:136][INFO] [training]total_num: 142618.0,error: 0.0036186559316673263,error_sp: 0.2484567752380681,error_cs: 0.3870792764882758,error_lt: 0.4500607006192313
[2024-10-24 13:50:29,492][train_con.py][line:179][INFO] [testing]total_number: 0,error: 0.3867296475781576
[2024-10-24 13:50:29,501][train_con.py][line:106][INFO] ---------------epoch 34---------------
lr: [0.0004438498794632149]
[2024-10-24 14:12:55,419][train_con.py][line:136][INFO] [training]total_num: 142618.0,error: 0.003617094691467621,error_sp: 0.24806758823218658,error_cs: 0.3871988137025376,error_lt: 0.44986197914343123
[2024-10-24 14:20:10,463][train_con.py][line:179][INFO] [testing]total_number: 0,error: 0.24378583542820803
[2024-10-24 14:20:10,470][train_con.py][line:106][INFO] ---------------epoch 35---------------
lr: [0.00043926097445330333]
[2024-10-24 14:42:35,737][train_con.py][line:136][INFO] [training]total_num: 142618.0,error: 0.0036157027069568474,error_sp: 0.24782726616030948,error_cs: 0.3868828035871223,error_lt: 0.4500007154857996
[2024-10-24 14:49:53,524][train_con.py][line:179][INFO] [testing]total_number: 0,error: 0.262019054532818
[2024-10-24 14:49:53,531][train_con.py][line:106][INFO] ---------------epoch 36---------------
lr: [0.00043451827670639727]
[2024-10-24 15:12:18,748][train_con.py][line:136][INFO] [training]total_num: 142618.0,error: 0.003599246173432657,error_sp: 0.24454363201312662,error_cs: 0.38615817208414915,error_lt: 0.44907202269508445
[2024-10-24 15:19:33,529][train_con.py][line:179][INFO] [testing]total_number: 0,error: 0.23047671858601423
[2024-10-24 15:19:33,902][train_con.py][line:106][INFO] ---------------epoch 37---------------
lr: [0.0004296256543077009]
[2024-10-24 15:42:01,358][train_con.py][line:136][INFO] [training]total_num: 142618.0,error: 0.003594417498920513,error_sp: 0.24320697587085913,error_cs: 0.3860912936894155,error_lt: 0.4490269539148911
[2024-10-24 15:49:16,242][train_con.py][line:179][INFO] [testing]total_number: 0,error: 0.2297413261903131
[2024-10-24 15:49:16,797][train_con.py][line:106][INFO] ---------------epoch 38---------------
lr: [0.0004245870976205263]
[2024-10-24 16:11:42,580][train_con.py][line:136][INFO] [training]total_num: 142618.0,error: 0.0035823684212807055,error_sp: 0.24118087402054877,error_cs: 0.3852587288118297,error_lt: 0.4482708965637246
[2024-10-24 16:19:00,670][train_con.py][line:179][INFO] [testing]total_number: 0,error: 0.24081594636705114
[2024-10-24 16:19:00,677][train_con.py][line:106][INFO] ---------------epoch 39---------------
lr: [0.0004194067160315216]
[2024-10-24 16:41:25,475][train_con.py][line:136][INFO] [training]total_num: 142618.0,error: 0.003584358242576729,error_sp: 0.2410609752647149,error_cs: 0.38567462502693645,error_lt: 0.44857184804427275
[2024-10-24 16:48:44,661][train_con.py][line:179][INFO] [testing]total_number: 0,error: 0.23102438401020964
[2024-10-24 16:48:44,670][train_con.py][line:106][INFO] ---------------epoch 40---------------
lr: [0.00041408873459881224]
[2024-10-24 17:11:09,718][train_con.py][line:136][INFO] [training]total_num: 142618.0,error: 0.0035775084589370846,error_sp: 0.23954756651982706,error_cs: 0.38541737238495566,error_lt: 0.4482875731579477
[2024-10-24 17:18:26,802][train_con.py][line:179][INFO] [testing]total_number: 0,error: 0.3489001892546742
[2024-10-24 17:18:26,812][train_con.py][line:106][INFO] ---------------epoch 41---------------
lr: [0.00040863749060578603]
[2024-10-24 17:40:52,016][train_con.py][line:136][INFO] [training]total_num: 142618.0,error: 0.0035728268990972423,error_sp: 0.2386921710105813,error_cs: 0.38509188626811053,error_lt: 0.4480639869064595
[2024-10-24 17:48:08,993][train_con.py][line:179][INFO] [testing]total_number: 0,error: 0.24067494580844465
[2024-10-24 17:48:09,001][train_con.py][line:106][INFO] ---------------epoch 42---------------
lr: [0.00040305743002333396]
[2024-10-24 18:10:38,228][train_con.py][line:136][INFO] [training]total_num: 142618.0,error: 0.003561158523008148,error_sp: 0.23645655464582616,error_cs: 0.3843658378458488,error_lt: 0.44752513902210617
[2024-10-24 18:17:53,811][train_con.py][line:179][INFO] [testing]total_number: 0,error: 0.29286485858849964
[2024-10-24 18:17:53,818][train_con.py][line:106][INFO] ---------------epoch 43---------------
lr: [0.0003973531038834325]
[2024-10-24 18:40:19,106][train_con.py][line:136][INFO] [training]total_num: 142618.0,error: 0.0035608054608513187,error_sp: 0.23594314122891522,error_cs: 0.3848399235780195,error_lt: 0.4474585489456698
[2024-10-24 18:47:36,296][train_con.py][line:179][INFO] [testing]total_number: 0,error: 0.22852904097521687
[2024-10-24 18:47:36,674][train_con.py][line:106][INFO] ---------------epoch 44---------------
lr: [0.00039152916456701973]
[2024-10-24 19:10:01,954][train_con.py][line:136][INFO] [training]total_num: 142618.0,error: 0.0035585848100775953,error_sp: 0.23545379833067903,error_cs: 0.38464638302573717,error_lt: 0.44747523618357943
[2024-10-24 19:17:16,154][train_con.py][line:179][INFO] [testing]total_number: 0,error: 0.22029022644534244
[2024-10-24 19:17:16,551][train_con.py][line:106][INFO] ---------------epoch 45---------------
lr: [0.00038559036200919633]
[2024-10-24 19:39:42,899][train_con.py][line:136][INFO] [training]total_num: 142618.0,error: 0.00354364592618761,error_sp: 0.23257429820767206,error_cs: 0.38373347843179895,error_lt: 0.44678597292386013
[2024-10-24 19:47:01,214][train_con.py][line:179][INFO] [testing]total_number: 0,error: 0.38525947966772367
[2024-10-24 19:47:01,221][train_con.py][line:106][INFO] ---------------epoch 46---------------
lr: [0.00037954153982484124]
[2024-10-24 20:09:26,530][train_con.py][line:136][INFO] [training]total_num: 142618.0,error: 0.0035424417948941994,error_sp: 0.23215134297071988,error_cs: 0.3839054552188677,error_lt: 0.4466757175397746
[2024-10-24 20:16:41,525][train_con.py][line:179][INFO] [testing]total_number: 0,error: 0.2881537158812372
[2024-10-24 20:16:41,533][train_con.py][line:106][INFO] ---------------epoch 47---------------
lr: [0.0003733876313578029]
[2024-10-24 20:39:07,353][train_con.py][line:136][INFO] [training]total_num: 142618.0,error: 0.003541689789825067,error_sp: 0.23169062441808255,error_cs: 0.3842100975134252,error_lt: 0.44660619033472454
[2024-10-24 20:46:25,587][train_con.py][line:179][INFO] [testing]total_number: 0,error: 0.35903933487283834
[2024-10-24 20:46:25,594][train_con.py][line:106][INFO] ---------------epoch 48---------------
lr: [0.0003671336556568861]
[2024-10-24 21:08:51,763][train_con.py][line:136][INFO] [training]total_num: 142618.0,error: 0.0035364442998080613,error_sp: 0.23037652074199869,error_cs: 0.38397993767483635,error_lt: 0.44657680734714367
[2024-10-24 21:16:08,514][train_con.py][line:179][INFO] [testing]total_number: 0,error: 0.2878307487911478
[2024-10-24 21:16:08,523][train_con.py][line:106][INFO] ---------------epoch 49---------------
lr: [0.0003607847133819132]
[2024-10-24 21:38:34,394][train_con.py][line:136][INFO] [training]total_num: 142618.0,error: 0.003531740103127681,error_sp: 0.22927776562544155,error_cs: 0.3837725486550166,error_lt: 0.44647169261245256
[2024-10-24 21:45:51,232][train_con.py][line:179][INFO] [testing]total_number: 0,error: 0.22770759179533692
[2024-10-24 21:45:51,239][train_con.py][line:106][INFO] ---------------epoch 50---------------
lr: [0.0003543459826431994]
[2024-10-24 22:08:16,922][train_con.py][line:136][INFO] [training]total_num: 142618.0,error: 0.0035312282907575725,error_sp: 0.22907094029046945,error_cs: 0.3839381325133839,error_lt: 0.44635938615691056
[2024-10-24 22:15:32,403][train_con.py][line:179][INFO] [testing]total_number: 0,error: 0.223864859384059
[2024-10-24 22:15:32,410][train_con.py][line:106][INFO] ---------------epoch 51---------------
lr: [0.0003478227147778295]
[2024-10-24 22:37:58,074][train_con.py][line:136][INFO] [training]total_num: 142618.0,error: 0.0035261825882328115,error_sp: 0.2279016129869204,error_cs: 0.38367752484256645,error_lt: 0.44627561512094954
[2024-10-24 22:45:16,216][train_con.py][line:179][INFO] [testing]total_number: 0,error: 0.3685357265253721
[2024-10-24 22:45:16,753][train_con.py][line:106][INFO] ---------------epoch 52---------------
lr: [0.0003412202300661825]
[2024-10-24 23:07:42,006][train_con.py][line:136][INFO] [training]total_num: 142618.0,error: 0.0035202282896354634,error_sp: 0.2267061789216806,error_cs: 0.3833130301102771,error_lt: 0.4460492531282244
[2024-10-24 23:14:57,688][train_con.py][line:179][INFO] [testing]total_number: 0,error: 0.22657408936241744
[2024-10-24 23:14:57,697][train_con.py][line:106][INFO] ---------------epoch 53---------------
lr: [0.00033454391339219117]
[2024-10-24 23:37:23,054][train_con.py][line:136][INFO] [training]total_num: 142618.0,error: 0.0035150566343061075,error_sp: 0.22529751465580664,error_cs: 0.38334623189393463,error_lt: 0.4458732183464037
[2024-10-24 23:44:41,548][train_con.py][line:179][INFO] [testing]total_number: 0,error: 0.24483808692620726
[2024-10-24 23:44:41,557][train_con.py][line:106][INFO] ---------------epoch 54---------------
lr: [0.0003277992098508753]
[2024-10-25 00:07:07,134][train_con.py][line:136][INFO] [training]total_num: 142618.0,error: 0.003513463211416068,error_sp: 0.22499945092394275,error_cs: 0.3831002744246925,error_lt: 0.44593921119963686
[2024-10-25 00:14:24,666][train_con.py][line:179][INFO] [testing]total_number: 0,error: 0.23208912265153986
[2024-10-25 00:14:24,675][train_con.py][line:106][INFO] ---------------epoch 55---------------
lr: [0.00032099162030672647]
[2024-10-25 00:36:50,488][train_con.py][line:136][INFO] [training]total_num: 142618.0,error: 0.0035090523763884524,error_sp: 0.22373070928062366,error_cs: 0.38302182275950647,error_lt: 0.4459631533594182
[2024-10-25 00:44:07,480][train_con.py][line:179][INFO] [testing]total_number: 0,error: 0.22556183907800845
[2024-10-25 00:44:07,488][train_con.py][line:106][INFO] ---------------epoch 56---------------
lr: [0.00031412669690656243]
[2024-10-25 01:06:33,290][train_con.py][line:136][INFO] [training]total_num: 142618.0,error: 0.003506218660631099,error_sp: 0.2228644862903254,error_cs: 0.3831248779342359,error_lt: 0.4458762103197526
[2024-10-25 01:13:50,333][train_con.py][line:179][INFO] [testing]total_number: 0,error: 0.34093055254329385
[2024-10-25 01:13:50,342][train_con.py][line:106][INFO] ---------------epoch 57---------------
lr: [0.00030721003855050993]
[2024-10-25 01:36:17,819][train_con.py][line:136][INFO] [training]total_num: 142618.0,error: 0.003508603373028424,error_sp: 0.22330138449554646,error_cs: 0.3834584474880926,error_lt: 0.44582115219510965
[2024-10-25 01:43:35,799][train_con.py][line:179][INFO] [testing]total_number: 0,error: 0.24022927196050176
[2024-10-25 01:43:35,808][train_con.py][line:106][INFO] ---------------epoch 58---------------
lr: [0.00030024728632479776]
[2024-10-25 02:13:17,165][train_con.py][line:179][INFO] [testing]total_number: 0,error: 0.22291521129042188
[2024-10-25 02:13:17,176][train_con.py][line:106][INFO] ---------------epoch 59---------------
lr: [0.0002932441189000886]
[2024-10-25 02:35:39,821][train_con.py][line:136][INFO] [training]total_num: 142618.0,error: 0.003500669980801794,error_sp: 0.22126657900688865,error_cs: 0.3833097928429242,error_lt: 0.44562459727145975
[2024-10-25 02:42:55,120][train_con.py][line:179][INFO] [testing]total_number: 0,error: 0.2239385297887206
[2024-10-25 02:42:55,130][train_con.py][line:106][INFO] ---------------epoch 60---------------
lr: [0.0002862062478990868]
[2024-10-25 03:05:17,873][train_con.py][line:136][INFO] [training]total_num: 142618.0,error: 0.0034996438794211546,error_sp: 0.22101961172449452,error_cs: 0.383347718823559,error_lt: 0.44552580737232
[2024-10-25 03:12:33,117][train_con.py][line:179][INFO] [testing]total_number: 0,error: 0.21603680491288785
[2024-10-25 03:12:33,746][train_con.py][line:106][INFO] ---------------epoch 61---------------
lr: [0.0002791394132372016]
[2024-10-25 03:34:55,989][train_con.py][line:136][INFO] [training]total_num: 142618.0,error: 0.0034965332315494277,error_sp: 0.22030377694254388,error_cs: 0.3829854862052144,error_lt: 0.44567068237166757
[2024-10-25 03:42:10,793][train_con.py][line:179][INFO] [testing]total_number: 0,error: 0.22758028709380074
[2024-10-25 03:42:10,802][train_con.py][line:106][INFO] ---------------epoch 62---------------
lr: [0.000272049378440053]
[2024-10-25 04:04:33,634][train_con.py][line:136][INFO] [training]total_num: 142618.0,error: 0.0034878507226345254,error_sp: 0.21814012496559462,error_cs: 0.3827591582590643,error_lt: 0.44545590611771346
[2024-10-25 04:11:50,645][train_con.py][line:179][INFO] [testing]total_number: 0,error: 0.35625018524840646
[2024-10-25 04:11:50,653][train_con.py][line:106][INFO] ---------------epoch 63---------------
lr: [0.0002649419259416301]
[2024-10-25 04:34:13,132][train_con.py][line:136][INFO] [training]total_num: 142618.0,error: 0.0034888969152131197,error_sp: 0.21839652331620324,error_cs: 0.3826513351622999,error_lt: 0.44562119146364393
[2024-10-25 04:41:30,238][train_con.py][line:179][INFO] [testing]total_number: 0,error: 0.23911326860276835
[2024-10-25 04:41:30,246][train_con.py][line:106][INFO] ---------------epoch 64---------------
lr: [0.0002578228523669297]
[2024-10-25 05:03:52,797][train_con.py][line:136][INFO] [training]total_num: 142618.0,error: 0.0034857861643546356,error_sp: 0.21737488722486525,error_cs: 0.38283115941386575,error_lt: 0.44552977799628835
[2024-10-25 05:11:05,378][train_con.py][line:179][INFO] [testing]total_number: 0,error: 0.2121594174002308
[2024-10-25 05:11:05,748][train_con.py][line:106][INFO] ---------------epoch 65---------------
lr: [0.0002506979638029066]
[2024-10-25 05:33:28,441][train_con.py][line:136][INFO] [training]total_num: 142618.0,error: 0.003486227438852898,error_sp: 0.21753416265118883,error_cs: 0.3828450045428555,error_lt: 0.44548903790425703
[2024-10-25 05:40:44,300][train_con.py][line:179][INFO] [testing]total_number: 0,error: 0.20719895725937587
[2024-10-25 05:40:44,699][train_con.py][line:106][INFO] ---------------epoch 66---------------
lr: [0.00024357307106158247]
[2024-10-25 06:03:07,301][train_con.py][line:136][INFO] [training]total_num: 142618.0,error: 0.0034859529177855763,error_sp: 0.21728002893331047,error_cs: 0.38289270977082246,error_lt: 0.4456131107106924
[2024-10-25 06:10:23,420][train_con.py][line:179][INFO] [testing]total_number: 0,error: 0.3480112484318288
[2024-10-25 06:10:23,430][train_con.py][line:106][INFO] ---------------epoch 67---------------
lr: [0.00023645398493916012]
[2024-10-25 06:32:46,599][train_con.py][line:136][INFO] [training]total_num: 142618.0,error: 0.00348033248562574,error_sp: 0.21572703135075064,error_cs: 0.3829934630533077,error_lt: 0.44537922835180793
[2024-10-25 06:40:03,344][train_con.py][line:179][INFO] [testing]total_number: 0,error: 0.36467931490679073
[2024-10-25 06:40:03,353][train_con.py][line:106][INFO] ---------------epoch 68---[2024-10-25 02:13:17,165][train_con.py][line:179][INFO] [testing]total_number: 0,error: 0.22291521129042188
[2024-10-25 02:13:17,176][train_con.py][line:106][INFO] ---------------epoch 59---------------
lr: [0.0002932441189000886]
[2024-10-25 02:35:39,821][train_con.py][line:136][INFO] [training]total_num: 142618.0,error: 0.003500669980801794,error_sp: 0.22126657900688865,error_cs: 0.3833097928429242,error_lt: 0.44562459727145975
[2024-10-25 02:42:55,120][train_con.py][line:179][INFO] [testing]total_number: 0,error: 0.2239385297887206
[2024-10-25 02:42:55,130][train_con.py][line:106][INFO] ---------------epoch 60---------------
lr: [0.0002862062478990868]
[2024-10-25 03:05:17,873][train_con.py][line:136][INFO] [training]total_num: 142618.0,error: 0.0034996438794211546,error_sp: 0.22101961172449452,error_cs: 0.383347718823559,error_lt: 0.44552580737232
[2024-10-25 03:12:33,117][train_con.py][line:179][INFO] [testing]total_number: 0,error: 0.21603680491288785
[2024-10-25 03:12:33,746][train_con.py][line:106][INFO] ---------------epoch 61---------------
lr: [0.0002791394132372016]
[2024-10-25 03:34:55,989][train_con.py][line:136][INFO] [training]total_num: 142618.0,error: 0.0034965332315494277,error_sp: 0.22030377694254388,error_cs: 0.3829854862052144,error_lt: 0.44567068237166757
[2024-10-25 03:42:10,793][train_con.py][line:179][INFO] [testing]total_number: 0,error: 0.22758028709380074
[2024-10-25 03:42:10,802][train_con.py][line:106][INFO] ---------------epoch 62---------------
lr: [0.000272049378440053]
[2024-10-25 04:04:33,634][train_con.py][line:136][INFO] [training]total_num: 142618.0,error: 0.0034878507226345254,error_sp: 0.21814012496559462,error_cs: 0.3827591582590643,error_lt: 0.44545590611771346
[2024-10-25 04:11:50,645][train_con.py][line:179][INFO] [testing]total_number: 0,error: 0.35625018524840646
[2024-10-25 04:11:50,653][train_con.py][line:106][INFO] ---------------epoch 63---------------
lr: [0.0002649419259416301]
[2024-10-25 04:34:13,132][train_con.py][line:136][INFO] [training]total_num: 142618.0,error: 0.0034888969152131197,error_sp: 0.21839652331620324,error_cs: 0.3826513351622999,error_lt: 0.44562119146364393
[2024-10-25 04:41:30,238][train_con.py][line:179][INFO] [testing]total_number: 0,error: 0.23911326860276835
[2024-10-25 04:41:30,246][train_con.py][line:106][INFO] ---------------epoch 64---------------
lr: [0.0002578228523669297]
[2024-10-25 05:03:52,797][train_con.py][line:136][INFO] [training]total_num: 142618.0,error: 0.0034857861643546356,error_sp: 0.21737488722486525,error_cs: 0.38283115941386575,error_lt: 0.44552977799628835
[2024-10-25 05:11:05,378][train_con.py][line:179][INFO] [testing]total_number: 0,error: 0.2121594174002308
[2024-10-25 05:11:05,748][train_con.py][line:106][INFO] ---------------epoch 65---------------
lr: [0.0002506979638029066]
[2024-10-25 05:33:28,441][train_con.py][line:136][INFO] [training]total_num: 142618.0,error: 0.003486227438852898,error_sp: 0.21753416265118883,error_cs: 0.3828450045428555,error_lt: 0.44548903790425703
[2024-10-25 05:40:44,300][train_con.py][line:179][INFO] [testing]total_number: 0,error: 0.20719895725937587
[2024-10-25 05:40:44,699][train_con.py][line:106][INFO] ---------------epoch 66---------------
lr: [0.00024357307106158247]
[2024-10-25 06:03:07,301][train_con.py][line:136][INFO] [training]total_num: 142618.0,error: 0.0034859529177855763,error_sp: 0.21728002893331047,error_cs: 0.38289270977082246,error_lt: 0.4456131107106924
[2024-10-25 06:10:23,420][train_con.py][line:179][INFO] [testing]total_number: 0,error: 0.3480112484318288
[2024-10-25 06:10:23,430][train_con.py][line:106][INFO] ---------------epoch 67---------------
lr: [0.00023645398493916012]
[2024-10-25 06:32:46,599][train_con.py][line:136][INFO] [training]total_num: 142618.0,error: 0.00348033248562574,error_sp: 0.21572703135075064,error_cs: 0.3829934630533077,error_lt: 0.44537922835180793
[2024-10-25 06:40:03,344][train_con.py][line:179][INFO] [testing]total_number: 0,error: 0.36467931490679073
[2024-10-25 06:40:03,353][train_con.py][line:106][INFO] ---------------epoch 68---------------
lr: [0.0002293465114749903]
[2024-10-25 07:02:26,184][train_con.py][line:136][INFO] [training]total_num: 142618.0,error: 0.003476732115785177,error_sp: 0.21494678303784465,error_cs: 0.38283140481364547,error_lt: 0.4452414238146162
[2024-10-25 07:09:42,997][train_con.py][line:179][INFO] [testing]total_number: 0,error: 0.20463897599470937
[2024-10-25 07:09:43,404][train_con.py][line:106][INFO] ---------------epoch 69---------------
lr: [0.000222256447214241]
[2024-10-25 07:32:05,359][train_con.py][line:136][INFO] [training]total_num: 142618.0,error: 0.0034761507483591766,error_sp: 0.21497459468839172,error_cs: 0.3826412343235807,error_lt: 0.44522937004451957
[2024-10-25 07:39:20,858][train_con.py][line:179][INFO] [testing]total_number: 0,error: 0.2581437221648107
[2024-10-25 07:39:20,866][train_con.py][line:106][INFO] ---------------epoch 70---------------
lr: [0.00021518957447810716]
[2024-10-25 08:01:43,569][train_con.py][line:136][INFO] [training]total_num: 142618.0,error: 0.0034764096881085287,error_sp: 0.21458428936490678,error_cs: 0.38294076087893697,error_lt: 0.4453978304880958
[2024-10-25 08:08:58,337][train_con.py][line:179][INFO] [testing]total_number: 0,error: 0.22652313082388867
[2024-10-25 08:08:58,344][train_con.py][line:106][INFO] ---------------epoch 71---------------
lr: [0.00020815165664539147]
[2024-10-25 08:31:20,423][train_con.py][line:136][INFO] [training]total_num: 142618.0,error: 0.003472365872990654,error_sp: 0.2136136229565663,error_cs: 0.3828306055587271,error_lt: 0.4452655074230421
[2024-10-25 08:38:35,530][train_con.py][line:179][INFO] [testing]total_number: 0,error: 0.20768297250451193
[2024-10-25 08:38:35,538][train_con.py][line:106][INFO] ---------------epoch 72---------------
lr: [0.00020114843344927488]
[2024-10-25 09:00:57,922][train_con.py][line:136][INFO] [training]total_num: 142618.0,error: 0.0034703994527237676,error_sp: 0.21289394124053226,error_cs: 0.3828531622278447,error_lt: 0.44537270914006255
[2024-10-25 09:08:13,564][train_con.py][line:179][INFO] [testing]total_number: 0,error: 0.412555560198577
[2024-10-25 09:08:13,570][train_con.py][line:106][INFO] ---------------epoch 73---------------
lr: [0.00019418561629307537]
[2024-10-25 09:30:36,628][train_con.py][line:136][INFO] [training]total_num: 142618.0,error: 0.0034716841762682162,error_sp: 0.21326597180372864,error_cs: 0.3830117623800182,error_lt: 0.4452274938732941
[2024-10-25 09:37:53,372][train_con.py][line:179][INFO] [testing]total_number: 0,error: 0.21345307400694716
[2024-10-25 09:37:53,379][train_con.py][line:106][INFO] ---------------epoch 74---------------
lr: [0.00018726888358877296]
[2024-10-25 10:00:15,732][train_con.py][line:136][INFO] [training]total_num: 142618.0,error: 0.0034676538315496696,error_sp: 0.21223185793930513,error_cs: 0.3828078121369987,error_lt: 0.445256452633939
[2024-10-25 10:07:50,615][train_con.py][line:179][INFO] [testing]total_number: 0,error: 0.20590169512077558
[2024-10-25 10:07:50,624][train_con.py][line:106][INFO] ---------------epoch 75---------------
lr: [0.00018040387612205578]
[2024-10-25 10:30:21,246][train_con.py][line:136][INFO] [training]total_num: 142618.0,error: 0.0034684951169442753,error_sp: 0.21237301170667294,error_cs: 0.382934601212246,error_lt: 0.4452408952134419
[2024-10-25 10:37:41,860][train_con.py][line:179][INFO] [testing]total_number: 0,error: 0.22646106236111024
[2024-10-25 10:37:41,867][train_con.py][line:106][INFO] ---------------epoch 76---------------
lr: [0.00017359619244760547]
[2024-10-25 11:00:12,428][train_con.py][line:136][INFO] [training]total_num: 142618.0,error: 0.003465838204038816,error_sp: 0.2116311091418149,error_cs: 0.38280716164908585,error_lt: 0.4453131647610305
[2024-10-25 11:07:35,315][train_con.py][line:179][INFO] [testing]total_number: 0,error: 0.21581340844626434
[2024-10-25 11:07:35,854][train_con.py][line:106][INFO] ---------------epoch 77---------------
lr: [0.00016685138431831638]
[2024-10-25 11:30:06,297][train_con.py][line:136][INFO] [training]total_num: 142618.0,error: 0.0034613951109143132,error_sp: 0.21077565174176296,error_cs: 0.382531846109067,error_lt: 0.44511101059714775
[2024-10-25 11:37:28,552][train_con.py][line:179][INFO] [testing]total_number: 0,error: 0.2078447935895328
[2024-10-25 11:37:28,560][train_con.py][line:106][INFO] ---------------epoch 78---------------
lr: [0.00016017495215208964]
[2024-10-25 11:59:57,000][train_con.py][line:136][INFO] [training]total_num: 142618.0,error: 0.003464617082512811,error_sp: 0.21104398178070546,error_cs: 0.38306249598803094,error_lt: 0.445278622097639
[2024-10-25 12:07:13,249][train_con.py][line:179][INFO] [testing]total_number: 0,error: 0.21130115734562013
[2024-10-25 12:07:13,256][train_con.py][line:106][INFO] ---------------epoch 79---------------
lr: [0.0001535723405398095]
[2024-10-25 12:29:39,548][train_con.py][line:136][INFO] [training]total_num: 142618.0,error: 0.0034581610357377283,error_sp: 0.20962441292985573,error_cs: 0.3825316959273106,error_lt: 0.44529217519956876
[2024-10-25 12:37:00,842][train_con.py][line:179][INFO] [testing]total_number: 0,error: 0.30479687197462796
[2024-10-25 12:37:00,851][train_con.py][line:106][INFO] ---------------epoch 80---------------
lr: [0.00014704893379805314]
[2024-10-25 12:59:30,386][train_con.py][line:136][INFO] [training]total_num: 142618.0,error: 0.003457994758814223,error_sp: 0.2095999543636892,error_cs: 0.3826352286862396,error_lt: 0.44516321933417585
[2024-10-25 13:06:52,219][train_con.py][line:179][INFO] [testing]total_number: 0,error: 0.25084551755990087
[2024-10-25 13:06:52,226][train_con.py][line:106][INFO] ---------------epoch 81---------------
lr: [0.00014061005157002418]
[2024-10-25 13:29:22,476][train_con.py][line:136][INFO] [training]total_num: 142618.0,error: 0.003457640722570007,error_sp: 0.2092522222535501,error_cs: 0.3828308512361682,error_lt: 0.44520911730382967
[2024-10-25 13:36:44,078][train_con.py][line:179][INFO] [testing]total_number: 0,error: 0.22290777416648583
[2024-10-25 13:36:44,085][train_con.py][line:106][INFO] ---------------epoch 82---------------
lr: [0.00013426094447814313]
[2024-10-25 13:59:13,354][train_con.py][line:136][INFO] [training]total_num: 142618.0,error: 0.0034571565625058634,error_sp: 0.20919986667827156,error_cs: 0.3826893915115676,error_lt: 0.4452576835200971
[2024-10-25 14:06:32,669][train_con.py][line:179][INFO] [testing]total_number: 0,error: 0.2906929333995905
[2024-10-25 14:06:32,678][train_con.py][line:106][INFO] ---------------epoch 83---------------
lr: [0.00012800678983164337]
[2024-10-25 14:29:01,787][train_con.py][line:136][INFO] [training]total_num: 142618.0,error: 0.0034558707191224584,error_sp: 0.20862871843878553,error_cs: 0.3829808584889587,error_lt: 0.44515161201714837
[2024-10-25 14:36:24,497][train_con.py][line:179][INFO] [testing]total_number: 0,error: 0.2596285925713676
[2024-10-25 14:36:24,505][train_con.py][line:106][INFO] ---------------epoch 84---------------
lr: [0.00012185268739244445]
[2024-10-25 14:58:53,582][train_con.py][line:136][INFO] [training]total_num: 142618.0,error: 0.0034539839627796384,error_sp: 0.20843217392165309,error_cs: 0.3826927995472856,error_lt: 0.44507019147739646
[2024-10-25 15:06:15,185][train_con.py][line:179][INFO] [testing]total_number: 0,error: 0.2112849618823903
[2024-10-25 15:06:15,192][train_con.py][line:106][INFO] ---------------epoch 85---------------
lr: [0.00011580365520247243]
[2024-10-25 15:28:44,139][train_con.py][line:136][INFO] [training]total_num: 142618.0,error: 0.003455446018364707,error_sp: 0.2085229261103148,error_cs: 0.3828370893355905,error_lt: 0.44527376529751567
[2024-10-25 15:36:05,953][train_con.py][line:179][INFO] [testing]total_number: 0,error: 0.2010518277250726
[2024-10-25 15:36:06,360][train_con.py][line:106][INFO] ---------------epoch 86---------------
lr: [0.00010986462547549151]
[2024-10-25 15:58:36,097][train_con.py][line:136][INFO] [training]total_num: 142618.0,error: 0.00345121869458317,error_sp: 0.20745076406325652,error_cs: 0.3828244907938493,error_lt: 0.44509032967615253
[2024-10-25 16:05:53,384][train_con.py][line:179][INFO] [testing]total_number: 0,error: 0.2154156500217443
[2024-10-25 16:05:53,391][train_con.py][line:106][INFO] ---------------epoch 87---------------
lr: [0.00010404044055637118]
[2024-10-25 16:28:20,370][train_con.py][line:136][INFO] [training]total_num: 142618.0,error: 0.0034497319331257123,error_sp: 0.20708623896547143,error_cs: 0.3828137480218324,error_lt: 0.4450195678563486
[2024-10-25 16:35:38,002][train_con.py][line:179][INFO] [testing]total_number: 0,error: 0.19981178934103294
[2024-10-25 16:35:38,386][train_con.py][line:106][INFO] ---------------epoch 88---------------
lr: [9.833584895057131e-05]
[2024-10-25 16:58:03,594][train_con.py][line:136][INFO] [training]total_num: 142618.0,error: 0.0034490089224958865,error_sp: 0.2069154305246385,error_cs: 0.38276805332675906,error_lt: 0.4450191683412762
[2024-10-25 17:05:20,268][train_con.py][line:179][INFO] [testing]total_number: 0,error: 0.2007113342097371
[2024-10-25 17:05:20,275][train_con.py][line:106][INFO] ---------------epoch 89---------------
lr: [9.275550142644322e-05]
[2024-10-25 17:27:45,597][train_con.py][line:136][INFO] [training]total_num: 142618.0,error: 0.0034496396114370442,error_sp: 0.2069528479742245,error_cs: 0.38271378793860283,error_lt: 0.4452252248244256
[2024-10-25 17:35:04,257][train_con.py][line:179][INFO] [testing]total_number: 0,error: 0.19901227988567147
[2024-10-25 17:35:04,843][train_con.py][line:106][INFO] ---------------epoch 90---------------
lr: [8.730394719272054e-05]
[2024-10-25 17:57:36,494][train_con.py][line:136][INFO] [training]total_num: 142618.0,error: 0.0034479177342074947,error_sp: 0.2063218314967514,error_cs: 0.38284468390345044,error_lt: 0.445208778755265
[2024-10-25 18:04:57,110][train_con.py][line:179][INFO] [testing]total_number: 0,error: 0.22206445917538378
[2024-10-25 18:04:57,117][train_con.py][line:106][INFO] ---------------epoch 91---------------
lr: [8.198563015332318e-05]
[2024-10-25 18:27:27,261][train_con.py][line:136][INFO] [training]total_num: 142618.0,error: 0.003447986339089174,error_sp: 0.20613427128074252,error_cs: 0.3829454380321418,error_lt: 0.4453161685283774
[2024-10-25 18:34:49,137][train_con.py][line:179][INFO] [testing]total_number: 0,error: 0.19841582587727585
[2024-10-25 18:34:49,526][train_con.py][line:106][INFO] ---------------epoch 92---------------
lr: [7.680488524125625e-05]
[2024-10-25 18:57:20,439][train_con.py][line:136][INFO] [training]total_num: 142618.0,error: 0.0034454586607228035,error_sp: 0.2056227619743211,error_cs: 0.3828576540883495,error_lt: 0.44515715651842164
[2024-10-25 19:04:41,932][train_con.py][line:179][INFO] [testing]total_number: 0,error: 0.20017607661729353
[2024-10-25 19:04:41,939][train_con.py][line:106][INFO] ---------------epoch 93---------------
lr: [7.176593483298916e-05]
[2024-10-25 19:27:11,139][train_con.py][line:136][INFO] [training]total_num: 142618.0,error: 0.003445159207873324,error_sp: 0.2054880734354575,error_cs: 0.3828625354945607,error_lt: 0.44519712783217746
[2024-10-25 19:34:29,840][train_con.py][line:179][INFO] [testing]total_number: 0,error: 0.1989126051007584
[2024-10-25 19:34:29,848][train_con.py][line:106][INFO] ---------------epoch 94---------------
lr: [6.687288524417601e-05]
[2024-10-25 19:56:58,571][train_con.py][line:136][INFO] [training]total_num: 142618.0,error: 0.0034459967006282167,error_sp: 0.20565732249687654,error_cs: 0.38281495202772364,error_lt: 0.44532671115942096
[2024-10-25 20:04:16,221][train_con.py][line:179][INFO] [testing]total_number: 0,error: 0.19940623723651418
[2024-10-25 20:04:16,228][train_con.py][line:106][INFO] ---------------epoch 95---------------
lr: [6.212972330690869e-05]
[2024-10-25 20:26:45,829][train_con.py][line:136][INFO] [training]total_num: 142618.0,error: 0.0034459462139785238,error_sp: 0.2055362610637269,error_cs: 0.3828280132987802,error_lt: 0.4454195636267565
[2024-10-25 20:34:08,505][train_con.py][line:179][INFO] [testing]total_number: 0,error: 0.19970022622882633
[2024-10-25 20:34:08,512][train_con.py][line:106][INFO] ---------------epoch 96---------------
lr: [5.754031302782642e-05]
[2024-10-25 20:56:38,751][train_con.py][line:136][INFO] [training]total_num: 142618.0,error: 0.0034421116529741616,error_sp: 0.20479765979402897,error_cs: 0.3827289097480469,error_lt: 0.4451069003095009
[2024-10-25 21:03:56,407][train_con.py][line:179][INFO] [testing]total_number: 0,error: 0.19690382195729184
[2024-10-25 21:03:57,027][train_con.py][line:106][INFO] ---------------epoch 97---------------
lr: [5.310839232523763e-05]
[2024-10-25 21:26:26,487][train_con.py][line:136][INFO] [training]total_num: 142618.0,error: 0.0034411809141289018,error_sp: 0.20447309845323017,error_cs: 0.3828522777044361,error_lt: 0.44502887244814776
[2024-10-25 21:33:50,837][train_con.py][line:179][INFO] [testing]total_number: 0,error: 0.197689962051908
[2024-10-25 21:33:50,844][train_con.py][line:106][INFO] ---------------epoch 98---------------
lr: [4.8837569841857044e-05]
[2024-10-25 21:56:23,401][train_con.py][line:136][INFO] [training]total_num: 142618.0,error: 0.003441354658470358,error_sp: 0.2043852686490318,error_cs: 0.3828970966290455,error_lt: 0.4451240055864642
[2024-10-25 22:03:43,147][train_con.py][line:179][INFO] [testing]total_number: 0,error: 0.20452949928802364
[2024-10-25 22:03:43,154][train_con.py][line:106][INFO] ---------------epoch 99---------------
lr: [4.473132182761059e-05]
[2024-10-25 22:26:13,001][train_con.py][line:136][INFO] [training]total_num: 142618.0,error: 0.003440427916688876,error_sp: 0.2042901377063889,error_cs: 0.38267688767880387,error_lt: 0.44516132416297827
[2024-10-25 22:33:34,040][train_con.py][line:179][INFO] [testing]total_number: 0,error: 0.19798073874408018
[2024-10-25 22:33:34,047][train_con.py][line:106][INFO] ---------------epoch 100---------------
lr: [4.079298908400534e-05]
[2024-10-25 22:56:03,125][train_con.py][line:136][INFO] [training]total_num: 142618.0,error: 0.003440496707194631,error_sp: 0.20427640441791903,error_cs: 0.3827867236884167,error_lt: 0.44508585853447613
[2024-10-25 23:03:25,001][train_con.py][line:179][INFO] [testing]total_number: 0,error: 0.28683574886425683
[2024-10-25 23:03:25,008][train_con.py][line:106][INFO] ---------------epoch 101---------------
lr: [3.7025773957359985e-05]
[2024-10-25 23:25:55,415][train_con.py][line:136][INFO] [training]total_num: 142618.0,error: 0.0034411886205752947,error_sp: 0.2041243703419404,error_cs: 0.3828618944140801,error_lt: 0.4453702967782516
[2024-10-25 23:33:17,823][train_con.py][line:179][INFO] [testing]total_number: 0,error: 0.1969413452607372
[2024-10-25 23:33:18,345][train_con.py][line:106][INFO] ---------------epoch 102---------------
lr: [3.3432737362177895e-05]
[2024-10-25 23:55:47,876][train_con.py][line:136][INFO] [training]total_num: 142618.0,error: 0.0034411038074166427,error_sp: 0.20400292203226975,error_cs: 0.38298812064324844,error_lt: 0.44534007472439796
[2024-10-26 00:03:10,617][train_con.py][line:179][INFO] [testing]total_number: 0,error: 0.19709002397980907
[2024-10-26 00:03:10,624][train_con.py][line:106][INFO] ---------------epoch 103---------------
lr: [3.0016795807170662e-05]
[2024-10-26 00:25:41,418][train_con.py][line:136][INFO] [training]total_num: 142618.0,error: 0.0034393932524293385,error_sp: 0.20362096188049483,error_cs: 0.3829530026786816,error_lt: 0.445243986576346
[2024-10-26 00:33:03,869][train_con.py][line:179][INFO] [testing]total_number: 0,error: 0.2071180443821546
[2024-10-26 00:33:03,876][train_con.py][line:106][INFO] ---------------epoch 104---------------
lr: [2.678071838336426e-05]
[2024-10-26 00:55:33,946][train_con.py][line:136][INFO] [training]total_num: 142618.0,error: 0.0034387152747994004,error_sp: 0.20358388168702585,error_cs: 0.3827702565500455,error_lt: 0.44526041755923784
[2024-10-26 01:02:53,895][train_con.py][line:179][INFO] [testing]total_number: 0,error: 0.1967987398597963
[2024-10-26 01:02:54,261][train_con.py][line:106][INFO] ---------------epoch 105---------------
lr: [2.37271236539138e-05]
[2024-10-26 01:25:24,279][train_con.py][line:136][INFO] [training]total_num: 142618.0,error: 0.0034393091236109767,error_sp: 0.20357302497963303,error_cs: 0.3829889399955626,error_lt: 0.44523074596247636
[2024-10-26 01:32:45,397][train_con.py][line:179][INFO] [testing]total_number: 0,error: 0.19668705048479185
[2024-10-26 01:32:45,825][train_con.py][line:106][INFO] ---------------epoch 106---------------
lr: [2.0858476354523754e-05]
[2024-10-26 01:55:16,075][train_con.py][line:136][INFO] [training]total_num: 142618.0,error: 0.0034380208797167786,error_sp: 0.20359388658051325,error_cs: 0.3828388666858055,error_lt: 0.4449734830338022
[2024-10-26 02:02:36,669][train_con.py][line:179][INFO] [testing]total_number: 0,error: 0.1958277332344437
[2024-10-26 02:02:37,049][train_con.py][line:106][INFO] ---------------epoch 107---------------
lr: [1.817708376462718e-05]
[2024-10-26 02:25:04,986][train_con.py][line:136][INFO] [training]total_num: 142618.0,error: 0.003437273186559606,error_sp: 0.20321254373446251,error_cs: 0.38288719604368643,error_lt: 0.44508219061430937
[2024-10-26 02:32:23,313][train_con.py][line:179][INFO] [testing]total_number: 0,error: 0.19715179691294468
[2024-10-26 02:32:23,320][train_con.py][line:106][INFO] ---------------epoch 108---------------
lr: [1.568509153008051e-05]
[2024-10-26 02:54:50,523][train_con.py][line:136][INFO] [training]total_num: 142618.0,error: 0.0034379067767937046,error_sp: 0.20332045401029203,error_cs: 0.3828982597790467,error_lt: 0.44515329457905406
[2024-10-26 03:02:11,314][train_con.py][line:179][INFO] [testing]total_number: 0,error: 0.19631695144990757
[2024-10-26 03:02:11,325][train_con.py][line:106][INFO] ---------------epoch 109---------------
lr: [1.3384478585055198e-05]
[2024-10-26 03:24:37,129][train_con.py][line:136][INFO] [training]total_num: 142618.0,error: 0.0034373072778620985,error_sp: 0.2032098104580642,error_cs: 0.38278620467317137,error_lt: 0.4451961407062747
[2024-10-26 03:31:51,033][train_con.py][line:179][INFO] [testing]total_number: 0,error: 0.19884438059080356
[2024-10-26 03:31:51,041][train_con.py][line:106][INFO] ---------------epoch 110---------------
lr: [1.127705059039219e-05]
[2024-10-26 03:54:17,716][train_con.py][line:136][INFO] [training]total_num: 142618.0,error: 0.0034373689267475295,error_sp: 0.20309535582395338,error_cs: 0.38285159284600984,error_lt: 0.4452637068418242
[2024-10-26 04:01:37,099][train_con.py][line:179][INFO] [testing]total_number: 0,error: 0.19719868341829386
[2024-10-26 04:01:37,108][train_con.py][line:106][INFO] ---------------epoch 111---------------
lr: [9.36443089185163e-06]
[2024-10-26 04:24:03,555][train_con.py][line:136][INFO] [training]total_num: 142618.0,error: 0.0034380310102256,error_sp: 0.20316206052991914,error_cs: 0.3828656519263216,error_lt: 0.4453815645550666
[2024-10-26 04:31:21,083][train_con.py][line:179][INFO] [testing]total_number: 0,error: 0.19559967457362265
[2024-10-26 04:31:21,496][train_con.py][line:106][INFO] ---------------epoch 112---------------
lr: [7.648047226492353e-06]
[2024-10-26 04:53:47,152][train_con.py][line:136][INFO] [training]total_num: 142618.0,error: 0.003437986748438484,error_sp: 0.20318488957576897,error_cs: 0.382860176582567,error_lt: 0.4453509334266556
[2024-10-26 05:01:03,441][train_con.py][line:179][INFO] [testing]total_number: 0,error: 0.19576643364373414
[2024-10-26 05:01:03,449][train_con.py][line:106][INFO] ---------------epoch 113---------------
lr: [6.1291108809778224e-06]
[2024-10-26 05:23:30,822][train_con.py][line:136][INFO] [training]total_num: 142618.0,error: 0.00343646914590755,error_sp: 0.20284807643611,error_cs: 0.3828874448679566,error_lt: 0.44520519730678787
[2024-10-26 05:30:47,751][train_con.py][line:179][INFO] [testing]total_number: 0,error: 0.19657779837104872
[2024-10-26 05:30:47,758][train_con.py][line:106][INFO] ---------------epoch 114---------------
lr: [4.808581831665465e-06]
[2024-10-26 05:53:14,345][train_con.py][line:136][INFO] [training]total_num: 142618.0,error: 0.003437304152518729,error_sp: 0.2029450150948768,error_cs: 0.382953493967454,error_lt: 0.4452927121438066
[2024-10-26 06:00:32,849][train_con.py][line:179][INFO] [testing]total_number: 0,error: 0.19638805387387948
[2024-10-26 06:00:32,856][train_con.py][line:106][INFO] ---------------epoch 115---------------
lr: [3.6871063232658845e-06]
[2024-10-26 06:22:58,659][train_con.py][line:136][INFO] [training]total_num: 142618.0,error: 0.003435734656850949,error_sp: 0.20285085638441283,error_cs: 0.3828007335565528,error_lt: 0.44506878328460875
[2024-10-26 06:30:16,459][train_con.py][line:179][INFO] [testing]total_number: 0,error: 0.19643272480331592
[2024-10-26 06:30:16,466][train_con.py][line:106][INFO] ---------------epoch 116---------------
lr: [2.7648962249985937e-06]
[2024-10-26 06:52:42,081][train_con.py][line:136][INFO] [training]total_num: 142618.0,error: 0.0034367440444724707,error_sp: 0.20289074632437518,error_cs: 0.38286000143111865,error_lt: 0.44527243930572097
[2024-10-26 06:59:58,532][train_con.py][line:179][INFO] [testing]total_number: 0,error: 0.19758604154959256
[2024-10-26 06:59:58,541][train_con.py][line:106][INFO] ---------------epoch 117---------------
lr: [2.0414736061381477e-06]
[2024-10-26 07:22:24,877][train_con.py][line:136][INFO] [training]total_num: 142618.0,error: 0.003437476834660758,error_sp: 0.20297928515097793,error_cs: 0.3829735524377256,error_lt: 0.44529018804311965
[2024-10-26 07:29:39,902][train_con.py][line:179][INFO] [testing]total_number: 0,error: 0.19602369181704382
[2024-10-26 07:29:39,910][train_con.py][line:106][INFO] ---------------epoch 118---------------
lr: [1.515063701188356e-06]
[2024-10-26 07:52:05,598][train_con.py][line:136][INFO] [training]total_num: 142618.0,error: 0.003438204653336342,error_sp: 0.2032379675135942,error_cs: 0.3830107795975329,error_lt: 0.44521262494726527
[2024-10-26 07:59:24,158][train_con.py][line:179][INFO] [testing]total_number: 0,error: 0.19516408161368443
[2024-10-26 07:59:24,538][train_con.py][line:106][INFO] ---------------epoch 119---------------
lr: [1.1809097329269451e-06]
[2024-10-26 08:21:49,335][train_con.py][line:136][INFO] [training]total_num: 142618.0,error: 0.003438147767872517,error_sp: 0.20309141610799475,error_cs: 0.3830494538359443,error_lt: 0.44530343563818997
[2024-10-26 08:29:06,904][train_con.py][line:179][INFO] [testing]total_number: 0,error: 0.1967045566845543
[2024-10-26 08:29:06,913][train_con.py][line:106][INFO] ---------------epoch 120---------------
lr: [1.0254421600893717e-06]
[2024-10-26 08:51:32,061][train_con.py][line:136][INFO] [training]total_num: 142618.0,error: 0.003437458122008213,error_sp: 0.20295531594896063,error_cs: 0.38306021539638185,error_lt: 0.44522187921624323
[2024-10-26 08:58:51,562][train_con.py][line:179][INFO] [testing]total_number: 0,error: 0.19551018991250588
