[2024-11-07 21:29:08,282][train_mtl.py][line:75][INFO] ---------------args---------------
Namespace(data_path='./data/Pymatgen_Wrapped/0', train_name='Hope_mtl', model_path=None, learning_rate=0.0005, min_learning_rate=1e-06, start_scheduler_step=0, weight_decay=5e-05, momentum=0.99, batch_size=512, class_num=230, epoch_num=200, model_save_path='/data/ylh/MyExps/MOFV2/checkpoints/Hope_MTL', device='7', scheduler_T=None, num_workers=20, log_name='log/train//train_Hope_mtl_2024_11_07_21:29:07.log')
[2024-11-07 21:29:08,282][train_mtl.py][line:76][INFO] ---------------device---------------
cuda:7
[2024-11-07 21:29:08,282][train_mtl.py][line:77][INFO] ---------------optimizer---------------
Adam (
Parameter Group 0
    amsgrad: False
    betas: (0.9, 0.999)
    capturable: False
    differentiable: False
    eps: 1e-08
    foreach: None
    fused: None
    initial_lr: 0.0005
    lr: 0.0005
    maximize: False
    weight_decay: 0
)
[2024-11-07 21:29:08,282][train_mtl.py][line:78][INFO] ---------------seed---------------
3407
[2024-11-07 21:29:08,299][train_mtl.py][line:90][INFO] ---------------epoch 1---------------
lr: [0.0005]
[2024-11-07 21:41:31,996][train_mtl.py][line:150][INFO] task:sp,err:3.2352570970575294
[2024-11-07 21:41:31,997][train_mtl.py][line:150][INFO] task:lt,err:0.7932922081513838
[2024-11-07 21:41:31,997][train_mtl.py][line:150][INFO] task:cs,err:1.1157375905480418
[2024-11-07 21:41:31,997][train_mtl.py][line:150][INFO] task:pg,err:2.151148702714827
[2024-11-07 21:44:38,043][train_mtl.py][line:90][INFO] ---------------epoch 2---------------
lr: [0.0004999384415069868]
[2024-11-07 21:57:02,076][train_mtl.py][line:150][INFO] task:sp,err:2.4483790514352437
[2024-11-07 21:57:02,076][train_mtl.py][line:150][INFO] task:lt,err:0.6739643699639327
[2024-11-07 21:57:02,076][train_mtl.py][line:150][INFO] task:cs,err:0.8392124903368783
[2024-11-07 21:57:02,076][train_mtl.py][line:150][INFO] task:pg,err:1.5388920590594097
[2024-11-07 22:00:06,147][train_mtl.py][line:90][INFO] ---------------epoch 3---------------
lr: [0.0004997845709043126]
[2024-11-07 22:12:30,268][train_mtl.py][line:150][INFO] task:sp,err:2.0446917506364675
[2024-11-07 22:12:30,269][train_mtl.py][line:150][INFO] task:lt,err:0.6233189858339884
[2024-11-07 22:12:30,269][train_mtl.py][line:150][INFO] task:cs,err:0.7309548187922764
[2024-11-07 22:12:30,269][train_mtl.py][line:150][INFO] task:pg,err:1.253197211068827
[2024-11-07 22:15:41,111][train_mtl.py][line:90][INFO] ---------------epoch 4---------------
lr: [0.0004995692082490166]
[2024-11-07 22:28:11,850][train_mtl.py][line:150][INFO] task:sp,err:1.8440384147884128
[2024-11-07 22:28:11,851][train_mtl.py][line:150][INFO] task:lt,err:0.5901502158258345
[2024-11-07 22:28:11,851][train_mtl.py][line:150][INFO] task:cs,err:0.6728083141200192
[2024-11-07 22:28:11,851][train_mtl.py][line:150][INFO] task:pg,err:1.1286152713782305
[2024-11-07 22:31:16,639][train_mtl.py][line:90][INFO] ---------------epoch 5---------------
lr: [0.0004992924066757998]
[2024-11-07 22:43:41,881][train_mtl.py][line:150][INFO] task:sp,err:1.6833396583170324
[2024-11-07 22:43:41,882][train_mtl.py][line:150][INFO] task:lt,err:0.555610522002607
[2024-11-07 22:43:41,882][train_mtl.py][line:150][INFO] task:cs,err:0.6228350842749322
[2024-11-07 22:43:41,882][train_mtl.py][line:150][INFO] task:pg,err:1.03832432815245
[2024-11-07 22:46:47,771][train_mtl.py][line:90][INFO] ---------------epoch 6---------------
lr: [0.0004989542344784963]
[2024-11-07 22:59:12,732][train_mtl.py][line:150][INFO] task:sp,err:1.593497834005556
[2024-11-07 22:59:12,732][train_mtl.py][line:150][INFO] task:lt,err:0.527031797941748
[2024-11-07 22:59:12,732][train_mtl.py][line:150][INFO] task:cs,err:0.5912168359423017
[2024-11-07 22:59:12,732][train_mtl.py][line:150][INFO] task:pg,err:0.9875867020833743
[2024-11-07 23:02:17,533][train_mtl.py][line:90][INFO] ---------------epoch 7---------------
lr: [0.0004985547750932208]
