[2024-09-02 14:42:48,954][train.py][line:77][INFO] ---------------args---------------
Namespace(data_path='./data/Pymatgen_Wrapped/0', train_name='AttDistil2', model_path=None, learning_rate=0.0001, min_learning_rate=1e-05, start_scheduler_step=50, weight_decay=1e-05, momentum=0.99, batch_size=64, class_num=230, epoch_num=200, model_save_path='/data/ylh/MyExps/MOFV2/AttDistil_2', device='1,3,5,7', scheduler_T=None, num_workers=20, refer_model_path='./checkpoints/RawConv/RawConv_epoch_93.pth', log_name='log/train//train_AttDistil2_2024_09_02_14:42:44.log')
[2024-09-02 14:42:48,956][train.py][line:78][INFO] ---------------model---------------
DataParallel(
  (module): AttDistil(
    (embed): Embedding(8500, 64)
    (encoder): TransformerEncoder(
      (positionEnbeding): PositionEmbedding()
      (encoder_layers): ModuleList(
        (0-23): 24 x EncoderLayer(
          (mha): MultiHeadAttention(
            (WQ): Linear(in_features=640, out_features=640, bias=True)
            (WK): Linear(in_features=640, out_features=640, bias=True)
            (WV): Linear(in_features=640, out_features=640, bias=True)
            (scaled_dot_product_attn): ScaledDotProductAttention()
            (linear): Linear(in_features=640, out_features=640, bias=True)
          )
          (dropout1): Dropout(p=0, inplace=False)
          (layernorm1): LayerNorm((640,), eps=1e-06, elementwise_affine=True)
          (ffn): FeedForwardNetwork(
            (linear1): Linear(in_features=640, out_features=1024, bias=True)
            (linear2): Linear(in_features=1024, out_features=640, bias=True)
            (relu): LeakyReLU(negative_slope=0.01)
          )
          (dropout2): Dropout(p=0, inplace=False)
          (layernorm2): LayerNorm((640,), eps=1e-06, elementwise_affine=True)
        )
      )
    )
    (to_features): Linear(in_features=640, out_features=1024, bias=True)
    (to_cls): Linear(in_features=1024, out_features=230, bias=True)
  )
)
[2024-09-02 14:42:48,956][train.py][line:79][INFO] ---------------device---------------
cuda:1
[2024-09-02 14:42:48,956][train.py][line:80][INFO] ---------------optimizer---------------
AdamW (
Parameter Group 0
    amsgrad: False
    betas: (0.9, 0.999)
    capturable: False
    differentiable: False
    eps: 1e-08
    foreach: None
    fused: None
    initial_lr: 0.0001
    lr: 0.0001
    maximize: False
    weight_decay: 1e-05
)
[2024-09-02 14:42:48,956][train.py][line:81][INFO] ---------------lossfn---------------
CrossEntropyLoss(),L1Loss()
[2024-09-02 14:42:48,956][train.py][line:82][INFO] ---------------seed---------------
3407
[2024-09-02 14:42:48,960][train.py][line:94][INFO] ---------------epoch 1---------------
lr: [0.0001]
