[2024-09-17 17:11:12,016][train.py][line:76][INFO] ---------------args---------------
Namespace(data_path='./data/Pymatgen_Wrapped/2', train_name='AtLSmall', model_path=None, learning_rate=0.0005, min_learning_rate=1e-06, start_scheduler_step=10, weight_decay=1e-06, momentum=0.99, batch_size=384, class_num=230, epoch_num=200, model_save_path='/data/ylh/MyExps/MOFV2/checkpoints/AtLSmall', device='4,5,6,7', scheduler_T=None, num_workers=20, log_name='log/train//train_AtLSmall_2024_09_17_17:11:07.log')
[2024-09-17 17:11:12,017][train.py][line:77][INFO] ---------------model---------------
DataParallel(
  (module): AtLSmall(
    (embed): Embedding(8501, 31, padding_idx=0)
    (att): TransformerEncoder(
      (positionEnbeding): PositionEmbedding()
      (encoder_layers): ModuleList(
        (0-7): 8 x EncoderLayer(
          (mha): MultiHeadAttention(
            (WQ): Linear(in_features=320, out_features=320, bias=True)
            (WK): Linear(in_features=320, out_features=320, bias=True)
            (WV): Linear(in_features=320, out_features=320, bias=True)
            (scaled_dot_product_attn): ScaledDotProductAttention()
            (linear): Linear(in_features=320, out_features=320, bias=True)
          )
          (dropout1): Dropout(p=0.0, inplace=False)
          (layernorm1): LayerNorm((320,), eps=1e-06, elementwise_affine=True)
          (ffn): FeedForwardNetwork(
            (linear1): Linear(in_features=320, out_features=512, bias=True)
            (linear2): Linear(in_features=512, out_features=320, bias=True)
            (relu): LeakyReLU(negative_slope=0.01)
          )
          (dropout2): Dropout(p=0.0, inplace=False)
          (layernorm2): LayerNorm((320,), eps=1e-06, elementwise_affine=True)
        )
      )
    )
    (cls): Sequential(
      (0): Linear(in_features=320, out_features=256, bias=True)
      (1): Linear(in_features=256, out_features=230, bias=True)
    )
  )
)
[2024-09-17 17:11:12,018][train.py][line:78][INFO] ---------------device---------------
cuda:4
[2024-09-17 17:11:12,018][train.py][line:79][INFO] ---------------optimizer---------------
AdamW (
Parameter Group 0
    amsgrad: False
    betas: (0.9, 0.999)
    capturable: False
    differentiable: False
    eps: 1e-08
    foreach: None
    fused: None
    initial_lr: 0.0005
    lr: 0.0005
    maximize: False
    weight_decay: 1e-06
)
[2024-09-17 17:11:12,018][train.py][line:80][INFO] ---------------lossfn---------------
CrossEntropyLoss()
[2024-09-17 17:11:12,018][train.py][line:81][INFO] ---------------seed---------------
3407
[2024-09-17 17:11:12,021][train.py][line:93][INFO] ---------------epoch 1---------------
lr: [0.0005]
[2024-09-17 17:15:44,458][train.py][line:111][INFO] [training]total_num: 141865.0,error: 3.5490836762996376
[2024-09-17 17:17:54,564][train.py][line:154][INFO] [testing]total_number: 141865,error: 3.4541250939639108,total_acc: 0.12795968353748322
[2024-09-17 17:17:55,179][train.py][line:93][INFO] ---------------epoch 2---------------
lr: [0.0005]
[2024-09-17 17:22:21,781][train.py][line:111][INFO] [training]total_num: 141865.0,error: 3.397935613467687
[2024-09-17 17:24:32,170][train.py][line:154][INFO] [testing]total_number: 141865,error: 3.2688665756318125,total_acc: 0.16098403930664062
[2024-09-17 17:24:32,511][train.py][line:93][INFO] ---------------epoch 3---------------
lr: [0.0005]
[2024-09-17 17:28:59,447][train.py][line:111][INFO] [training]total_num: 141865.0,error: 3.156765947444741
[2024-09-17 17:31:10,738][train.py][line:154][INFO] [testing]total_number: 141865,error: 2.9461760315291,total_acc: 0.21232862770557404
[2024-09-17 17:31:11,088][train.py][line:93][INFO] ---------------epoch 4---------------
lr: [0.0005]
[2024-09-17 17:35:40,980][train.py][line:111][INFO] [training]total_num: 141865.0,error: 2.8223188816697773
[2024-09-17 17:37:52,663][train.py][line:154][INFO] [testing]total_number: 141865,error: 2.592949727153521,total_acc: 0.27870863676071167
[2024-09-17 17:37:52,797][train.py][line:93][INFO] ---------------epoch 5---------------
lr: [0.0005]
[2024-09-17 17:42:21,163][train.py][line:111][INFO] [training]total_num: 141865.0,error: 2.524489405341547
[2024-09-17 17:44:33,431][train.py][line:154][INFO] [testing]total_number: 141865,error: 2.2860550510915463,total_acc: 0.3383568823337555
[2024-09-17 17:44:33,569][train.py][line:93][INFO] ---------------epoch 6---------------
lr: [0.0005]
[2024-09-17 17:49:02,448][train.py][line:111][INFO] [training]total_num: 141865.0,error: 2.2973583914198965
[2024-09-17 17:51:13,099][train.py][line:154][INFO] [testing]total_number: 141865,error: 2.109904703104271,total_acc: 0.37462377548217773
[2024-09-17 17:51:13,232][train.py][line:93][INFO] ---------------epoch 7---------------
lr: [0.0005]
[2024-09-17 17:55:41,649][train.py][line:111][INFO] [training]total_num: 141865.0,error: 2.0999749432998205
[2024-09-17 17:57:53,843][train.py][line:154][INFO] [testing]total_number: 141865,error: 1.996606466905126,total_acc: 0.40241074562072754
[2024-09-17 17:57:53,969][train.py][line:93][INFO] ---------------epoch 8---------------
lr: [0.0005]
[2024-09-17 18:02:23,277][train.py][line:111][INFO] [training]total_num: 141865.0,error: 1.904202454816299
[2024-09-17 18:04:34,859][train.py][line:154][INFO] [testing]total_number: 141865,error: 1.7068857896038785,total_acc: 0.4795474708080292
[2024-09-17 18:04:34,988][train.py][line:93][INFO] ---------------epoch 9---------------
lr: [0.0005]
[2024-09-17 18:09:04,746][train.py][line:111][INFO] [training]total_num: 141865.0,error: 1.7145044456595038
[2024-09-17 18:11:16,121][train.py][line:154][INFO] [testing]total_number: 141865,error: 1.5578145473151195,total_acc: 0.5169139504432678
[2024-09-17 18:11:16,247][train.py][line:93][INFO] ---------------epoch 10---------------
lr: [0.0005]
[2024-09-17 18:15:44,179][train.py][line:111][INFO] [training]total_num: 141865.0,error: 1.5401478253927514
[2024-09-17 18:17:55,055][train.py][line:154][INFO] [testing]total_number: 141865,error: 1.394951383379913,total_acc: 0.5626969337463379
[2024-09-17 18:17:55,196][train.py][line:93][INFO] ---------------epoch 11---------------
lr: [0.0005]
[2024-09-17 18:22:22,545][train.py][line:111][INFO] [training]total_num: 141865.0,error: 1.3648009496236426
[2024-09-17 18:24:33,025][train.py][line:154][INFO] [testing]total_number: 141865,error: 1.2625390867981308,total_acc: 0.5986747741699219
[2024-09-17 18:24:33,156][train.py][line:93][INFO] ---------------epoch 12---------------
lr: [0.0004999317915222613]
[2024-09-17 18:29:02,383][train.py][line:111][INFO] [training]total_num: 141865.0,error: 1.2021828626365354
[2024-09-17 18:31:13,424][train.py][line:154][INFO] [testing]total_number: 141865,error: 1.1523428736028645,total_acc: 0.6340041756629944
[2024-09-17 18:31:13,549][train.py][line:93][INFO] ---------------epoch 13---------------
lr: [0.0004997613017942846]
[2024-09-17 18:35:39,998][train.py][line:111][INFO] [training]total_num: 141865.0,error: 1.049562651352741
[2024-09-17 18:37:52,260][train.py][line:154][INFO] [testing]total_number: 141865,error: 0.9826978618565274,total_acc: 0.6822330951690674
[2024-09-17 18:37:52,391][train.py][line:93][INFO] ---------------epoch 14---------------
lr: [0.000499522685157993]
[2024-09-17 18:42:23,862][train.py][line:111][INFO] [training]total_num: 141865.0,error: 0.9031198273771857
[2024-09-17 18:44:36,050][train.py][line:154][INFO] [testing]total_number: 141865,error: 0.8903447818563313,total_acc: 0.7122687101364136
[2024-09-17 18:44:36,401][train.py][line:93][INFO] ---------------epoch 15---------------
lr: [0.0004992160068449682]
[2024-09-17 18:49:04,340][train.py][line:111][INFO] [training]total_num: 141865.0,error: 0.7823265394110563
[2024-09-17 18:51:16,701][train.py][line:154][INFO] [testing]total_number: 141865,error: 0.7584356077999439,total_acc: 0.7525957822799683
[2024-09-17 18:51:16,827][train.py][line:93][INFO] ---------------epoch 16---------------
lr: [0.000498841350694172]
[2024-09-17 18:55:47,415][train.py][line:111][INFO] [training]total_num: 141865.0,error: 0.6927808904744223
[2024-09-17 18:57:59,713][train.py][line:154][INFO] [testing]total_number: 141865,error: 0.7205767204578354,total_acc: 0.7632256150245667
[2024-09-17 18:57:59,846][train.py][line:93][INFO] ---------------epoch 17---------------
lr: [0.0004983988191290262]
