[2024-07-02 20:47:47,000][train.py][line:70][INFO] ---------------args---------------
Namespace(data_path='../MOF/data/Pymatgen_Wrapped/1/', train_name='ResTcn_8500', model_path=None, learning_rate=5e-05, min_learning_rate=1e-06, start_scheduler_step=50, weight_decay=1e-05, momentum=0.99, batch_size=512, class_num=230, epoch_num=200, model_save_path='./checkpoints/ResTcn_8500_1', device='3', scheduler_T=None, num_workers=20, log_name='log/train//train_ResTcn_8500_2024_07_02_20:47:45.log')
[2024-07-02 20:47:47,001][train.py][line:71][INFO] ---------------model---------------
ResTcn(
  (conv): ModuleList(
    (0): Sequential(
      (0): ResBlock1D(
        (pre): Conv1d(2, 32, kernel_size=(1,), stride=(1,), bias=False)
        (conv): Sequential(
          (0): Conv1d(32, 32, kernel_size=(3,), stride=(1,), padding=(1,), bias=False)
          (1): BatchNorm1d(32, eps=1e-05, momentum=0.1, affine=True, track_running_stats=True)
          (2): LeakyReLU(negative_slope=0.01)
          (3): Conv1d(32, 32, kernel_size=(3,), stride=(1,), padding=(1,), bias=False)
          (4): BatchNorm1d(32, eps=1e-05, momentum=0.1, affine=True, track_running_stats=True)
        )
        (relu): LeakyReLU(negative_slope=0.01)
      )
      (1): AvgPool1d(kernel_size=(2,), stride=(2,), padding=(0,))
    )
    (1): Sequential(
      (0): ResBlock1D(
        (pre): Identity()
        (conv): Sequential(
          (0): Conv1d(32, 32, kernel_size=(3,), stride=(1,), padding=(1,), bias=False)
          (1): BatchNorm1d(32, eps=1e-05, momentum=0.1, affine=True, track_running_stats=True)
          (2): LeakyReLU(negative_slope=0.01)
          (3): Conv1d(32, 32, kernel_size=(3,), stride=(1,), padding=(1,), bias=False)
          (4): BatchNorm1d(32, eps=1e-05, momentum=0.1, affine=True, track_running_stats=True)
        )
        (relu): LeakyReLU(negative_slope=0.01)
      )
      (1): AvgPool1d(kernel_size=(2,), stride=(2,), padding=(0,))
    )
    (2): Sequential(
      (0): ResBlock1D(
        (pre): Conv1d(32, 64, kernel_size=(1,), stride=(1,), bias=False)
        (conv): Sequential(
          (0): Conv1d(64, 64, kernel_size=(3,), stride=(1,), padding=(1,), bias=False)
          (1): BatchNorm1d(64, eps=1e-05, momentum=0.1, affine=True, track_running_stats=True)
          (2): LeakyReLU(negative_slope=0.01)
          (3): Conv1d(64, 64, kernel_size=(3,), stride=(1,), padding=(1,), bias=False)
          (4): BatchNorm1d(64, eps=1e-05, momentum=0.1, affine=True, track_running_stats=True)
        )
        (relu): LeakyReLU(negative_slope=0.01)
      )
      (1): AvgPool1d(kernel_size=(2,), stride=(2,), padding=(0,))
    )
    (3): Sequential(
      (0): ResBlock1D(
        (pre): Identity()
        (conv): Sequential(
          (0): Conv1d(64, 64, kernel_size=(3,), stride=(1,), padding=(1,), bias=False)
          (1): BatchNorm1d(64, eps=1e-05, momentum=0.1, affine=True, track_running_stats=True)
          (2): LeakyReLU(negative_slope=0.01)
          (3): Conv1d(64, 64, kernel_size=(3,), stride=(1,), padding=(1,), bias=False)
          (4): BatchNorm1d(64, eps=1e-05, momentum=0.1, affine=True, track_running_stats=True)
        )
        (relu): LeakyReLU(negative_slope=0.01)
      )
      (1): AvgPool1d(kernel_size=(2,), stride=(2,), padding=(0,))
    )
    (4): Sequential(
      (0): ResBlock1D(
        (pre): Conv1d(64, 128, kernel_size=(1,), stride=(1,), bias=False)
        (conv): Sequential(
          (0): Conv1d(128, 128, kernel_size=(3,), stride=(1,), padding=(1,), bias=False)
          (1): BatchNorm1d(128, eps=1e-05, momentum=0.1, affine=True, track_running_stats=True)
          (2): LeakyReLU(negative_slope=0.01)
          (3): Conv1d(128, 128, kernel_size=(3,), stride=(1,), padding=(1,), bias=False)
          (4): BatchNorm1d(128, eps=1e-05, momentum=0.1, affine=True, track_running_stats=True)
        )
        (relu): LeakyReLU(negative_slope=0.01)
      )
      (1): AvgPool1d(kernel_size=(2,), stride=(2,), padding=(0,))
    )
    (5): Sequential(
      (0): ResBlock1D(
        (pre): Identity()
        (conv): Sequential(
          (0): Conv1d(128, 128, kernel_size=(3,), stride=(1,), padding=(1,), bias=False)
          (1): BatchNorm1d(128, eps=1e-05, momentum=0.1, affine=True, track_running_stats=True)
          (2): LeakyReLU(negative_slope=0.01)
          (3): Conv1d(128, 128, kernel_size=(3,), stride=(1,), padding=(1,), bias=False)
          (4): BatchNorm1d(128, eps=1e-05, momentum=0.1, affine=True, track_running_stats=True)
        )
        (relu): LeakyReLU(negative_slope=0.01)
      )
      (1): AvgPool1d(kernel_size=(2,), stride=(2,), padding=(0,))
    )
    (6): Sequential(
      (0): ResBlock1D(
        (pre): Conv1d(128, 256, kernel_size=(1,), stride=(1,), bias=False)
        (conv): Sequential(
          (0): Conv1d(256, 256, kernel_size=(3,), stride=(1,), padding=(1,), bias=False)
          (1): BatchNorm1d(256, eps=1e-05, momentum=0.1, affine=True, track_running_stats=True)
          (2): LeakyReLU(negative_slope=0.01)
          (3): Conv1d(256, 256, kernel_size=(3,), stride=(1,), padding=(1,), bias=False)
          (4): BatchNorm1d(256, eps=1e-05, momentum=0.1, affine=True, track_running_stats=True)
        )
        (relu): LeakyReLU(negative_slope=0.01)
      )
      (1): AvgPool1d(kernel_size=(2,), stride=(2,), padding=(0,))
    )
    (7): Sequential(
      (0): ResBlock1D(
        (pre): Identity()
        (conv): Sequential(
          (0): Conv1d(256, 256, kernel_size=(3,), stride=(1,), padding=(1,), bias=False)
          (1): BatchNorm1d(256, eps=1e-05, momentum=0.1, affine=True, track_running_stats=True)
          (2): LeakyReLU(negative_slope=0.01)
          (3): Conv1d(256, 256, kernel_size=(3,), stride=(1,), padding=(1,), bias=False)
          (4): BatchNorm1d(256, eps=1e-05, momentum=0.1, affine=True, track_running_stats=True)
        )
        (relu): LeakyReLU(negative_slope=0.01)
      )
      (1): AvgPool1d(kernel_size=(2,), stride=(2,), padding=(0,))
    )
    (8): Sequential(
      (0): ResBlock1D(
        (pre): Conv1d(256, 512, kernel_size=(1,), stride=(1,), bias=False)
        (conv): Sequential(
          (0): Conv1d(512, 512, kernel_size=(3,), stride=(1,), padding=(1,), bias=False)
          (1): BatchNorm1d(512, eps=1e-05, momentum=0.1, affine=True, track_running_stats=True)
          (2): LeakyReLU(negative_slope=0.01)
          (3): Conv1d(512, 512, kernel_size=(3,), stride=(1,), padding=(1,), bias=False)
          (4): BatchNorm1d(512, eps=1e-05, momentum=0.1, affine=True, track_running_stats=True)
        )
        (relu): LeakyReLU(negative_slope=0.01)
      )
      (1): AvgPool1d(kernel_size=(2,), stride=(2,), padding=(0,))
    )
    (9): Sequential(
      (0): ResBlock1D(
        (pre): Identity()
        (conv): Sequential(
          (0): Conv1d(512, 512, kernel_size=(3,), stride=(1,), padding=(1,), bias=False)
          (1): BatchNorm1d(512, eps=1e-05, momentum=0.1, affine=True, track_running_stats=True)
          (2): LeakyReLU(negative_slope=0.01)
          (3): Conv1d(512, 512, kernel_size=(3,), stride=(1,), padding=(1,), bias=False)
          (4): BatchNorm1d(512, eps=1e-05, momentum=0.1, affine=True, track_running_stats=True)
        )
        (relu): LeakyReLU(negative_slope=0.01)
      )
      (1): AvgPool1d(kernel_size=(2,), stride=(2,), padding=(0,))
    )
    (10): Sequential(
      (0): ResBlock1D(
        (pre): Conv1d(512, 1024, kernel_size=(1,), stride=(1,), bias=False)
        (conv): Sequential(
          (0): Conv1d(1024, 1024, kernel_size=(3,), stride=(1,), padding=(1,), bias=False)
          (1): BatchNorm1d(1024, eps=1e-05, momentum=0.1, affine=True, track_running_stats=True)
          (2): LeakyReLU(negative_slope=0.01)
          (3): Conv1d(1024, 1024, kernel_size=(3,), stride=(1,), padding=(1,), bias=False)
          (4): BatchNorm1d(1024, eps=1e-05, momentum=0.1, affine=True, track_running_stats=True)
        )
        (relu): LeakyReLU(negative_slope=0.01)
      )
      (1): AvgPool1d(kernel_size=(2,), stride=(2,), padding=(0,))
    )
    (11-12): 2 x Sequential(
      (0): ResBlock1D(
        (pre): Identity()
        (conv): Sequential(
          (0): Conv1d(1024, 1024, kernel_size=(3,), stride=(1,), padding=(1,), bias=False)
          (1): BatchNorm1d(1024, eps=1e-05, momentum=0.1, affine=True, track_running_stats=True)
          (2): LeakyReLU(negative_slope=0.01)
          (3): Conv1d(1024, 1024, kernel_size=(3,), stride=(1,), padding=(1,), bias=False)
          (4): BatchNorm1d(1024, eps=1e-05, momentum=0.1, affine=True, track_running_stats=True)
        )
        (relu): LeakyReLU(negative_slope=0.01)
      )
      (1): AvgPool1d(kernel_size=(2,), stride=(2,), padding=(0,))
    )
  )
  (mlp): Sequential(
    (0): Linear(in_features=1024, out_features=512, bias=True)
    (1): Linear(in_features=512, out_features=230, bias=True)
  )
)
[2024-07-02 20:47:47,001][train.py][line:72][INFO] ---------------device---------------
cuda:3
[2024-07-02 20:47:47,001][train.py][line:73][INFO] ---------------optimizer---------------
AdamW (
Parameter Group 0
    amsgrad: False
    betas: (0.9, 0.999)
    capturable: False
    differentiable: False
    eps: 1e-08
    foreach: None
    fused: None
    initial_lr: 5e-05
    lr: 5e-05
    maximize: False
    weight_decay: 1e-05
)
[2024-07-02 20:47:47,002][train.py][line:74][INFO] ---------------lossfn---------------
CrossEntropyLoss()
[2024-07-02 20:47:47,002][train.py][line:75][INFO] ---------------seed---------------
15634952096959972556
[2024-07-02 20:47:47,063][train.py][line:87][INFO] ---------------epoch 1---------------
lr: [5e-05]
[2024-07-02 20:49:09,452][train.py][line:105][INFO] [training]total_num: 142617.0,error: 3.1313093950698425
[2024-07-02 20:50:00,681][train.py][line:143][INFO] [testing]total_number: 142617,error: 9.143310590223832,total_acc: 0.06654185801744461
[2024-07-02 20:50:01,021][train.py][line:87][INFO] ---------------epoch 2---------------
lr: [5e-05]
[2024-07-02 20:51:25,493][train.py][line:105][INFO] [training]total_num: 142617.0,error: 2.625405585849202
[2024-07-02 20:52:16,164][train.py][line:143][INFO] [testing]total_number: 142617,error: 11.993772133247003,total_acc: 0.042239002883434296
[2024-07-02 20:52:16,237][train.py][line:87][INFO] ---------------epoch 3---------------
lr: [5e-05]
[2024-07-02 20:53:39,669][train.py][line:105][INFO] [training]total_num: 142617.0,error: 2.42442459910066
[2024-07-02 20:54:38,796][train.py][line:143][INFO] [testing]total_number: 142617,error: 11.675587820840049,total_acc: 0.06532881408929825
[2024-07-02 20:54:38,808][train.py][line:87][INFO] ---------------epoch 4---------------
lr: [5e-05]
[2024-07-02 20:56:04,246][train.py][line:105][INFO] [training]total_num: 142617.0,error: 2.259486783217717
[2024-07-02 20:56:57,325][train.py][line:143][INFO] [testing]total_number: 142617,error: 18.187763620923448,total_acc: 0.034533049911260605
[2024-07-02 20:56:57,403][train.py][line:87][INFO] ---------------epoch 5---------------
lr: [5e-05]
[2024-07-02 20:58:24,918][train.py][line:105][INFO] [training]total_num: 142617.0,error: 2.318940246021831
[2024-07-02 20:59:16,015][train.py][line:143][INFO] [testing]total_number: 142617,error: 42.74106271116884,total_acc: 0.03514307364821434
[2024-07-02 20:59:16,027][train.py][line:87][INFO] ---------------epoch 6---------------
lr: [5e-05]
