[2024-06-30 19:29:12,094][train.py][line:62][INFO] ---------------args---------------
Namespace(data_path='./data/Clean_Pymatgen_Wrapped/0/', train_name='ExploreV1', model_path=None, learning_rate=0.001, min_learning_rate=1e-05, start_scheduler_step=50, weight_decay=1e-05, momentum=0.99, batch_size=256, class_num=230, epoch_num=200, model_save_path='./checkpoints/ExploreV1_2', device='2', scheduler_T=None, num_workers=20, log_name='log/train//train_ExploreV1_2024_06_30_19:29:09.log')
[2024-06-30 19:29:12,096][train.py][line:63][INFO] ---------------model---------------
ExplorerV1(
  (selective_block): BiMamba(
    (layers): ModuleList(
      (0-3): 4 x ResidualBlock(
        (mixer): MambaBlock(
          (in_proj): Linear(in_features=1, out_features=4, bias=False)
          (conv1d): Conv1d(2, 2, kernel_size=(4,), stride=(1,), padding=(3,), groups=2)
          (x_proj): Linear(in_features=2, out_features=33, bias=False)
          (dt_proj): Linear(in_features=1, out_features=2, bias=True)
          (out_proj): Linear(in_features=2, out_features=1, bias=False)
        )
        (norm): RMSNorm()
      )
    )
    (norm_f): RMSNorm()
  )
  (conv): ResTcn(
    (conv): ModuleList(
      (0): Sequential(
        (0): ResBlock1D(
          (pre): Conv1d(2, 16, kernel_size=(1,), stride=(1,), bias=False)
          (conv): Sequential(
            (0): Conv1d(16, 16, kernel_size=(3,), stride=(1,), padding=(1,), bias=False)
            (1): BatchNorm1d(16, eps=1e-05, momentum=0.1, affine=True, track_running_stats=True)
            (2): LeakyReLU(negative_slope=0.01)
            (3): Conv1d(16, 16, kernel_size=(3,), stride=(1,), padding=(1,), bias=False)
            (4): BatchNorm1d(16, eps=1e-05, momentum=0.1, affine=True, track_running_stats=True)
          )
          (relu): LeakyReLU(negative_slope=0.01)
        )
        (1): AvgPool1d(kernel_size=(2,), stride=(2,), padding=(0,))
      )
      (1): Sequential(
        (0): ResBlock1D(
          (pre): Identity()
          (conv): Sequential(
            (0): Conv1d(16, 16, kernel_size=(3,), stride=(1,), padding=(1,), bias=False)
            (1): BatchNorm1d(16, eps=1e-05, momentum=0.1, affine=True, track_running_stats=True)
            (2): LeakyReLU(negative_slope=0.01)
            (3): Conv1d(16, 16, kernel_size=(3,), stride=(1,), padding=(1,), bias=False)
            (4): BatchNorm1d(16, eps=1e-05, momentum=0.1, affine=True, track_running_stats=True)
          )
          (relu): LeakyReLU(negative_slope=0.01)
        )
        (1): AvgPool1d(kernel_size=(2,), stride=(2,), padding=(0,))
      )
      (2): Sequential(
        (0): ResBlock1D(
          (pre): Conv1d(16, 32, kernel_size=(1,), stride=(1,), bias=False)
          (conv): Sequential(
            (0): Conv1d(32, 32, kernel_size=(3,), stride=(1,), padding=(1,), bias=False)
            (1): BatchNorm1d(32, eps=1e-05, momentum=0.1, affine=True, track_running_stats=True)
            (2): LeakyReLU(negative_slope=0.01)
            (3): Conv1d(32, 32, kernel_size=(3,), stride=(1,), padding=(1,), bias=False)
            (4): BatchNorm1d(32, eps=1e-05, momentum=0.1, affine=True, track_running_stats=True)
          )
          (relu): LeakyReLU(negative_slope=0.01)
        )
        (1): AvgPool1d(kernel_size=(2,), stride=(2,), padding=(0,))
      )
      (3): Sequential(
        (0): ResBlock1D(
          (pre): Identity()
          (conv): Sequential(
            (0): Conv1d(32, 32, kernel_size=(3,), stride=(1,), padding=(1,), bias=False)
            (1): BatchNorm1d(32, eps=1e-05, momentum=0.1, affine=True, track_running_stats=True)
            (2): LeakyReLU(negative_slope=0.01)
            (3): Conv1d(32, 32, kernel_size=(3,), stride=(1,), padding=(1,), bias=False)
            (4): BatchNorm1d(32, eps=1e-05, momentum=0.1, affine=True, track_running_stats=True)
          )
          (relu): LeakyReLU(negative_slope=0.01)
        )
        (1): AvgPool1d(kernel_size=(2,), stride=(2,), padding=(0,))
      )
      (4): Sequential(
        (0): ResBlock1D(
          (pre): Conv1d(32, 64, kernel_size=(1,), stride=(1,), bias=False)
          (conv): Sequential(
            (0): Conv1d(64, 64, kernel_size=(3,), stride=(1,), padding=(1,), bias=False)
            (1): BatchNorm1d(64, eps=1e-05, momentum=0.1, affine=True, track_running_stats=True)
            (2): LeakyReLU(negative_slope=0.01)
            (3): Conv1d(64, 64, kernel_size=(3,), stride=(1,), padding=(1,), bias=False)
            (4): BatchNorm1d(64, eps=1e-05, momentum=0.1, affine=True, track_running_stats=True)
          )
          (relu): LeakyReLU(negative_slope=0.01)
        )
        (1): AvgPool1d(kernel_size=(2,), stride=(2,), padding=(0,))
      )
      (5): Sequential(
        (0): ResBlock1D(
          (pre): Identity()
          (conv): Sequential(
            (0): Conv1d(64, 64, kernel_size=(3,), stride=(1,), padding=(1,), bias=False)
            (1): BatchNorm1d(64, eps=1e-05, momentum=0.1, affine=True, track_running_stats=True)
            (2): LeakyReLU(negative_slope=0.01)
            (3): Conv1d(64, 64, kernel_size=(3,), stride=(1,), padding=(1,), bias=False)
            (4): BatchNorm1d(64, eps=1e-05, momentum=0.1, affine=True, track_running_stats=True)
          )
          (relu): LeakyReLU(negative_slope=0.01)
        )
        (1): AvgPool1d(kernel_size=(2,), stride=(2,), padding=(0,))
      )
      (6): Sequential(
        (0): ResBlock1D(
          (pre): Conv1d(64, 128, kernel_size=(1,), stride=(1,), bias=False)
          (conv): Sequential(
            (0): Conv1d(128, 128, kernel_size=(3,), stride=(1,), padding=(1,), bias=False)
            (1): BatchNorm1d(128, eps=1e-05, momentum=0.1, affine=True, track_running_stats=True)
            (2): LeakyReLU(negative_slope=0.01)
            (3): Conv1d(128, 128, kernel_size=(3,), stride=(1,), padding=(1,), bias=False)
            (4): BatchNorm1d(128, eps=1e-05, momentum=0.1, affine=True, track_running_stats=True)
          )
          (relu): LeakyReLU(negative_slope=0.01)
        )
        (1): AvgPool1d(kernel_size=(2,), stride=(2,), padding=(0,))
      )
      (7): Sequential(
        (0): ResBlock1D(
          (pre): Identity()
          (conv): Sequential(
            (0): Conv1d(128, 128, kernel_size=(3,), stride=(1,), padding=(1,), bias=False)
            (1): BatchNorm1d(128, eps=1e-05, momentum=0.1, affine=True, track_running_stats=True)
            (2): LeakyReLU(negative_slope=0.01)
            (3): Conv1d(128, 128, kernel_size=(3,), stride=(1,), padding=(1,), bias=False)
            (4): BatchNorm1d(128, eps=1e-05, momentum=0.1, affine=True, track_running_stats=True)
          )
          (relu): LeakyReLU(negative_slope=0.01)
        )
        (1): AvgPool1d(kernel_size=(2,), stride=(2,), padding=(0,))
      )
      (8): Sequential(
        (0): ResBlock1D(
          (pre): Conv1d(128, 256, kernel_size=(1,), stride=(1,), bias=False)
          (conv): Sequential(
            (0): Conv1d(256, 256, kernel_size=(3,), stride=(1,), padding=(1,), bias=False)
            (1): BatchNorm1d(256, eps=1e-05, momentum=0.1, affine=True, track_running_stats=True)
            (2): LeakyReLU(negative_slope=0.01)
            (3): Conv1d(256, 256, kernel_size=(3,), stride=(1,), padding=(1,), bias=False)
            (4): BatchNorm1d(256, eps=1e-05, momentum=0.1, affine=True, track_running_stats=True)
          )
          (relu): LeakyReLU(negative_slope=0.01)
        )
        (1): AvgPool1d(kernel_size=(2,), stride=(2,), padding=(0,))
      )
      (9): Sequential(
        (0): ResBlock1D(
          (pre): Identity()
          (conv): Sequential(
            (0): Conv1d(256, 256, kernel_size=(3,), stride=(1,), padding=(1,), bias=False)
            (1): BatchNorm1d(256, eps=1e-05, momentum=0.1, affine=True, track_running_stats=True)
            (2): LeakyReLU(negative_slope=0.01)
            (3): Conv1d(256, 256, kernel_size=(3,), stride=(1,), padding=(1,), bias=False)
            (4): BatchNorm1d(256, eps=1e-05, momentum=0.1, affine=True, track_running_stats=True)
          )
          (relu): LeakyReLU(negative_slope=0.01)
        )
        (1): AvgPool1d(kernel_size=(2,), stride=(2,), padding=(0,))
      )
      (10): Sequential(
        (0): ResBlock1D(
          (pre): Conv1d(256, 512, kernel_size=(1,), stride=(1,), bias=False)
          (conv): Sequential(
            (0): Conv1d(512, 512, kernel_size=(3,), stride=(1,), padding=(1,), bias=False)
            (1): BatchNorm1d(512, eps=1e-05, momentum=0.1, affine=True, track_running_stats=True)
            (2): LeakyReLU(negative_slope=0.01)
            (3): Conv1d(512, 512, kernel_size=(3,), stride=(1,), padding=(1,), bias=False)
            (4): BatchNorm1d(512, eps=1e-05, momentum=0.1, affine=True, track_running_stats=True)
          )
          (relu): LeakyReLU(negative_slope=0.01)
        )
        (1): AvgPool1d(kernel_size=(2,), stride=(2,), padding=(0,))
      )
      (11): Sequential(
        (0): ResBlock1D(
          (pre): Identity()
          (conv): Sequential(
            (0): Conv1d(512, 512, kernel_size=(3,), stride=(1,), padding=(1,), bias=False)
            (1): BatchNorm1d(512, eps=1e-05, momentum=0.1, affine=True, track_running_stats=True)
            (2): LeakyReLU(negative_slope=0.01)
            (3): Conv1d(512, 512, kernel_size=(3,), stride=(1,), padding=(1,), bias=False)
            (4): BatchNorm1d(512, eps=1e-05, momentum=0.1, affine=True, track_running_stats=True)
          )
          (relu): LeakyReLU(negative_slope=0.01)
        )
        (1): AvgPool1d(kernel_size=(2,), stride=(2,), padding=(0,))
      )
      (12): Sequential(
        (0): ResBlock1D(
          (pre): Conv1d(512, 1024, kernel_size=(1,), stride=(1,), bias=False)
          (conv): Sequential(
            (0): Conv1d(1024, 1024, kernel_size=(3,), stride=(1,), padding=(1,), bias=False)
            (1): BatchNorm1d(1024, eps=1e-05, momentum=0.1, affine=True, track_running_stats=True)
            (2): LeakyReLU(negative_slope=0.01)
            (3): Conv1d(1024, 1024, kernel_size=(3,), stride=(1,), padding=(1,), bias=False)
            (4): BatchNorm1d(1024, eps=1e-05, momentum=0.1, affine=True, track_running_stats=True)
          )
          (relu): LeakyReLU(negative_slope=0.01)
        )
        (1): AvgPool1d(kernel_size=(2,), stride=(2,), padding=(0,))
      )
    )
  )
  (mlp): Sequential(
    (0): Linear(in_features=1024, out_features=512, bias=True)
    (1): Linear(in_features=512, out_features=230, bias=True)
  )
)
[2024-06-30 19:29:12,096][train.py][line:64][INFO] ---------------device---------------
cuda:2
[2024-06-30 19:29:12,096][train.py][line:65][INFO] ---------------optimizer---------------
AdamW (
Parameter Group 0
    amsgrad: False
    betas: (0.9, 0.999)
    capturable: False
    differentiable: False
    eps: 1e-08
    foreach: None
    fused: None
    initial_lr: 0.001
    lr: 0.001
    maximize: False
    weight_decay: 1e-05
)
[2024-06-30 19:29:12,096][train.py][line:66][INFO] ---------------lossfn---------------
CrossEntropyLoss()
[2024-06-30 19:29:12,100][train.py][line:78][INFO] ---------------epoch 1---------------
lr: [0.001]
[2024-06-30 19:31:42,565][train.py][line:95][INFO] [training]total_num: 142619.0,error: 3.482487881455029
[2024-06-30 19:33:47,352][train.py][line:132][INFO] [testing]total_number: 142619,error: 10.08107309124307,total_acc: 0.06614125519990921
[2024-06-30 19:33:47,505][train.py][line:78][INFO] ---------------epoch 2---------------
lr: [0.001]
[2024-06-30 19:36:17,673][train.py][line:95][INFO] [training]total_num: 142619.0,error: 4.324344064224831
[2024-06-30 19:38:35,482][train.py][line:132][INFO] [testing]total_number: 142619,error: 3.778558245473484,total_acc: 0.06538399308919907
[2024-06-30 19:38:35,652][train.py][line:78][INFO] ---------------epoch 3---------------
lr: [0.001]
[2024-06-30 19:41:16,504][train.py][line:95][INFO] [training]total_num: 142619.0,error: 3.772692196840998
[2024-06-30 19:43:36,480][train.py][line:132][INFO] [testing]total_number: 142619,error: 3.7734709408153795,total_acc: 0.06538399308919907
[2024-06-30 19:43:36,648][train.py][line:78][INFO] ---------------epoch 4---------------
lr: [0.001]
[2024-06-30 19:46:11,427][train.py][line:95][INFO] [training]total_num: 142619.0,error: 3.7719490561510343
[2024-06-30 19:48:23,809][train.py][line:132][INFO] [testing]total_number: 142619,error: 3.772193129551181,total_acc: 0.06538399308919907
[2024-06-30 19:48:23,964][train.py][line:78][INFO] ---------------epoch 5---------------
lr: [0.001]
[2024-06-30 19:51:05,883][train.py][line:95][INFO] [training]total_num: 142619.0,error: 3.773080238736448
[2024-06-30 19:53:25,197][train.py][line:132][INFO] [testing]total_number: 142619,error: 3.769306431301003,total_acc: 0.06538399308919907
[2024-06-30 19:53:25,361][train.py][line:78][INFO] ---------------epoch 6---------------
lr: [0.001]
[2024-06-30 19:56:03,334][train.py][line:95][INFO] [training]total_num: 142619.0,error: 3.7711679317487725
[2024-06-30 19:58:13,429][train.py][line:132][INFO] [testing]total_number: 142619,error: 3.769437707242949,total_acc: 0.06538399308919907
[2024-06-30 19:58:13,435][train.py][line:78][INFO] ---------------epoch 7---------------
lr: [0.001]
