[2024-07-02 20:51:14,547][train.py][line:70][INFO] ---------------args---------------
Namespace(data_path='../MOF/data/Pymatgen_Wrapped/3/', train_name='ResTcn_5000', model_path=None, learning_rate=5e-05, min_learning_rate=1e-06, start_scheduler_step=50, weight_decay=1e-05, momentum=0.99, batch_size=256, class_num=230, epoch_num=200, model_save_path='./checkpoints/ResTcn_5000_1', device='3', scheduler_T=None, num_workers=20, log_name='log/train//train_ResTcn_5000_2024_07_02_20:51:12.log')
[2024-07-02 20:51:14,549][train.py][line:71][INFO] ---------------model---------------
ResTcn(
  (conv): Sequential(
    (0): ResBlock1D(
      (pre): Conv1d(2, 32, kernel_size=(1,), stride=(1,), bias=False)
      (conv): Sequential(
        (0): Conv1d(32, 32, kernel_size=(3,), stride=(1,), padding=(1,), bias=False)
        (1): BatchNorm1d(32, eps=1e-05, momentum=0.1, affine=True, track_running_stats=True)
        (2): LeakyReLU(negative_slope=0.01)
        (3): Conv1d(32, 32, kernel_size=(3,), stride=(1,), padding=(1,), bias=False)
        (4): BatchNorm1d(32, eps=1e-05, momentum=0.1, affine=True, track_running_stats=True)
      )
      (relu): LeakyReLU(negative_slope=0.01)
    )
    (1): AvgPool1d(kernel_size=(2,), stride=(2,), padding=(0,))
    (2): ResBlock1D(
      (pre): Identity()
      (conv): Sequential(
        (0): Conv1d(32, 32, kernel_size=(3,), stride=(1,), padding=(1,), bias=False)
        (1): BatchNorm1d(32, eps=1e-05, momentum=0.1, affine=True, track_running_stats=True)
        (2): LeakyReLU(negative_slope=0.01)
        (3): Conv1d(32, 32, kernel_size=(3,), stride=(1,), padding=(1,), bias=False)
        (4): BatchNorm1d(32, eps=1e-05, momentum=0.1, affine=True, track_running_stats=True)
      )
      (relu): LeakyReLU(negative_slope=0.01)
    )
    (3): AvgPool1d(kernel_size=(2,), stride=(2,), padding=(0,))
    (4): ResBlock1D(
      (pre): Conv1d(32, 64, kernel_size=(1,), stride=(1,), bias=False)
      (conv): Sequential(
        (0): Conv1d(64, 64, kernel_size=(3,), stride=(1,), padding=(1,), bias=False)
        (1): BatchNorm1d(64, eps=1e-05, momentum=0.1, affine=True, track_running_stats=True)
        (2): LeakyReLU(negative_slope=0.01)
        (3): Conv1d(64, 64, kernel_size=(3,), stride=(1,), padding=(1,), bias=False)
        (4): BatchNorm1d(64, eps=1e-05, momentum=0.1, affine=True, track_running_stats=True)
      )
      (relu): LeakyReLU(negative_slope=0.01)
    )
    (5): AvgPool1d(kernel_size=(2,), stride=(2,), padding=(0,))
    (6): ResBlock1D(
      (pre): Identity()
      (conv): Sequential(
        (0): Conv1d(64, 64, kernel_size=(3,), stride=(1,), padding=(1,), bias=False)
        (1): BatchNorm1d(64, eps=1e-05, momentum=0.1, affine=True, track_running_stats=True)
        (2): LeakyReLU(negative_slope=0.01)
        (3): Conv1d(64, 64, kernel_size=(3,), stride=(1,), padding=(1,), bias=False)
        (4): BatchNorm1d(64, eps=1e-05, momentum=0.1, affine=True, track_running_stats=True)
      )
      (relu): LeakyReLU(negative_slope=0.01)
    )
    (7): AvgPool1d(kernel_size=(2,), stride=(2,), padding=(1,))
    (8): ResBlock1D(
      (pre): Conv1d(64, 128, kernel_size=(1,), stride=(1,), bias=False)
      (conv): Sequential(
        (0): Conv1d(128, 128, kernel_size=(3,), stride=(1,), padding=(1,), bias=False)
        (1): BatchNorm1d(128, eps=1e-05, momentum=0.1, affine=True, track_running_stats=True)
        (2): LeakyReLU(negative_slope=0.01)
        (3): Conv1d(128, 128, kernel_size=(3,), stride=(1,), padding=(1,), bias=False)
        (4): BatchNorm1d(128, eps=1e-05, momentum=0.1, affine=True, track_running_stats=True)
      )
      (relu): LeakyReLU(negative_slope=0.01)
    )
    (9): AvgPool1d(kernel_size=(2,), stride=(2,), padding=(1,))
    (10): ResBlock1D(
      (pre): Identity()
      (conv): Sequential(
        (0): Conv1d(128, 128, kernel_size=(3,), stride=(1,), padding=(1,), bias=False)
        (1): BatchNorm1d(128, eps=1e-05, momentum=0.1, affine=True, track_running_stats=True)
        (2): LeakyReLU(negative_slope=0.01)
        (3): Conv1d(128, 128, kernel_size=(3,), stride=(1,), padding=(1,), bias=False)
        (4): BatchNorm1d(128, eps=1e-05, momentum=0.1, affine=True, track_running_stats=True)
      )
      (relu): LeakyReLU(negative_slope=0.01)
    )
    (11): AvgPool1d(kernel_size=(2,), stride=(2,), padding=(1,))
    (12): ResBlock1D(
      (pre): Conv1d(128, 256, kernel_size=(1,), stride=(1,), bias=False)
      (conv): Sequential(
        (0): Conv1d(256, 256, kernel_size=(3,), stride=(1,), padding=(1,), bias=False)
        (1): BatchNorm1d(256, eps=1e-05, momentum=0.1, affine=True, track_running_stats=True)
        (2): LeakyReLU(negative_slope=0.01)
        (3): Conv1d(256, 256, kernel_size=(3,), stride=(1,), padding=(1,), bias=False)
        (4): BatchNorm1d(256, eps=1e-05, momentum=0.1, affine=True, track_running_stats=True)
      )
      (relu): LeakyReLU(negative_slope=0.01)
    )
    (13): AvgPool1d(kernel_size=(2,), stride=(2,), padding=(1,))
    (14): ResBlock1D(
      (pre): Identity()
      (conv): Sequential(
        (0): Conv1d(256, 256, kernel_size=(3,), stride=(1,), padding=(1,), bias=False)
        (1): BatchNorm1d(256, eps=1e-05, momentum=0.1, affine=True, track_running_stats=True)
        (2): LeakyReLU(negative_slope=0.01)
        (3): Conv1d(256, 256, kernel_size=(3,), stride=(1,), padding=(1,), bias=False)
        (4): BatchNorm1d(256, eps=1e-05, momentum=0.1, affine=True, track_running_stats=True)
      )
      (relu): LeakyReLU(negative_slope=0.01)
    )
    (15): AvgPool1d(kernel_size=(2,), stride=(2,), padding=(0,))
    (16): ResBlock1D(
      (pre): Conv1d(256, 512, kernel_size=(1,), stride=(1,), bias=False)
      (conv): Sequential(
        (0): Conv1d(512, 512, kernel_size=(3,), stride=(1,), padding=(1,), bias=False)
        (1): BatchNorm1d(512, eps=1e-05, momentum=0.1, affine=True, track_running_stats=True)
        (2): LeakyReLU(negative_slope=0.01)
        (3): Conv1d(512, 512, kernel_size=(3,), stride=(1,), padding=(1,), bias=False)
        (4): BatchNorm1d(512, eps=1e-05, momentum=0.1, affine=True, track_running_stats=True)
      )
      (relu): LeakyReLU(negative_slope=0.01)
    )
    (17): AvgPool1d(kernel_size=(2,), stride=(2,), padding=(0,))
    (18): ResBlock1D(
      (pre): Identity()
      (conv): Sequential(
        (0): Conv1d(512, 512, kernel_size=(3,), stride=(1,), padding=(1,), bias=False)
        (1): BatchNorm1d(512, eps=1e-05, momentum=0.1, affine=True, track_running_stats=True)
        (2): LeakyReLU(negative_slope=0.01)
        (3): Conv1d(512, 512, kernel_size=(3,), stride=(1,), padding=(1,), bias=False)
        (4): BatchNorm1d(512, eps=1e-05, momentum=0.1, affine=True, track_running_stats=True)
      )
      (relu): LeakyReLU(negative_slope=0.01)
    )
    (19): AvgPool1d(kernel_size=(2,), stride=(2,), padding=(0,))
    (20): ResBlock1D(
      (pre): Conv1d(512, 1024, kernel_size=(1,), stride=(1,), bias=False)
      (conv): Sequential(
        (0): Conv1d(1024, 1024, kernel_size=(3,), stride=(1,), padding=(1,), bias=False)
        (1): BatchNorm1d(1024, eps=1e-05, momentum=0.1, affine=True, track_running_stats=True)
        (2): LeakyReLU(negative_slope=0.01)
        (3): Conv1d(1024, 1024, kernel_size=(3,), stride=(1,), padding=(1,), bias=False)
        (4): BatchNorm1d(1024, eps=1e-05, momentum=0.1, affine=True, track_running_stats=True)
      )
      (relu): LeakyReLU(negative_slope=0.01)
    )
    (21): AvgPool1d(kernel_size=(2,), stride=(2,), padding=(1,))
    (22): ResBlock1D(
      (pre): Identity()
      (conv): Sequential(
        (0): Conv1d(1024, 1024, kernel_size=(3,), stride=(1,), padding=(1,), bias=False)
        (1): BatchNorm1d(1024, eps=1e-05, momentum=0.1, affine=True, track_running_stats=True)
        (2): LeakyReLU(negative_slope=0.01)
        (3): Conv1d(1024, 1024, kernel_size=(3,), stride=(1,), padding=(1,), bias=False)
        (4): BatchNorm1d(1024, eps=1e-05, momentum=0.1, affine=True, track_running_stats=True)
      )
      (relu): LeakyReLU(negative_slope=0.01)
    )
    (23): AvgPool1d(kernel_size=(2,), stride=(2,), padding=(1,))
    (24): ResBlock1D(
      (pre): Identity()
      (conv): Sequential(
        (0): Conv1d(1024, 1024, kernel_size=(3,), stride=(1,), padding=(1,), bias=False)
        (1): BatchNorm1d(1024, eps=1e-05, momentum=0.1, affine=True, track_running_stats=True)
        (2): LeakyReLU(negative_slope=0.01)
        (3): Conv1d(1024, 1024, kernel_size=(3,), stride=(1,), padding=(1,), bias=False)
        (4): BatchNorm1d(1024, eps=1e-05, momentum=0.1, affine=True, track_running_stats=True)
      )
      (relu): LeakyReLU(negative_slope=0.01)
    )
    (25): AvgPool1d(kernel_size=(2,), stride=(2,), padding=(0,))
  )
  (mlp): Linear(in_features=1024, out_features=230, bias=True)
)
[2024-07-02 20:51:14,549][train.py][line:72][INFO] ---------------device---------------
cuda:3
[2024-07-02 20:51:14,549][train.py][line:73][INFO] ---------------optimizer---------------
AdamW (
Parameter Group 0
    amsgrad: False
    betas: (0.9, 0.999)
    capturable: False
    differentiable: False
    eps: 1e-08
    foreach: None
    fused: None
    initial_lr: 5e-05
    lr: 5e-05
    maximize: False
    weight_decay: 1e-05
)
[2024-07-02 20:51:14,549][train.py][line:74][INFO] ---------------lossfn---------------
CrossEntropyLoss()
[2024-07-02 20:51:14,550][train.py][line:75][INFO] ---------------seed---------------
12597535738397441901
[2024-07-02 20:51:14,554][train.py][line:87][INFO] ---------------epoch 1---------------
lr: [5e-05]
[2024-07-02 20:52:30,446][train.py][line:105][INFO] [training]total_num: 142619.0,error: 3.289379761151388
[2024-07-02 20:53:02,656][train.py][line:143][INFO] [testing]total_number: 142619,error: 7.805220972561667,total_acc: 0.06283173710107803
[2024-07-02 20:53:02,947][train.py][line:87][INFO] ---------------epoch 2---------------
lr: [5e-05]
[2024-07-02 20:54:17,476][train.py][line:105][INFO] [training]total_num: 142619.0,error: 2.8223229059090853
[2024-07-02 20:54:49,994][train.py][line:143][INFO] [testing]total_number: 142619,error: 8.037124420734163,total_acc: 0.07491989433765411
[2024-07-02 20:54:50,278][train.py][line:87][INFO] ---------------epoch 3---------------
lr: [5e-05]
[2024-07-02 20:56:04,435][train.py][line:105][INFO] [training]total_num: 142619.0,error: 2.5982815411919398
[2024-07-02 20:56:37,025][train.py][line:143][INFO] [testing]total_number: 142619,error: 35.20774665453755,total_acc: 0.008449085056781769
[2024-07-02 20:56:37,030][train.py][line:87][INFO] ---------------epoch 4---------------
lr: [5e-05]
[2024-07-02 20:57:51,360][train.py][line:105][INFO] [training]total_num: 142619.0,error: 2.421634373089946
[2024-07-02 20:58:23,708][train.py][line:143][INFO] [testing]total_number: 142619,error: 34.22762506227967,total_acc: 0.002271787030622363
[2024-07-02 20:58:23,713][train.py][line:87][INFO] ---------------epoch 5---------------
lr: [5e-05]
[2024-07-02 20:59:37,803][train.py][line:105][INFO] [training]total_num: 142619.0,error: 2.2666058741140027
