[2024-11-08 21:49:54,023][train_mtl.py][line:85][INFO] ---------------args---------------
Namespace(data_path='./data/Pymatgen_Wrapped/0', train_name='Hope_mtl_small', model_path=None, learning_rate=0.0005, min_learning_rate=1e-06, start_scheduler_step=0, weight_decay=5e-05, momentum=0.99, batch_size=512, class_num=230, epoch_num=150, model_save_path='/data/ylh/MyExps/MOFV2/checkpoints/Hope_MTL_SMALL', device='7', scheduler_T=None, num_workers=20, log_name='log/train//train_Hope_mtl_small_2024_11_08_21:49:53.log')
[2024-11-08 21:49:54,023][train_mtl.py][line:86][INFO] ---------------device---------------
cuda:7
[2024-11-08 21:49:54,023][train_mtl.py][line:87][INFO] ---------------optimizer---------------
Adam (
Parameter Group 0
    amsgrad: False
    betas: (0.9, 0.999)
    capturable: False
    differentiable: False
    eps: 1e-08
    foreach: None
    fused: None
    initial_lr: 0.0005
    lr: 2.5e-07
    maximize: False
    weight_decay: 0
)
[2024-11-08 21:49:54,023][train_mtl.py][line:88][INFO] ---------------seed---------------
3407
[2024-11-08 21:49:54,026][train_mtl.py][line:100][INFO] ---------------epoch 1---------------
lr: [1.25e-10]
