[2024-10-27 20:33:56,577][train_con.py][line:74][INFO] ---------------args---------------
Namespace(data_path='./data/Pymatgen_Wrapped/0', train_name='Hope_Con', model_path=None, learning_rate=0.0005, min_learning_rate=1e-05, start_scheduler_step=10, weight_decay=0.0005, momentum=0.99, batch_size=128, class_num=230, epoch_num=200, model_save_path='/data/ylh/MyExps/MOFV2/checkpoints/Hope_Con', device='2', scheduler_T=None, num_workers=20, log_name='log/train//train_Hope_Con_2024_10_27_20:33:49.log')
[2024-10-27 20:33:56,579][train_con.py][line:75][INFO] ---------------model---------------
HopeV1_Con(
  (conv_module): ResTcn(
    (intensity_norm): BatchNorm1d(1, eps=1e-05, momentum=0.1, affine=True, track_running_stats=True)
    (TCN): Sequential(
      (0): ResBlock1D(
        (pre): Conv1d(2, 32, kernel_size=(1,), stride=(1,), bias=False)
        (conv): Sequential(
          (0): Conv1d(32, 32, kernel_size=(3,), stride=(1,), padding=(1,), bias=False)
          (1): BatchNorm1d(32, eps=1e-05, momentum=0.1, affine=True, track_running_stats=True)
          (2): LeakyReLU(negative_slope=0.01)
          (3): Conv1d(32, 32, kernel_size=(3,), stride=(1,), padding=(1,), bias=False)
          (4): BatchNorm1d(32, eps=1e-05, momentum=0.1, affine=True, track_running_stats=True)
        )
        (relu): LeakyReLU(negative_slope=0.01)
      )
      (1): MaxPool1d(kernel_size=2, stride=2, padding=0, dilation=1, ceil_mode=False)
      (2): ResBlock1D(
        (pre): Identity()
        (conv): Sequential(
          (0): Conv1d(32, 32, kernel_size=(3,), stride=(1,), padding=(1,), bias=False)
          (1): BatchNorm1d(32, eps=1e-05, momentum=0.1, affine=True, track_running_stats=True)
          (2): LeakyReLU(negative_slope=0.01)
          (3): Conv1d(32, 32, kernel_size=(3,), stride=(1,), padding=(1,), bias=False)
          (4): BatchNorm1d(32, eps=1e-05, momentum=0.1, affine=True, track_running_stats=True)
        )
        (relu): LeakyReLU(negative_slope=0.01)
      )
      (3): MaxPool1d(kernel_size=2, stride=2, padding=0, dilation=1, ceil_mode=False)
      (4): ResBlock1D(
        (pre): Conv1d(32, 64, kernel_size=(1,), stride=(1,), bias=False)
        (conv): Sequential(
          (0): Conv1d(64, 64, kernel_size=(3,), stride=(1,), padding=(1,), bias=False)
          (1): BatchNorm1d(64, eps=1e-05, momentum=0.1, affine=True, track_running_stats=True)
          (2): LeakyReLU(negative_slope=0.01)
          (3): Conv1d(64, 64, kernel_size=(3,), stride=(1,), padding=(1,), bias=False)
          (4): BatchNorm1d(64, eps=1e-05, momentum=0.1, affine=True, track_running_stats=True)
        )
        (relu): LeakyReLU(negative_slope=0.01)
      )
      (5): MaxPool1d(kernel_size=2, stride=2, padding=0, dilation=1, ceil_mode=False)
      (6): ResBlock1D(
        (pre): Conv1d(64, 128, kernel_size=(1,), stride=(1,), bias=False)
        (conv): Sequential(
          (0): Conv1d(128, 128, kernel_size=(3,), stride=(1,), padding=(1,), bias=False)
          (1): BatchNorm1d(128, eps=1e-05, momentum=0.1, affine=True, track_running_stats=True)
          (2): LeakyReLU(negative_slope=0.01)
          (3): Conv1d(128, 128, kernel_size=(3,), stride=(1,), padding=(1,), bias=False)
          (4): BatchNorm1d(128, eps=1e-05, momentum=0.1, affine=True, track_running_stats=True)
        )
        (relu): LeakyReLU(negative_slope=0.01)
      )
      (7): MaxPool1d(kernel_size=2, stride=2, padding=0, dilation=1, ceil_mode=False)
      (8): ResBlock1D(
        (pre): Identity()
        (conv): Sequential(
          (0): Conv1d(128, 128, kernel_size=(3,), stride=(1,), padding=(1,), bias=False)
          (1): BatchNorm1d(128, eps=1e-05, momentum=0.1, affine=True, track_running_stats=True)
          (2): LeakyReLU(negative_slope=0.01)
          (3): Conv1d(128, 128, kernel_size=(3,), stride=(1,), padding=(1,), bias=False)
          (4): BatchNorm1d(128, eps=1e-05, momentum=0.1, affine=True, track_running_stats=True)
        )
        (relu): LeakyReLU(negative_slope=0.01)
      )
      (9): AvgPool1d(kernel_size=(2,), stride=(2,), padding=(1,))
      (10): ResBlock1D(
        (pre): Conv1d(128, 256, kernel_size=(1,), stride=(1,), bias=False)
        (conv): Sequential(
          (0): Conv1d(256, 256, kernel_size=(3,), stride=(1,), padding=(1,), bias=False)
          (1): BatchNorm1d(256, eps=1e-05, momentum=0.1, affine=True, track_running_stats=True)
          (2): LeakyReLU(negative_slope=0.01)
          (3): Conv1d(256, 256, kernel_size=(3,), stride=(1,), padding=(1,), bias=False)
          (4): BatchNorm1d(256, eps=1e-05, momentum=0.1, affine=True, track_running_stats=True)
        )
        (relu): LeakyReLU(negative_slope=0.01)
      )
      (11): AvgPool1d(kernel_size=(2,), stride=(2,), padding=(0,))
      (12): ResBlock1D(
        (pre): Identity()
        (conv): Sequential(
          (0): Conv1d(256, 256, kernel_size=(3,), stride=(1,), padding=(1,), bias=False)
          (1): BatchNorm1d(256, eps=1e-05, momentum=0.1, affine=True, track_running_stats=True)
          (2): LeakyReLU(negative_slope=0.01)
          (3): Conv1d(256, 256, kernel_size=(3,), stride=(1,), padding=(1,), bias=False)
          (4): BatchNorm1d(256, eps=1e-05, momentum=0.1, affine=True, track_running_stats=True)
        )
        (relu): LeakyReLU(negative_slope=0.01)
      )
      (13): AvgPool1d(kernel_size=(2,), stride=(2,), padding=(1,))
      (14): ResBlock1D(
        (pre): Conv1d(256, 512, kernel_size=(1,), stride=(1,), bias=False)
        (conv): Sequential(
          (0): Conv1d(512, 512, kernel_size=(3,), stride=(1,), padding=(1,), bias=False)
          (1): BatchNorm1d(512, eps=1e-05, momentum=0.1, affine=True, track_running_stats=True)
          (2): LeakyReLU(negative_slope=0.01)
          (3): Conv1d(512, 512, kernel_size=(3,), stride=(1,), padding=(1,), bias=False)
          (4): BatchNorm1d(512, eps=1e-05, momentum=0.1, affine=True, track_running_stats=True)
        )
        (relu): LeakyReLU(negative_slope=0.01)
      )
      (15): AvgPool1d(kernel_size=(2,), stride=(2,), padding=(1,))
      (16): ResBlock1D(
        (pre): Identity()
        (conv): Sequential(
          (0): Conv1d(512, 512, kernel_size=(3,), stride=(1,), padding=(1,), bias=False)
          (1): BatchNorm1d(512, eps=1e-05, momentum=0.1, affine=True, track_running_stats=True)
          (2): LeakyReLU(negative_slope=0.01)
          (3): Conv1d(512, 512, kernel_size=(3,), stride=(1,), padding=(1,), bias=False)
          (4): BatchNorm1d(512, eps=1e-05, momentum=0.1, affine=True, track_running_stats=True)
        )
        (relu): LeakyReLU(negative_slope=0.01)
      )
      (17): AvgPool1d(kernel_size=(2,), stride=(2,), padding=(0,))
      (18): ResBlock1D(
        (pre): Conv1d(512, 1024, kernel_size=(1,), stride=(1,), bias=False)
        (conv): Sequential(
          (0): Conv1d(1024, 1024, kernel_size=(3,), stride=(1,), padding=(1,), bias=False)
          (1): BatchNorm1d(1024, eps=1e-05, momentum=0.1, affine=True, track_running_stats=True)
          (2): LeakyReLU(negative_slope=0.01)
          (3): Conv1d(1024, 1024, kernel_size=(3,), stride=(1,), padding=(1,), bias=False)
          (4): BatchNorm1d(1024, eps=1e-05, momentum=0.1, affine=True, track_running_stats=True)
        )
        (relu): LeakyReLU(negative_slope=0.01)
      )
      (19): AvgPool1d(kernel_size=(2,), stride=(2,), padding=(0,))
      (20): Dropout(p=0.25, inplace=False)
      (21): ResBlock1D(
        (pre): Identity()
        (conv): Sequential(
          (0): Conv1d(1024, 1024, kernel_size=(3,), stride=(1,), padding=(1,), bias=False)
          (1): BatchNorm1d(1024, eps=1e-05, momentum=0.1, affine=True, track_running_stats=True)
          (2): LeakyReLU(negative_slope=0.01)
          (3): Conv1d(1024, 1024, kernel_size=(3,), stride=(1,), padding=(1,), bias=False)
          (4): BatchNorm1d(1024, eps=1e-05, momentum=0.1, affine=True, track_running_stats=True)
        )
        (relu): LeakyReLU(negative_slope=0.01)
      )
      (22): AvgPool1d(kernel_size=(2,), stride=(2,), padding=(0,))
      (23): Dropout(p=0.25, inplace=False)
      (24): ResBlock1D(
        (pre): Identity()
        (conv): Sequential(
          (0): Conv1d(1024, 1024, kernel_size=(3,), stride=(1,), padding=(1,), bias=False)
          (1): BatchNorm1d(1024, eps=1e-05, momentum=0.1, affine=True, track_running_stats=True)
          (2): LeakyReLU(negative_slope=0.01)
          (3): Conv1d(1024, 1024, kernel_size=(3,), stride=(1,), padding=(1,), bias=False)
          (4): BatchNorm1d(1024, eps=1e-05, momentum=0.1, affine=True, track_running_stats=True)
        )
        (relu): LeakyReLU(negative_slope=0.01)
      )
      (25): AvgPool1d(kernel_size=(2,), stride=(2,), padding=(0,))
      (26): Dropout(p=0.25, inplace=False)
      (27): ResBlock1D(
        (pre): Identity()
        (conv): Sequential(
          (0): Conv1d(1024, 1024, kernel_size=(3,), stride=(1,), padding=(1,), bias=False)
          (1): BatchNorm1d(1024, eps=1e-05, momentum=0.1, affine=True, track_running_stats=True)
          (2): LeakyReLU(negative_slope=0.01)
          (3): Conv1d(1024, 1024, kernel_size=(3,), stride=(1,), padding=(1,), bias=False)
          (4): BatchNorm1d(1024, eps=1e-05, momentum=0.1, affine=True, track_running_stats=True)
        )
        (relu): LeakyReLU(negative_slope=0.01)
      )
      (28): AvgPool1d(kernel_size=(2,), stride=(2,), padding=(0,))
      (29): Flatten(start_dim=1, end_dim=-1)
    )
  )
  (att): AttentionModule(
    (embed): Embedding(850, 15)
    (patch_conv): PatchConvModule(
      (conv): Sequential(
        (0): Conv2d(1, 2, kernel_size=(1, 3), stride=(1, 1), padding=(0, 1))
        (1): AvgPool2d(kernel_size=(1, 2), stride=(1, 2), padding=0)
        (2): Conv2d(2, 4, kernel_size=(1, 3), stride=(1, 1), padding=(0, 1))
        (3): AvgPool2d(kernel_size=(1, 2), stride=(1, 2), padding=(0, 1))
        (4): Conv2d(4, 8, kernel_size=(1, 3), stride=(1, 1), padding=(0, 1))
        (5): AvgPool2d(kernel_size=(1, 2), stride=(1, 2), padding=(0, 1))
        (6): Conv2d(8, 16, kernel_size=(1, 3), stride=(1, 1), padding=(0, 1))
        (7): AvgPool2d(kernel_size=(1, 2), stride=(1, 2), padding=0)
      )
    )
    (att): TransformerEncoder(
      (positionEnbeding): PositionEmbedding()
      (encoder_layers): ModuleList(
        (0-7): 8 x EncoderLayer(
          (mha): MultiHeadAttention(
            (WQ): Linear(in_features=32, out_features=32, bias=True)
            (WK): Linear(in_features=32, out_features=32, bias=True)
            (WV): Linear(in_features=32, out_features=32, bias=True)
            (scaled_dot_product_attn): ScaledDotProductAttention()
            (linear): Linear(in_features=32, out_features=32, bias=True)
          )
          (dropout1): Dropout(p=0.25, inplace=False)
          (layernorm1): LayerNorm((32,), eps=1e-06, elementwise_affine=True)
          (ffn): FeedForwardNetwork(
            (linear1): Linear(in_features=32, out_features=256, bias=True)
            (linear2): Linear(in_features=256, out_features=32, bias=True)
            (relu): LeakyReLU(negative_slope=0.01)
          )
          (dropout2): Dropout(p=0.25, inplace=False)
          (layernorm2): LayerNorm((32,), eps=1e-06, elementwise_affine=True)
        )
      )
    )
  )
  (cls_sp): Sequential(
    (0): Linear(in_features=1056, out_features=230, bias=True)
  )
  (cls_cs): Sequential(
    (0): Linear(in_features=1056, out_features=7, bias=True)
  )
  (cls_lt): Sequential(
    (0): Linear(in_features=1056, out_features=6, bias=True)
  )
)
[2024-10-27 20:33:56,579][train_con.py][line:76][INFO] ---------------device---------------
cuda:2
[2024-10-27 20:33:56,580][train_con.py][line:77][INFO] ---------------optimizer---------------
AdamW (
Parameter Group 0
    amsgrad: False
    betas: (0.9, 0.999)
    capturable: False
    differentiable: False
    eps: 1e-08
    foreach: None
    fused: None
    initial_lr: 0.0005
    lr: 0.0005
    maximize: False
    weight_decay: 0.0005
)
[2024-10-27 20:33:56,580][train_con.py][line:78][INFO] ---------------seed---------------
3407
[2024-10-27 20:33:56,583][train_con.py][line:90][INFO] ---------------epoch 1---------------
lr: [0.0005]
[2024-10-27 20:56:31,486][train_con.py][line:118][INFO] [training]total_num: 142618.0,error: 0.38751926955361227,error_cls: 6.164975296213443,error_sc: 0.38751926955361227
[2024-10-27 21:03:59,057][train_con.py][line:161][INFO] [testing]total_number: 142618,sc_error: 0.39495275293236404,total_cls_acc: 0.0006941620376892388
[2024-10-27 21:03:59,926][train_con.py][line:90][INFO] ---------------epoch 2---------------
lr: [0.0005]
[2024-10-27 21:26:26,254][train_con.py][line:118][INFO] [training]total_num: 142618.0,error: 0.37154613784328433,error_cls: 3.001922512117909,error_sc: 0.3583281652633342
[2024-10-27 21:33:56,145][train_con.py][line:161][INFO] [testing]total_number: 142618,sc_error: 0.3804459097235734,total_cls_acc: 0.06604355573654175
[2024-10-27 21:33:56,516][train_con.py][line:90][INFO] ---------------epoch 3---------------
lr: [0.0005]
[2024-10-27 21:56:23,398][train_con.py][line:118][INFO] [training]total_num: 142618.0,error: 0.35444397200973243,error_cls: 2.4927732930737676,error_sc: 0.3328446828460233
[2024-10-27 22:03:50,220][train_con.py][line:161][INFO] [testing]total_number: 142618,sc_error: 0.377744727243257,total_cls_acc: 0.004228077828884125
[2024-10-27 22:03:50,629][train_con.py][line:90][INFO] ---------------epoch 4---------------
lr: [0.0005]
[2024-10-27 22:26:16,998][train_con.py][line:118][INFO] [training]total_num: 142618.0,error: 0.34214055685271916,error_cls: 2.1745912123276474,error_sc: 0.314235212537522
[2024-10-27 22:33:47,340][train_con.py][line:161][INFO] [testing]total_number: 142618,sc_error: 0.3773904177223885,total_cls_acc: 0.05725083872675896
[2024-10-27 22:33:47,710][train_con.py][line:90][INFO] ---------------epoch 5---------------
lr: [0.0005]
[2024-10-27 22:56:13,396][train_con.py][line:118][INFO] [training]total_num: 142618.0,error: 0.3370625767774199,error_cls: 2.009574618821876,error_sc: 0.3029296724307545
[2024-10-27 23:03:41,323][train_con.py][line:161][INFO] [testing]total_number: 142618,sc_error: 0.3020421341045065,total_cls_acc: 0.4019758999347687
[2024-10-27 23:03:41,691][train_con.py][line:90][INFO] ---------------epoch 6---------------
lr: [0.0005]
[2024-10-27 23:26:07,359][train_con.py][line:118][INFO] [training]total_num: 142618.0,error: 0.3366832143652725,error_cls: 1.8956036441814825,error_sc: 0.29671088829529146
[2024-10-27 23:33:42,318][train_con.py][line:161][INFO] [testing]total_number: 142618,sc_error: 0.31823708351698193,total_cls_acc: 0.2114880383014679
[2024-10-27 23:33:42,366][train_con.py][line:90][INFO] ---------------epoch 7---------------
lr: [0.0005]
[2024-10-27 23:56:11,581][train_con.py][line:118][INFO] [training]total_num: 142618.0,error: 0.33599423536470535,error_cls: 1.797072283864127,error_sc: 0.29080624695943325
[2024-10-28 00:03:40,025][train_con.py][line:161][INFO] [testing]total_number: 142618,sc_error: 0.3103299835447252,total_cls_acc: 0.34661123156547546
[2024-10-28 00:03:40,033][train_con.py][line:90][INFO] ---------------epoch 8---------------
lr: [0.0005]
[2024-10-28 00:26:06,702][train_con.py][line:118][INFO] [training]total_num: 142618.0,error: 0.33313468711478794,error_cls: 1.6905569406135377,error_sc: 0.2839017625883248
[2024-10-28 00:33:33,225][train_con.py][line:161][INFO] [testing]total_number: 142618,sc_error: 0.3345060101557381,total_cls_acc: 0.2096509486436844
[2024-10-28 00:33:33,233][train_con.py][line:90][INFO] ---------------epoch 9---------------
lr: [0.0005]
[2024-10-28 00:55:59,803][train_con.py][line:118][INFO] [training]total_num: 142618.0,error: 0.3316712964527778,error_cls: 1.60270575886822,error_sc: 0.2787115348845112
[2024-10-28 01:03:24,450][train_con.py][line:161][INFO] [testing]total_number: 142618,sc_error: 0.28738150187332545,total_cls_acc: 0.4924483597278595
[2024-10-28 01:03:24,839][train_con.py][line:90][INFO] ---------------epoch 10---------------
lr: [0.0005]
[2024-10-28 01:25:52,399][train_con.py][line:118][INFO] [training]total_num: 142618.0,error: 0.32995198813813287,error_cls: 1.5195441563360017,error_sc: 0.2738979089411823
[2024-10-28 01:33:20,361][train_con.py][line:161][INFO] [testing]total_number: 142618,sc_error: 0.2901736366287363,total_cls_acc: 0.46331459283828735
[2024-10-28 01:33:20,367][train_con.py][line:90][INFO] ---------------epoch 11---------------
lr: [0.0005]
[2024-10-28 01:55:46,662][train_con.py][line:118][INFO] [training]total_num: 142618.0,error: 0.3297013503820788,error_cls: 1.460561562451834,error_sc: 0.270182393107831
[2024-10-28 02:03:16,551][train_con.py][line:161][INFO] [testing]total_number: 142618,sc_error: 0.3480767007014766,total_cls_acc: 0.0764629989862442
[2024-10-28 02:03:16,559][train_con.py][line:90][INFO] ---------------epoch 12---------------
lr: [0.0004999330217352866]
[2024-10-28 02:25:44,056][train_con.py][line:118][INFO] [training]total_num: 142618.0,error: 0.3270950095187592,error_cls: 1.3846673628558284,error_sc: 0.26554318175328023
[2024-10-28 02:33:14,642][train_con.py][line:161][INFO] [testing]total_number: 142618,sc_error: 0.287267005742059,total_cls_acc: 0.4664838910102844
[2024-10-28 02:33:15,017][train_con.py][line:90][INFO] ---------------epoch 13---------------
lr: [0.0004997656069723435]
[2024-10-28 02:55:41,567][train_con.py][line:118][INFO] [training]total_num: 142618.0,error: 0.3252122882875914,error_cls: 1.3217802159322927,error_sc: 0.2616015721474854
[2024-10-28 03:03:11,376][train_con.py][line:161][INFO] [testing]total_number: 142618,sc_error: 0.32489822687913383,total_cls_acc: 0.2821032404899597
[2024-10-28 03:03:11,383][train_con.py][line:90][INFO] ---------------epoch 14---------------
lr: [0.000499531294042919]
[2024-10-28 03:25:38,757][train_con.py][line:118][INFO] [training]total_num: 142618.0,error: 0.32337819665881945,error_cls: 1.2640143976131157,error_sc: 0.25798637786352907
[2024-10-28 03:33:06,717][train_con.py][line:161][INFO] [testing]total_number: 142618,sc_error: 0.31191916160695354,total_cls_acc: 0.41175025701522827
[2024-10-28 03:33:06,727][train_con.py][line:90][INFO] ---------------epoch 15---------------
lr: [0.0004992301470020729]
[2024-10-28 03:55:32,959][train_con.py][line:118][INFO] [training]total_num: 142618.0,error: 0.32075817748150576,error_cls: 1.2062592083834502,error_sc: 0.2541075597848568
[2024-10-28 04:03:00,643][train_con.py][line:161][INFO] [testing]total_number: 142618,sc_error: 0.44220551659337376,total_cls_acc: 0.052132271230220795
[2024-10-28 04:03:00,654][train_con.py][line:90][INFO] ---------------epoch 16---------------
lr: [0.0004988622481766419]
[2024-10-28 04:25:27,486][train_con.py][line:118][INFO] [training]total_num: 142618.0,error: 0.31790381397625567,error_cls: 1.1512676829136677,error_sc: 0.2503337635102532
[2024-10-28 04:32:54,879][train_con.py][line:161][INFO] [testing]total_number: 142618,sc_error: 0.2529885766692228,total_cls_acc: 0.6410831809043884
[2024-10-28 04:32:55,263][train_con.py][line:90][INFO] ---------------epoch 17---------------
lr: [0.0004984276981427311]
[2024-10-28 04:55:21,568][train_con.py][line:118][INFO] [training]total_num: 142618.0,error: 0.31526706404752614,error_cls: 1.0997667946218916,error_sc: 0.2470496938908481
[2024-10-28 05:02:48,015][train_con.py][line:161][INFO] [testing]total_number: 142618,sc_error: 0.24308029429684622,total_cls_acc: 0.7066358923912048
[2024-10-28 05:02:48,393][train_con.py][line:90][INFO] ---------------epoch 18---------------
lr: [0.000497926615698217]
[2024-10-28 05:25:15,141][train_con.py][line:118][INFO] [training]total_num: 142618.0,error: 0.3126726156396472,error_cls: 1.0529800461474623,error_sc: 0.24390088038447957
[2024-10-28 05:32:44,663][train_con.py][line:161][INFO] [testing]total_number: 142618,sc_error: 0.27531506934970906,total_cls_acc: 0.5704889893531799
[2024-10-28 05:32:44,672][train_con.py][line:90][INFO] ---------------epoch 19---------------
lr: [0.0004973591378302678]
[2024-10-28 05:55:12,553][train_con.py][line:118][INFO] [training]total_num: 142618.0,error: 0.3107763102745841,error_cls: 1.020420034347431,error_sc: 0.24059175511288267
[2024-10-28 06:02:41,064][train_con.py][line:161][INFO] [testing]total_number: 142618,sc_error: 0.30260202178389445,total_cls_acc: 0.43729403614997864
[2024-10-28 06:02:41,071][train_con.py][line:90][INFO] ---------------epoch 20---------------
lr: [0.0004967254196778915]
[2024-10-28 06:25:07,375][train_con.py][line:118][INFO] [training]total_num: 142618.0,error: 0.30651991631250625,error_cls: 0.9670122597951644,error_sc: 0.23718647453843053
[2024-10-28 06:32:33,472][train_con.py][line:161][INFO] [testing]total_number: 142618,sc_error: 0.25514379046037594,total_cls_acc: 0.6357893347740173
[2024-10-28 06:32:33,480][train_con.py][line:90][INFO] ---------------epoch 21---------------
lr: [0.0004960256344895213]
[2024-10-28 06:55:00,546][train_con.py][line:118][INFO] [training]total_num: 142618.0,error: 0.30554734184319926,error_cls: 0.9429293526625782,error_sc: 0.23472712309692242
[2024-10-28 07:02:28,951][train_con.py][line:161][INFO] [testing]total_number: 142618,sc_error: 0.2541627863747627,total_cls_acc: 0.6313719153404236
[2024-10-28 07:02:28,958][train_con.py][line:90][INFO] ---------------epoch 22---------------
lr: [0.0004952599735756512]
[2024-10-28 07:24:57,854][train_con.py][line:118][INFO] [training]total_num: 142618.0,error: 0.30230193391455523,error_cls: 0.9040461058572212,error_sc: 0.23170625704969508
[2024-10-28 07:32:25,620][train_con.py][line:161][INFO] [testing]total_number: 142618,sc_error: 0.31584660256382313,total_cls_acc: 0.42554235458374023
[2024-10-28 07:32:25,627][train_con.py][line:90][INFO] ---------------epoch 23---------------
lr: [0.0004944286462565302]
[2024-10-28 07:54:53,004][train_con.py][line:118][INFO] [training]total_num: 142618.0,error: 0.29688289707333193,error_cls: 0.8533034762293232,error_sc: 0.22811181851461887
[2024-10-28 08:02:19,212][train_con.py][line:161][INFO] [testing]total_number: 142618,sc_error: 0.2938587441313235,total_cls_acc: 0.4431418180465698
[2024-10-28 08:02:19,220][train_con.py][line:90][INFO] ---------------epoch 24---------------
lr: [0.0004935318798049381]
[2024-10-28 08:24:46,443][train_con.py][line:118][INFO] [training]total_num: 142618.0,error: 0.29445205316833406,error_cls: 0.8258531318370917,error_sc: 0.2253999363000074
[2024-10-28 08:32:12,231][train_con.py][line:161][INFO] [testing]total_number: 142618,sc_error: 0.2742116995859881,total_cls_acc: 0.5557292699813843
[2024-10-28 08:32:12,239][train_con.py][line:90][INFO] ---------------epoch 25---------------
lr: [0.0004925699193840478]
[2024-10-28 08:54:39,130][train_con.py][line:118][INFO] [training]total_num: 142618.0,error: 0.2942540875661659,error_cls: 0.809962755907079,error_sc: 0.22393018202054601
[2024-10-28 09:02:07,383][train_con.py][line:161][INFO] [testing]total_number: 142618,sc_error: 0.3616614040142684,total_cls_acc: 0.20708465576171875
[2024-10-28 09:02:07,390][train_con.py][line:90][INFO] ---------------epoch 26---------------
lr: [0.0004915430279804011]
[2024-10-28 09:24:33,480][train_con.py][line:118][INFO] [training]total_num: 142618.0,error: 0.28719604858912084,error_cls: 0.7549890095587843,error_sc: 0.2203684829079613
[2024-10-28 09:32:01,818][train_con.py][line:161][INFO] [testing]total_number: 142618,sc_error: 0.2755921751689645,total_cls_acc: 0.5468524098396301
[2024-10-28 09:32:02,318][train_con.py][line:90][INFO] ---------------epoch 27---------------
lr: [0.0004904514863320079]
[2024-10-28 09:54:28,877][train_con.py][line:118][INFO] [training]total_num: 142618.0,error: 0.2856485135886345,error_cls: 0.7375965785588854,error_sc: 0.21811604672694163
[2024-10-28 10:01:53,321][train_con.py][line:161][INFO] [testing]total_number: 142618,sc_error: 0.2341994750743175,total_cls_acc: 0.7182964086532593
[2024-10-28 10:01:53,702][train_con.py][line:90][INFO] ---------------epoch 28---------------
lr: [0.0004892955928515954]
[2024-10-28 10:24:20,307][train_con.py][line:118][INFO] [training]total_num: 142618.0,error: 0.28171288500396996,error_cls: 0.7046467350083532,error_sc: 0.21570586089702604
[2024-10-28 10:31:47,667][train_con.py][line:161][INFO] [testing]total_number: 142618,sc_error: 0.3988953264762367,total_cls_acc: 0.05332426354289055
[2024-10-28 10:31:47,674][train_con.py][line:90][INFO] ---------------epoch 29---------------
lr: [0.0004880756635450231]
[2024-10-28 10:54:13,340][train_con.py][line:118][INFO] [training]total_num: 142618.0,error: 0.2776409128239542,error_cls: 0.6754978180143192,error_sc: 0.21287350573656733
[2024-10-28 11:01:41,348][train_con.py][line:161][INFO] [testing]total_number: 142618,sc_error: 0.2079367430281752,total_cls_acc: 0.8190410733222961
[2024-10-28 11:01:41,734][train_con.py][line:90][INFO] ---------------epoch 30---------------
lr: [0.0004867920319248896]
[2024-10-28 11:24:08,736][train_con.py][line:118][INFO] [training]total_num: 142618.0,error: 0.2753569439595636,error_cls: 0.6543379089635563,error_sc: 0.21108531720912332
[2024-10-28 11:31:38,534][train_con.py][line:161][INFO] [testing]total_number: 142618,sc_error: 0.34916923184876647,total_cls_acc: 0.18707315623760223
[2024-10-28 11:31:38,541][train_con.py][line:90][INFO] ---------------epoch 31---------------
lr: [0.0004854450489193513]
[2024-10-28 11:54:04,931][train_con.py][line:118][INFO] [training]total_num: 142618.0,error: 0.27038021569455106,error_cls: 0.6227361520201946,error_sc: 0.20819974622541268
[2024-10-28 12:01:33,885][train_con.py][line:161][INFO] [testing]total_number: 142618,sc_error: 0.34608169155858104,total_cls_acc: 0.24801918864250183
[2024-10-28 12:01:33,892][train_con.py][line:90][INFO] ---------------epoch 32---------------
lr: [0.0004840350827761827]
[2024-10-28 12:24:01,188][train_con.py][line:118][INFO] [training]total_num: 142618.0,error: 0.26640750311757994,error_cls: 0.596980779860648,error_sc: 0.20576979382254493
[2024-10-28 12:31:27,891][train_con.py][line:161][INFO] [testing]total_number: 142618,sc_error: 0.2193026018424824,total_cls_acc: 0.729438066482544
[2024-10-28 12:31:27,898][train_con.py][line:90][INFO] ---------------epoch 33---------------
lr: [0.0004825625189620976]
[2024-10-28 12:53:53,981][train_con.py][line:118][INFO] [training]total_num: 142618.0,error: 0.2636139181631798,error_cls: 0.5749289631420463,error_sc: 0.20431582275042584
[2024-10-28 13:01:20,314][train_con.py][line:161][INFO] [testing]total_number: 142618,sc_error: 0.3501803910999353,total_cls_acc: 0.2333015501499176
[2024-10-28 13:01:20,321][train_con.py][line:90][INFO] ---------------epoch 34---------------
lr: [0.00048102776005736733]
[2024-10-28 13:23:47,528][train_con.py][line:118][INFO] [training]total_num: 142618.0,error: 0.2602079444678092,error_cls: 0.5527779326940281,error_sc: 0.20239471413821938
[2024-10-28 13:31:11,838][train_con.py][line:161][INFO] [testing]total_number: 142618,sc_error: 0.22115564113348546,total_cls_acc: 0.7735559344291687
[2024-10-28 13:31:11,847][train_con.py][line:90][INFO] ---------------epoch 35---------------
lr: [0.0004794312256457571]
[2024-10-28 13:53:38,155][train_con.py][line:118][INFO] [training]total_num: 142618.0,error: 0.25581473046657566,error_cls: 0.5265029450909903,error_sc: 0.20037256892644092
[2024-10-28 14:01:05,533][train_con.py][line:161][INFO] [testing]total_number: 142618,sc_error: 0.26050959407916324,total_cls_acc: 0.6456968784332275
[2024-10-28 14:01:05,540][train_con.py][line:90][INFO] ---------------epoch 36---------------
lr: [0.0004777733521998142]
[2024-10-28 14:23:32,777][train_con.py][line:118][INFO] [training]total_num: 142618.0,error: 0.249775134588938,error_cls: 0.4987253264954583,error_sc: 0.19696752250235042
[2024-10-28 14:30:58,709][train_con.py][line:161][INFO] [testing]total_number: 142618,sc_error: 0.2653502975778527,total_cls_acc: 0.6408868432044983
[2024-10-28 14:30:58,716][train_con.py][line:90][INFO] ---------------epoch 37---------------
lr: [0.00047605459296154077]
[2024-10-28 14:53:25,632][train_con.py][line:118][INFO] [training]total_num: 142618.0,error: 0.24933584101874953,error_cls: 0.49139417368115423,error_sc: 0.1962010818727797
[2024-10-28 15:00:53,539][train_con.py][line:161][INFO] [testing]total_number: 142618,sc_error: 0.1821730859469091,total_cls_acc: 0.8983718752861023
[2024-10-28 15:00:53,923][train_con.py][line:90][INFO] ---------------epoch 38---------------
lr: [0.00047427541781847944]
[2024-10-28 15:23:19,828][train_con.py][line:118][INFO] [training]total_num: 142618.0,error: 0.24311434902984586,error_cls: 0.46107469168561904,error_sc: 0.1936386873658016
[2024-10-28 15:30:47,087][train_con.py][line:161][INFO] [testing]total_number: 142618,sc_error: 0.22075410895224143,total_cls_acc: 0.7829656600952148
[2024-10-28 15:30:47,094][train_con.py][line:90][INFO] ---------------epoch 39---------------
lr: [0.00047243631317525]
[2024-10-28 15:53:12,535][train_con.py][line:118][INFO] [training]total_num: 142618.0,error: 0.24111114698854716,error_cls: 0.4470553901889415,error_sc: 0.19280323869579313
[2024-10-28 16:00:39,091][train_con.py][line:161][INFO] [testing]total_number: 142618,sc_error: 0.25268959570393057,total_cls_acc: 0.6437055468559265
[2024-10-28 16:00:39,102][train_con.py][line:90][INFO] ---------------epoch 40---------------
lr: [0.00047053778182057013]
[2024-10-28 16:23:06,037][train_con.py][line:118][INFO] [training]total_num: 142618.0,error: 0.23521204977672291,error_cls: 0.42186730743089185,error_sc: 0.18999742443103942
[2024-10-28 16:30:33,279][train_con.py][line:161][INFO] [testing]total_number: 142618,sc_error: 0.23540942356455866,total_cls_acc: 0.7200704216957092
[2024-10-28 16:30:33,287][train_con.py][line:90][INFO] ---------------epoch 41---------------
lr: [0.0004685803427897958]
[2024-10-28 16:52:58,868][train_con.py][line:118][INFO] [training]total_num: 142618.0,error: 0.2338554112384461,error_cls: 0.4112919386816744,error_sc: 0.18949627390901122
[2024-10-28 17:00:28,824][train_con.py][line:161][INFO] [testing]total_number: 142618,sc_error: 0.20604864166662784,total_cls_acc: 0.8244470953941345
[2024-10-28 17:00:28,832][train_con.py][line:90][INFO] ---------------epoch 42---------------
lr: [0.0004665645312230214]
[2024-10-28 17:22:55,945][train_con.py][line:118][INFO] [training]total_num: 142618.0,error: 0.22892885869360646,error_cls: 0.3904524558052725,error_sc: 0.18727811683504822
[2024-10-28 17:30:23,274][train_con.py][line:161][INFO] [testing]total_number: 142618,sc_error: 0.19251244285717414,total_cls_acc: 0.8436102271080017
[2024-10-28 17:30:23,284][train_con.py][line:90][INFO] ---------------epoch 43---------------
lr: [0.0004644908982187761]
[2024-10-28 17:52:49,687][train_con.py][line:118][INFO] [training]total_num: 142618.0,error: 0.22420435465588015,error_cls: 0.37128520598957365,error_sc: 0.1851069112659532
[2024-10-28 18:00:16,674][train_con.py][line:161][INFO] [testing]total_number: 142618,sc_error: 0.20183638616022095,total_cls_acc: 0.8339410424232483
[2024-10-28 18:00:16,680][train_con.py][line:90][INFO] ---------------epoch 44---------------
lr: [0.0004623600106833574]
[2024-10-28 18:22:42,740][train_con.py][line:118][INFO] [training]total_num: 142618.0,error: 0.22029585222702908,error_cls: 0.3544362453279394,error_sc: 0.18355675646002276
[2024-10-28 18:30:07,944][train_con.py][line:161][INFO] [testing]total_number: 142618,sc_error: 0.1749936959376937,total_cls_acc: 0.9052574038505554
[2024-10-28 18:30:08,310][train_con.py][line:90][INFO] ---------------epoch 45---------------
lr: [0.0004601724511758431]
[2024-10-28 18:52:35,561][train_con.py][line:118][INFO] [training]total_num: 142618.0,error: 0.21857198268942,error_cls: 0.3456453033974981,error_sc: 0.18273079650777788
[2024-10-28 19:00:01,885][train_con.py][line:161][INFO] [testing]total_number: 142618,sc_error: 0.17605016163868265,total_cls_acc: 0.8999284505844116
[2024-10-28 19:00:01,893][train_con.py][line:90][INFO] ---------------epoch 46---------------
lr: [0.0004579288177488245]
[2024-10-28 19:22:28,135][train_con.py][line:118][INFO] [training]total_num: 142618.0,error: 0.2181629128688029,error_cls: 0.3420887970181303,error_sc: 0.1821844383104049
[2024-10-28 19:29:58,129][train_con.py][line:161][INFO] [testing]total_number: 142618,sc_error: 0.22146901284066006,total_cls_acc: 0.7542035579681396
[2024-10-28 19:29:58,136][train_con.py][line:90][INFO] ---------------epoch 47---------------
lr: [0.00045562972378490184]
[2024-10-28 19:52:25,730][train_con.py][line:118][INFO] [training]total_num: 142618.0,error: 0.2122569831539385,error_cls: 0.3206735505146481,error_sc: 0.1798728167561991
[2024-10-28 19:59:50,819][train_con.py][line:161][INFO] [testing]total_number: 142618,sc_error: 0.22163518353802514,total_cls_acc: 0.667131781578064
[2024-10-28 19:59:50,826][train_con.py][line:90][INFO] ---------------epoch 48---------------
lr: [0.0004532757978289912]
[2024-10-28 20:22:17,942][train_con.py][line:118][INFO] [training]total_num: 142618.0,error: 0.20936442637599562,error_cls: 0.30771222683504396,error_sc: 0.17915301427915328
[2024-10-28 20:29:45,538][train_con.py][line:161][INFO] [testing]total_number: 142618,sc_error: 0.18004824969642352,total_cls_acc: 0.8948029279708862
[2024-10-28 20:29:45,545][train_con.py][line:90][INFO] ---------------epoch 49---------------
lr: [0.0004508676834164843]
[2024-10-28 20:52:12,286][train_con.py][line:118][INFO] [training]total_num: 142618.0,error: 0.2036219638670665,error_cls: 0.2881131948904856,error_sc: 0.17694052657651274
[2024-10-28 20:59:34,354][train_con.py][line:161][INFO] [testing]total_number: 142618,sc_error: 0.15877100570169617,total_cls_acc: 0.9629780054092407
[2024-10-28 20:59:34,713][train_con.py][line:90][INFO] ---------------epoch 50---------------
lr: [0.00044840603889731044]
[2024-10-28 21:22:01,897][train_con.py][line:118][INFO] [training]total_num: 142618.0,error: 0.20732728654837704,error_cls: 0.29909737741602743,error_sc: 0.17754758716484048
[2024-10-28 21:29:33,757][train_con.py][line:161][INFO] [testing]total_number: 142618,sc_error: 0.1799019677388381,total_cls_acc: 0.8794822692871094
[2024-10-28 21:29:33,764][train_con.py][line:90][INFO] ---------------epoch 51---------------
lr: [0.0004458915372559492]
[2024-10-28 21:51:59,985][train_con.py][line:118][INFO] [training]total_num: 142618.0,error: 0.20210402248676837,error_cls: 0.2806386197714702,error_sc: 0.17592582392721984
[2024-10-28 21:59:27,349][train_con.py][line:161][INFO] [testing]total_number: 142618,sc_error: 0.1728588149701774,total_cls_acc: 0.9190003871917725
[2024-10-28 21:59:27,949][train_con.py][line:90][INFO] ---------------epoch 52---------------
lr: [0.00044332486592744]
[2024-10-28 22:21:58,180][train_con.py][line:118][INFO] [training]total_num: 142618.0,error: 0.1950120521344066,error_cls: 0.2571462170082907,error_sc: 0.17374465373721132
[2024-10-28 22:29:28,480][train_con.py][line:161][INFO] [testing]total_number: 142618,sc_error: 0.21494671535405918,total_cls_acc: 0.7923123240470886
[2024-10-28 22:29:28,540][train_con.py][line:90][INFO] ---------------epoch 53---------------
lr: [0.00044070672660944364]
[2024-10-28 22:51:57,190][train_con.py][line:118][INFO] [training]total_num: 142618.0,error: 0.1975408655978878,error_cls: 0.2630569207173803,error_sc: 0.17452171246398046
[2024-10-28 22:59:24,867][train_con.py][line:161][INFO] [testing]total_number: 142618,sc_error: 0.33546704091726676,total_cls_acc: 0.31181198358535767
[2024-10-28 22:59:24,877][train_con.py][line:90][INFO] ---------------epoch 54---------------
lr: [0.0004380378350704023]
[2024-10-28 23:21:53,252][train_con.py][line:118][INFO] [training]total_num: 142618.0,error: 0.19196545382583152,error_cls: 0.24671673695056864,error_sc: 0.17222519647468462
[2024-10-28 23:29:21,063][train_con.py][line:161][INFO] [testing]total_number: 142618,sc_error: 0.1898889656113783,total_cls_acc: 0.862030029296875
[2024-10-28 23:29:21,069][train_con.py][line:90][INFO] ---------------epoch 55---------------
lr: [0.00043531892095385394]
[2024-10-28 23:51:49,435][train_con.py][line:118][INFO] [training]total_num: 142618.0,error: 0.18823992866880618,error_cls: 0.23355161186767132,error_sc: 0.17148080514454694
[2024-10-28 23:59:18,607][train_con.py][line:161][INFO] [testing]total_number: 142618,sc_error: 0.18236663056313976,total_cls_acc: 0.8974182605743408
[2024-10-28 23:59:18,616][train_con.py][line:90][INFO] ---------------epoch 56---------------
lr: [0.00043255072757895273]
[2024-10-29 00:21:45,773][train_con.py][line:118][INFO] [training]total_num: 142618.0,error: 0.1869546977113916,error_cls: 0.22945580192855639,error_sc: 0.17083358177964797
[2024-10-29 00:29:14,969][train_con.py][line:161][INFO] [testing]total_number: 142618,sc_error: 0.16804266771785675,total_cls_acc: 0.9380162358283997
[2024-10-29 00:29:14,977][train_con.py][line:90][INFO] ---------------epoch 57---------------
lr: [0.0004297340117372508]
[2024-10-29 00:51:44,134][train_con.py][line:118][INFO] [training]total_num: 142618.0,error: 0.18506934793423052,error_cls: 0.22285195640036248,error_sc: 0.17037610395707375
[2024-10-29 00:59:17,333][train_con.py][line:161][INFO] [testing]total_number: 142618,sc_error: 0.16461588956505316,total_cls_acc: 0.9412837028503418
[2024-10-29 00:59:17,341][train_con.py][line:90][INFO] ---------------epoch 58---------------
lr: [0.0004268695434857969]
[2024-10-29 01:21:46,209][train_con.py][line:118][INFO] [training]total_num: 142618.0,error: 0.1826514281768818,error_cls: 0.21540097270521213,error_sc: 0.1695974210993872
[2024-10-29 01:29:14,412][train_con.py][line:161][INFO] [testing]total_number: 142618,sc_error: 0.16283252034156592,total_cls_acc: 0.9463391900062561
[2024-10-29 01:29:14,419][train_con.py][line:90][INFO] ---------------epoch 59---------------
lr: [0.00042395810593660817]
[2024-10-29 01:51:41,271][train_con.py][line:118][INFO] [training]total_num: 142618.0,error: 0.17970713741991406,error_cls: 0.20702133866187314,error_sc: 0.16855064031631647
[2024-10-29 01:59:09,560][train_con.py][line:161][INFO] [testing]total_number: 142618,sc_error: 0.3789562286698353,total_cls_acc: 0.17993521690368652
[2024-10-29 01:59:09,567][train_con.py][line:90][INFO] ---------------epoch 60---------------
lr: [0.0004210004950425727]
[2024-10-29 02:21:36,694][train_con.py][line:118][INFO] [training]total_num: 142618.0,error: 0.1733013268336224,error_cls: 0.1884621393423901,error_sc: 0.16695744876428353
[2024-10-29 02:29:05,502][train_con.py][line:161][INFO] [testing]total_number: 142618,sc_error: 0.1848485766971323,total_cls_acc: 0.8886466026306152
[2024-10-29 02:29:05,510][train_con.py][line:90][INFO] ---------------epoch 61---------------
lr: [0.0004179975193798408]
[2024-10-29 02:51:36,819][train_con.py][line:118][INFO] [training]total_num: 142618.0,error: 0.18374146773631106,error_cls: 0.21763415777759945,error_sc: 0.16921602767878133
[2024-10-29 02:59:06,693][train_con.py][line:161][INFO] [testing]total_number: 142618,sc_error: 0.1529346604368567,total_cls_acc: 0.974890947341919
[2024-10-29 02:59:07,125][train_con.py][line:90][INFO] ---------------epoch 62---------------
lr: [0.0004149499999267667]
[2024-10-29 03:21:33,277][train_con.py][line:118][INFO] [training]total_num: 142618.0,error: 0.16700920616396386,error_cls: 0.1717380575344839,error_sc: 0.16493395440315145
[2024-10-29 03:29:01,196][train_con.py][line:161][INFO] [testing]total_number: 142618,sc_error: 0.15980702687797885,total_cls_acc: 0.9580487608909607
[2024-10-29 03:29:01,204][train_con.py][line:90][INFO] ---------------epoch 63---------------
lr: [0.0004118587698394584]
[2024-10-29 03:51:28,653][train_con.py][line:118][INFO] [training]total_num: 142618.0,error: 0.17001087336198567,error_cls: 0.17940903748877302,error_sc: 0.16578850962928998
[2024-10-29 03:59:10,868][train_con.py][line:161][INFO] [testing]total_number: 142618,sc_error: 0.17206404549802592,total_cls_acc: 0.9302612543106079
[2024-10-29 03:59:10,910][train_con.py][line:90][INFO] ---------------epoch 64---------------
lr: [0.0004087246742239977]
[2024-10-29 04:21:40,763][train_con.py][line:118][INFO] [training]total_num: 142618.0,error: 0.169967629000571,error_cls: 0.17994683095978734,error_sc: 0.16537865250558983
[2024-10-29 04:29:14,236][train_con.py][line:161][INFO] [testing]total_number: 142618,sc_error: 0.16571748570073758,total_cls_acc: 0.9333814978599548
[2024-10-29 04:29:14,243][train_con.py][line:90][INFO] ---------------epoch 65---------------
lr: [0.0004055485699053945]
[2024-10-29 04:51:40,945][train_con.py][line:118][INFO] [training]total_num: 142618.0,error: 0.16750844761881292,error_cls: 0.17244548651041874,error_sc: 0.1651851350356665
[2024-10-29 04:59:10,935][train_con.py][line:161][INFO] [testing]total_number: 142618,sc_error: 0.18113229487490234,total_cls_acc: 0.8980633616447449
[2024-10-29 04:59:10,943][train_con.py][line:90][INFO] ---------------epoch 66---------------
lr: [0.00040233132519333577]
[2024-10-29 05:21:40,484][train_con.py][line:118][INFO] [training]total_num: 142618.0,error: 0.16936747828612522,error_cls: 0.17760172251615253,error_sc: 0.16540284228499585
[2024-10-29 05:29:07,638][train_con.py][line:161][INFO] [testing]total_number: 142618,sc_error: 0.41019704093712034,total_cls_acc: 0.0724031999707222
[2024-10-29 05:29:07,645][train_con.py][line:90][INFO] ---------------epoch 67---------------
lr: [0.0003990738196447955]
[2024-10-29 05:51:34,689][train_con.py][line:118][INFO] [training]total_num: 142618.0,error: 0.15967197106703257,error_cls: 0.15299490073029723,error_sc: 0.16296067024757152
[2024-10-29 05:59:07,271][train_con.py][line:161][INFO] [testing]total_number: 142618,sc_error: 0.1646033310598271,total_cls_acc: 0.9292725920677185
[2024-10-29 05:59:07,278][train_con.py][line:90][INFO] ---------------epoch 68---------------
lr: [0.00039577694382357005]
[2024-10-29 06:21:34,911][train_con.py][line:118][INFO] [training]total_num: 142618.0,error: 0.16342811225463091,error_cls: 0.16197297877252775,error_sc: 0.1641611424014435
[2024-10-29 06:29:06,554][train_con.py][line:161][INFO] [testing]total_number: 142618,sc_error: 0.166846867828792,total_cls_acc: 0.9449368119239807
[2024-10-29 06:29:06,562][train_con.py][line:90][INFO] ---------------epoch 69---------------
lr: [0.00039244159905680166]
[2024-10-29 06:51:36,049][train_con.py][line:118][INFO] [training]total_num: 142618.0,error: 0.15778755178194107,error_cls: 0.14875981141379255,error_sc: 0.1624381986906142
[2024-10-29 06:59:06,178][train_con.py][line:161][INFO] [testing]total_number: 142618,sc_error: 0.29237767525460195,total_cls_acc: 0.3833176791667938
[2024-10-29 06:59:06,219][train_con.py][line:90][INFO] ---------------epoch 70---------------
lr: [0.0003890686971885638]
[2024-10-29 07:21:34,823][train_con.py][line:118][INFO] [training]total_num: 142618.0,error: 0.1543359547513004,error_cls: 0.1407246692742435,error_sc: 0.16150526516160166
[2024-10-29 07:29:02,753][train_con.py][line:161][INFO] [testing]total_number: 142618,sc_error: 0.2812317979316282,total_cls_acc: 0.4695480167865753
[2024-10-29 07:29:02,759][train_con.py][line:90][INFO] ---------------epoch 71---------------
lr: [0.0003856591603305659]
[2024-10-29 07:51:35,388][train_con.py][line:118][INFO] [training]total_num: 142618.0,error: 0.1553702859857517,error_cls: 0.14336085923597838,error_sc: 0.16183690791689323
[2024-10-29 07:59:04,383][train_con.py][line:161][INFO] [testing]total_number: 142618,sc_error: 0.16762600142971565,total_cls_acc: 0.9293357133865356
[2024-10-29 07:59:04,427][train_con.py][line:90][INFO] ---------------epoch 72---------------
lr: [0.0003822139206100546]
[2024-10-29 08:21:33,442][train_con.py][line:118][INFO] [training]total_num: 142618.0,error: 0.15937837033789562,error_cls: 0.15276720429941706,error_sc: 0.16301708126493533
[2024-10-29 08:29:02,371][train_con.py][line:161][INFO] [testing]total_number: 142618,sc_error: 0.18151671223873053,total_cls_acc: 0.8969064354896545
[2024-10-29 08:29:02,378][train_con.py][line:90][INFO] ---------------epoch 73---------------
lr: [0.0003787339199149765]
[2024-10-29 08:51:30,923][train_con.py][line:118][INFO] [training]total_num: 142618.0,error: 0.14883930805017767,error_cls: 0.12819695295914743,error_sc: 0.16045063328140058
[2024-10-29 08:59:01,014][train_con.py][line:161][INFO] [testing]total_number: 142618,sc_error: 0.15459056651652178,total_cls_acc: 0.9747366905212402
[2024-10-29 08:59:01,021][train_con.py][line:90][INFO] ---------------epoch 74---------------
lr: [0.0003752201096364689]
[2024-10-29 09:21:29,680][train_con.py][line:118][INFO] [training]total_num: 142618.0,error: 0.1474598719050055,error_cls: 0.12563810817618007,error_sc: 0.16000309095907206
[2024-10-29 09:29:00,913][train_con.py][line:161][INFO] [testing]total_number: 142618,sc_error: 0.1543570328661891,total_cls_acc: 0.9715323448181152
[2024-10-29 09:29:00,921][train_con.py][line:90][INFO] ---------------epoch 75---------------
lr: [0.0003716734504087572]
[2024-10-29 09:51:30,560][train_con.py][line:118][INFO] [training]total_num: 142618.0,error: 0.14719556129232592,error_cls: 0.1254550505366702,error_sc: 0.15996379815600853
[2024-10-29 09:58:58,024][train_con.py][line:161][INFO] [testing]total_number: 142618,sc_error: 0.2111199259589467,total_cls_acc: 0.7968980073928833
[2024-10-29 09:58:58,031][train_con.py][line:90][INFO] ---------------epoch 76---------------
lr: [0.00036809491184652094]
[2024-10-29 10:21:26,563][train_con.py][line:118][INFO] [training]total_num: 142618.0,error: 0.14181630918136348,error_cls: 0.11469874552929545,error_sc: 0.1580868469292551
[2024-10-29 10:28:57,682][train_con.py][line:161][INFO] [testing]total_number: 142618,sc_error: 0.1762925302279252,total_cls_acc: 0.915522575378418
[2024-10-29 10:28:58,228][train_con.py][line:90][INFO] ---------------epoch 77---------------
lr: [0.0003644854722798065]
[2024-10-29 10:51:25,520][train_con.py][line:118][INFO] [training]total_num: 142618.0,error: 0.1443033112789824,error_cls: 0.12021836373350106,error_sc: 0.15906505327929596
[2024-10-29 10:58:53,129][train_con.py][line:161][INFO] [testing]total_number: 142618,sc_error: 0.16260442477205214,total_cls_acc: 0.9497398734092712
[2024-10-29 10:58:53,136][train_con.py][line:90][INFO] ---------------epoch 78---------------
lr: [0.00036084611848655754]
[2024-10-29 11:21:20,621][train_con.py][line:118][INFO] [training]total_num: 142618.0,error: 0.1444545657487178,error_cls: 0.12047927328257325,error_sc: 0.15946348781549533
[2024-10-29 11:28:49,552][train_con.py][line:161][INFO] [testing]total_number: 142618,sc_error: 0.14893045109086744,total_cls_acc: 0.9843217730522156
[2024-10-29 11:28:49,939][train_con.py][line:90][INFO] ---------------epoch 79---------------
lr: [0.0003571778454228332]
[2024-10-29 11:51:19,210][train_con.py][line:118][INFO] [training]total_num: 142618.0,error: 0.13964706584778155,error_cls: 0.11116414029495593,error_sc: 0.1578574598985439
[2024-10-29 11:58:48,338][train_con.py][line:161][INFO] [testing]total_number: 142618,sc_error: 0.15577191774180055,total_cls_acc: 0.9707540273666382
[2024-10-29 11:58:48,344][train_con.py][line:90][INFO] ---------------epoch 80---------------
lr: [0.00035348165595079357]
[2024-10-29 12:21:23,300][train_con.py][line:118][INFO] [training]total_num: 142618.0,error: 0.137675539693715,error_cls: 0.10717476898855542,error_sc: 0.1575892593805821
[2024-10-29 12:28:53,235][train_con.py][line:161][INFO] [testing]total_number: 142618,sc_error: 0.1607856626231711,total_cls_acc: 0.9543114900588989
[2024-10-29 12:28:53,243][train_con.py][line:90][INFO] ---------------epoch 81---------------
lr: [0.0003497585605645194]
[2024-10-29 12:51:21,322][train_con.py][line:118][INFO] [training]total_num: 142618.0,error: 0.13680776421182328,error_cls: 0.1061568226797065,error_sc: 0.15724171764595796
[2024-10-29 12:58:51,774][train_con.py][line:161][INFO] [testing]total_number: 142618,sc_error: 0.22508414156946496,total_cls_acc: 0.7675188183784485
[2024-10-29 12:58:51,781][train_con.py][line:90][INFO] ---------------epoch 82---------------
lr: [0.0003460095771137493]
[2024-10-29 13:21:22,685][train_con.py][line:118][INFO] [training]total_num: 142618.0,error: 0.1423401332657847,error_cls: 0.11787355785111846,error_sc: 0.15899384515393053
[2024-10-29 13:28:52,753][train_con.py][line:161][INFO] [testing]total_number: 142618,sc_error: 0.2870193258830294,total_cls_acc: 0.4675496816635132
[2024-10-29 13:28:52,760][train_con.py][line:90][INFO] ---------------epoch 83---------------
lr: [0.000342235730525603]
[2024-10-29 13:51:20,068][train_con.py][line:118][INFO] [training]total_num: 142618.0,error: 0.1348712799906195,error_cls: 0.10220496278415668,error_sc: 0.15757160958954436
[2024-10-29 13:58:52,846][train_con.py][line:161][INFO] [testing]total_number: 142618,sc_error: 0.2719822493018194,total_cls_acc: 0.5685186982154846
[2024-10-29 13:58:52,856][train_con.py][line:90][INFO] ---------------epoch 84---------------
lr: [0.00033843805252436993]
[2024-10-29 14:21:28,063][train_con.py][line:118][INFO] [training]total_num: 142618.0,error: 0.13263348257954183,error_cls: 0.09829043894766532,error_sc: 0.1569965037363544
[2024-10-29 14:29:10,204][train_con.py][line:161][INFO] [testing]total_number: 142618,sc_error: 0.1445355087410437,total_cls_acc: 0.9922379851341248
[2024-10-29 14:29:10,653][train_con.py][line:90][INFO] ---------------epoch 85---------------
lr: [0.0003346175813494395]
[2024-10-29 14:51:38,564][train_con.py][line:118][INFO] [training]total_num: 142618.0,error: 0.13715294593517086,error_cls: 0.10823760535766329,error_sc: 0.158091647863969
[2024-10-29 14:59:06,228][train_con.py][line:161][INFO] [testing]total_number: 142618,sc_error: 0.3714872356652949,total_cls_acc: 0.18762007355690002
[2024-10-29 14:59:06,275][train_con.py][line:90][INFO] ---------------epoch 86---------------
lr: [0.00033077536147145114]
[2024-10-29 15:21:35,819][train_con.py][line:118][INFO] [training]total_num: 142618.0,error: 0.1278089058474731,error_cls: 0.08960297184119526,error_sc: 0.15604807548473354
[2024-10-29 15:29:06,584][train_con.py][line:161][INFO] [testing]total_number: 142618,sc_error: 0.16905096606207853,total_cls_acc: 0.9358566403388977
[2024-10-29 15:29:06,592][train_con.py][line:90][INFO] ---------------epoch 87---------------
lr: [0.0003269124433067364]
[2024-10-29 15:51:33,830][train_con.py][line:118][INFO] [training]total_num: 142618.0,error: 0.12945240109782094,error_cls: 0.09410858767507094,error_sc: 0.15611527889945065
[2024-10-29 15:59:00,621][train_con.py][line:161][INFO] [testing]total_number: 142618,sc_error: 0.17899372660528193,total_cls_acc: 0.9061969518661499
[2024-10-29 15:59:00,629][train_con.py][line:90][INFO] ---------------epoch 88---------------
lr: [0.00032302988293014134]
[2024-10-29 16:21:28,230][train_con.py][line:118][INFO] [training]total_num: 142618.0,error: 0.12294638611396118,error_cls: 0.08152944473723261,error_sc: 0.15483376596045714
[2024-10-29 16:28:54,968][train_con.py][line:161][INFO] [testing]total_number: 142618,sc_error: 0.33596230852281295,total_cls_acc: 0.3553127944469452
[2024-10-29 16:28:54,974][train_con.py][line:90][INFO] ---------------epoch 89---------------
lr: [0.0003191287417862956]
[2024-10-29 16:51:26,134][train_con.py][line:118][INFO] [training]total_num: 142618.0,error: 0.12926402684059837,error_cls: 0.09468764116113283,error_sc: 0.15643118691573643
[2024-10-29 16:58:56,750][train_con.py][line:161][INFO] [testing]total_number: 142618,sc_error: 0.16533137877465445,total_cls_acc: 0.9309203624725342
[2024-10-29 16:58:56,757][train_con.py][line:90][INFO] ---------------epoch 90---------------
lr: [0.00031521008639941666]
[2024-10-29 17:21:24,980][train_con.py][line:118][INFO] [training]total_num: 142618.0,error: 0.11668068739650035,error_cls: 0.0705878068666125,error_sc: 0.15363804121814112
[2024-10-29 17:28:50,500][train_con.py][line:161][INFO] [testing]total_number: 142618,sc_error: 0.1569918219486099,total_cls_acc: 0.9606501460075378
[2024-10-29 17:28:50,507][train_con.py][line:90][INFO] ---------------epoch 91---------------
lr: [0.0003112749880817245]
[2024-10-29 17:51:19,235][train_con.py][line:118][INFO] [training]total_num: 142618.0,error: 0.12867929883294646,error_cls: 0.09544136193552002,error_sc: 0.15587397372497191
[2024-10-29 17:58:48,216][train_con.py][line:161][INFO] [testing]total_number: 142618,sc_error: 0.14901727393864062,total_cls_acc: 0.9839641451835632
[2024-10-29 17:58:48,223][train_con.py][line:90][INFO] ---------------epoch 92---------------
lr: [0.00030732452264054487]
[2024-10-29 18:21:15,257][train_con.py][line:118][INFO] [training]total_num: 142618.0,error: 0.12185472624125199,error_cls: 0.082471099330014,error_sc: 0.15473462815118413
[2024-10-29 18:28:41,984][train_con.py][line:161][INFO] [testing]total_number: 142618,sc_error: 0.18206368736864276,total_cls_acc: 0.8945224285125732
[2024-10-29 18:28:41,991][train_con.py][line:90][INFO] ---------------epoch 93---------------
lr: [0.0003033597700841859]
[2024-10-29 18:51:08,845][train_con.py][line:118][INFO] [training]total_num: 142618.0,error: 0.1168544715697635,error_cls: 0.07335440129514358,error_sc: 0.1539100797245417
[2024-10-29 18:58:39,683][train_con.py][line:161][INFO] [testing]total_number: 142618,sc_error: 0.15526059425784897,total_cls_acc: 0.9695830941200256
[2024-10-29 18:58:39,690][train_con.py][line:90][INFO] ---------------epoch 94---------------
lr: [0.00029938181432666273]
[2024-10-29 19:21:07,273][train_con.py][line:118][INFO] [training]total_num: 142618.0,error: 0.11239847570935392,error_cls: 0.06564415105351618,error_sc: 0.15303540439035052
[2024-10-29 19:28:35,761][train_con.py][line:161][INFO] [testing]total_number: 142618,sc_error: 0.14428907680424272,total_cls_acc: 0.9919294714927673
[2024-10-29 19:28:36,139][train_con.py][line:90][INFO] ---------------epoch 95---------------
lr: [0.0002953917428913581]
[2024-10-29 19:51:04,007][train_con.py][line:118][INFO] [training]total_num: 142618.0,error: 0.11317282410821122,error_cls: 0.0680272576271886,error_sc: 0.1532075799538439
[2024-10-29 19:58:30,744][train_con.py][line:161][INFO] [testing]total_number: 142618,sc_error: 0.15015800140146082,total_cls_acc: 0.9862289428710938
[2024-10-29 19:58:30,751][train_con.py][line:90][INFO] ---------------epoch 96---------------
lr: [0.00029139064661368966]
[2024-10-29 20:20:57,569][train_con.py][line:118][INFO] [training]total_num: 142618.0,error: 0.12009637177605331,error_cls: 0.08169319705926907,error_sc: 0.15484210900224196
[2024-10-29 20:28:36,221][train_con.py][line:161][INFO] [testing]total_number: 142618,sc_error: 0.150822829906266,total_cls_acc: 0.979686975479126
[2024-10-29 20:28:36,268][train_con.py][line:90][INFO] ---------------epoch 97---------------
lr: [0.00028737961934287683]
[2024-10-29 20:51:21,788][train_con.py][line:118][INFO] [training]total_num: 142618.0,error: 0.11299305916420897,error_cls: 0.0698775550893474,error_sc: 0.15279199310176375
[2024-10-29 20:59:08,169][train_con.py][line:161][INFO] [testing]total_number: 142618,sc_error: 0.2185716563338883,total_cls_acc: 0.7920108437538147
[2024-10-29 20:59:08,232][train_con.py][line:90][INFO] ---------------epoch 98---------------
lr: [0.00028335975764288003]
[2024-10-29 21:21:53,604][train_con.py][line:118][INFO] [training]total_num: 142618.0,error: 0.11420128922231872,error_cls: 0.07243644839116334,error_sc: 0.1535332290681312
[2024-10-29 21:29:42,264][train_con.py][line:161][INFO] [testing]total_number: 142618,sc_error: 0.14507007892998663,total_cls_acc: 0.9939348697662354
[2024-10-29 21:29:42,682][train_con.py][line:90][INFO] ---------------epoch 99---------------
lr: [0.0002793321604925972]
[2024-10-29 21:52:25,506][train_con.py][line:118][INFO] [training]total_num: 142618.0,error: 0.10877039128816963,error_cls: 0.06334558537415003,error_sc: 0.1524138337500334
[2024-10-29 22:00:10,997][train_con.py][line:161][INFO] [testing]total_number: 142618,sc_error: 0.1450407717484066,total_cls_acc: 0.9938367009162903
[2024-10-29 22:00:11,040][train_con.py][line:90][INFO] ---------------epoch 100---------------
lr: [0.0002752979289854004]
[2024-10-29 22:22:56,283][train_con.py][line:118][INFO] [training]total_num: 142618.0,error: 0.10743490051802086,error_cls: 0.061971251842687314,error_sc: 0.15199827971172797
[2024-10-29 22:30:47,491][train_con.py][line:161][INFO] [testing]total_number: 142618,sc_error: 0.14385674539274812,total_cls_acc: 0.9946640729904175
[2024-10-29 22:30:47,930][train_con.py][line:90][INFO] ---------------epoch 101---------------
lr: [0.0002712581660280934]
[2024-10-29 22:53:30,682][train_con.py][line:118][INFO] [training]total_num: 142618.0,error: 0.11055178093098389,error_cls: 0.06791677133997484,error_sc: 0.15318679090253778
[2024-10-29 23:01:15,748][train_con.py][line:161][INFO] [testing]total_number: 142618,sc_error: 0.1428957405099736,total_cls_acc: 0.9968166947364807
[2024-10-29 23:01:16,694][train_con.py][line:90][INFO] ---------------epoch 102---------------
lr: [0.0002672139760393707]
[2024-10-29 23:23:59,085][train_con.py][line:118][INFO] [training]total_num: 142618.0,error: 0.10189828559956261,error_cls: 0.053513231431227014,error_sc: 0.15126081503444383
[2024-10-29 23:31:47,252][train_con.py][line:161][INFO] [testing]total_number: 142618,sc_error: 0.17949580209153707,total_cls_acc: 0.9184535145759583
[2024-10-29 23:31:47,307][train_con.py][line:90][INFO] ---------------epoch 103---------------
lr: [0.0002631664646478661]
[2024-10-29 23:54:31,633][train_con.py][line:118][INFO] [training]total_num: 142618.0,error: 0.10906841202135782,error_cls: 0.06703262527088182,error_sc: 0.15281994354468212
[2024-10-30 00:02:19,457][train_con.py][line:161][INFO] [testing]total_number: 142618,sc_error: 0.15595469430550915,total_cls_acc: 0.971686601638794
[2024-10-30 00:02:19,503][train_con.py][line:90][INFO] ---------------epoch 104---------------
lr: [0.00025911673838986476]
[2024-10-30 00:25:01,400][train_con.py][line:118][INFO] [training]total_num: 142618.0,error: 0.10107271839429054,error_cls: 0.05374073968536469,error_sc: 0.1513324456048523
[2024-10-30 00:32:47,349][train_con.py][line:161][INFO] [testing]total_number: 142618,sc_error: 0.15121443275731514,total_cls_acc: 0.9804582595825195
[2024-10-30 00:32:47,410][train_con.py][line:90][INFO] ---------------epoch 105---------------
lr: [0.00025506590440677084]
[2024-10-30 00:55:28,194][train_con.py][line:118][INFO] [training]total_num: 142618.0,error: 0.10030357156464534,error_cls: 0.053733115465840545,error_sc: 0.1507549044441022
[2024-10-30 01:03:13,242][train_con.py][line:161][INFO] [testing]total_number: 142618,sc_error: 0.15654564685207706,total_cls_acc: 0.9694778919219971
[2024-10-30 01:03:13,250][train_con.py][line:90][INFO] ---------------epoch 106---------------
lr: [0.00025101507014240544]
[2024-10-30 01:25:58,034][train_con.py][line:118][INFO] [training]total_num: 142618.0,error: 0.1032799693136852,error_cls: 0.05890028363035061,error_sc: 0.15233120600384692
[2024-10-30 01:33:45,313][train_con.py][line:161][INFO] [testing]total_number: 142618,sc_error: 0.3529278486768757,total_cls_acc: 0.27629750967025757
[2024-10-30 01:33:45,358][train_con.py][line:90][INFO] ---------------epoch 107---------------
lr: [0.0002469653430402209]
[2024-10-30 01:56:29,884][train_con.py][line:118][INFO] [training]total_num: 142618.0,error: 0.09765350282028608,error_cls: 0.050425298607428067,error_sc: 0.15091084313418587
[2024-10-30 02:04:48,022][train_con.py][line:161][INFO] [testing]total_number: 142618,sc_error: 0.14668275182059584,total_cls_acc: 0.991550862789154
[2024-10-30 02:04:48,071][train_con.py][line:90][INFO] ---------------epoch 108---------------
lr: [0.0002429178302405159]
[2024-10-30 02:27:28,939][train_con.py][line:118][INFO] [training]total_num: 142618.0,error: 0.09598791612330378,error_cls: 0.04860194792955314,error_sc: 0.15050725193957434
[2024-10-30 02:35:13,648][train_con.py][line:161][INFO] [testing]total_number: 142618,sc_error: 0.18189342565501493,total_cls_acc: 0.9041986465454102
[2024-10-30 02:35:13,656][train_con.py][line:90][INFO] ---------------epoch 109---------------
lr: [0.00023887363827772973]
[2024-10-30 02:57:56,251][train_con.py][line:118][INFO] [training]total_num: 142618.0,error: 0.0962619612261177,error_cls: 0.04989134234689964,error_sc: 0.15069703036630935
[2024-10-30 03:05:39,792][train_con.py][line:161][INFO] [testing]total_number: 142618,sc_error: 0.20052332264811673,total_cls_acc: 0.8287593722343445
[2024-10-30 03:05:39,832][train_con.py][line:90][INFO] ---------------epoch 110---------------
lr: [0.0002348338727779027]
[2024-10-30 03:28:24,207][train_con.py][line:118][INFO] [training]total_num: 142618.0,error: 0.09015570377960748,error_cls: 0.04047992594195935,error_sc: 0.14965745373633166
[2024-10-30 03:36:11,568][train_con.py][line:161][INFO] [testing]total_number: 142618,sc_error: 0.14322032297480775,total_cls_acc: 0.9956948161125183
[2024-10-30 03:36:11,615][train_con.py][line:90][INFO] ---------------epoch 111---------------
lr: [0.00023079963815638202]
[2024-10-30 03:58:51,322][train_con.py][line:118][INFO] [training]total_num: 142618.0,error: 0.09380327287192448,error_cls: 0.047325729830240124,error_sc: 0.150609160970856
[2024-10-30 04:06:19,031][train_con.py][line:161][INFO] [testing]total_number: 142618,sc_error: 0.1488315069202698,total_cls_acc: 0.9877504706382751
[2024-10-30 04:06:19,039][train_con.py][line:90][INFO] ---------------epoch 112---------------
lr: [0.0002267720373158565]
[2024-10-30 04:28:44,846][train_con.py][line:118][INFO] [training]total_num: 142618.0,error: 0.08697830401228769,error_cls: 0.036976210527351755,error_sc: 0.149340467283677
[2024-10-30 04:36:14,656][train_con.py][line:161][INFO] [testing]total_number: 142618,sc_error: 0.15017069505015573,total_cls_acc: 0.9839361310005188
[2024-10-30 04:36:14,663][train_con.py][line:90][INFO] ---------------epoch 113---------------
lr: [0.00022275217134480572]
[2024-10-30 04:58:41,773][train_con.py][line:118][INFO] [training]total_num: 142618.0,error: 0.08695915831003367,error_cls: 0.038161692770029405,error_sc: 0.14906502458512347
[2024-10-30 05:06:11,269][train_con.py][line:161][INFO] [testing]total_number: 142618,sc_error: 0.17217450259487246,total_cls_acc: 0.9309484362602234
[2024-10-30 05:06:11,276][train_con.py][line:90][INFO] ---------------epoch 114---------------
lr: [0.0002187411392164393]
[2024-10-30 05:28:37,368][train_con.py][line:118][INFO] [training]total_num: 142618.0,error: 0.09287271794376312,error_cls: 0.048694342454753244,error_sc: 0.1502538255671826
[2024-10-30 05:36:06,953][train_con.py][line:161][INFO] [testing]total_number: 142618,sc_error: 0.14769228066882975,total_cls_acc: 0.9888443350791931
[2024-10-30 05:36:06,960][train_con.py][line:90][INFO] ---------------epoch 115---------------
lr: [0.00021474003748821587]
[2024-10-30 05:58:32,896][train_con.py][line:118][INFO] [training]total_num: 142618.0,error: 0.08790676336590458,error_cls: 0.04159241479276949,error_sc: 0.14930020014903347
[2024-10-30 06:06:02,867][train_con.py][line:161][INFO] [testing]total_number: 142618,sc_error: 0.2612755505169577,total_cls_acc: 0.642120897769928
[2024-10-30 06:06:02,874][train_con.py][line:90][INFO] ---------------epoch 116---------------
lr: [0.0002107499600020182]
[2024-10-30 06:28:30,110][train_con.py][line:118][INFO] [training]total_num: 142618.0,error: 0.0849323892302645,error_cls: 0.03772636417988704,error_sc: 0.14879936101389724
[2024-10-30 06:35:57,106][train_con.py][line:161][INFO] [testing]total_number: 142618,sc_error: 0.1407303502577877,total_cls_acc: 0.9985485672950745
[2024-10-30 06:35:57,675][train_con.py][line:90][INFO] ---------------epoch 117---------------
lr: [0.000206771997585068]
[2024-10-30 06:58:25,054][train_con.py][line:118][INFO] [training]total_num: 142618.0,error: 0.08463291186069162,error_cls: 0.037835118245228484,error_sc: 0.14925844262055754
[2024-10-30 07:05:55,274][train_con.py][line:161][INFO] [testing]total_number: 142618,sc_error: 0.1490763330191891,total_cls_acc: 0.9799885153770447
[2024-10-30 07:05:55,281][train_con.py][line:90][INFO] ---------------epoch 118---------------
lr: [0.00020280723775166417]
[2024-10-30 07:28:20,842][train_con.py][line:118][INFO] [training]total_num: 142618.0,error: 0.0804160722083484,error_cls: 0.032144473188363776,error_sc: 0.14846158390984554
[2024-10-30 07:35:50,372][train_con.py][line:161][INFO] [testing]total_number: 142618,sc_error: 0.26238790116113375,total_cls_acc: 0.5942167043685913
[2024-10-30 07:35:50,380][train_con.py][line:90][INFO] ---------------epoch 119---------------
lr: [0.00019885676440582173]
[2024-10-30 07:58:16,629][train_con.py][line:118][INFO] [training]total_num: 142618.0,error: 0.08485951134604472,error_cls: 0.039947497334699836,error_sc: 0.14948899870498325
[2024-10-30 08:05:43,149][train_con.py][line:161][INFO] [testing]total_number: 142618,sc_error: 0.21643921821440665,total_cls_acc: 0.7775946855545044
[2024-10-30 08:05:43,158][train_con.py][line:90][INFO] ---------------epoch 120---------------
lr: [0.00019492165754489622]
[2024-10-30 08:28:10,496][train_con.py][line:118][INFO] [training]total_num: 142618.0,error: 0.07896429246428696,error_cls: 0.03188644180171769,error_sc: 0.14812804550591926
[2024-10-30 08:35:38,999][train_con.py][line:161][INFO] [testing]total_number: 142618,sc_error: 0.14214671461341138,total_cls_acc: 0.9962136745452881
[2024-10-30 08:35:39,005][train_con.py][line:90][INFO] ---------------epoch 121---------------
lr: [0.00019100299296427112]
[2024-10-30 08:58:06,636][train_con.py][line:118][INFO] [training]total_num: 142618.0,error: 0.0831401131058834,error_cls: 0.0389641455150556,error_sc: 0.14940405953609398
[2024-10-30 09:05:33,205][train_con.py][line:161][INFO] [testing]total_number: 142618,sc_error: 0.16968273928962974,total_cls_acc: 0.9361721277236938
[2024-10-30 09:05:33,212][train_con.py][line:90][INFO] ---------------epoch 122---------------
lr: [0.00018710184196319262]
[2024-10-30 09:27:58,423][train_con.py][line:118][INFO] [training]total_num: 142618.0,error: 0.08046181784437005,error_cls: 0.03571417287914822,error_sc: 0.14899934408953827
[2024-10-30 09:35:24,150][train_con.py][line:161][INFO] [testing]total_number: 142618,sc_error: 0.14230911974102198,total_cls_acc: 0.997875452041626
[2024-10-30 09:35:24,157][train_con.py][line:90][INFO] ---------------epoch 123---------------
lr: [0.00018321927105182704]
[2024-10-30 09:57:50,983][train_con.py][line:118][INFO] [training]total_num: 142618.0,error: 0.08159080598436828,error_cls: 0.038467188274985534,error_sc: 0.14904057143981003
[2024-10-30 10:05:20,641][train_con.py][line:161][INFO] [testing]total_number: 142618,sc_error: 0.1428712145667868,total_cls_acc: 0.9956807494163513
[2024-10-30 10:05:20,648][train_con.py][line:90][INFO] ---------------epoch 124---------------
lr: [0.00017935634165962432]
[2024-10-30 10:27:47,305][train_con.py][line:118][INFO] [training]total_num: 142618.0,error: 0.07498372102692598,error_cls: 0.02948575273969937,error_sc: 0.14766229682303667
[2024-10-30 10:35:15,670][train_con.py][line:161][INFO] [testing]total_number: 142618,sc_error: 0.13964108513087936,total_cls_acc: 0.9991445541381836
[2024-10-30 10:35:16,042][train_con.py][line:90][INFO] ---------------epoch 125---------------
lr: [0.00017551410984506706]
[2024-10-30 10:57:41,025][train_con.py][line:118][INFO] [training]total_num: 142618.0,error: 0.07198586718971778,error_cls: 0.026019102242264874,error_sc: 0.14698427458005126
[2024-10-30 11:05:06,698][train_con.py][line:161][INFO] [testing]total_number: 142618,sc_error: 0.14114258003265873,total_cls_acc: 0.9977983236312866
[2024-10-30 11:05:06,705][train_con.py][line:90][INFO] ---------------epoch 126---------------
lr: [0.00017169362600687955]
[2024-10-30 11:27:32,586][train_con.py][line:118][INFO] [training]total_num: 142618.0,error: 0.08591908167074819,error_cls: 0.047743522934161106,error_sc: 0.14954501336066303
[2024-10-30 11:35:02,532][train_con.py][line:161][INFO] [testing]total_number: 142618,sc_error: 0.15436859092899924,total_cls_acc: 0.974077582359314
[2024-10-30 11:35:03,085][train_con.py][line:90][INFO] ---------------epoch 127---------------
lr: [0.00016789593459678223]
[2024-10-30 11:57:30,179][train_con.py][line:118][INFO] [training]total_num: 142618.0,error: 0.07595808344984885,error_cls: 0.03350867325124581,error_sc: 0.14823680784335952
[2024-10-30 12:05:07,698][train_con.py][line:161][INFO] [testing]total_number: 142618,sc_error: 0.14005708216104146,total_cls_acc: 0.9992006421089172
[2024-10-30 12:05:08,072][train_con.py][line:90][INFO] ---------------epoch 128---------------
lr: [0.00016412207383386244]
[2024-10-30 12:27:35,086][train_con.py][line:118][INFO] [training]total_num: 142618.0,error: 0.07112637908010352,error_cls: 0.027562255769317884,error_sc: 0.1469160148594198
[2024-10-30 12:35:09,577][train_con.py][line:161][INFO] [testing]total_number: 142618,sc_error: 0.13992456458552094,total_cls_acc: 0.998920202255249
[2024-10-30 12:35:09,585][train_con.py][line:90][INFO] ---------------epoch 129---------------
lr: [0.00016037307542064407]
[2024-10-30 12:57:44,653][train_con.py][line:118][INFO] [training]total_num: 142618.0,error: 0.06925292749444606,error_cls: 0.025379908690557024,error_sc: 0.14724940049462848
[2024-10-30 13:05:35,768][train_con.py][line:161][INFO] [testing]total_number: 142618,sc_error: 0.1474394356261091,total_cls_acc: 0.9866285920143127
[2024-10-30 13:05:35,823][train_con.py][line:90][INFO] ---------------epoch 130---------------
lr: [0.0001566499642609318]
[2024-10-30 13:28:21,093][train_con.py][line:118][INFO] [training]total_num: 142618.0,error: 0.07331779946906933,error_cls: 0.03242238627538765,error_sc: 0.14762073952664176
[2024-10-30 13:36:10,897][train_con.py][line:161][INFO] [testing]total_number: 142618,sc_error: 0.14836670034382196,total_cls_acc: 0.9888373017311096
[2024-10-30 13:36:10,945][train_con.py][line:90][INFO] ---------------epoch 131---------------
lr: [0.0001529537581795042]
[2024-10-30 13:58:51,846][train_con.py][line:118][INFO] [training]total_num: 142618.0,error: 0.06749349879803336,error_cls: 0.024863032558454637,error_sc: 0.14666436795978258
[2024-10-30 14:06:35,663][train_con.py][line:161][INFO] [testing]total_number: 142618,sc_error: 0.3594512664138636,total_cls_acc: 0.3086356520652771
[2024-10-30 14:06:35,693][train_con.py][line:90][INFO] ---------------epoch 132---------------
lr: [0.0001492854676437344]
[2024-10-30 14:29:18,687][train_con.py][line:118][INFO] [training]total_num: 142618.0,error: 0.07124370306948433,error_cls: 0.031028029943664312,error_sc: 0.14759520156380904
[2024-10-30 14:37:06,819][train_con.py][line:161][INFO] [testing]total_number: 142618,sc_error: 0.13968287413614217,total_cls_acc: 0.9991796016693115
[2024-10-30 14:37:06,861][train_con.py][line:90][INFO] ---------------epoch 133---------------
lr: [0.00014564609548721238]
[2024-10-30 14:59:48,200][train_con.py][line:118][INFO] [training]total_num: 142618.0,error: 0.0639894718821586,error_cls: 0.021629753634651763,error_sc: 0.1462171568800534
[2024-10-30 15:07:34,602][train_con.py][line:161][INFO] [testing]total_number: 142618,sc_error: 0.1401382606273335,total_cls_acc: 0.9989482164382935
[2024-10-30 15:07:34,630][train_con.py][line:90][INFO] ---------------epoch 134---------------
lr: [0.00014203663663544272]
[2024-10-30 15:30:10,646][train_con.py][line:118][INFO] [training]total_num: 142618.0,error: 0.06315463608603498,error_cls: 0.021145078770205016,error_sc: 0.14654673733848694
[2024-10-30 15:37:52,892][train_con.py][line:161][INFO] [testing]total_number: 142618,sc_error: 0.14155419602675845,total_cls_acc: 0.9969989657402039
[2024-10-30 15:37:52,931][train_con.py][line:90][INFO] ---------------epoch 135---------------
lr: [0.000138458077833693]
[2024-10-30 16:00:34,418][train_con.py][line:118][INFO] [training]total_num: 142618.0,error: 0.06377986928748881,error_cls: 0.02305112367902315,error_sc: 0.14647155818190613
[2024-10-30 16:08:17,979][train_con.py][line:161][INFO] [testing]total_number: 142618,sc_error: 0.1400868825140269,total_cls_acc: 0.9989973306655884
[2024-10-30 16:08:18,017][train_con.py][line:90][INFO] ---------------epoch 136---------------
lr: [0.00013491139737706464]
[2024-10-30 16:30:58,552][train_con.py][line:118][INFO] [training]total_num: 142618.0,error: 0.06306229942761686,error_cls: 0.02294032244606387,error_sc: 0.14639256352219093
[2024-10-30 16:38:45,001][train_con.py][line:161][INFO] [testing]total_number: 142618,sc_error: 0.15096397182919472,total_cls_acc: 0.9787053465843201
[2024-10-30 16:38:45,060][train_con.py][line:90][INFO] ---------------epoch 137---------------
lr: [0.00013139756484286085]
[2024-10-30 17:01:28,774][train_con.py][line:118][INFO] [training]total_num: 142618.0,error: 0.061902973344326415,error_cls: 0.022268848622532002,error_sc: 0.14612549130374916
[2024-10-30 17:09:16,705][train_con.py][line:161][INFO] [testing]total_number: 142618,sc_error: 0.14121673413767563,total_cls_acc: 0.9982190132141113
[2024-10-30 17:09:16,744][train_con.py][line:90][INFO] ---------------epoch 138---------------
lr: [0.00012791754082531947]
