[2024-07-02 21:00:26,130][train.py][line:70][INFO] ---------------args---------------
Namespace(data_path='../MOF/data/Pymatgen_Wrapped/3/', train_name='ResTcn_5000', model_path=None, learning_rate=1e-05, min_learning_rate=1e-06, start_scheduler_step=50, weight_decay=1e-05, momentum=0.99, batch_size=256, class_num=230, epoch_num=200, model_save_path='./checkpoints/ResTcn_5000_1', device='3', scheduler_T=None, num_workers=20, log_name='log/train//train_ResTcn_5000_2024_07_02_21:00:24.log')
[2024-07-02 21:00:26,131][train.py][line:71][INFO] ---------------model---------------
ResTcn(
  (conv): Sequential(
    (0): ResBlock1D(
      (pre): Conv1d(2, 32, kernel_size=(1,), stride=(1,), bias=False)
      (conv): Sequential(
        (0): Conv1d(32, 32, kernel_size=(3,), stride=(1,), padding=(1,), bias=False)
        (1): BatchNorm1d(32, eps=1e-05, momentum=0.1, affine=True, track_running_stats=True)
        (2): LeakyReLU(negative_slope=0.01)
        (3): Conv1d(32, 32, kernel_size=(3,), stride=(1,), padding=(1,), bias=False)
        (4): BatchNorm1d(32, eps=1e-05, momentum=0.1, affine=True, track_running_stats=True)
      )
      (relu): LeakyReLU(negative_slope=0.01)
    )
    (1): AvgPool1d(kernel_size=(2,), stride=(2,), padding=(0,))
    (2): ResBlock1D(
      (pre): Identity()
      (conv): Sequential(
        (0): Conv1d(32, 32, kernel_size=(3,), stride=(1,), padding=(1,), bias=False)
        (1): BatchNorm1d(32, eps=1e-05, momentum=0.1, affine=True, track_running_stats=True)
        (2): LeakyReLU(negative_slope=0.01)
        (3): Conv1d(32, 32, kernel_size=(3,), stride=(1,), padding=(1,), bias=False)
        (4): BatchNorm1d(32, eps=1e-05, momentum=0.1, affine=True, track_running_stats=True)
      )
      (relu): LeakyReLU(negative_slope=0.01)
    )
    (3): AvgPool1d(kernel_size=(2,), stride=(2,), padding=(0,))
    (4): ResBlock1D(
      (pre): Conv1d(32, 64, kernel_size=(1,), stride=(1,), bias=False)
      (conv): Sequential(
        (0): Conv1d(64, 64, kernel_size=(3,), stride=(1,), padding=(1,), bias=False)
        (1): BatchNorm1d(64, eps=1e-05, momentum=0.1, affine=True, track_running_stats=True)
        (2): LeakyReLU(negative_slope=0.01)
        (3): Conv1d(64, 64, kernel_size=(3,), stride=(1,), padding=(1,), bias=False)
        (4): BatchNorm1d(64, eps=1e-05, momentum=0.1, affine=True, track_running_stats=True)
      )
      (relu): LeakyReLU(negative_slope=0.01)
    )
    (5): AvgPool1d(kernel_size=(2,), stride=(2,), padding=(0,))
    (6): ResBlock1D(
      (pre): Identity()
      (conv): Sequential(
        (0): Conv1d(64, 64, kernel_size=(3,), stride=(1,), padding=(1,), bias=False)
        (1): BatchNorm1d(64, eps=1e-05, momentum=0.1, affine=True, track_running_stats=True)
        (2): LeakyReLU(negative_slope=0.01)
        (3): Conv1d(64, 64, kernel_size=(3,), stride=(1,), padding=(1,), bias=False)
        (4): BatchNorm1d(64, eps=1e-05, momentum=0.1, affine=True, track_running_stats=True)
      )
      (relu): LeakyReLU(negative_slope=0.01)
    )
    (7): AvgPool1d(kernel_size=(2,), stride=(2,), padding=(1,))
    (8): ResBlock1D(
      (pre): Conv1d(64, 128, kernel_size=(1,), stride=(1,), bias=False)
      (conv): Sequential(
        (0): Conv1d(128, 128, kernel_size=(3,), stride=(1,), padding=(1,), bias=False)
        (1): BatchNorm1d(128, eps=1e-05, momentum=0.1, affine=True, track_running_stats=True)
        (2): LeakyReLU(negative_slope=0.01)
        (3): Conv1d(128, 128, kernel_size=(3,), stride=(1,), padding=(1,), bias=False)
        (4): BatchNorm1d(128, eps=1e-05, momentum=0.1, affine=True, track_running_stats=True)
      )
      (relu): LeakyReLU(negative_slope=0.01)
    )
    (9): AvgPool1d(kernel_size=(2,), stride=(2,), padding=(1,))
    (10): ResBlock1D(
      (pre): Identity()
      (conv): Sequential(
        (0): Conv1d(128, 128, kernel_size=(3,), stride=(1,), padding=(1,), bias=False)
        (1): BatchNorm1d(128, eps=1e-05, momentum=0.1, affine=True, track_running_stats=True)
        (2): LeakyReLU(negative_slope=0.01)
        (3): Conv1d(128, 128, kernel_size=(3,), stride=(1,), padding=(1,), bias=False)
        (4): BatchNorm1d(128, eps=1e-05, momentum=0.1, affine=True, track_running_stats=True)
      )
      (relu): LeakyReLU(negative_slope=0.01)
    )
    (11): AvgPool1d(kernel_size=(2,), stride=(2,), padding=(1,))
    (12): ResBlock1D(
      (pre): Conv1d(128, 256, kernel_size=(1,), stride=(1,), bias=False)
      (conv): Sequential(
        (0): Conv1d(256, 256, kernel_size=(3,), stride=(1,), padding=(1,), bias=False)
        (1): BatchNorm1d(256, eps=1e-05, momentum=0.1, affine=True, track_running_stats=True)
        (2): LeakyReLU(negative_slope=0.01)
        (3): Conv1d(256, 256, kernel_size=(3,), stride=(1,), padding=(1,), bias=False)
        (4): BatchNorm1d(256, eps=1e-05, momentum=0.1, affine=True, track_running_stats=True)
      )
      (relu): LeakyReLU(negative_slope=0.01)
    )
    (13): AvgPool1d(kernel_size=(2,), stride=(2,), padding=(1,))
    (14): ResBlock1D(
      (pre): Identity()
      (conv): Sequential(
        (0): Conv1d(256, 256, kernel_size=(3,), stride=(1,), padding=(1,), bias=False)
        (1): BatchNorm1d(256, eps=1e-05, momentum=0.1, affine=True, track_running_stats=True)
        (2): LeakyReLU(negative_slope=0.01)
        (3): Conv1d(256, 256, kernel_size=(3,), stride=(1,), padding=(1,), bias=False)
        (4): BatchNorm1d(256, eps=1e-05, momentum=0.1, affine=True, track_running_stats=True)
      )
      (relu): LeakyReLU(negative_slope=0.01)
    )
    (15): AvgPool1d(kernel_size=(2,), stride=(2,), padding=(0,))
    (16): ResBlock1D(
      (pre): Conv1d(256, 512, kernel_size=(1,), stride=(1,), bias=False)
      (conv): Sequential(
        (0): Conv1d(512, 512, kernel_size=(3,), stride=(1,), padding=(1,), bias=False)
        (1): BatchNorm1d(512, eps=1e-05, momentum=0.1, affine=True, track_running_stats=True)
        (2): LeakyReLU(negative_slope=0.01)
        (3): Conv1d(512, 512, kernel_size=(3,), stride=(1,), padding=(1,), bias=False)
        (4): BatchNorm1d(512, eps=1e-05, momentum=0.1, affine=True, track_running_stats=True)
      )
      (relu): LeakyReLU(negative_slope=0.01)
    )
    (17): AvgPool1d(kernel_size=(2,), stride=(2,), padding=(0,))
    (18): ResBlock1D(
      (pre): Identity()
      (conv): Sequential(
        (0): Conv1d(512, 512, kernel_size=(3,), stride=(1,), padding=(1,), bias=False)
        (1): BatchNorm1d(512, eps=1e-05, momentum=0.1, affine=True, track_running_stats=True)
        (2): LeakyReLU(negative_slope=0.01)
        (3): Conv1d(512, 512, kernel_size=(3,), stride=(1,), padding=(1,), bias=False)
        (4): BatchNorm1d(512, eps=1e-05, momentum=0.1, affine=True, track_running_stats=True)
      )
      (relu): LeakyReLU(negative_slope=0.01)
    )
    (19): AvgPool1d(kernel_size=(2,), stride=(2,), padding=(0,))
    (20): ResBlock1D(
      (pre): Conv1d(512, 1024, kernel_size=(1,), stride=(1,), bias=False)
      (conv): Sequential(
        (0): Conv1d(1024, 1024, kernel_size=(3,), stride=(1,), padding=(1,), bias=False)
        (1): BatchNorm1d(1024, eps=1e-05, momentum=0.1, affine=True, track_running_stats=True)
        (2): LeakyReLU(negative_slope=0.01)
        (3): Conv1d(1024, 1024, kernel_size=(3,), stride=(1,), padding=(1,), bias=False)
        (4): BatchNorm1d(1024, eps=1e-05, momentum=0.1, affine=True, track_running_stats=True)
      )
      (relu): LeakyReLU(negative_slope=0.01)
    )
    (21): AvgPool1d(kernel_size=(2,), stride=(2,), padding=(1,))
    (22): ResBlock1D(
      (pre): Identity()
      (conv): Sequential(
        (0): Conv1d(1024, 1024, kernel_size=(3,), stride=(1,), padding=(1,), bias=False)
        (1): BatchNorm1d(1024, eps=1e-05, momentum=0.1, affine=True, track_running_stats=True)
        (2): LeakyReLU(negative_slope=0.01)
        (3): Conv1d(1024, 1024, kernel_size=(3,), stride=(1,), padding=(1,), bias=False)
        (4): BatchNorm1d(1024, eps=1e-05, momentum=0.1, affine=True, track_running_stats=True)
      )
      (relu): LeakyReLU(negative_slope=0.01)
    )
    (23): AvgPool1d(kernel_size=(2,), stride=(2,), padding=(1,))
    (24): ResBlock1D(
      (pre): Identity()
      (conv): Sequential(
        (0): Conv1d(1024, 1024, kernel_size=(3,), stride=(1,), padding=(1,), bias=False)
        (1): BatchNorm1d(1024, eps=1e-05, momentum=0.1, affine=True, track_running_stats=True)
        (2): LeakyReLU(negative_slope=0.01)
        (3): Conv1d(1024, 1024, kernel_size=(3,), stride=(1,), padding=(1,), bias=False)
        (4): BatchNorm1d(1024, eps=1e-05, momentum=0.1, affine=True, track_running_stats=True)
      )
      (relu): LeakyReLU(negative_slope=0.01)
    )
    (25): AvgPool1d(kernel_size=(2,), stride=(2,), padding=(0,))
  )
  (mlp): Linear(in_features=1024, out_features=230, bias=True)
)
[2024-07-02 21:00:26,132][train.py][line:72][INFO] ---------------device---------------
cuda:3
[2024-07-02 21:00:26,132][train.py][line:73][INFO] ---------------optimizer---------------
AdamW (
Parameter Group 0
    amsgrad: False
    betas: (0.9, 0.999)
    capturable: False
    differentiable: False
    eps: 1e-08
    foreach: None
    fused: None
    initial_lr: 1e-05
    lr: 1e-05
    maximize: False
    weight_decay: 1e-05
)
[2024-07-02 21:00:26,132][train.py][line:74][INFO] ---------------lossfn---------------
CrossEntropyLoss()
[2024-07-02 21:00:26,132][train.py][line:75][INFO] ---------------seed---------------
14182126657711041711
[2024-07-02 21:00:26,136][train.py][line:87][INFO] ---------------epoch 1---------------
lr: [1e-05]
[2024-07-02 21:01:41,264][train.py][line:105][INFO] [training]total_num: 142619.0,error: 3.6083972673889595
[2024-07-02 21:02:12,901][train.py][line:143][INFO] [testing]total_number: 142619,error: 3.803907742737033,total_acc: 0.0957866758108139
[2024-07-02 21:02:13,206][train.py][line:87][INFO] ---------------epoch 2---------------
lr: [1e-05]
[2024-07-02 21:03:27,558][train.py][line:105][INFO] [training]total_num: 142619.0,error: 3.131894483211193
[2024-07-02 21:03:59,824][train.py][line:143][INFO] [testing]total_number: 142619,error: 5.666432870195267,total_acc: 0.06614125519990921
[2024-07-02 21:03:59,829][train.py][line:87][INFO] ---------------epoch 3---------------
lr: [1e-05]
[2024-07-02 21:05:13,743][train.py][line:105][INFO] [training]total_num: 142619.0,error: 2.9653578400611877
[2024-07-02 21:05:45,986][train.py][line:143][INFO] [testing]total_number: 142619,error: 4.35266061877528,total_acc: 0.06579067558050156
[2024-07-02 21:05:45,991][train.py][line:87][INFO] ---------------epoch 4---------------
lr: [1e-05]
[2024-07-02 21:06:59,879][train.py][line:105][INFO] [training]total_num: 142619.0,error: 2.843620461775056
[2024-07-02 21:07:32,063][train.py][line:143][INFO] [testing]total_number: 142619,error: 5.724659272964964,total_acc: 0.05253858119249344
[2024-07-02 21:07:32,068][train.py][line:87][INFO] ---------------epoch 5---------------
lr: [1e-05]
[2024-07-02 21:08:46,164][train.py][line:105][INFO] [training]total_num: 142619.0,error: 2.7305795034618243
[2024-07-02 21:09:18,190][train.py][line:143][INFO] [testing]total_number: 142619,error: 6.150053595820217,total_acc: 0.0531836561858654
[2024-07-02 21:09:18,195][train.py][line:87][INFO] ---------------epoch 6---------------
lr: [1e-05]
[2024-07-02 21:10:31,922][train.py][line:105][INFO] [training]total_num: 142619.0,error: 2.621574844028933
[2024-07-02 21:11:03,755][train.py][line:143][INFO] [testing]total_number: 142619,error: 8.12242028222862,total_acc: 0.03771587088704109
[2024-07-02 21:11:03,760][train.py][line:87][INFO] ---------------epoch 7---------------
lr: [1e-05]
[2024-07-02 21:12:17,822][train.py][line:105][INFO] [training]total_num: 142619.0,error: 2.526913533819483
[2024-07-02 21:12:49,726][train.py][line:143][INFO] [testing]total_number: 142619,error: 3.5873839787557618,total_acc: 0.12236097455024719
[2024-07-02 21:12:50,004][train.py][line:87][INFO] ---------------epoch 8---------------
lr: [1e-05]
[2024-07-02 21:14:03,834][train.py][line:105][INFO] [training]total_num: 142619.0,error: 2.4240244225407324
[2024-07-02 21:14:35,969][train.py][line:143][INFO] [testing]total_number: 142619,error: 10.002846318779262,total_acc: 0.040450431406497955
[2024-07-02 21:14:35,974][train.py][line:87][INFO] ---------------epoch 9---------------
lr: [1e-05]
[2024-07-02 21:15:49,971][train.py][line:105][INFO] [training]total_num: 142619.0,error: 2.331652262532119
[2024-07-02 21:16:22,304][train.py][line:143][INFO] [testing]total_number: 142619,error: 9.687284778195915,total_acc: 0.03878866136074066
[2024-07-02 21:16:22,308][train.py][line:87][INFO] ---------------epoch 10---------------
lr: [1e-05]
[2024-07-02 21:17:36,361][train.py][line:105][INFO] [training]total_num: 142619.0,error: 2.247212474016433
[2024-07-02 21:18:08,319][train.py][line:143][INFO] [testing]total_number: 142619,error: 10.207900150447873,total_acc: 0.03558431938290596
[2024-07-02 21:18:08,323][train.py][line:87][INFO] ---------------epoch 11---------------
lr: [1e-05]
[2024-07-02 21:19:22,825][train.py][line:105][INFO] [training]total_num: 142619.0,error: 2.161200504776434
[2024-07-02 21:19:54,982][train.py][line:143][INFO] [testing]total_number: 142619,error: 6.104890487718244,total_acc: 0.0556868314743042
[2024-07-02 21:19:54,987][train.py][line:87][INFO] ---------------epoch 12---------------
lr: [1e-05]
[2024-07-02 21:21:08,757][train.py][line:105][INFO] [training]total_num: 142619.0,error: 2.0822522376023285
[2024-07-02 21:21:40,759][train.py][line:143][INFO] [testing]total_number: 142619,error: 7.767053739398929,total_acc: 0.04174058139324188
[2024-07-02 21:21:40,764][train.py][line:87][INFO] ---------------epoch 13---------------
lr: [1e-05]
[2024-07-02 21:22:54,786][train.py][line:105][INFO] [training]total_num: 142619.0,error: 2.0030057227357907
[2024-07-02 21:23:27,161][train.py][line:143][INFO] [testing]total_number: 142619,error: 16.510781120746692,total_acc: 0.036678142845630646
[2024-07-02 21:23:27,165][train.py][line:87][INFO] ---------------epoch 14---------------
lr: [1e-05]
[2024-07-02 21:24:41,275][train.py][line:105][INFO] [training]total_num: 142619.0,error: 1.9221274146796963
[2024-07-02 21:25:13,284][train.py][line:143][INFO] [testing]total_number: 142619,error: 16.44915079563222,total_acc: 0.04208415374159813
[2024-07-02 21:25:13,289][train.py][line:87][INFO] ---------------epoch 15---------------
lr: [1e-05]
[2024-07-02 21:26:27,121][train.py][line:105][INFO] [training]total_num: 142619.0,error: 1.8396830727868045
[2024-07-02 21:26:59,257][train.py][line:143][INFO] [testing]total_number: 142619,error: 15.5653975263555,total_acc: 0.005889818537980318
[2024-07-02 21:26:59,261][train.py][line:87][INFO] ---------------epoch 16---------------
lr: [1e-05]
[2024-07-02 21:28:13,252][train.py][line:105][INFO] [training]total_num: 142619.0,error: 1.7558386818314276
[2024-07-02 21:28:44,991][train.py][line:143][INFO] [testing]total_number: 142619,error: 8.553399158707748,total_acc: 0.06825177371501923
[2024-07-02 21:28:44,995][train.py][line:87][INFO] ---------------epoch 17---------------
lr: [1e-05]
[2024-07-02 21:29:59,240][train.py][line:105][INFO] [training]total_num: 142619.0,error: 1.676534725419173
[2024-07-02 21:30:31,340][train.py][line:143][INFO] [testing]total_number: 142619,error: 15.293065196233439,total_acc: 0.037568625062704086
[2024-07-02 21:30:31,345][train.py][line:87][INFO] ---------------epoch 18---------------
lr: [1e-05]
[2024-07-02 21:31:45,534][train.py][line:105][INFO] [training]total_num: 142619.0,error: 1.595733533091579
[2024-07-02 21:32:17,907][train.py][line:143][INFO] [testing]total_number: 142619,error: 7.964780498903694,total_acc: 0.04291153326630592
[2024-07-02 21:32:17,912][train.py][line:87][INFO] ---------------epoch 19---------------
lr: [1e-05]
[2024-07-02 21:33:31,972][train.py][line:105][INFO] [training]total_num: 142619.0,error: 1.516488681025539
[2024-07-02 21:34:03,931][train.py][line:143][INFO] [testing]total_number: 142619,error: 10.553408169577308,total_acc: 0.04368282109498978
[2024-07-02 21:34:03,936][train.py][line:87][INFO] ---------------epoch 20---------------
lr: [1e-05]
[2024-07-02 21:35:17,930][train.py][line:105][INFO] [training]total_num: 142619.0,error: 1.4324953845629456
[2024-07-02 21:35:49,562][train.py][line:143][INFO] [testing]total_number: 142619,error: 7.032006584160717,total_acc: 0.054109200835227966
[2024-07-02 21:35:49,566][train.py][line:87][INFO] ---------------epoch 21---------------
lr: [1e-05]
[2024-07-02 21:37:03,652][train.py][line:105][INFO] [training]total_num: 142619.0,error: 1.353412945431175
[2024-07-02 21:37:35,876][train.py][line:143][INFO] [testing]total_number: 142619,error: 22.503159303191705,total_acc: 0.03725310042500496
[2024-07-02 21:37:35,881][train.py][line:87][INFO] ---------------epoch 22---------------
lr: [1e-05]
[2024-07-02 21:38:50,068][train.py][line:105][INFO] [training]total_num: 142619.0,error: 1.2634902649314692
[2024-07-02 21:39:22,002][train.py][line:143][INFO] [testing]total_number: 142619,error: 8.368102817670673,total_acc: 0.06816062331199646
[2024-07-02 21:39:22,007][train.py][line:87][INFO] ---------------epoch 23---------------
lr: [1e-05]
[2024-07-02 21:40:36,034][train.py][line:105][INFO] [training]total_num: 142619.0,error: 1.176903798964852
[2024-07-02 21:41:08,352][train.py][line:143][INFO] [testing]total_number: 142619,error: 14.161764883825965,total_acc: 0.04196495562791824
[2024-07-02 21:41:08,357][train.py][line:87][INFO] ---------------epoch 24---------------
lr: [1e-05]
[2024-07-02 21:42:22,289][train.py][line:105][INFO] [training]total_num: 142619.0,error: 1.092668335065774
[2024-07-02 21:42:54,353][train.py][line:143][INFO] [testing]total_number: 142619,error: 4.0914007995991,total_acc: 0.21251025795936584
[2024-07-02 21:42:54,635][train.py][line:87][INFO] ---------------epoch 25---------------
lr: [1e-05]
[2024-07-02 21:44:08,878][train.py][line:105][INFO] [training]total_num: 142619.0,error: 1.003278467989137
[2024-07-02 21:44:40,913][train.py][line:143][INFO] [testing]total_number: 142619,error: 9.967288641219444,total_acc: 0.006289484445005655
[2024-07-02 21:44:40,917][train.py][line:87][INFO] ---------------epoch 26---------------
lr: [1e-05]
[2024-07-02 21:45:55,101][train.py][line:105][INFO] [training]total_num: 142619.0,error: 0.9261232868153998
[2024-07-02 21:46:27,300][train.py][line:143][INFO] [testing]total_number: 142619,error: 9.343504310499691,total_acc: 0.08711321651935577
[2024-07-02 21:46:27,304][train.py][line:87][INFO] ---------------epoch 27---------------
lr: [1e-05]
[2024-07-02 21:47:41,970][train.py][line:105][INFO] [training]total_num: 142619.0,error: 0.8432230084923142
[2024-07-02 21:48:13,732][train.py][line:143][INFO] [testing]total_number: 142619,error: 4.29150500745638,total_acc: 0.20554764568805695
[2024-07-02 21:48:13,737][train.py][line:87][INFO] ---------------epoch 28---------------
lr: [1e-05]
[2024-07-02 21:49:27,671][train.py][line:105][INFO] [training]total_num: 142619.0,error: 0.7618538050892505
[2024-07-02 21:49:59,640][train.py][line:143][INFO] [testing]total_number: 142619,error: 12.497339877676456,total_acc: 0.014402007684111595
[2024-07-02 21:49:59,644][train.py][line:87][INFO] ---------------epoch 29---------------
lr: [1e-05]
[2024-07-02 21:51:13,534][train.py][line:105][INFO] [training]total_num: 142619.0,error: 0.6896290124413815
[2024-07-02 21:51:45,551][train.py][line:143][INFO] [testing]total_number: 142619,error: 5.903871258099874,total_acc: 0.061387334018945694
[2024-07-02 21:51:45,555][train.py][line:87][INFO] ---------------epoch 30---------------
lr: [1e-05]
[2024-07-02 21:52:59,627][train.py][line:105][INFO] [training]total_num: 142619.0,error: 0.6323620582408939
[2024-07-02 21:53:31,982][train.py][line:143][INFO] [testing]total_number: 142619,error: 6.281934146340012,total_acc: 0.09458066523075104
[2024-07-02 21:53:31,986][train.py][line:87][INFO] ---------------epoch 31---------------
lr: [1e-05]
[2024-07-02 21:54:46,254][train.py][line:105][INFO] [training]total_num: 142619.0,error: 0.5446910591307261
[2024-07-02 21:55:18,381][train.py][line:143][INFO] [testing]total_number: 142619,error: 10.667666009131898,total_acc: 0.08470820635557175
[2024-07-02 21:55:18,385][train.py][line:87][INFO] ---------------epoch 32---------------
lr: [1e-05]
[2024-07-02 21:56:32,301][train.py][line:105][INFO] [training]total_num: 142619.0,error: 0.5164221309600993
[2024-07-02 21:57:04,651][train.py][line:143][INFO] [testing]total_number: 142619,error: 12.036940353136536,total_acc: 0.01658264361321926
[2024-07-02 21:57:04,655][train.py][line:87][INFO] ---------------epoch 33---------------
lr: [1e-05]
[2024-07-02 21:58:19,161][train.py][line:105][INFO] [training]total_num: 142619.0,error: 0.45753368946677403
[2024-07-02 21:58:51,255][train.py][line:143][INFO] [testing]total_number: 142619,error: 14.134449867492027,total_acc: 0.07179267704486847
[2024-07-02 21:58:51,259][train.py][line:87][INFO] ---------------epoch 34---------------
lr: [1e-05]
[2024-07-02 22:00:05,241][train.py][line:105][INFO] [training]total_num: 142619.0,error: 0.4348775990148808
[2024-07-02 22:00:37,503][train.py][line:143][INFO] [testing]total_number: 142619,error: 10.41786439029883,total_acc: 0.020361943170428276
[2024-07-02 22:00:37,507][train.py][line:87][INFO] ---------------epoch 35---------------
lr: [1e-05]
[2024-07-02 22:01:51,849][train.py][line:105][INFO] [training]total_num: 142619.0,error: 0.38603270484517654
[2024-07-02 22:02:24,216][train.py][line:143][INFO] [testing]total_number: 142619,error: 6.0001769995858485,total_acc: 0.07557898759841919
[2024-07-02 22:02:24,221][train.py][line:87][INFO] ---------------epoch 36---------------
lr: [1e-05]
[2024-07-02 22:03:38,823][train.py][line:105][INFO] [training]total_num: 142619.0,error: 0.3238039093078874
[2024-07-02 22:04:11,180][train.py][line:143][INFO] [testing]total_number: 142619,error: 16.57428409867253,total_acc: 0.014465113170444965
[2024-07-02 22:04:11,184][train.py][line:87][INFO] ---------------epoch 37---------------
lr: [1e-05]
[2024-07-02 22:05:25,738][train.py][line:105][INFO] [training]total_num: 142619.0,error: 0.3363505237015849
[2024-07-02 22:05:58,500][train.py][line:143][INFO] [testing]total_number: 142619,error: 5.250438964536004,total_acc: 0.12638568878173828
[2024-07-02 22:05:58,505][train.py][line:87][INFO] ---------------epoch 38---------------
lr: [1e-05]
[2024-07-02 22:07:13,137][train.py][line:105][INFO] [training]total_num: 142619.0,error: 0.3099006430265751
[2024-07-02 22:07:45,256][train.py][line:143][INFO] [testing]total_number: 142619,error: 23.342894415483407,total_acc: 0.03864842653274536
[2024-07-02 22:07:45,261][train.py][line:87][INFO] ---------------epoch 39---------------
lr: [1e-05]
[2024-07-02 22:08:59,293][train.py][line:105][INFO] [training]total_num: 142619.0,error: 0.3116223353707621
[2024-07-02 22:09:31,457][train.py][line:143][INFO] [testing]total_number: 142619,error: 5.694165327024798,total_acc: 0.25639641284942627
[2024-07-02 22:09:31,737][train.py][line:87][INFO] ---------------epoch 40---------------
lr: [1e-05]
[2024-07-02 22:10:45,982][train.py][line:105][INFO] [training]total_num: 142619.0,error: 0.2520734013210163
[2024-07-02 22:11:18,091][train.py][line:143][INFO] [testing]total_number: 142619,error: 3.743252821847902,total_acc: 0.3142428398132324
[2024-07-02 22:11:18,374][train.py][line:87][INFO] ---------------epoch 41---------------
lr: [1e-05]
[2024-07-02 22:12:32,820][train.py][line:105][INFO] [training]total_num: 142619.0,error: 0.2587252289109619
[2024-07-02 22:13:05,553][train.py][line:143][INFO] [testing]total_number: 142619,error: 16.418600038433752,total_acc: 0.05962739884853363
[2024-07-02 22:13:05,558][train.py][line:87][INFO] ---------------epoch 42---------------
lr: [1e-05]
[2024-07-02 22:14:19,865][train.py][line:105][INFO] [training]total_num: 142619.0,error: 0.2138857882443472
[2024-07-02 22:14:52,145][train.py][line:143][INFO] [testing]total_number: 142619,error: 6.779254754384358,total_acc: 0.13930121064186096
[2024-07-02 22:14:52,150][train.py][line:87][INFO] ---------------epoch 43---------------
lr: [1e-05]
[2024-07-02 22:16:06,707][train.py][line:105][INFO] [training]total_num: 142619.0,error: 0.20294590410611307
[2024-07-02 22:16:39,345][train.py][line:143][INFO] [testing]total_number: 142619,error: 14.140740149410059,total_acc: 0.05450185388326645
[2024-07-02 22:16:39,350][train.py][line:87][INFO] ---------------epoch 44---------------
lr: [1e-05]
[2024-07-02 22:17:53,403][train.py][line:105][INFO] [training]total_num: 142619.0,error: 0.20614394957714893
[2024-07-02 22:18:25,793][train.py][line:143][INFO] [testing]total_number: 142619,error: 18.3161586446965,total_acc: 0.046073805540800095
[2024-07-02 22:18:25,798][train.py][line:87][INFO] ---------------epoch 45---------------
lr: [1e-05]
[2024-07-02 22:19:39,598][train.py][line:105][INFO] [training]total_num: 142619.0,error: 0.18268864002765706
[2024-07-02 22:20:11,946][train.py][line:143][INFO] [testing]total_number: 142619,error: 5.556930507328493,total_acc: 0.1951984018087387
[2024-07-02 22:20:11,950][train.py][line:87][INFO] ---------------epoch 46---------------
lr: [1e-05]
[2024-07-02 22:21:26,035][train.py][line:105][INFO] [training]total_num: 142619.0,error: 0.1625128547852555
[2024-07-02 22:21:58,170][train.py][line:143][INFO] [testing]total_number: 142619,error: 6.687094812697553,total_acc: 0.06402372568845749
[2024-07-02 22:21:58,174][train.py][line:87][INFO] ---------------epoch 47---------------
lr: [1e-05]
[2024-07-02 22:23:12,174][train.py][line:105][INFO] [training]total_num: 142619.0,error: 0.1623550446122779
[2024-07-02 22:23:43,790][train.py][line:143][INFO] [testing]total_number: 142619,error: 7.152567056053919,total_acc: 0.07808216661214828
[2024-07-02 22:23:43,793][train.py][line:87][INFO] ---------------epoch 48---------------
lr: [1e-05]
[2024-07-02 22:24:57,574][train.py][line:105][INFO] [training]total_num: 142619.0,error: 0.13511295824027653
[2024-07-02 22:25:29,636][train.py][line:143][INFO] [testing]total_number: 142619,error: 4.8415658761423535,total_acc: 0.31370994448661804
[2024-07-02 22:25:29,642][train.py][line:87][INFO] ---------------epoch 49---------------
lr: [1e-05]
[2024-07-02 22:26:43,947][train.py][line:105][INFO] [training]total_num: 142619.0,error: 0.1862127654492221
[2024-07-02 22:27:15,671][train.py][line:143][INFO] [testing]total_number: 142619,error: 28.731507433221694,total_acc: 0.01248781755566597
[2024-07-02 22:27:15,675][train.py][line:87][INFO] ---------------epoch 50---------------
lr: [1e-05]
[2024-07-02 22:28:29,967][train.py][line:105][INFO] [training]total_num: 142619.0,error: 0.1488482639035012
[2024-07-02 22:29:02,154][train.py][line:143][INFO] [testing]total_number: 142619,error: 7.005425140367332,total_acc: 0.14540839195251465
[2024-07-02 22:29:02,160][train.py][line:87][INFO] ---------------epoch 51---------------
lr: [1e-05]
[2024-07-02 22:30:15,924][train.py][line:105][INFO] [training]total_num: 142619.0,error: 0.10856148768348474
[2024-07-02 22:30:48,378][train.py][line:143][INFO] [testing]total_number: 142619,error: 10.991818439875933,total_acc: 0.06243908777832985
[2024-07-02 22:30:48,383][train.py][line:87][INFO] ---------------epoch 52---------------
lr: [9.998026259498021e-06]
[2024-07-02 22:32:02,313][train.py][line:105][INFO] [training]total_num: 142619.0,error: 0.17304007193826615
[2024-07-02 22:32:35,103][train.py][line:143][INFO] [testing]total_number: 142619,error: 6.646754362904433,total_acc: 0.13292759656906128
[2024-07-02 22:32:35,108][train.py][line:87][INFO] ---------------epoch 53---------------
lr: [9.993093369094605e-06]
[2024-07-02 22:33:49,161][train.py][line:105][INFO] [training]total_num: 142619.0,error: 0.16010954653751766
[2024-07-02 22:34:20,894][train.py][line:143][INFO] [testing]total_number: 142619,error: 4.321668112531621,total_acc: 0.2864134609699249
[2024-07-02 22:34:20,898][train.py][line:87][INFO] ---------------epoch 54---------------
lr: [9.986190524833163e-06]
[2024-07-02 22:35:34,983][train.py][line:105][INFO] [training]total_num: 142619.0,error: 0.10500811588626804
[2024-07-02 22:36:07,294][train.py][line:143][INFO] [testing]total_number: 142619,error: 15.834964336232936,total_acc: 0.05256662890315056
[2024-07-02 22:36:07,299][train.py][line:87][INFO] ---------------epoch 55---------------
lr: [9.977320754244406e-06]
[2024-07-02 22:37:21,380][train.py][line:105][INFO] [training]total_num: 142619.0,error: 0.09672381703457827
[2024-07-02 22:37:53,780][train.py][line:143][INFO] [testing]total_number: 142619,error: 13.937923477051106,total_acc: 0.03210652247071266
[2024-07-02 22:37:53,784][train.py][line:87][INFO] ---------------epoch 56---------------
lr: [9.96648794761772e-06]
[2024-07-02 22:39:07,923][train.py][line:105][INFO] [training]total_num: 142619.0,error: 0.13336013892255988
[2024-07-02 22:39:40,400][train.py][line:143][INFO] [testing]total_number: 142619,error: 3.406863847522871,total_acc: 0.370329350233078
[2024-07-02 22:39:40,674][train.py][line:87][INFO] ---------------epoch 57---------------
lr: [9.953696856294632e-06]
[2024-07-02 22:40:54,562][train.py][line:105][INFO] [training]total_num: 142619.0,error: 0.12565046070962615
[2024-07-02 22:41:26,284][train.py][line:143][INFO] [testing]total_number: 142619,error: 6.314940864312733,total_acc: 0.2461313009262085
[2024-07-02 22:41:26,288][train.py][line:87][INFO] ---------------epoch 58---------------
lr: [9.938953090584587e-06]
[2024-07-02 22:42:40,232][train.py][line:105][INFO] [training]total_num: 142619.0,error: 0.0951181165642825
[2024-07-02 22:43:12,442][train.py][line:143][INFO] [testing]total_number: 142619,error: 43.521735110181446,total_acc: 0.03615226596593857
[2024-07-02 22:43:12,447][train.py][line:87][INFO] ---------------epoch 59---------------
lr: [9.92226311730396e-06]
[2024-07-02 22:44:26,671][train.py][line:105][INFO] [training]total_num: 142619.0,error: 0.11056856946121399
[2024-07-02 22:44:59,225][train.py][line:143][INFO] [testing]total_number: 142619,error: 12.528720547966923,total_acc: 0.03817163035273552
[2024-07-02 22:44:59,229][train.py][line:87][INFO] ---------------epoch 60---------------
lr: [9.903634256939361e-06]
[2024-07-02 22:46:13,714][train.py][line:105][INFO] [training]total_num: 142619.0,error: 0.09620394934206566
[2024-07-02 22:46:45,566][train.py][line:143][INFO] [testing]total_number: 142619,error: 13.919791037309254,total_acc: 0.09622140228748322
[2024-07-02 22:46:45,570][train.py][line:87][INFO] ---------------epoch 61---------------
lr: [9.883074680436502e-06]
[2024-07-02 22:47:59,732][train.py][line:105][INFO] [training]total_num: 142619.0,error: 0.09381892838257741
[2024-07-02 22:48:31,953][train.py][line:143][INFO] [testing]total_number: 142619,error: 7.904272079467773,total_acc: 0.17115531861782074
[2024-07-02 22:48:31,958][train.py][line:87][INFO] ---------------epoch 62---------------
lr: [9.860593405616024e-06]
[2024-07-02 22:49:45,966][train.py][line:105][INFO] [training]total_num: 142619.0,error: 0.10787712062993055
[2024-07-02 22:50:18,173][train.py][line:143][INFO] [testing]total_number: 142619,error: 13.621336062749227,total_acc: 0.07616797089576721
[2024-07-02 22:50:18,178][train.py][line:87][INFO] ---------------epoch 63---------------
lr: [9.836200293217845e-06]
[2024-07-02 22:51:31,884][train.py][line:105][INFO] [training]total_num: 142619.0,error: 0.10797972341583288
[2024-07-02 22:52:03,811][train.py][line:143][INFO] [testing]total_number: 142619,error: 16.626254524744994,total_acc: 0.07203808426856995
[2024-07-02 22:52:03,815][train.py][line:87][INFO] ---------------epoch 64---------------
lr: [9.809906042575785e-06]
[2024-07-02 22:53:17,641][train.py][line:105][INFO] [training]total_num: 142619.0,error: 0.0728613858917028
[2024-07-02 22:53:49,251][train.py][line:143][INFO] [testing]total_number: 142619,error: 11.87660779682457,total_acc: 0.07358767092227936
[2024-07-02 22:53:49,255][train.py][line:87][INFO] ---------------epoch 65---------------
lr: [9.781722186924337e-06]
[2024-07-02 22:55:03,373][train.py][line:105][INFO] [training]total_num: 142619.0,error: 0.0806827571520463
[2024-07-02 22:55:35,016][train.py][line:143][INFO] [testing]total_number: 142619,error: 7.080455845974861,total_acc: 0.0693385899066925
[2024-07-02 22:55:35,021][train.py][line:87][INFO] ---------------epoch 66---------------
lr: [9.751661088339706e-06]
[2024-07-02 22:56:49,276][train.py][line:105][INFO] [training]total_num: 142619.0,error: 0.12005583126203599
[2024-07-02 22:57:21,399][train.py][line:143][INFO] [testing]total_number: 142619,error: 23.315095384070215,total_acc: 0.04665577411651611
[2024-07-02 22:57:21,404][train.py][line:87][INFO] ---------------epoch 67---------------
lr: [9.719735932317202e-06]
[2024-07-02 22:58:35,347][train.py][line:105][INFO] [training]total_num: 142619.0,error: 0.08581591218194747
[2024-07-02 22:59:07,297][train.py][line:143][INFO] [testing]total_number: 142619,error: 9.976522110878154,total_acc: 0.159810408949852
[2024-07-02 22:59:07,302][train.py][line:87][INFO] ---------------epoch 68---------------
lr: [9.685960721987547e-06]
[2024-07-02 23:00:21,383][train.py][line:105][INFO] [training]total_num: 142619.0,error: 0.05830485910236677
[2024-07-02 23:00:53,361][train.py][line:143][INFO] [testing]total_number: 142619,error: 16.17411629020745,total_acc: 0.056934911757707596
[2024-07-02 23:00:53,366][train.py][line:87][INFO] ---------------epoch 69---------------
lr: [9.650350271974478e-06]
[2024-07-02 23:02:07,441][train.py][line:105][INFO] [training]total_num: 142619.0,error: 0.07290139711785612
[2024-07-02 23:02:39,078][train.py][line:143][INFO] [testing]total_number: 142619,error: 13.651033842817267,total_acc: 0.13054361939430237
[2024-07-02 23:02:39,082][train.py][line:87][INFO] ---------------epoch 70---------------
lr: [9.61292020189641e-06]
[2024-07-02 23:03:52,791][train.py][line:105][INFO] [training]total_num: 142619.0,error: 0.07710454673902627
[2024-07-02 23:04:24,704][train.py][line:143][INFO] [testing]total_number: 142619,error: 4.644024176377776,total_acc: 0.27753666043281555
[2024-07-02 23:04:24,708][train.py][line:87][INFO] ---------------epoch 71---------------
lr: [9.573686929515006e-06]
[2024-07-02 23:05:38,435][train.py][line:105][INFO] [training]total_num: 142619.0,error: 0.0797374994817672
[2024-07-02 23:06:10,539][train.py][line:143][INFO] [testing]total_number: 142619,error: 4.780271896656523,total_acc: 0.299728661775589
[2024-07-02 23:06:10,543][train.py][line:87][INFO] ---------------epoch 72---------------
lr: [9.532667663533657e-06]
[2024-07-02 23:07:24,782][train.py][line:105][INFO] [training]total_num: 142619.0,error: 0.06165271916869262
[2024-07-02 23:07:56,681][train.py][line:143][INFO] [testing]total_number: 142619,error: 14.681522682203468,total_acc: 0.04209817945957184
[2024-07-02 23:07:56,684][train.py][line:87][INFO] ---------------epoch 73---------------
lr: [9.489880396049002e-06]
[2024-07-02 23:09:10,997][train.py][line:105][INFO] [training]total_num: 142619.0,error: 0.11037241907935616
[2024-07-02 23:09:43,534][train.py][line:143][INFO] [testing]total_number: 142619,error: 13.191140151192956,total_acc: 0.025676803663372993
[2024-07-02 23:09:43,538][train.py][line:87][INFO] ---------------epoch 74---------------
lr: [9.445343894658847e-06]
[2024-07-02 23:10:57,334][train.py][line:105][INFO] [training]total_num: 142619.0,error: 0.09299016649775366
[2024-07-02 23:11:29,319][train.py][line:143][INFO] [testing]total_number: 142619,error: 2.7118202490164034,total_acc: 0.5090766549110413
[2024-07-02 23:11:29,608][train.py][line:87][INFO] ---------------epoch 75---------------
lr: [9.399077694229911e-06]
[2024-07-02 23:12:43,344][train.py][line:105][INFO] [training]total_num: 142619.0,error: 0.049087805559541633
[2024-07-02 23:13:15,300][train.py][line:143][INFO] [testing]total_number: 142619,error: 24.902860928934516,total_acc: 0.01543973758816719
[2024-07-02 23:13:15,303][train.py][line:87][INFO] ---------------epoch 76---------------
lr: [9.351102088328994e-06]
[2024-07-02 23:14:29,211][train.py][line:105][INFO] [training]total_num: 142619.0,error: 0.06365761094799278
[2024-07-02 23:15:00,988][train.py][line:143][INFO] [testing]total_number: 142619,error: 4.379765055703778,total_acc: 0.4102398753166199
[2024-07-02 23:15:00,992][train.py][line:87][INFO] ---------------epoch 77---------------
lr: [9.30143812032139e-06]
[2024-07-02 23:16:14,958][train.py][line:105][INFO] [training]total_num: 142619.0,error: 0.05570134386776927
[2024-07-02 23:16:46,935][train.py][line:143][INFO] [testing]total_number: 142619,error: 14.394585093707903,total_acc: 0.13789887726306915
[2024-07-02 23:16:46,941][train.py][line:87][INFO] ---------------epoch 78---------------
lr: [9.250107574140377e-06]
[2024-07-02 23:18:01,409][train.py][line:105][INFO] [training]total_num: 142619.0,error: 0.0782328774534985
[2024-07-02 23:18:33,368][train.py][line:143][INFO] [testing]total_number: 142619,error: 2.697184721417461,total_acc: 0.4656742811203003
[2024-07-02 23:18:33,649][train.py][line:87][INFO] ---------------epoch 79---------------
lr: [9.197132964731878e-06]
[2024-07-02 23:19:47,877][train.py][line:105][INFO] [training]total_num: 142619.0,error: 0.060379620539090524
[2024-07-02 23:20:19,512][train.py][line:143][INFO] [testing]total_number: 142619,error: 3.638597693849117,total_acc: 0.3709814250469208
[2024-07-02 23:20:19,516][train.py][line:87][INFO] ---------------epoch 80---------------
lr: [9.142537528178467e-06]
[2024-07-02 23:21:33,242][train.py][line:105][INFO] [training]total_num: 142619.0,error: 0.06593743158035403
[2024-07-02 23:22:05,209][train.py][line:143][INFO] [testing]total_number: 142619,error: 9.428664893968731,total_acc: 0.09353592246770859
[2024-07-02 23:22:05,213][train.py][line:87][INFO] ---------------epoch 81---------------
lr: [9.08634521150704e-06]
[2024-07-02 23:23:19,280][train.py][line:105][INFO] [training]total_num: 142619.0,error: 0.07594778884783493
[2024-07-02 23:23:51,487][train.py][line:143][INFO] [testing]total_number: 142619,error: 8.278344884831855,total_acc: 0.06135227531194687
[2024-07-02 23:23:51,491][train.py][line:87][INFO] ---------------epoch 82---------------
lr: [9.028580662184658e-06]
[2024-07-02 23:25:05,446][train.py][line:105][INFO] [training]total_num: 142619.0,error: 0.09547197047938058
[2024-07-02 23:25:37,916][train.py][line:143][INFO] [testing]total_number: 142619,error: 6.266955401035065,total_acc: 0.22626017034053802
[2024-07-02 23:25:37,921][train.py][line:87][INFO] ---------------epoch 83---------------
lr: [8.969269217307134e-06]
[2024-07-02 23:26:52,233][train.py][line:105][INFO] [training]total_num: 142619.0,error: 0.03233534390608787
[2024-07-02 23:27:24,497][train.py][line:143][INFO] [testing]total_number: 142619,error: 11.721009355910281,total_acc: 0.09059101343154907
[2024-07-02 23:27:24,501][train.py][line:87][INFO] ---------------epoch 84---------------
lr: [8.908436892485109e-06]
[2024-07-02 23:28:38,857][train.py][line:105][INFO] [training]total_num: 142619.0,error: 0.045816240513512324
[2024-07-02 23:29:11,303][train.py][line:143][INFO] [testing]total_number: 142619,error: 9.95063996399548,total_acc: 0.15671825408935547
[2024-07-02 23:29:11,308][train.py][line:87][INFO] ---------------epoch 85---------------
lr: [8.846110370432523e-06]
[2024-07-02 23:30:25,051][train.py][line:105][INFO] [training]total_num: 142619.0,error: 0.08263560653092829
[2024-07-02 23:30:57,381][train.py][line:143][INFO] [testing]total_number: 142619,error: 25.13944203126515,total_acc: 0.0544387511909008
[2024-07-02 23:30:57,386][train.py][line:87][INFO] ---------------epoch 86---------------
lr: [8.782316989262442e-06]
[2024-07-02 23:32:11,270][train.py][line:105][INFO] [training]total_num: 142619.0,error: 0.03703618136809227
[2024-07-02 23:32:43,771][train.py][line:143][INFO] [testing]total_number: 142619,error: 8.048656157567992,total_acc: 0.14817100763320923
[2024-07-02 23:32:43,776][train.py][line:87][INFO] ---------------epoch 87---------------
lr: [8.717084730495394e-06]
[2024-07-02 23:33:57,740][train.py][line:105][INFO] [training]total_num: 142619.0,error: 0.06314569263775166
[2024-07-02 23:34:29,718][train.py][line:143][INFO] [testing]total_number: 142619,error: 8.405014818441783,total_acc: 0.15964913368225098
[2024-07-02 23:34:29,723][train.py][line:87][INFO] ---------------epoch 88---------------
lr: [8.650442206785514e-06]
[2024-07-02 23:35:43,638][train.py][line:105][INFO] [training]total_num: 142619.0,error: 0.03811271593110068
[2024-07-02 23:36:15,666][train.py][line:143][INFO] [testing]total_number: 142619,error: 21.979819101644747,total_acc: 0.0218554325401783
[2024-07-02 23:36:15,671][train.py][line:87][INFO] ---------------epoch 89---------------
lr: [8.582418649369774e-06]
[2024-07-02 23:37:29,313][train.py][line:105][INFO] [training]total_num: 142619.0,error: 0.05410031353681619
[2024-07-02 23:38:01,550][train.py][line:143][INFO] [testing]total_number: 142619,error: 3.63795886373689,total_acc: 0.4138719141483307
[2024-07-02 23:38:01,554][train.py][line:87][INFO] ---------------epoch 90---------------
lr: [8.51304389524593e-06]
[2024-07-02 23:39:15,577][train.py][line:105][INFO] [training]total_num: 142619.0,error: 0.0677717857769565
[2024-07-02 23:39:47,563][train.py][line:143][INFO] [testing]total_number: 142619,error: 2.1771805337134826,total_acc: 0.5451167225837708
[2024-07-02 23:39:47,854][train.py][line:87][INFO] ---------------epoch 91---------------
lr: [8.442348374084725e-06]
[2024-07-02 23:41:01,644][train.py][line:105][INFO] [training]total_num: 142619.0,error: 0.033215812718700485
[2024-07-02 23:41:33,769][train.py][line:143][INFO] [testing]total_number: 142619,error: 5.252463046540606,total_acc: 0.2688632011413574
[2024-07-02 23:41:33,774][train.py][line:87][INFO] ---------------epoch 92---------------
lr: [8.37036309488211e-06]
[2024-07-02 23:42:48,053][train.py][line:105][INFO] [training]total_num: 142619.0,error: 0.04128308079109679
[2024-07-02 23:43:20,357][train.py][line:143][INFO] [testing]total_number: 142619,error: 12.784528378899216,total_acc: 0.05298732966184616
[2024-07-02 23:43:20,361][train.py][line:87][INFO] ---------------epoch 93---------------
lr: [8.297119632357342e-06]
[2024-07-02 23:44:34,726][train.py][line:105][INFO] [training]total_num: 142619.0,error: 0.05532465668903756
[2024-07-02 23:45:07,089][train.py][line:143][INFO] [testing]total_number: 142619,error: 5.55795677925678,total_acc: 0.18324346840381622
[2024-07-02 23:45:07,094][train.py][line:87][INFO] ---------------epoch 94---------------
lr: [8.22265011310293e-06]
[2024-07-02 23:46:21,068][train.py][line:105][INFO] [training]total_num: 142619.0,error: 0.04772943495987446
[2024-07-02 23:46:52,613][train.py][line:143][INFO] [testing]total_number: 142619,error: 53.614355804226925,total_acc: 0.039489828050136566
[2024-07-02 23:46:52,616][train.py][line:87][INFO] ---------------epoch 95---------------
lr: [8.146987201492483e-06]
[2024-07-02 23:48:06,367][train.py][line:105][INFO] [training]total_num: 142619.0,error: 0.02936712513737222
[2024-07-02 23:48:39,541][train.py][line:143][INFO] [testing]total_number: 142619,error: 12.018276361708946,total_acc: 0.047812703996896744
[2024-07-02 23:48:39,546][train.py][line:87][INFO] ---------------epoch 96---------------
lr: [8.070164085352662e-06]
[2024-07-02 23:49:53,787][train.py][line:105][INFO] [training]total_num: 142619.0,error: 0.034352317834702314
[2024-07-02 23:50:26,104][train.py][line:143][INFO] [testing]total_number: 142619,error: 5.5070198880019765,total_acc: 0.3402421772480011
[2024-07-02 23:50:26,108][train.py][line:87][INFO] ---------------epoch 97---------------
lr: [7.992214461405502e-06]
[2024-07-02 23:51:40,168][train.py][line:105][INFO] [training]total_num: 142619.0,error: 0.04342432070526803
[2024-07-02 23:52:12,510][train.py][line:143][INFO] [testing]total_number: 142619,error: 7.050648626706279,total_acc: 0.1933823674917221
[2024-07-02 23:52:12,514][train.py][line:87][INFO] ---------------epoch 98---------------
lr: [7.913172520487486e-06]
[2024-07-02 23:53:26,777][train.py][line:105][INFO] [training]total_num: 142619.0,error: 0.04240669581811241
[2024-07-02 23:53:58,709][train.py][line:143][INFO] [testing]total_number: 142619,error: 12.606623211650984,total_acc: 0.08863475173711777
[2024-07-02 23:53:58,713][train.py][line:87][INFO] ---------------epoch 99---------------
lr: [7.833072932551907e-06]
[2024-07-02 23:55:12,499][train.py][line:105][INFO] [training]total_num: 142619.0,error: 0.025161275531971127
[2024-07-02 23:55:44,381][train.py][line:143][INFO] [testing]total_number: 142619,error: 26.363312531870307,total_acc: 0.04290452226996422
[2024-07-02 23:55:44,387][train.py][line:87][INFO] ---------------epoch 100---------------
lr: [7.751950831460985e-06]
[2024-07-02 23:56:58,328][train.py][line:105][INFO] [training]total_num: 142619.0,error: 0.05886474563261322
[2024-07-02 23:57:30,368][train.py][line:143][INFO] [testing]total_number: 142619,error: 19.214360859377166,total_acc: 0.07534059137105942
[2024-07-02 23:57:30,373][train.py][line:87][INFO] ---------------epoch 101---------------
lr: [7.669841799574522e-06]
[2024-07-02 23:58:45,144][train.py][line:105][INFO] [training]total_num: 142619.0,error: 0.04530816554035727
[2024-07-02 23:59:17,409][train.py][line:143][INFO] [testing]total_number: 142619,error: 5.539617776025271,total_acc: 0.2259516566991806
[2024-07-02 23:59:17,414][train.py][line:87][INFO] ---------------epoch 102---------------
lr: [7.586781852141802e-06]
[2024-07-03 00:00:31,381][train.py][line:105][INFO] [training]total_num: 142619.0,error: 0.0340353846492193
[2024-07-03 00:01:03,405][train.py][line:143][INFO] [testing]total_number: 142619,error: 10.09741858556761,total_acc: 0.06464075297117233
[2024-07-03 00:01:03,410][train.py][line:87][INFO] ---------------epoch 103---------------
lr: [7.502807421503556e-06]
[2024-07-03 00:02:17,706][train.py][line:105][INFO] [training]total_num: 142619.0,error: 0.059456474567162444
[2024-07-03 00:02:50,184][train.py][line:143][INFO] [testing]total_number: 142619,error: 7.128828807925502,total_acc: 0.11089686304330826
[2024-07-03 00:02:50,188][train.py][line:87][INFO] ---------------epoch 104---------------
lr: [7.417955341110963e-06]
[2024-07-03 00:04:04,170][train.py][line:105][INFO] [training]total_num: 142619.0,error: 0.02411309024897001
[2024-07-03 00:04:36,257][train.py][line:143][INFO] [testing]total_number: 142619,error: 8.393184208700843,total_acc: 0.20344413816928864
[2024-07-03 00:04:36,262][train.py][line:87][INFO] ---------------epoch 105---------------
lr: [7.332262829368702e-06]
[2024-07-03 00:05:50,679][train.py][line:105][INFO] [training]total_num: 142619.0,error: 0.025338892336168612
[2024-07-03 00:06:22,862][train.py][line:143][INFO] [testing]total_number: 142619,error: 19.027035584686494,total_acc: 0.021070124581456184
[2024-07-03 00:06:22,867][train.py][line:87][INFO] ---------------epoch 106---------------
lr: [7.245767473309069e-06]
[2024-07-03 00:07:36,738][train.py][line:105][INFO] [training]total_num: 142619.0,error: 0.03899712598691067
[2024-07-03 00:08:09,003][train.py][line:143][INFO] [testing]total_number: 142619,error: 38.316833651657646,total_acc: 0.041453100740909576
[2024-07-03 00:08:09,009][train.py][line:87][INFO] ---------------epoch 107---------------
lr: [7.158507212104409e-06]
[2024-07-03 00:09:23,624][train.py][line:105][INFO] [training]total_num: 142619.0,error: 0.03323181444310075
[2024-07-03 00:09:55,937][train.py][line:143][INFO] [testing]total_number: 142619,error: 3.8109436149292804,total_acc: 0.3838408589363098
[2024-07-03 00:09:55,942][train.py][line:87][INFO] ---------------epoch 108---------------
lr: [7.0705203204250245e-06]
[2024-07-03 00:11:10,069][train.py][line:105][INFO] [training]total_num: 142619.0,error: 0.02226666949651409
[2024-07-03 00:11:42,564][train.py][line:143][INFO] [testing]total_number: 142619,error: 30.3821613399695,total_acc: 0.05502773076295853
[2024-07-03 00:11:42,568][train.py][line:87][INFO] ---------------epoch 109---------------
lr: [6.981845391649878e-06]
[2024-07-03 00:12:56,640][train.py][line:105][INFO] [training]total_num: 142619.0,error: 0.03175717653419347
[2024-07-03 00:13:28,273][train.py][line:143][INFO] [testing]total_number: 142619,error: 11.972393374071054,total_acc: 0.10556798428297043
[2024-07-03 00:13:28,277][train.py][line:87][INFO] ---------------epoch 110---------------
lr: [6.892521320937489e-06]
[2024-07-03 00:14:42,719][train.py][line:105][INFO] [training]total_num: 142619.0,error: 0.05215648473455102
[2024-07-03 00:15:14,719][train.py][line:143][INFO] [testing]total_number: 142619,error: 4.716303297391175,total_acc: 0.30204951763153076
[2024-07-03 00:15:14,723][train.py][line:87][INFO] ---------------epoch 111---------------
lr: [6.80258728816436e-06]
[2024-07-03 00:16:28,767][train.py][line:105][INFO] [training]total_num: 142619.0,error: 0.047176793689099765
[2024-07-03 00:17:00,695][train.py][line:143][INFO] [testing]total_number: 142619,error: 22.33324065783345,total_acc: 0.06772589683532715
[2024-07-03 00:17:00,699][train.py][line:87][INFO] ---------------epoch 112---------------
lr: [6.712082740738502e-06]
[2024-07-03 00:18:14,730][train.py][line:105][INFO] [training]total_num: 142619.0,error: 0.03498535729195024
[2024-07-03 00:18:46,667][train.py][line:143][INFO] [testing]total_number: 142619,error: 5.122564073572767,total_acc: 0.3409433662891388
[2024-07-03 00:18:46,671][train.py][line:87][INFO] ---------------epoch 113---------------
lr: [6.6210473762955464e-06]
[2024-07-03 00:20:01,013][train.py][line:105][INFO] [training]total_num: 142619.0,error: 0.02842712732476136
[2024-07-03 00:20:33,122][train.py][line:143][INFO] [testing]total_number: 142619,error: 21.76393937050028,total_acc: 0.05357631295919418
[2024-07-03 00:20:33,126][train.py][line:87][INFO] ---------------epoch 114---------------
lr: [6.52952112528503e-06]
[2024-07-03 00:21:47,026][train.py][line:105][INFO] [training]total_num: 142619.0,error: 0.028130712247278596
[2024-07-03 00:22:19,472][train.py][line:143][INFO] [testing]total_number: 142619,error: 8.739326782260381,total_acc: 0.14675463736057281
[2024-07-03 00:22:19,476][train.py][line:87][INFO] ---------------epoch 115---------------
lr: [6.437544133454508e-06]
[2024-07-03 00:23:33,882][train.py][line:105][INFO] [training]total_num: 142619.0,error: 0.02656882733035608
[2024-07-03 00:24:05,680][train.py][line:143][INFO] [testing]total_number: 142619,error: 8.924889732759896,total_acc: 0.1907109171152115
[2024-07-03 00:24:05,685][train.py][line:87][INFO] ---------------epoch 116---------------
lr: [6.34515674423914e-06]
[2024-07-03 00:25:19,543][train.py][line:105][INFO] [training]total_num: 142619.0,error: 0.02578371077411022
[2024-07-03 00:25:51,848][train.py][line:143][INFO] [testing]total_number: 142619,error: 29.989828309268816,total_acc: 0.02234625071287155
[2024-07-03 00:25:51,852][train.py][line:87][INFO] ---------------epoch 117---------------
lr: [6.2523994810645166e-06]
[2024-07-03 00:27:06,741][train.py][line:105][INFO] [training]total_num: 142619.0,error: 0.02834476415911716
[2024-07-03 00:27:38,326][train.py][line:143][INFO] [testing]total_number: 142619,error: 11.510159680183898,total_acc: 0.13186882436275482
[2024-07-03 00:27:38,329][train.py][line:87][INFO] ---------------epoch 118---------------
lr: [6.159313029570427e-06]
[2024-07-03 00:28:52,348][train.py][line:105][INFO] [training]total_num: 142619.0,error: 0.020415418711160673
[2024-07-03 00:29:24,126][train.py][line:143][INFO] [testing]total_number: 142619,error: 7.525074044017927,total_acc: 0.23247253894805908
[2024-07-03 00:29:24,130][train.py][line:87][INFO] ---------------epoch 119---------------
lr: [6.065938219763412e-06]
[2024-07-03 00:30:38,426][train.py][line:105][INFO] [training]total_num: 142619.0,error: 0.02568967048993585
[2024-07-03 00:31:10,014][train.py][line:143][INFO] [testing]total_number: 142619,error: 2.2761556265201977,total_acc: 0.5693771243095398
[2024-07-03 00:31:10,302][train.py][line:87][INFO] ---------------epoch 120---------------
lr: [5.972316008105857e-06]
[2024-07-03 00:32:24,554][train.py][line:105][INFO] [training]total_num: 142619.0,error: 0.025829485025180912
[2024-07-03 00:32:56,457][train.py][line:143][INFO] [testing]total_number: 142619,error: 6.293095053510463,total_acc: 0.27992063760757446
[2024-07-03 00:32:56,462][train.py][line:87][INFO] ---------------epoch 121---------------
lr: [5.8784874595495694e-06]
[2024-07-03 00:34:10,216][train.py][line:105][INFO] [training]total_num: 142619.0,error: 0.016292711301890025
[2024-07-03 00:34:42,588][train.py][line:143][INFO] [testing]total_number: 142619,error: 8.515204086371348,total_acc: 0.09235796332359314
[2024-07-03 00:34:42,593][train.py][line:87][INFO] ---------------epoch 122---------------
lr: [5.78449372952159e-06]
[2024-07-03 00:35:56,618][train.py][line:105][INFO] [training]total_num: 142619.0,error: 0.011722064400975203
[2024-07-03 00:36:29,408][train.py][line:143][INFO] [testing]total_number: 142619,error: 2.7636511397699937,total_acc: 0.4987063407897949
[2024-07-03 00:36:29,414][train.py][line:87][INFO] ---------------epoch 123---------------
lr: [5.690376045870271e-06]
[2024-07-03 00:37:43,230][train.py][line:105][INFO] [training]total_num: 142619.0,error: 0.03447825862804811
[2024-07-03 00:38:15,388][train.py][line:143][INFO] [testing]total_number: 142619,error: 11.014550489736788,total_acc: 0.1499379426240921
[2024-07-03 00:38:15,392][train.py][line:87][INFO] ---------------epoch 124---------------
lr: [5.596175690779378e-06]
[2024-07-03 00:39:29,435][train.py][line:105][INFO] [training]total_num: 142619.0,error: 0.013901749431157273
[2024-07-03 00:40:01,381][train.py][line:143][INFO] [testing]total_number: 142619,error: 11.382108654536253,total_acc: 0.10729987174272537
[2024-07-03 00:40:01,386][train.py][line:87][INFO] ---------------epoch 125---------------
lr: [5.5019339826582696e-06]
[2024-07-03 00:41:15,793][train.py][line:105][INFO] [training]total_num: 142619.0,error: 0.009695278153076093
[2024-07-03 00:41:47,722][train.py][line:143][INFO] [testing]total_number: 142619,error: 0.2832764031907134,total_acc: 0.9158387184143066
[2024-07-03 00:41:48,010][train.py][line:87][INFO] ---------------epoch 126---------------
lr: [5.40769225801601e-06]
[2024-07-03 00:43:01,958][train.py][line:105][INFO] [training]total_num: 142619.0,error: 0.01902385206161569
[2024-07-03 00:43:33,776][train.py][line:143][INFO] [testing]total_number: 142619,error: 16.372697889382113,total_acc: 0.100091852247715
[2024-07-03 00:43:33,780][train.py][line:87][INFO] ---------------epoch 127---------------
lr: [5.313491853327361e-06]
[2024-07-03 00:44:47,484][train.py][line:105][INFO] [training]total_num: 142619.0,error: 0.01297974093558749
[2024-07-03 00:45:19,787][train.py][line:143][INFO] [testing]total_number: 142619,error: 7.094170186536532,total_acc: 0.240423783659935
[2024-07-03 00:45:19,790][train.py][line:87][INFO] ---------------epoch 128---------------
lr: [5.219374086898606e-06]
[2024-07-03 00:46:33,716][train.py][line:105][INFO] [training]total_num: 142619.0,error: 0.02452235447502107
[2024-07-03 00:47:06,265][train.py][line:143][INFO] [testing]total_number: 142619,error: 2.2338145535888403,total_acc: 0.6204012036323547
[2024-07-03 00:47:06,270][train.py][line:87][INFO] ---------------epoch 129---------------
lr: [5.125380240741169e-06]
[2024-07-03 00:48:20,399][train.py][line:105][INFO] [training]total_num: 142619.0,error: 0.023068393339115652
[2024-07-03 00:48:52,789][train.py][line:143][INFO] [testing]total_number: 142619,error: 7.050043984507838,total_acc: 0.23288622498512268
[2024-07-03 00:48:52,794][train.py][line:87][INFO] ---------------epoch 130---------------
lr: [5.031551542460847e-06]
[2024-07-03 00:50:07,096][train.py][line:105][INFO] [training]total_num: 142619.0,error: 0.033610524033387816
[2024-07-03 00:50:38,840][train.py][line:143][INFO] [testing]total_number: 142619,error: 5.012719102362369,total_acc: 0.4151760935783386
[2024-07-03 00:50:38,845][train.py][line:87][INFO] ---------------epoch 131---------------
lr: [4.937929147170775e-06]
[2024-07-03 00:51:52,900][train.py][line:105][INFO] [training]total_num: 142619.0,error: 0.012156575852765616
[2024-07-03 00:52:24,907][train.py][line:143][INFO] [testing]total_number: 142619,error: 0.5158784941948474,total_acc: 0.8585532307624817
[2024-07-03 00:52:24,913][train.py][line:87][INFO] ---------------epoch 132---------------
lr: [4.8445541194357945e-06]
[2024-07-03 00:53:39,023][train.py][line:105][INFO] [training]total_num: 142619.0,error: 0.014034368035446271
[2024-07-03 00:54:10,977][train.py][line:143][INFO] [testing]total_number: 142619,error: 9.236498566384011,total_acc: 0.19557702541351318
[2024-07-03 00:54:10,982][train.py][line:87][INFO] ---------------epoch 133---------------
lr: [4.75146741525635e-06]
[2024-07-03 00:55:24,687][train.py][line:105][INFO] [training]total_num: 142619.0,error: 0.015084480065299225
[2024-07-03 00:55:56,947][train.py][line:143][INFO] [testing]total_number: 142619,error: 0.5041711663047895,total_acc: 0.8638119697570801
[2024-07-03 00:55:56,951][train.py][line:87][INFO] ---------------epoch 134---------------
lr: [4.658709864099584e-06]
[2024-07-03 00:57:10,977][train.py][line:105][INFO] [training]total_num: 142619.0,error: 0.01900536194712036
[2024-07-03 00:57:43,099][train.py][line:143][INFO] [testing]total_number: 142619,error: 7.262099893380564,total_acc: 0.24244315922260284
[2024-07-03 00:57:43,104][train.py][line:87][INFO] ---------------epoch 135---------------
lr: [4.56632215098567e-06]
[2024-07-03 00:58:57,246][train.py][line:105][INFO] [training]total_num: 142619.0,error: 0.018347843347450862
[2024-07-03 00:59:29,080][train.py][line:143][INFO] [testing]total_number: 142619,error: 4.944997562584302,total_acc: 0.37804219126701355
[2024-07-03 00:59:29,084][train.py][line:87][INFO] ---------------epoch 136---------------
lr: [4.47434479863699e-06]
[2024-07-03 01:00:43,067][train.py][line:105][INFO] [training]total_num: 142619.0,error: 0.019741072783458
[2024-07-03 01:01:15,435][train.py][line:143][INFO] [testing]total_number: 142619,error: 4.348558960654211,total_acc: 0.4255463778972626
[2024-07-03 01:01:15,440][train.py][line:87][INFO] ---------------epoch 137---------------
lr: [4.382818149698175e-06]
[2024-07-03 01:02:29,135][train.py][line:105][INFO] [training]total_num: 142619.0,error: 0.014081827536388796
[2024-07-03 01:03:01,179][train.py][line:143][INFO] [testing]total_number: 142619,error: 1.4481301861451872,total_acc: 0.6862549781799316
[2024-07-03 01:03:01,183][train.py][line:87][INFO] ---------------epoch 138---------------
lr: [4.291782349034557e-06]
[2024-07-03 01:04:14,927][train.py][line:105][INFO] [training]total_num: 142619.0,error: 0.01072569271171439
[2024-07-03 01:04:46,807][train.py][line:143][INFO] [testing]total_number: 142619,error: 4.50113249924166,total_acc: 0.42884188890457153
[2024-07-03 01:04:46,812][train.py][line:87][INFO] ---------------epoch 139---------------
lr: [4.201277326116891e-06]
[2024-07-03 01:06:01,771][train.py][line:105][INFO] [training]total_num: 142619.0,error: 0.008241142907529964
[2024-07-03 01:06:34,127][train.py][line:143][INFO] [testing]total_number: 142619,error: 18.30792487935817,total_acc: 0.04035927727818489
[2024-07-03 01:06:34,131][train.py][line:87][INFO] ---------------epoch 140---------------
lr: [4.111342777499911e-06]
[2024-07-03 01:07:48,222][train.py][line:105][INFO] [training]total_num: 142619.0,error: 0.008652930290368881
[2024-07-03 01:08:20,605][train.py][line:143][INFO] [testing]total_number: 142619,error: 4.808599635218898,total_acc: 0.38571298122406006
[2024-07-03 01:08:20,610][train.py][line:87][INFO] ---------------epoch 141---------------
lr: [4.022018149402439e-06]
[2024-07-03 01:09:34,375][train.py][line:105][INFO] [training]total_num: 142619.0,error: 0.009036198294315328
[2024-07-03 01:10:06,371][train.py][line:143][INFO] [testing]total_number: 142619,error: 22.537748800101856,total_acc: 0.04954459145665169
[2024-07-03 01:10:06,375][train.py][line:87][INFO] ---------------epoch 142---------------
lr: [3.933342620396461e-06]
[2024-07-03 01:11:20,574][train.py][line:105][INFO] [training]total_num: 142619.0,error: 0.009061394013911948
[2024-07-03 01:11:52,911][train.py][line:143][INFO] [testing]total_number: 142619,error: 10.30157846677388,total_acc: 0.15336665511131287
[2024-07-03 01:11:52,916][train.py][line:87][INFO] ---------------epoch 143---------------
lr: [3.845355084212887e-06]
[2024-07-03 01:13:06,663][train.py][line:105][INFO] [training]total_num: 142619.0,error: 0.01362377541706937
[2024-07-03 01:13:39,310][train.py][line:143][INFO] [testing]total_number: 142619,error: 6.747458537419637,total_acc: 0.25525349378585815
[2024-07-03 01:13:39,315][train.py][line:87][INFO] ---------------epoch 144---------------
lr: [3.75809413267122e-06]
[2024-07-03 01:14:53,804][train.py][line:105][INFO] [training]total_num: 142619.0,error: 0.017898467365249412
[2024-07-03 01:15:26,107][train.py][line:143][INFO] [testing]total_number: 142619,error: 2.1659050941044558,total_acc: 0.5822997093200684
[2024-07-03 01:15:26,112][train.py][line:87][INFO] ---------------epoch 145---------------
lr: [3.671598038740679e-06]
[2024-07-03 01:16:40,231][train.py][line:105][INFO] [training]total_num: 142619.0,error: 0.008940449372348409
[2024-07-03 01:17:12,175][train.py][line:143][INFO] [testing]total_number: 142619,error: 0.2712512874037873,total_acc: 0.9182928204536438
[2024-07-03 01:17:12,465][train.py][line:87][INFO] ---------------epoch 146---------------
lr: [3.585904739739981e-06]
[2024-07-03 01:18:26,420][train.py][line:105][INFO] [training]total_num: 142619.0,error: 0.010394522568321594
[2024-07-03 01:18:58,335][train.py][line:143][INFO] [testing]total_number: 142619,error: 5.170842803539114,total_acc: 0.2848568558692932
[2024-07-03 01:18:58,339][train.py][line:87][INFO] ---------------epoch 147---------------
lr: [3.5010518206830317e-06]
[2024-07-03 01:20:12,403][train.py][line:105][INFO] [training]total_num: 142619.0,error: 0.013661145712521442
[2024-07-03 01:20:44,527][train.py][line:143][INFO] [testing]total_number: 142619,error: 22.321986431771137,total_acc: 0.08183341473340988
[2024-07-03 01:20:44,530][train.py][line:87][INFO] ---------------epoch 148---------------
lr: [3.417076497777681e-06]
[2024-07-03 01:21:58,900][train.py][line:105][INFO] [training]total_num: 142619.0,error: 0.007333000509356518
[2024-07-03 01:22:31,343][train.py][line:143][INFO] [testing]total_number: 142619,error: 4.446102435284472,total_acc: 0.39797642827033997
[2024-07-03 01:22:31,348][train.py][line:87][INFO] ---------------epoch 149---------------
lr: [3.3340156020845612e-06]
[2024-07-03 01:23:45,702][train.py][line:105][INFO] [training]total_num: 142619.0,error: 0.008541331186614837
[2024-07-03 01:24:17,611][train.py][line:143][INFO] [testing]total_number: 142619,error: 2.3805525256386884,total_acc: 0.5322362184524536
[2024-07-03 01:24:17,616][train.py][line:87][INFO] ---------------epoch 150---------------
lr: [3.251905563342984e-06]
[2024-07-03 01:25:32,458][train.py][line:105][INFO] [training]total_num: 142619.0,error: 0.008226307153170069
[2024-07-03 01:26:04,556][train.py][line:143][INFO] [testing]total_number: 142619,error: 9.542075964575965,total_acc: 0.2384885549545288
[2024-07-03 01:26:04,561][train.py][line:87][INFO] ---------------epoch 151---------------
lr: [3.170782393970706e-06]
[2024-07-03 01:27:18,604][train.py][line:105][INFO] [training]total_num: 142619.0,error: 0.011512087981285963
[2024-07-03 01:27:50,473][train.py][line:143][INFO] [testing]total_number: 142619,error: 3.354800835146126,total_acc: 0.4796275496482849
[2024-07-03 01:27:50,478][train.py][line:87][INFO] ---------------epoch 152---------------
lr: [3.090681673244284e-06]
[2024-07-03 01:29:04,535][train.py][line:105][INFO] [training]total_num: 142619.0,error: 0.007316811566104029
[2024-07-03 01:29:36,664][train.py][line:143][INFO] [testing]total_number: 142619,error: 7.435609672086459,total_acc: 0.2445887327194214
[2024-07-03 01:29:36,669][train.py][line:87][INFO] ---------------epoch 153---------------
lr: [3.0116385316666473e-06]
[2024-07-03 01:30:50,374][train.py][line:105][INFO] [training]total_num: 142619.0,error: 0.008789930263421076
[2024-07-03 01:31:22,592][train.py][line:143][INFO] [testing]total_number: 142619,error: 7.514932029636194,total_acc: 0.2745707035064697
[2024-07-03 01:31:22,596][train.py][line:87][INFO] ---------------epoch 154---------------
lr: [2.9336876355283356e-06]
[2024-07-03 01:32:36,237][train.py][line:105][INFO] [training]total_num: 142619.0,error: 0.0074477803913821925
[2024-07-03 01:33:08,209][train.py][line:143][INFO] [testing]total_number: 142619,error: 9.98409234970174,total_acc: 0.16528652608394623
[2024-07-03 01:33:08,213][train.py][line:87][INFO] ---------------epoch 155---------------
lr: [2.856863171668664e-06]
[2024-07-03 01:34:21,960][train.py][line:105][INFO] [training]total_num: 142619.0,error: 0.004138644797383174
[2024-07-03 01:34:54,708][train.py][line:143][INFO] [testing]total_number: 142619,error: 1.403658723154812,total_acc: 0.7063995599746704
[2024-07-03 01:34:54,712][train.py][line:87][INFO] ---------------epoch 156---------------
lr: [2.781198832443002e-06]
[2024-07-03 01:36:08,380][train.py][line:105][INFO] [training]total_num: 142619.0,error: 0.005464014338192378
[2024-07-03 01:36:40,529][train.py][line:143][INFO] [testing]total_number: 142619,error: 2.1004526145914766,total_acc: 0.6003968715667725
[2024-07-03 01:36:40,534][train.py][line:87][INFO] ---------------epoch 157---------------
lr: [2.7067278009020968e-06]
[2024-07-03 01:37:54,290][train.py][line:105][INFO] [training]total_num: 142619.0,error: 0.004054176217710421
[2024-07-03 01:38:26,448][train.py][line:143][INFO] [testing]total_number: 142619,error: 5.322901724078131,total_acc: 0.3325573801994324
[2024-07-03 01:38:26,453][train.py][line:87][INFO] ---------------epoch 158---------------
lr: [2.6334827361891835e-06]
[2024-07-03 01:39:40,657][train.py][line:105][INFO] [training]total_num: 142619.0,error: 0.008331793980984221
[2024-07-03 01:40:12,946][train.py][line:143][INFO] [testing]total_number: 142619,error: 1.6025446464195319,total_acc: 0.6647080779075623
[2024-07-03 01:40:12,950][train.py][line:87][INFO] ---------------epoch 159---------------
lr: [2.5614957591603763e-06]
[2024-07-03 01:41:26,710][train.py][line:105][INFO] [training]total_num: 142619.0,error: 0.00667415628129623
[2024-07-03 01:42:00,066][train.py][line:143][INFO] [testing]total_number: 142619,error: 4.65440116579651,total_acc: 0.41479745507240295
[2024-07-03 01:42:00,071][train.py][line:87][INFO] ---------------epoch 160---------------
lr: [2.4907984382336113e-06]
[2024-07-03 01:43:14,515][train.py][line:105][INFO] [training]total_num: 142619.0,error: 0.004730454973933445
[2024-07-03 01:43:46,280][train.py][line:143][INFO] [testing]total_number: 142619,error: 0.06266118134458629,total_acc: 0.9808090329170227
[2024-07-03 01:43:46,566][train.py][line:87][INFO] ---------------epoch 161---------------
lr: [2.4214217754710157e-06]
[2024-07-03 01:45:00,544][train.py][line:105][INFO] [training]total_num: 142619.0,error: 0.006790728301552111
[2024-07-03 01:45:32,657][train.py][line:143][INFO] [testing]total_number: 142619,error: 5.5313820919246535,total_acc: 0.35059142112731934
[2024-07-03 01:45:32,661][train.py][line:87][INFO] ---------------epoch 162---------------
lr: [2.3533961928993804e-06]
[2024-07-03 01:46:46,767][train.py][line:105][INFO] [training]total_num: 142619.0,error: 0.008026075530227552
[2024-07-03 01:47:18,723][train.py][line:143][INFO] [testing]total_number: 142619,error: 9.873049656550089,total_acc: 0.17480139434337616
[2024-07-03 01:47:18,728][train.py][line:87][INFO] ---------------epoch 163---------------
lr: [2.2867515190727617e-06]
[2024-07-03 01:48:32,947][train.py][line:105][INFO] [training]total_num: 142619.0,error: 0.01159874109612408
[2024-07-03 01:49:05,586][train.py][line:143][INFO] [testing]total_number: 142619,error: 15.358341580587076,total_acc: 0.07165244221687317
[2024-07-03 01:49:05,590][train.py][line:87][INFO] ---------------epoch 164---------------
lr: [2.2215169758810296e-06]
[2024-07-03 01:50:19,601][train.py][line:105][INFO] [training]total_num: 142619.0,error: 0.005855324338578309
[2024-07-03 01:50:51,585][train.py][line:143][INFO] [testing]total_number: 142619,error: 2.34401913399392,total_acc: 0.5876566171646118
[2024-07-03 01:50:51,589][train.py][line:87][INFO] ---------------epoch 165---------------
lr: [2.157721165607344e-06]
[2024-07-03 01:52:06,125][train.py][line:105][INFO] [training]total_num: 142619.0,error: 0.005857823377475968
[2024-07-03 01:52:38,440][train.py][line:143][INFO] [testing]total_number: 142619,error: 0.05136334459819164,total_acc: 0.9844761490821838
[2024-07-03 01:52:38,733][train.py][line:87][INFO] ---------------epoch 166---------------
lr: [2.095392058237049e-06]
[2024-07-03 01:53:53,057][train.py][line:105][INFO] [training]total_num: 142619.0,error: 0.004486934664363623
[2024-07-03 01:54:25,451][train.py][line:143][INFO] [testing]total_number: 142619,error: 0.29712729244525976,total_acc: 0.9169535636901855
[2024-07-03 01:54:25,456][train.py][line:87][INFO] ---------------epoch 167---------------
lr: [2.034556979019445e-06]
[2024-07-03 01:55:39,522][train.py][line:105][INFO] [training]total_num: 142619.0,error: 0.005647602618539025
[2024-07-03 01:56:11,724][train.py][line:143][INFO] [testing]total_number: 142619,error: 6.233886427913152,total_acc: 0.3141727149486542
[2024-07-03 01:56:11,729][train.py][line:87][INFO] ---------------epoch 168---------------
lr: [1.9752425962829633e-06]
[2024-07-03 01:57:25,792][train.py][line:105][INFO] [training]total_num: 142619.0,error: 0.003612381733804512
[2024-07-03 01:57:58,089][train.py][line:143][INFO] [testing]total_number: 142619,error: 2.249001678634197,total_acc: 0.6160609722137451
[2024-07-03 01:57:58,094][train.py][line:87][INFO] ---------------epoch 169---------------
lr: [1.917474909502992e-06]
[2024-07-03 01:59:12,432][train.py][line:105][INFO] [training]total_num: 142619.0,error: 0.004799400907307483
[2024-07-03 01:59:44,595][train.py][line:143][INFO] [testing]total_number: 142619,error: 4.16041114440201,total_acc: 0.3894922733306885
[2024-07-03 01:59:44,600][train.py][line:87][INFO] ---------------epoch 170---------------
lr: [1.8612792376198293e-06]
[2024-07-03 02:00:58,791][train.py][line:105][INFO] [training]total_num: 142619.0,error: 0.007198402031959722
[2024-07-03 02:01:30,719][train.py][line:143][INFO] [testing]total_number: 142619,error: 0.18535581106280394,total_acc: 0.9440467357635498
[2024-07-03 02:01:30,723][train.py][line:87][INFO] ---------------epoch 171---------------
lr: [1.8066802076023352e-06]
[2024-07-03 02:02:44,991][train.py][line:105][INFO] [training]total_num: 142619.0,error: 0.0052518117712073336
[2024-07-03 02:03:16,975][train.py][line:143][INFO] [testing]total_number: 142619,error: 1.398083950505189,total_acc: 0.7021084427833557
[2024-07-03 02:03:16,980][train.py][line:87][INFO] ---------------epoch 172---------------
lr: [1.7537017432501129e-06]
[2024-07-03 02:04:30,780][train.py][line:105][INFO] [training]total_num: 142619.0,error: 0.0051442134738586024
[2024-07-03 02:05:03,011][train.py][line:143][INFO] [testing]total_number: 142619,error: 6.5787113575225185,total_acc: 0.2881874144077301
[2024-07-03 02:05:03,016][train.py][line:87][INFO] ---------------epoch 173---------------
lr: [1.7023670542236856e-06]
[2024-07-03 02:06:17,123][train.py][line:105][INFO] [training]total_num: 142619.0,error: 0.0038638770547678946
[2024-07-03 02:06:49,166][train.py][line:143][INFO] [testing]total_number: 142619,error: 1.2041440377844141,total_acc: 0.7266493439674377
[2024-07-03 02:06:49,171][train.py][line:87][INFO] ---------------epoch 174---------------
lr: [1.6526986252876126e-06]
[2024-07-03 02:08:03,287][train.py][line:105][INFO] [training]total_num: 142619.0,error: 0.004312278276050532
[2024-07-03 02:08:35,273][train.py][line:143][INFO] [testing]total_number: 142619,error: 2.300830737918827,total_acc: 0.589430570602417
[2024-07-03 02:08:35,278][train.py][line:87][INFO] ---------------epoch 175---------------
lr: [1.6047182057456816e-06]
[2024-07-03 02:09:49,547][train.py][line:105][INFO] [training]total_num: 142619.0,error: 0.00419029287763967
[2024-07-03 02:10:21,456][train.py][line:143][INFO] [testing]total_number: 142619,error: 0.3847531014723135,total_acc: 0.8947475552558899
[2024-07-03 02:10:21,460][train.py][line:87][INFO] ---------------epoch 176---------------
lr: [1.5584467990393451e-06]
[2024-07-03 02:11:35,858][train.py][line:105][INFO] [training]total_num: 142619.0,error: 0.0060401260696974065
[2024-07-03 02:12:07,776][train.py][line:143][INFO] [testing]total_number: 142619,error: 18.97656470664004,total_acc: 0.062333911657333374
[2024-07-03 02:12:07,780][train.py][line:87][INFO] ---------------epoch 177---------------
lr: [1.5139046524700268e-06]
[2024-07-03 02:13:21,564][train.py][line:105][INFO] [training]total_num: 142619.0,error: 0.004952047855848387
[2024-07-03 02:13:53,598][train.py][line:143][INFO] [testing]total_number: 142619,error: 0.6803433692069553,total_acc: 0.8412483334541321
[2024-07-03 02:13:53,602][train.py][line:87][INFO] ---------------epoch 178---------------
lr: [1.471111246991379e-06]
[2024-07-03 02:15:08,052][train.py][line:105][INFO] [training]total_num: 142619.0,error: 0.002928823904928599
[2024-07-03 02:15:40,213][train.py][line:143][INFO] [testing]total_number: 142619,error: 4.56383941105917,total_acc: 0.3516361713409424
[2024-07-03 02:15:40,217][train.py][line:87][INFO] ---------------epoch 179---------------
lr: [1.4300852869974711e-06]
[2024-07-03 02:16:54,577][train.py][line:105][INFO] [training]total_num: 142619.0,error: 0.003666389912355721
[2024-07-03 02:17:27,032][train.py][line:143][INFO] [testing]total_number: 142619,error: 4.812948420115396,total_acc: 0.3231406807899475
[2024-07-03 02:17:27,036][train.py][line:87][INFO] ---------------epoch 180---------------
lr: [1.3908446900048321e-06]
[2024-07-03 02:18:41,120][train.py][line:105][INFO] [training]total_num: 142619.0,error: 0.004388811486120524
[2024-07-03 02:19:13,845][train.py][line:143][INFO] [testing]total_number: 142619,error: 6.319064751584479,total_acc: 0.3181203007698059
[2024-07-03 02:19:13,849][train.py][line:87][INFO] ---------------epoch 181---------------
lr: [1.3534065760862785e-06]
[2024-07-03 02:20:27,857][train.py][line:105][INFO] [training]total_num: 142619.0,error: 0.0039015703294624357
[2024-07-03 02:21:00,067][train.py][line:143][INFO] [testing]total_number: 142619,error: 7.196040630340576,total_acc: 0.2729930877685547
[2024-07-03 02:21:00,070][train.py][line:87][INFO] ---------------epoch 182---------------
lr: [1.317787256856794e-06]
[2024-07-03 02:22:14,316][train.py][line:105][INFO] [training]total_num: 142619.0,error: 0.0037153356498873507
[2024-07-03 02:22:46,349][train.py][line:143][INFO] [testing]total_number: 142619,error: 0.10560647771588084,total_acc: 0.9671993255615234
[2024-07-03 02:22:46,354][train.py][line:87][INFO] ---------------epoch 183---------------
lr: [1.284002223727359e-06]
[2024-07-03 02:24:00,242][train.py][line:105][INFO] [training]total_num: 142619.0,error: 0.003110836429793077
[2024-07-03 02:24:32,228][train.py][line:143][INFO] [testing]total_number: 142619,error: 0.15233728291585724,total_acc: 0.9533302187919617
[2024-07-03 02:24:32,232][train.py][line:87][INFO] ---------------epoch 184---------------
lr: [1.252066135016548e-06]
[2024-07-03 02:25:46,646][train.py][line:105][INFO] [training]total_num: 142619.0,error: 0.0036881952280267837
[2024-07-03 02:26:19,111][train.py][line:143][INFO] [testing]total_number: 142619,error: 0.009599011262910975,total_acc: 0.9978053569793701
[2024-07-03 02:26:19,401][train.py][line:87][INFO] ---------------epoch 185---------------
lr: [1.2219928013183717e-06]
[2024-07-03 02:27:33,219][train.py][line:105][INFO] [training]total_num: 142619.0,error: 0.0031273759516465462
[2024-07-03 02:28:05,897][train.py][line:143][INFO] [testing]total_number: 142619,error: 0.5482157097587771,total_acc: 0.8552296757698059
[2024-07-03 02:28:05,902][train.py][line:87][INFO] ---------------epoch 186---------------
lr: [1.193795168227465e-06]
[2024-07-03 02:29:20,352][train.py][line:105][INFO] [training]total_num: 142619.0,error: 0.003585327298385388
[2024-07-03 02:29:52,485][train.py][line:143][INFO] [testing]total_number: 142619,error: 5.156150592134354,total_acc: 0.4133109748363495
[2024-07-03 02:29:52,489][train.py][line:87][INFO] ---------------epoch 187---------------
lr: [1.1674852950507643e-06]
[2024-07-03 02:31:06,771][train.py][line:105][INFO] [training]total_num: 142619.0,error: 0.002919311541692413
[2024-07-03 02:31:38,990][train.py][line:143][INFO] [testing]total_number: 142619,error: 4.152229926687606,total_acc: 0.44123855233192444
[2024-07-03 02:31:38,995][train.py][line:87][INFO] ---------------epoch 188---------------
lr: [1.143074327365394e-06]
[2024-07-03 02:32:53,067][train.py][line:105][INFO] [training]total_num: 142619.0,error: 0.00404180694553722
[2024-07-03 02:33:24,968][train.py][line:143][INFO] [testing]total_number: 142619,error: 0.8693460377184212,total_acc: 0.7989608645439148
[2024-07-03 02:33:24,973][train.py][line:87][INFO] ---------------epoch 189---------------
lr: [1.1205724599924256e-06]
[2024-07-03 02:34:39,003][train.py][line:105][INFO] [training]total_num: 142619.0,error: 0.0025269085262094606
[2024-07-03 02:35:10,775][train.py][line:143][INFO] [testing]total_number: 142619,error: 0.25598319141683,total_acc: 0.9245191812515259
[2024-07-03 02:35:10,779][train.py][line:87][INFO] ---------------epoch 190---------------
lr: [1.0999888847219232e-06]
[2024-07-03 02:36:24,539][train.py][line:105][INFO] [training]total_num: 142619.0,error: 0.003433111912743453
[2024-07-03 02:36:56,806][train.py][line:143][INFO] [testing]total_number: 142619,error: 2.2309361470083817,total_acc: 0.5630876421928406
[2024-07-03 02:36:56,810][train.py][line:87][INFO] ---------------epoch 191---------------
lr: [1.0813317131111247e-06]
[2024-07-03 02:38:10,511][train.py][line:105][INFO] [training]total_num: 142619.0,error: 0.0033648225894950807
[2024-07-03 02:38:42,779][train.py][line:143][INFO] [testing]total_number: 142619,error: 0.3626393303539313,total_acc: 0.8949508666992188
[2024-07-03 02:38:42,783][train.py][line:87][INFO] ---------------epoch 192---------------
lr: [1.0646078571588087e-06]
[2024-07-03 02:39:56,659][train.py][line:105][INFO] [training]total_num: 142619.0,error: 0.005127579949574103
[2024-07-03 02:40:28,676][train.py][line:143][INFO] [testing]total_number: 142619,error: 1.2540829805194909,total_acc: 0.7376015782356262
[2024-07-03 02:40:28,680][train.py][line:87][INFO] ---------------epoch 193---------------
lr: [1.0498228358720895e-06]
[2024-07-03 02:41:42,804][train.py][line:105][INFO] [training]total_num: 142619.0,error: 0.003614637399144332
[2024-07-03 02:42:15,008][train.py][line:143][INFO] [testing]total_number: 142619,error: 0.008302336037720402,total_acc: 0.9981208443641663
[2024-07-03 02:42:15,293][train.py][line:87][INFO] ---------------epoch 194---------------
lr: [1.0369804449543137e-06]
[2024-07-03 02:43:29,252][train.py][line:105][INFO] [training]total_num: 142619.0,error: 0.002518859716532306
[2024-07-03 02:44:01,108][train.py][line:143][INFO] [testing]total_number: 142619,error: 0.25308764270169937,total_acc: 0.9230186939239502
[2024-07-03 02:44:01,111][train.py][line:87][INFO] ---------------epoch 195---------------
lr: [1.0260821582319997e-06]
[2024-07-03 02:45:15,702][train.py][line:105][INFO] [training]total_num: 142619.0,error: 0.0026393571906931142
[2024-07-03 02:45:47,463][train.py][line:143][INFO] [testing]total_number: 142619,error: 0.14793295146408655,total_acc: 0.9553145170211792
[2024-07-03 02:45:47,467][train.py][line:87][INFO] ---------------epoch 196---------------
lr: [1.0171259633893895e-06]
[2024-07-03 02:47:01,256][train.py][line:105][INFO] [training]total_num: 142619.0,error: 0.004404840806989554
[2024-07-03 02:47:32,868][train.py][line:143][INFO] [testing]total_number: 142619,error: 0.04194649066800806,total_acc: 0.9867479205131531
[2024-07-03 02:47:32,873][train.py][line:87][INFO] ---------------epoch 197---------------
lr: [1.0101038893591916e-06]
[2024-07-03 02:48:46,942][train.py][line:105][INFO] [training]total_num: 142619.0,error: 0.0023168258903880855
[2024-07-03 02:49:18,628][train.py][line:143][INFO] [testing]total_number: 142619,error: 0.5068414091324129,total_acc: 0.8696316480636597
[2024-07-03 02:49:18,632][train.py][line:87][INFO] ---------------epoch 198---------------
lr: [1.0049961220200775e-06]
[2024-07-03 02:50:32,740][train.py][line:105][INFO] [training]total_num: 142619.0,error: 0.0035354350116091502
[2024-07-03 02:51:04,920][train.py][line:143][INFO] [testing]total_number: 142619,error: 0.05170120885191115,total_acc: 0.9832069873809814
[2024-07-03 02:51:04,924][train.py][line:87][INFO] ---------------epoch 199---------------
lr: [1.0017546604883062e-06]
[2024-07-03 02:52:19,208][train.py][line:105][INFO] [training]total_num: 142619.0,error: 0.0028439194752697683
[2024-07-03 02:52:51,232][train.py][line:143][INFO] [testing]total_number: 142619,error: 4.141730584151356,total_acc: 0.4078839421272278
[2024-07-03 02:52:51,236][train.py][line:87][INFO] ---------------epoch 200---------------
lr: [1.0002467581498687e-06]
[2024-07-03 02:54:04,912][train.py][line:105][INFO] [training]total_num: 142619.0,error: 0.0038234763213698354
[2024-07-03 02:54:36,732][train.py][line:143][INFO] [testing]total_number: 142619,error: 0.5065540095645908,total_acc: 0.8596820831298828
