[2024-11-08 14:29:57,081][train_mtl.py][line:80][INFO] ---------------args---------------
Namespace(data_path='./data/Pymatgen_Wrapped/0', train_name='Hope_mtl_extend', model_path=None, learning_rate=0.0004, min_learning_rate=1e-06, start_scheduler_step=0, weight_decay=5e-05, momentum=0.99, batch_size=512, class_num=230, epoch_num=120, model_save_path='/data/ylh/MyExps/MOFV2/checkpoints/Hope_MTL_Extend', device='0', scheduler_T=None, num_workers=20, log_name='log/train//train_Hope_mtl_extend_2024_11_08_14:29:49.log')
[2024-11-08 14:29:57,081][train_mtl.py][line:81][INFO] ---------------device---------------
cuda:0
[2024-11-08 14:29:57,081][train_mtl.py][line:82][INFO] ---------------optimizer---------------
Adam (
Parameter Group 0
    amsgrad: False
    betas: (0.9, 0.999)
    capturable: False
    differentiable: False
    eps: 1e-08
    foreach: None
    fused: None
    initial_lr: 0.0004
    lr: 0.0004
    maximize: False
    weight_decay: 0
)
[2024-11-08 14:29:57,081][train_mtl.py][line:83][INFO] ---------------seed---------------
3407
[2024-11-08 14:29:57,121][train_mtl.py][line:95][INFO] ---------------epoch 1---------------
lr: [0.0004]
[2024-11-08 14:40:53,440][train_mtl.py][line:154][INFO] ---------------[trainning]---------------
[2024-11-08 14:40:53,440][train_mtl.py][line:156][INFO] task:sp,err:3.1519119639496704
[2024-11-08 14:40:53,441][train_mtl.py][line:156][INFO] task:lt,err:0.7841357315753723
[2024-11-08 14:40:53,441][train_mtl.py][line:156][INFO] task:cs,err:1.091643357818777
[2024-11-08 14:40:53,441][train_mtl.py][line:156][INFO] task:pg,err:2.0856590433554216
